15:24:37.702 [INFO] (DIYexpert_prior.py:622) Total Episode:     1 Steps:      61 Episode Steps:    61 Return: -125.0000 FPS:  9.14
15:24:41.733 [INFO] (DIYexpert_prior.py:622) Total Episode:     2 Steps:     261 Episode Steps:   200 Return: -397.0000 FPS: 49.63
15:24:45.633 [INFO] (DIYexpert_prior.py:622) Total Episode:     3 Steps:     460 Episode Steps:   199 Return: -398.0000 FPS: 51.04
15:24:49.469 [INFO] (DIYexpert_prior.py:622) Total Episode:     4 Steps:     660 Episode Steps:   200 Return: -400.0000 FPS: 52.15
15:24:53.306 [INFO] (DIYexpert_prior.py:622) Total Episode:     5 Steps:     856 Episode Steps:   196 Return: -392.0000 FPS: 51.09
15:24:57.402 [INFO] (DIYexpert_prior.py:622) Total Episode:     6 Steps:    1065 Episode Steps:   209 Return: -415.0000 FPS: 51.05
15:25:01.665 [INFO] (DIYexpert_prior.py:622) Total Episode:     7 Steps:    1274 Episode Steps:   209 Return: -415.0000 FPS: 49.03
15:25:05.629 [INFO] (DIYexpert_prior.py:622) Total Episode:     8 Steps:    1463 Episode Steps:   189 Return: -375.0000 FPS: 47.70
15:25:07.122 [INFO] (DIYexpert_prior.py:622) Total Episode:     9 Steps:    1514 Episode Steps:    51 Return: -105.0000 FPS: 34.18
15:25:08.162 [INFO] (DIYexpert_prior.py:622) Total Episode:    10 Steps:    1538 Episode Steps:    24 Return: -51.0000 FPS: 23.10
15:25:13.004 [INFO] (DIYexpert_prior.py:622) Total Episode:    11 Steps:    1778 Episode Steps:   240 Return: -480.0000 FPS: 49.58
15:25:14.449 [INFO] (DIYexpert_prior.py:622) Total Episode:    12 Steps:    1823 Episode Steps:    45 Return: -93.0000 FPS: 31.16
15:25:18.534 [INFO] (DIYexpert_prior.py:622) Total Episode:    13 Steps:    2022 Episode Steps:   199 Return: -395.0000 FPS: 48.72
15:25:19.589 [INFO] (DIYexpert_prior.py:622) Total Episode:    14 Steps:    2048 Episode Steps:    26 Return: -55.0000 FPS: 24.67
15:25:23.711 [INFO] (DIYexpert_prior.py:622) Total Episode:    15 Steps:    2255 Episode Steps:   207 Return: -411.0000 FPS: 50.22
15:25:24.675 [INFO] (DIYexpert_prior.py:622) Total Episode:    16 Steps:    2278 Episode Steps:    23 Return: -49.0000 FPS: 23.91
15:25:25.824 [INFO] (DIYexpert_prior.py:622) Total Episode:    17 Steps:    2310 Episode Steps:    32 Return: -67.0000 FPS: 27.86
15:25:29.565 [INFO] (DIYexpert_prior.py:622) Total Episode:    18 Steps:    2492 Episode Steps:   182 Return: -364.0000 FPS: 48.67
15:25:33.974 [INFO] (DIYexpert_prior.py:622) Total Episode:    19 Steps:    2701 Episode Steps:   209 Return: -415.0000 FPS: 47.42
15:25:35.538 [INFO] (DIYexpert_prior.py:622) Total Episode:    20 Steps:    2753 Episode Steps:    52 Return: -107.0000 FPS: 33.26
15:25:37.037 [INFO] (DIYexpert_prior.py:622) Total Episode:    21 Steps:    2793 Episode Steps:    40 Return: -83.0000 FPS: 26.71
15:25:38.883 [INFO] (DIYexpert_prior.py:622) Total Episode:    22 Steps:    2851 Episode Steps:    58 Return: -119.0000 FPS: 31.43
15:25:40.078 [INFO] (DIYexpert_prior.py:622) Total Episode:    23 Steps:    2880 Episode Steps:    29 Return: -61.0000 FPS: 24.29
15:25:41.404 [INFO] (DIYexpert_prior.py:622) Total Episode:    24 Steps:    2907 Episode Steps:    27 Return: -57.0000 FPS: 20.38
15:25:45.923 [INFO] (DIYexpert_prior.py:622) Total Episode:    25 Steps:    3126 Episode Steps:   219 Return: -438.0000 FPS: 48.47
15:25:47.507 [INFO] (DIYexpert_prior.py:622) Total Episode:    26 Steps:    3175 Episode Steps:    49 Return: -101.0000 FPS: 30.96
15:25:48.918 [INFO] (DIYexpert_prior.py:622) Total Episode:    27 Steps:    3221 Episode Steps:    46 Return: -95.0000 FPS: 32.61
15:25:50.316 [INFO] (DIYexpert_prior.py:622) Total Episode:    28 Steps:    3268 Episode Steps:    47 Return: -97.0000 FPS: 33.67
15:25:54.176 [INFO] (DIYexpert_prior.py:622) Total Episode:    29 Steps:    3462 Episode Steps:   194 Return: -385.0000 FPS: 50.27
15:25:58.658 [INFO] (DIYexpert_prior.py:622) Total Episode:    30 Steps:    3684 Episode Steps:   222 Return: -441.0000 FPS: 49.55
15:26:02.454 [INFO] (DIYexpert_prior.py:622) Total Episode:    31 Steps:    3866 Episode Steps:   182 Return: -361.0000 FPS: 47.95
15:26:06.839 [INFO] (DIYexpert_prior.py:622) Total Episode:    32 Steps:    4087 Episode Steps:   221 Return: -442.0000 FPS: 50.41
15:26:10.791 [INFO] (DIYexpert_prior.py:622) Total Episode:    33 Steps:    4277 Episode Steps:   190 Return: -377.0000 FPS: 48.08
15:26:15.001 [INFO] (DIYexpert_prior.py:622) Total Episode:    34 Steps:    4490 Episode Steps:   213 Return: -426.0000 FPS: 50.61
15:26:19.227 [INFO] (DIYexpert_prior.py:622) Total Episode:    35 Steps:    4700 Episode Steps:   210 Return: -420.0000 FPS: 49.70
15:26:20.266 [INFO] (DIYexpert_prior.py:622) Total Episode:    36 Steps:    4726 Episode Steps:    26 Return: -55.0000 FPS: 25.05
15:26:21.308 [INFO] (DIYexpert_prior.py:622) Total Episode:    37 Steps:    4750 Episode Steps:    24 Return: -51.0000 FPS: 23.06
15:26:24.935 [INFO] (DIYexpert_prior.py:622) Total Episode:    38 Steps:    4933 Episode Steps:   183 Return: -363.0000 FPS: 50.48
15:26:36.754 [INFO] (DIYexpert_prior.py:622) Total Episode:    39 Steps:    5117 Episode Steps:   184 Return: -365.0000 FPS: 15.57
15:26:39.870 [INFO] (DIYexpert_prior.py:622) Total Episode:    40 Steps:    5161 Episode Steps:    44 Return: -91.0000 FPS: 14.13
15:26:43.134 [INFO] (DIYexpert_prior.py:622) Total Episode:    41 Steps:    5206 Episode Steps:    45 Return: -93.0000 FPS: 13.79
15:26:54.276 [INFO] (DIYexpert_prior.py:622) Total Episode:    42 Steps:    5390 Episode Steps:   184 Return: -368.0000 FPS: 16.52
15:27:04.857 [INFO] (DIYexpert_prior.py:622) Total Episode:    43 Steps:    5566 Episode Steps:   176 Return: -352.0000 FPS: 16.64
15:27:15.189 [INFO] (DIYexpert_prior.py:622) Total Episode:    44 Steps:    5732 Episode Steps:   166 Return: -332.0000 FPS: 16.07
15:27:23.386 [INFO] (DIYexpert_prior.py:622) Total Episode:    45 Steps:    5861 Episode Steps:   129 Return: -255.0000 FPS: 15.74
15:27:32.401 [INFO] (DIYexpert_prior.py:622) Total Episode:    46 Steps:    6001 Episode Steps:   140 Return: -277.0000 FPS: 15.53
15:27:34.606 [INFO] (DIYexpert_prior.py:622) Total Episode:    47 Steps:    6029 Episode Steps:    28 Return: -59.0000 FPS: 12.71
15:27:37.139 [INFO] (DIYexpert_prior.py:622) Total Episode:    48 Steps:    6060 Episode Steps:    31 Return: -65.0000 FPS: 12.24
15:27:39.298 [INFO] (DIYexpert_prior.py:622) Total Episode:    49 Steps:    6086 Episode Steps:    26 Return: -55.0000 FPS: 12.05
15:27:48.158 [INFO] (DIYexpert_prior.py:622) Total Episode:    50 Steps:    6222 Episode Steps:   136 Return: -269.0000 FPS: 15.35
15:27:50.420 [INFO] (DIYexpert_prior.py:622) Total Episode:    51 Steps:    6250 Episode Steps:    28 Return: -59.0000 FPS: 12.39
15:27:58.784 [INFO] (DIYexpert_prior.py:622) Total Episode:    52 Steps:    6385 Episode Steps:   135 Return: -267.0000 FPS: 16.14
15:28:01.006 [INFO] (DIYexpert_prior.py:622) Total Episode:    53 Steps:    6413 Episode Steps:    28 Return: -59.0000 FPS: 12.61
15:28:09.784 [INFO] (DIYexpert_prior.py:622) Total Episode:    54 Steps:    6560 Episode Steps:   147 Return: -291.0000 FPS: 16.75
15:28:16.645 [INFO] (DIYexpert_prior.py:622) Total Episode:    55 Steps:    6673 Episode Steps:   113 Return: -229.0000 FPS: 16.47
15:28:23.102 [INFO] (DIYexpert_prior.py:622) Total Episode:    56 Steps:    6779 Episode Steps:   106 Return: -215.0000 FPS: 16.42
15:28:26.169 [INFO] (DIYexpert_prior.py:622) Total Episode:    57 Steps:    6823 Episode Steps:    44 Return: -91.0000 FPS: 14.35
15:28:37.102 [INFO] (DIYexpert_prior.py:622) Total Episode:    58 Steps:    7008 Episode Steps:   185 Return: -370.0000 FPS: 16.92
15:28:39.715 [INFO] (DIYexpert_prior.py:622) Total Episode:    59 Steps:    7042 Episode Steps:    34 Return: -71.0000 FPS: 13.02
15:28:42.242 [INFO] (DIYexpert_prior.py:622) Total Episode:    60 Steps:    7077 Episode Steps:    35 Return: -73.0000 FPS: 13.86
15:28:54.242 [INFO] (DIYexpert_prior.py:622) Total Episode:    61 Steps:    7271 Episode Steps:   194 Return: -388.0000 FPS: 16.17
15:29:05.632 [INFO] (DIYexpert_prior.py:622) Total Episode:    62 Steps:    7465 Episode Steps:   194 Return: -388.0000 FPS: 17.03
15:29:08.267 [INFO] (DIYexpert_prior.py:622) Total Episode:    63 Steps:    7499 Episode Steps:    34 Return: -71.0000 FPS: 12.91
15:29:20.049 [INFO] (DIYexpert_prior.py:622) Total Episode:    64 Steps:    7694 Episode Steps:   195 Return: -390.0000 FPS: 16.55
15:29:22.568 [INFO] (DIYexpert_prior.py:622) Total Episode:    65 Steps:    7727 Episode Steps:    33 Return: -69.0000 FPS: 13.11
15:29:34.809 [INFO] (DIYexpert_prior.py:622) Total Episode:    66 Steps:    7924 Episode Steps:   197 Return: -394.0000 FPS: 16.09
15:29:37.087 [INFO] (DIYexpert_prior.py:622) Total Episode:    67 Steps:    7953 Episode Steps:    29 Return: -61.0000 FPS: 12.74
15:29:45.268 [INFO] (DIYexpert_prior.py:622) Total Episode:    68 Steps:    8078 Episode Steps:   125 Return: -247.0000 FPS: 15.28
15:29:53.548 [INFO] (DIYexpert_prior.py:622) Total Episode:    69 Steps:    8212 Episode Steps:   134 Return: -265.0000 FPS: 16.19
15:30:01.121 [INFO] (DIYexpert_prior.py:622) Total Episode:    70 Steps:    8331 Episode Steps:   119 Return: -235.0000 FPS: 15.72
15:30:05.628 [INFO] (DIYexpert_prior.py:622) Total Episode:    71 Steps:    8399 Episode Steps:    68 Return: -139.0000 FPS: 15.09
15:30:06.954 [INFO] (DIYexpert_prior.py:622) Total Episode:    72 Steps:    8411 Episode Steps:    12 Return: -27.0000 FPS:  9.05
15:30:08.271 [INFO] (DIYexpert_prior.py:622) Total Episode:    73 Steps:    8423 Episode Steps:    12 Return: -27.0000 FPS:  9.12
15:30:09.591 [INFO] (DIYexpert_prior.py:622) Total Episode:    74 Steps:    8435 Episode Steps:    12 Return: -27.0000 FPS:  9.10
15:30:10.927 [INFO] (DIYexpert_prior.py:622) Total Episode:    75 Steps:    8447 Episode Steps:    12 Return: -27.0000 FPS:  8.99
15:30:12.248 [INFO] (DIYexpert_prior.py:622) Total Episode:    76 Steps:    8459 Episode Steps:    12 Return: -27.0000 FPS:  9.09
15:30:13.537 [INFO] (DIYexpert_prior.py:622) Total Episode:    77 Steps:    8471 Episode Steps:    12 Return: -27.0000 FPS:  9.32
15:30:14.832 [INFO] (DIYexpert_prior.py:622) Total Episode:    78 Steps:    8483 Episode Steps:    12 Return: -27.0000 FPS:  9.27
15:30:16.179 [INFO] (DIYexpert_prior.py:622) Total Episode:    79 Steps:    8495 Episode Steps:    12 Return: -27.0000 FPS:  8.92
15:30:17.545 [INFO] (DIYexpert_prior.py:622) Total Episode:    80 Steps:    8507 Episode Steps:    12 Return: -27.0000 FPS:  8.79
15:30:18.866 [INFO] (DIYexpert_prior.py:622) Total Episode:    81 Steps:    8519 Episode Steps:    12 Return: -27.0000 FPS:  9.09
15:30:20.205 [INFO] (DIYexpert_prior.py:622) Total Episode:    82 Steps:    8531 Episode Steps:    12 Return: -27.0000 FPS:  8.97
15:30:21.561 [INFO] (DIYexpert_prior.py:622) Total Episode:    83 Steps:    8543 Episode Steps:    12 Return: -27.0000 FPS:  8.85
15:30:22.876 [INFO] (DIYexpert_prior.py:622) Total Episode:    84 Steps:    8555 Episode Steps:    12 Return: -27.0000 FPS:  9.13
15:30:24.180 [INFO] (DIYexpert_prior.py:622) Total Episode:    85 Steps:    8567 Episode Steps:    12 Return: -27.0000 FPS:  9.21
15:30:25.623 [INFO] (DIYexpert_prior.py:622) Total Episode:    86 Steps:    8579 Episode Steps:    12 Return: -27.0000 FPS:  8.32
15:30:28.167 [INFO] (DIYexpert_prior.py:622) Total Episode:    87 Steps:    8613 Episode Steps:    34 Return: -71.0000 FPS: 13.37
15:30:31.803 [INFO] (DIYexpert_prior.py:622) Total Episode:    88 Steps:    8667 Episode Steps:    54 Return: -111.0000 FPS: 14.86
15:30:33.180 [INFO] (DIYexpert_prior.py:622) Total Episode:    89 Steps:    8679 Episode Steps:    12 Return: -27.0000 FPS:  8.72
15:30:34.651 [INFO] (DIYexpert_prior.py:622) Total Episode:    90 Steps:    8693 Episode Steps:    14 Return: -31.0000 FPS:  9.53
15:30:36.002 [INFO] (DIYexpert_prior.py:622) Total Episode:    91 Steps:    8705 Episode Steps:    12 Return: -27.0000 FPS:  8.89
15:30:37.342 [INFO] (DIYexpert_prior.py:622) Total Episode:    92 Steps:    8717 Episode Steps:    12 Return: -27.0000 FPS:  8.96
15:30:38.710 [INFO] (DIYexpert_prior.py:622) Total Episode:    93 Steps:    8730 Episode Steps:    13 Return: -29.0000 FPS:  9.51
15:30:40.135 [INFO] (DIYexpert_prior.py:622) Total Episode:    94 Steps:    8744 Episode Steps:    14 Return: -31.0000 FPS:  9.83
15:30:41.426 [INFO] (DIYexpert_prior.py:622) Total Episode:    95 Steps:    8756 Episode Steps:    12 Return: -27.0000 FPS:  9.30
15:30:42.721 [INFO] (DIYexpert_prior.py:622) Total Episode:    96 Steps:    8768 Episode Steps:    12 Return: -27.0000 FPS:  9.27
15:30:44.052 [INFO] (DIYexpert_prior.py:622) Total Episode:    97 Steps:    8780 Episode Steps:    12 Return: -27.0000 FPS:  9.02
15:30:45.385 [INFO] (DIYexpert_prior.py:622) Total Episode:    98 Steps:    8792 Episode Steps:    12 Return: -27.0000 FPS:  9.01
15:30:46.685 [INFO] (DIYexpert_prior.py:622) Total Episode:    99 Steps:    8804 Episode Steps:    12 Return: -27.0000 FPS:  9.23
15:30:49.476 [INFO] (DIYexpert_prior.py:622) Total Episode:   100 Steps:    8838 Episode Steps:    34 Return: -71.0000 FPS: 12.19
15:30:50.955 [INFO] (DIYexpert_prior.py:622) Total Episode:   101 Steps:    8852 Episode Steps:    14 Return: -31.0000 FPS:  9.48
15:30:52.886 [INFO] (DIYexpert_prior.py:622) Total Episode:   102 Steps:    8875 Episode Steps:    23 Return: -49.0000 FPS: 11.92
15:30:54.220 [INFO] (DIYexpert_prior.py:622) Total Episode:   103 Steps:    8887 Episode Steps:    12 Return: -27.0000 FPS:  9.01
15:30:55.685 [INFO] (DIYexpert_prior.py:622) Total Episode:   104 Steps:    8901 Episode Steps:    14 Return: -31.0000 FPS:  9.56
15:30:57.002 [INFO] (DIYexpert_prior.py:622) Total Episode:   105 Steps:    8913 Episode Steps:    12 Return: -27.0000 FPS:  9.12
15:30:58.458 [INFO] (DIYexpert_prior.py:622) Total Episode:   106 Steps:    8925 Episode Steps:    12 Return: -27.0000 FPS:  8.25
15:30:59.738 [INFO] (DIYexpert_prior.py:622) Total Episode:   107 Steps:    8937 Episode Steps:    12 Return: -27.0000 FPS:  9.38
15:31:01.068 [INFO] (DIYexpert_prior.py:622) Total Episode:   108 Steps:    8949 Episode Steps:    12 Return: -27.0000 FPS:  9.03
15:31:02.591 [INFO] (DIYexpert_prior.py:622) Total Episode:   109 Steps:    8961 Episode Steps:    12 Return: -27.0000 FPS:  7.89
15:31:03.968 [INFO] (DIYexpert_prior.py:622) Total Episode:   110 Steps:    8973 Episode Steps:    12 Return: -27.0000 FPS:  8.72
15:31:05.334 [INFO] (DIYexpert_prior.py:622) Total Episode:   111 Steps:    8985 Episode Steps:    12 Return: -27.0000 FPS:  8.79
15:31:06.677 [INFO] (DIYexpert_prior.py:622) Total Episode:   112 Steps:    8997 Episode Steps:    12 Return: -27.0000 FPS:  8.94
15:31:10.235 [INFO] (DIYexpert_prior.py:622) Total Episode:   113 Steps:    9050 Episode Steps:    53 Return: -106.0000 FPS: 14.90
15:31:11.541 [INFO] (DIYexpert_prior.py:622) Total Episode:   114 Steps:    9062 Episode Steps:    12 Return: -27.0000 FPS:  9.20
15:31:12.855 [INFO] (DIYexpert_prior.py:622) Total Episode:   115 Steps:    9074 Episode Steps:    12 Return: -27.0000 FPS:  9.14
15:31:14.223 [INFO] (DIYexpert_prior.py:622) Total Episode:   116 Steps:    9086 Episode Steps:    12 Return: -27.0000 FPS:  8.78
15:31:15.521 [INFO] (DIYexpert_prior.py:622) Total Episode:   117 Steps:    9098 Episode Steps:    12 Return: -27.0000 FPS:  9.25
15:31:16.937 [INFO] (DIYexpert_prior.py:622) Total Episode:   118 Steps:    9110 Episode Steps:    12 Return: -27.0000 FPS:  8.48
15:31:18.442 [INFO] (DIYexpert_prior.py:622) Total Episode:   119 Steps:    9122 Episode Steps:    12 Return: -27.0000 FPS:  7.98
15:31:19.769 [INFO] (DIYexpert_prior.py:622) Total Episode:   120 Steps:    9134 Episode Steps:    12 Return: -27.0000 FPS:  9.05
15:31:21.114 [INFO] (DIYexpert_prior.py:622) Total Episode:   121 Steps:    9146 Episode Steps:    12 Return: -27.0000 FPS:  8.92
15:31:22.471 [INFO] (DIYexpert_prior.py:622) Total Episode:   122 Steps:    9158 Episode Steps:    12 Return: -27.0000 FPS:  8.85
15:31:23.826 [INFO] (DIYexpert_prior.py:622) Total Episode:   123 Steps:    9170 Episode Steps:    12 Return: -27.0000 FPS:  8.87
15:31:25.183 [INFO] (DIYexpert_prior.py:622) Total Episode:   124 Steps:    9182 Episode Steps:    12 Return: -27.0000 FPS:  8.85
15:31:26.517 [INFO] (DIYexpert_prior.py:622) Total Episode:   125 Steps:    9194 Episode Steps:    12 Return: -27.0000 FPS:  9.00
15:31:27.913 [INFO] (DIYexpert_prior.py:622) Total Episode:   126 Steps:    9207 Episode Steps:    13 Return: -29.0000 FPS:  9.32
15:31:29.230 [INFO] (DIYexpert_prior.py:622) Total Episode:   127 Steps:    9219 Episode Steps:    12 Return: -27.0000 FPS:  9.12
15:31:32.959 [INFO] (DIYexpert_prior.py:622) Total Episode:   128 Steps:    9272 Episode Steps:    53 Return: -106.0000 FPS: 14.22
15:31:39.433 [INFO] (DIYexpert_prior.py:622) Total Episode:   129 Steps:    9377 Episode Steps:   105 Return: -207.0000 FPS: 16.22
15:31:45.827 [INFO] (DIYexpert_prior.py:622) Total Episode:   130 Steps:    9483 Episode Steps:   106 Return: -209.0000 FPS: 16.58
15:31:47.199 [INFO] (DIYexpert_prior.py:622) Total Episode:   131 Steps:    9495 Episode Steps:    12 Return: -27.0000 FPS:  8.75
15:31:49.670 [INFO] (DIYexpert_prior.py:622) Total Episode:   132 Steps:    9523 Episode Steps:    28 Return: -59.0000 FPS: 11.34
15:31:51.015 [INFO] (DIYexpert_prior.py:622) Total Episode:   133 Steps:    9535 Episode Steps:    12 Return: -27.0000 FPS:  8.93
15:31:52.464 [INFO] (DIYexpert_prior.py:622) Total Episode:   134 Steps:    9549 Episode Steps:    14 Return: -31.0000 FPS:  9.67
15:31:53.931 [INFO] (DIYexpert_prior.py:622) Total Episode:   135 Steps:    9563 Episode Steps:    14 Return: -31.0000 FPS:  9.55
15:31:55.234 [INFO] (DIYexpert_prior.py:622) Total Episode:   136 Steps:    9575 Episode Steps:    12 Return: -27.0000 FPS:  9.22
15:31:56.630 [INFO] (DIYexpert_prior.py:622) Total Episode:   137 Steps:    9587 Episode Steps:    12 Return: -27.0000 FPS:  8.60
15:32:03.144 [INFO] (DIYexpert_prior.py:622) Total Episode:   138 Steps:    9694 Episode Steps:   107 Return: -211.0000 FPS: 16.43
15:32:05.011 [INFO] (DIYexpert_prior.py:622) Total Episode:   139 Steps:    9716 Episode Steps:    22 Return: -47.0000 FPS: 11.79
15:32:06.323 [INFO] (DIYexpert_prior.py:622) Total Episode:   140 Steps:    9728 Episode Steps:    12 Return: -27.0000 FPS:  9.15
15:32:07.616 [INFO] (DIYexpert_prior.py:622) Total Episode:   141 Steps:    9740 Episode Steps:    12 Return: -27.0000 FPS:  9.29
15:32:08.971 [INFO] (DIYexpert_prior.py:622) Total Episode:   142 Steps:    9752 Episode Steps:    12 Return: -27.0000 FPS:  8.86
15:32:10.387 [INFO] (DIYexpert_prior.py:622) Total Episode:   143 Steps:    9766 Episode Steps:    14 Return: -31.0000 FPS:  9.90
15:32:11.706 [INFO] (DIYexpert_prior.py:622) Total Episode:   144 Steps:    9778 Episode Steps:    12 Return: -27.0000 FPS:  9.10
15:32:13.029 [INFO] (DIYexpert_prior.py:622) Total Episode:   145 Steps:    9790 Episode Steps:    12 Return: -27.0000 FPS:  9.08
15:32:14.386 [INFO] (DIYexpert_prior.py:622) Total Episode:   146 Steps:    9802 Episode Steps:    12 Return: -27.0000 FPS:  8.85
15:32:15.711 [INFO] (DIYexpert_prior.py:622) Total Episode:   147 Steps:    9814 Episode Steps:    12 Return: -27.0000 FPS:  9.06
15:32:18.562 [INFO] (DIYexpert_prior.py:622) Total Episode:   148 Steps:    9850 Episode Steps:    36 Return: -75.0000 FPS: 12.63
15:32:20.083 [INFO] (DIYexpert_prior.py:622) Total Episode:   149 Steps:    9864 Episode Steps:    14 Return: -31.0000 FPS:  9.21
15:32:22.924 [INFO] (DIYexpert_prior.py:622) Total Episode:   150 Steps:    9898 Episode Steps:    34 Return: -71.0000 FPS: 11.97
15:32:24.354 [INFO] (DIYexpert_prior.py:622) Total Episode:   151 Steps:    9910 Episode Steps:    12 Return: -27.0000 FPS:  8.40
15:32:25.767 [INFO] (DIYexpert_prior.py:622) Total Episode:   152 Steps:    9922 Episode Steps:    12 Return: -27.0000 FPS:  8.50
15:32:27.240 [INFO] (DIYexpert_prior.py:622) Total Episode:   153 Steps:    9936 Episode Steps:    14 Return: -31.0000 FPS:  9.51
15:32:28.852 [INFO] (DIYexpert_prior.py:622) Total Episode:   154 Steps:    9950 Episode Steps:    14 Return: -31.0000 FPS:  8.69
15:32:31.223 [INFO] (DIYexpert_prior.py:622) Total Episode:   155 Steps:    9979 Episode Steps:    29 Return: -61.0000 FPS: 12.24
15:32:32.624 [INFO] (DIYexpert_prior.py:622) Total Episode:   156 Steps:    9991 Episode Steps:    12 Return: -27.0000 FPS:  8.57
15:32:34.560 [INFO] (DIYexpert_prior.py:622) Total Episode:   157 Steps:   10014 Episode Steps:    23 Return: -49.0000 FPS: 11.89
15:32:36.149 [INFO] (DIYexpert_prior.py:622) Total Episode:   158 Steps:   10028 Episode Steps:    14 Return: -31.0000 FPS:  8.82
15:32:38.115 [INFO] (DIYexpert_prior.py:622) Total Episode:   159 Steps:   10050 Episode Steps:    22 Return: -47.0000 FPS: 11.20
15:32:40.090 [INFO] (DIYexpert_prior.py:622) Total Episode:   160 Steps:   10073 Episode Steps:    23 Return: -49.0000 FPS: 11.65
15:32:41.482 [INFO] (DIYexpert_prior.py:622) Total Episode:   161 Steps:   10086 Episode Steps:    13 Return: -29.0000 FPS:  9.35
15:32:43.398 [INFO] (DIYexpert_prior.py:622) Total Episode:   162 Steps:   10107 Episode Steps:    21 Return: -45.0000 FPS: 10.97
15:32:44.809 [INFO] (DIYexpert_prior.py:622) Total Episode:   163 Steps:   10119 Episode Steps:    12 Return: -27.0000 FPS:  8.51
15:32:46.185 [INFO] (DIYexpert_prior.py:622) Total Episode:   164 Steps:   10131 Episode Steps:    12 Return: -27.0000 FPS:  8.73
15:32:47.633 [INFO] (DIYexpert_prior.py:622) Total Episode:   165 Steps:   10143 Episode Steps:    12 Return: -27.0000 FPS:  8.29
15:32:49.068 [INFO] (DIYexpert_prior.py:622) Total Episode:   166 Steps:   10157 Episode Steps:    14 Return: -31.0000 FPS:  9.76
15:32:51.664 [INFO] (DIYexpert_prior.py:622) Total Episode:   167 Steps:   10192 Episode Steps:    35 Return: -73.0000 FPS: 13.49
15:32:52.974 [INFO] (DIYexpert_prior.py:622) Total Episode:   168 Steps:   10204 Episode Steps:    12 Return: -27.0000 FPS:  9.17
15:32:54.303 [INFO] (DIYexpert_prior.py:622) Total Episode:   169 Steps:   10216 Episode Steps:    12 Return: -27.0000 FPS:  9.04
15:32:55.796 [INFO] (DIYexpert_prior.py:622) Total Episode:   170 Steps:   10228 Episode Steps:    12 Return: -27.0000 FPS:  8.04
15:32:57.107 [INFO] (DIYexpert_prior.py:622) Total Episode:   171 Steps:   10240 Episode Steps:    12 Return: -27.0000 FPS:  9.17
15:32:59.876 [INFO] (DIYexpert_prior.py:622) Total Episode:   172 Steps:   10276 Episode Steps:    36 Return: -75.0000 FPS: 13.01
15:33:01.239 [INFO] (DIYexpert_prior.py:622) Total Episode:   173 Steps:   10288 Episode Steps:    12 Return: -27.0000 FPS:  8.81
15:33:04.822 [INFO] (DIYexpert_prior.py:622) Total Episode:   174 Steps:   10340 Episode Steps:    52 Return: -104.0000 FPS: 14.52
15:33:06.278 [INFO] (DIYexpert_prior.py:622) Total Episode:   175 Steps:   10353 Episode Steps:    13 Return: -29.0000 FPS:  8.94
15:33:07.623 [INFO] (DIYexpert_prior.py:622) Total Episode:   176 Steps:   10365 Episode Steps:    12 Return: -27.0000 FPS:  8.92
15:33:08.940 [INFO] (DIYexpert_prior.py:622) Total Episode:   177 Steps:   10377 Episode Steps:    12 Return: -27.0000 FPS:  9.12
15:33:10.256 [INFO] (DIYexpert_prior.py:622) Total Episode:   178 Steps:   10389 Episode Steps:    12 Return: -27.0000 FPS:  9.13
15:33:11.565 [INFO] (DIYexpert_prior.py:622) Total Episode:   179 Steps:   10401 Episode Steps:    12 Return: -27.0000 FPS:  9.17
15:33:12.957 [INFO] (DIYexpert_prior.py:622) Total Episode:   180 Steps:   10413 Episode Steps:    12 Return: -27.0000 FPS:  8.63
15:33:14.354 [INFO] (DIYexpert_prior.py:622) Total Episode:   181 Steps:   10425 Episode Steps:    12 Return: -27.0000 FPS:  8.60
15:33:15.782 [INFO] (DIYexpert_prior.py:622) Total Episode:   182 Steps:   10437 Episode Steps:    12 Return: -27.0000 FPS:  8.41
15:33:17.109 [INFO] (DIYexpert_prior.py:622) Total Episode:   183 Steps:   10449 Episode Steps:    12 Return: -27.0000 FPS:  9.05
15:33:18.432 [INFO] (DIYexpert_prior.py:622) Total Episode:   184 Steps:   10461 Episode Steps:    12 Return: -27.0000 FPS:  9.07
15:33:19.725 [INFO] (DIYexpert_prior.py:622) Total Episode:   185 Steps:   10473 Episode Steps:    12 Return: -27.0000 FPS:  9.30
15:33:21.044 [INFO] (DIYexpert_prior.py:622) Total Episode:   186 Steps:   10485 Episode Steps:    12 Return: -27.0000 FPS:  9.11
15:33:22.405 [INFO] (DIYexpert_prior.py:622) Total Episode:   187 Steps:   10498 Episode Steps:    13 Return: -29.0000 FPS:  9.56
15:33:23.692 [INFO] (DIYexpert_prior.py:622) Total Episode:   188 Steps:   10510 Episode Steps:    12 Return: -27.0000 FPS:  9.33
15:33:25.620 [INFO] (DIYexpert_prior.py:622) Total Episode:   189 Steps:   10533 Episode Steps:    23 Return: -49.0000 FPS: 11.94
15:33:26.936 [INFO] (DIYexpert_prior.py:622) Total Episode:   190 Steps:   10545 Episode Steps:    12 Return: -27.0000 FPS:  9.13
15:33:28.278 [INFO] (DIYexpert_prior.py:622) Total Episode:   191 Steps:   10557 Episode Steps:    12 Return: -27.0000 FPS:  8.95
15:33:29.774 [INFO] (DIYexpert_prior.py:622) Total Episode:   192 Steps:   10569 Episode Steps:    12 Return: -27.0000 FPS:  8.03
15:33:31.110 [INFO] (DIYexpert_prior.py:622) Total Episode:   193 Steps:   10581 Episode Steps:    12 Return: -27.0000 FPS:  8.99
15:33:32.451 [INFO] (DIYexpert_prior.py:622) Total Episode:   194 Steps:   10593 Episode Steps:    12 Return: -27.0000 FPS:  8.96
15:33:33.787 [INFO] (DIYexpert_prior.py:622) Total Episode:   195 Steps:   10605 Episode Steps:    12 Return: -27.0000 FPS:  8.98
15:33:35.136 [INFO] (DIYexpert_prior.py:622) Total Episode:   196 Steps:   10617 Episode Steps:    12 Return: -27.0000 FPS:  8.91
15:33:36.437 [INFO] (DIYexpert_prior.py:622) Total Episode:   197 Steps:   10629 Episode Steps:    12 Return: -27.0000 FPS:  9.23
15:33:37.768 [INFO] (DIYexpert_prior.py:622) Total Episode:   198 Steps:   10641 Episode Steps:    12 Return: -27.0000 FPS:  9.03
15:33:39.124 [INFO] (DIYexpert_prior.py:622) Total Episode:   199 Steps:   10653 Episode Steps:    12 Return: -27.0000 FPS:  8.86
15:33:40.777 [INFO] (DIYexpert_prior.py:622) Total Episode:   200 Steps:   10665 Episode Steps:    12 Return: -27.0000 FPS:  7.26
15:33:42.128 [INFO] (DIYexpert_prior.py:622) Total Episode:   201 Steps:   10677 Episode Steps:    12 Return: -27.0000 FPS:  8.89
15:33:43.612 [INFO] (DIYexpert_prior.py:622) Total Episode:   202 Steps:   10692 Episode Steps:    15 Return: -33.0000 FPS: 10.11
15:33:44.955 [INFO] (DIYexpert_prior.py:622) Total Episode:   203 Steps:   10704 Episode Steps:    12 Return: -27.0000 FPS:  8.98
15:33:46.280 [INFO] (DIYexpert_prior.py:622) Total Episode:   204 Steps:   10716 Episode Steps:    12 Return: -27.0000 FPS:  9.06
15:33:49.841 [INFO] (DIYexpert_prior.py:622) Total Episode:   205 Steps:   10769 Episode Steps:    53 Return: -106.0000 FPS: 14.89
15:33:52.641 [INFO] (DIYexpert_prior.py:622) Total Episode:   206 Steps:   10808 Episode Steps:    39 Return: -81.0000 FPS: 13.94
15:33:53.983 [INFO] (DIYexpert_prior.py:622) Total Episode:   207 Steps:   10820 Episode Steps:    12 Return: -27.0000 FPS:  8.95
15:33:57.656 [INFO] (DIYexpert_prior.py:622) Total Episode:   208 Steps:   10873 Episode Steps:    53 Return: -106.0000 FPS: 14.43
15:34:00.202 [INFO] (DIYexpert_prior.py:622) Total Episode:   209 Steps:   10908 Episode Steps:    35 Return: -73.0000 FPS: 13.76
15:34:01.542 [INFO] (DIYexpert_prior.py:622) Total Episode:   210 Steps:   10920 Episode Steps:    12 Return: -27.0000 FPS:  8.96
15:34:03.576 [INFO] (DIYexpert_prior.py:622) Total Episode:   211 Steps:   10944 Episode Steps:    24 Return: -51.0000 FPS: 11.80
15:34:05.041 [INFO] (DIYexpert_prior.py:622) Total Episode:   212 Steps:   10956 Episode Steps:    12 Return: -27.0000 FPS:  8.19
15:34:06.651 [INFO] (DIYexpert_prior.py:622) Total Episode:   213 Steps:   10968 Episode Steps:    12 Return: -27.0000 FPS:  7.46
15:34:09.480 [INFO] (DIYexpert_prior.py:622) Total Episode:   214 Steps:   11006 Episode Steps:    38 Return: -79.0000 FPS: 13.44
15:34:10.786 [INFO] (DIYexpert_prior.py:622) Total Episode:   215 Steps:   11018 Episode Steps:    12 Return: -27.0000 FPS:  9.19
15:34:12.144 [INFO] (DIYexpert_prior.py:622) Total Episode:   216 Steps:   11030 Episode Steps:    12 Return: -27.0000 FPS:  8.84
15:34:13.478 [INFO] (DIYexpert_prior.py:622) Total Episode:   217 Steps:   11042 Episode Steps:    12 Return: -27.0000 FPS:  9.00
15:34:14.825 [INFO] (DIYexpert_prior.py:622) Total Episode:   218 Steps:   11054 Episode Steps:    12 Return: -27.0000 FPS:  8.91
15:34:16.216 [INFO] (DIYexpert_prior.py:622) Total Episode:   219 Steps:   11066 Episode Steps:    12 Return: -27.0000 FPS:  8.64
15:34:17.564 [INFO] (DIYexpert_prior.py:622) Total Episode:   220 Steps:   11078 Episode Steps:    12 Return: -27.0000 FPS:  8.91
15:34:18.899 [INFO] (DIYexpert_prior.py:622) Total Episode:   221 Steps:   11090 Episode Steps:    12 Return: -27.0000 FPS:  9.00
15:34:22.510 [INFO] (DIYexpert_prior.py:622) Total Episode:   222 Steps:   11143 Episode Steps:    53 Return: -106.0000 FPS: 14.68
15:34:23.924 [INFO] (DIYexpert_prior.py:622) Total Episode:   223 Steps:   11155 Episode Steps:    12 Return: -27.0000 FPS:  8.50
15:34:25.223 [INFO] (DIYexpert_prior.py:622) Total Episode:   224 Steps:   11167 Episode Steps:    12 Return: -27.0000 FPS:  9.24
15:34:26.540 [INFO] (DIYexpert_prior.py:622) Total Episode:   225 Steps:   11179 Episode Steps:    12 Return: -27.0000 FPS:  9.12
15:34:27.825 [INFO] (DIYexpert_prior.py:622) Total Episode:   226 Steps:   11191 Episode Steps:    12 Return: -27.0000 FPS:  9.34
15:34:29.124 [INFO] (DIYexpert_prior.py:622) Total Episode:   227 Steps:   11203 Episode Steps:    12 Return: -27.0000 FPS:  9.25
15:34:30.450 [INFO] (DIYexpert_prior.py:622) Total Episode:   228 Steps:   11215 Episode Steps:    12 Return: -27.0000 FPS:  9.06
15:34:31.769 [INFO] (DIYexpert_prior.py:622) Total Episode:   229 Steps:   11227 Episode Steps:    12 Return: -27.0000 FPS:  9.10
15:34:33.095 [INFO] (DIYexpert_prior.py:622) Total Episode:   230 Steps:   11239 Episode Steps:    12 Return: -27.0000 FPS:  9.05
15:34:34.466 [INFO] (DIYexpert_prior.py:622) Total Episode:   231 Steps:   11252 Episode Steps:    13 Return: -29.0000 FPS:  9.49
15:34:35.796 [INFO] (DIYexpert_prior.py:622) Total Episode:   232 Steps:   11264 Episode Steps:    12 Return: -27.0000 FPS:  9.03
15:34:37.253 [INFO] (DIYexpert_prior.py:622) Total Episode:   233 Steps:   11278 Episode Steps:    14 Return: -31.0000 FPS:  9.62
15:34:38.624 [INFO] (DIYexpert_prior.py:622) Total Episode:   234 Steps:   11290 Episode Steps:    12 Return: -27.0000 FPS:  8.76
15:34:40.145 [INFO] (DIYexpert_prior.py:622) Total Episode:   235 Steps:   11302 Episode Steps:    12 Return: -27.0000 FPS:  7.89
15:34:41.557 [INFO] (DIYexpert_prior.py:622) Total Episode:   236 Steps:   11314 Episode Steps:    12 Return: -27.0000 FPS:  8.51
15:34:42.961 [INFO] (DIYexpert_prior.py:622) Total Episode:   237 Steps:   11326 Episode Steps:    12 Return: -27.0000 FPS:  8.55
15:34:44.338 [INFO] (DIYexpert_prior.py:622) Total Episode:   238 Steps:   11338 Episode Steps:    12 Return: -27.0000 FPS:  8.72
15:34:46.641 [INFO] (DIYexpert_prior.py:622) Total Episode:   239 Steps:   11367 Episode Steps:    29 Return: -61.0000 FPS: 12.60
15:34:48.035 [INFO] (DIYexpert_prior.py:622) Total Episode:   240 Steps:   11379 Episode Steps:    12 Return: -27.0000 FPS:  8.61
15:34:49.445 [INFO] (DIYexpert_prior.py:622) Total Episode:   241 Steps:   11391 Episode Steps:    12 Return: -27.0000 FPS:  8.52
15:34:50.893 [INFO] (DIYexpert_prior.py:622) Total Episode:   242 Steps:   11403 Episode Steps:    12 Return: -27.0000 FPS:  8.29
15:34:52.242 [INFO] (DIYexpert_prior.py:622) Total Episode:   243 Steps:   11415 Episode Steps:    12 Return: -27.0000 FPS:  8.90
15:34:53.582 [INFO] (DIYexpert_prior.py:622) Total Episode:   244 Steps:   11427 Episode Steps:    12 Return: -27.0000 FPS:  8.96
15:34:55.012 [INFO] (DIYexpert_prior.py:622) Total Episode:   245 Steps:   11439 Episode Steps:    12 Return: -27.0000 FPS:  8.39
15:34:56.433 [INFO] (DIYexpert_prior.py:622) Total Episode:   246 Steps:   11451 Episode Steps:    12 Return: -27.0000 FPS:  8.45
15:34:57.759 [INFO] (DIYexpert_prior.py:622) Total Episode:   247 Steps:   11463 Episode Steps:    12 Return: -27.0000 FPS:  9.05
15:34:59.224 [INFO] (DIYexpert_prior.py:622) Total Episode:   248 Steps:   11476 Episode Steps:    13 Return: -29.0000 FPS:  8.88
15:35:00.688 [INFO] (DIYexpert_prior.py:622) Total Episode:   249 Steps:   11488 Episode Steps:    12 Return: -27.0000 FPS:  8.20
15:35:02.445 [INFO] (DIYexpert_prior.py:622) Total Episode:   250 Steps:   11500 Episode Steps:    12 Return: -27.0000 FPS:  6.83
15:35:05.195 [INFO] (DIYexpert_prior.py:622) Total Episode:   251 Steps:   11535 Episode Steps:    35 Return: -73.0000 FPS: 12.74
15:35:06.534 [INFO] (DIYexpert_prior.py:622) Total Episode:   252 Steps:   11547 Episode Steps:    12 Return: -27.0000 FPS:  8.97
15:35:07.919 [INFO] (DIYexpert_prior.py:622) Total Episode:   253 Steps:   11559 Episode Steps:    12 Return: -27.0000 FPS:  8.67
15:35:09.273 [INFO] (DIYexpert_prior.py:622) Total Episode:   254 Steps:   11571 Episode Steps:    12 Return: -27.0000 FPS:  8.87
15:35:10.589 [INFO] (DIYexpert_prior.py:622) Total Episode:   255 Steps:   11583 Episode Steps:    12 Return: -27.0000 FPS:  9.13
15:35:12.013 [INFO] (DIYexpert_prior.py:622) Total Episode:   256 Steps:   11595 Episode Steps:    12 Return: -27.0000 FPS:  8.43
15:35:13.575 [INFO] (DIYexpert_prior.py:622) Total Episode:   257 Steps:   11607 Episode Steps:    12 Return: -27.0000 FPS:  7.69
15:35:14.963 [INFO] (DIYexpert_prior.py:622) Total Episode:   258 Steps:   11619 Episode Steps:    12 Return: -27.0000 FPS:  8.65
15:35:16.313 [INFO] (DIYexpert_prior.py:622) Total Episode:   259 Steps:   11631 Episode Steps:    12 Return: -27.0000 FPS:  8.90
15:35:17.699 [INFO] (DIYexpert_prior.py:622) Total Episode:   260 Steps:   11643 Episode Steps:    12 Return: -27.0000 FPS:  8.67
15:35:19.221 [INFO] (DIYexpert_prior.py:622) Total Episode:   261 Steps:   11655 Episode Steps:    12 Return: -27.0000 FPS:  7.89
15:35:20.698 [INFO] (DIYexpert_prior.py:622) Total Episode:   262 Steps:   11667 Episode Steps:    12 Return: -27.0000 FPS:  8.13
15:35:22.168 [INFO] (DIYexpert_prior.py:622) Total Episode:   263 Steps:   11679 Episode Steps:    12 Return: -27.0000 FPS:  8.17
15:35:23.534 [INFO] (DIYexpert_prior.py:622) Total Episode:   264 Steps:   11691 Episode Steps:    12 Return: -27.0000 FPS:  8.80
15:35:24.988 [INFO] (DIYexpert_prior.py:622) Total Episode:   265 Steps:   11703 Episode Steps:    12 Return: -27.0000 FPS:  8.26
15:35:26.331 [INFO] (DIYexpert_prior.py:622) Total Episode:   266 Steps:   11715 Episode Steps:    12 Return: -27.0000 FPS:  8.94
15:35:27.655 [INFO] (DIYexpert_prior.py:622) Total Episode:   267 Steps:   11727 Episode Steps:    12 Return: -27.0000 FPS:  9.08
15:35:29.037 [INFO] (DIYexpert_prior.py:622) Total Episode:   268 Steps:   11739 Episode Steps:    12 Return: -27.0000 FPS:  8.68
15:35:30.479 [INFO] (DIYexpert_prior.py:622) Total Episode:   269 Steps:   11751 Episode Steps:    12 Return: -27.0000 FPS:  8.33
15:35:31.832 [INFO] (DIYexpert_prior.py:622) Total Episode:   270 Steps:   11763 Episode Steps:    12 Return: -27.0000 FPS:  8.88
15:35:33.259 [INFO] (DIYexpert_prior.py:622) Total Episode:   271 Steps:   11775 Episode Steps:    12 Return: -27.0000 FPS:  8.41
15:35:34.587 [INFO] (DIYexpert_prior.py:622) Total Episode:   272 Steps:   11787 Episode Steps:    12 Return: -27.0000 FPS:  9.04
15:35:37.312 [INFO] (DIYexpert_prior.py:622) Total Episode:   273 Steps:   11824 Episode Steps:    37 Return: -77.0000 FPS: 13.59
15:35:38.666 [INFO] (DIYexpert_prior.py:622) Total Episode:   274 Steps:   11836 Episode Steps:    12 Return: -27.0000 FPS:  8.87
15:35:40.002 [INFO] (DIYexpert_prior.py:622) Total Episode:   275 Steps:   11848 Episode Steps:    12 Return: -27.0000 FPS:  8.99
15:35:41.351 [INFO] (DIYexpert_prior.py:622) Total Episode:   276 Steps:   11860 Episode Steps:    12 Return: -27.0000 FPS:  8.90
15:35:42.677 [INFO] (DIYexpert_prior.py:622) Total Episode:   277 Steps:   11872 Episode Steps:    12 Return: -27.0000 FPS:  9.06
15:35:45.588 [INFO] (DIYexpert_prior.py:622) Total Episode:   278 Steps:   11910 Episode Steps:    38 Return: -79.0000 FPS: 13.06
15:35:46.911 [INFO] (DIYexpert_prior.py:622) Total Episode:   279 Steps:   11922 Episode Steps:    12 Return: -27.0000 FPS:  9.08
15:35:48.250 [INFO] (DIYexpert_prior.py:622) Total Episode:   280 Steps:   11934 Episode Steps:    12 Return: -27.0000 FPS:  8.97
15:35:49.564 [INFO] (DIYexpert_prior.py:622) Total Episode:   281 Steps:   11946 Episode Steps:    12 Return: -27.0000 FPS:  9.14
15:35:50.885 [INFO] (DIYexpert_prior.py:622) Total Episode:   282 Steps:   11958 Episode Steps:    12 Return: -27.0000 FPS:  9.09
15:35:52.305 [INFO] (DIYexpert_prior.py:622) Total Episode:   283 Steps:   11971 Episode Steps:    13 Return: -29.0000 FPS:  9.16
15:35:53.662 [INFO] (DIYexpert_prior.py:622) Total Episode:   284 Steps:   11984 Episode Steps:    13 Return: -29.0000 FPS:  9.59
15:35:54.985 [INFO] (DIYexpert_prior.py:622) Total Episode:   285 Steps:   11996 Episode Steps:    12 Return: -27.0000 FPS:  9.07
15:35:56.314 [INFO] (DIYexpert_prior.py:622) Total Episode:   286 Steps:   12008 Episode Steps:    12 Return: -27.0000 FPS:  9.04
15:35:57.631 [INFO] (DIYexpert_prior.py:622) Total Episode:   287 Steps:   12020 Episode Steps:    12 Return: -27.0000 FPS:  9.12
15:35:58.958 [INFO] (DIYexpert_prior.py:622) Total Episode:   288 Steps:   12032 Episode Steps:    12 Return: -27.0000 FPS:  9.05
15:36:00.298 [INFO] (DIYexpert_prior.py:622) Total Episode:   289 Steps:   12044 Episode Steps:    12 Return: -27.0000 FPS:  8.96
15:36:01.710 [INFO] (DIYexpert_prior.py:622) Total Episode:   290 Steps:   12056 Episode Steps:    12 Return: -27.0000 FPS:  8.51
15:36:05.404 [INFO] (DIYexpert_prior.py:622) Total Episode:   291 Steps:   12109 Episode Steps:    53 Return: -106.0000 FPS: 14.35
15:36:06.813 [INFO] (DIYexpert_prior.py:622) Total Episode:   292 Steps:   12121 Episode Steps:    12 Return: -27.0000 FPS:  8.52
15:36:08.134 [INFO] (DIYexpert_prior.py:622) Total Episode:   293 Steps:   12133 Episode Steps:    12 Return: -27.0000 FPS:  9.09
15:36:09.447 [INFO] (DIYexpert_prior.py:622) Total Episode:   294 Steps:   12145 Episode Steps:    12 Return: -27.0000 FPS:  9.14
15:36:13.116 [INFO] (DIYexpert_prior.py:622) Total Episode:   295 Steps:   12198 Episode Steps:    53 Return: -106.0000 FPS: 14.45
15:36:14.565 [INFO] (DIYexpert_prior.py:622) Total Episode:   296 Steps:   12210 Episode Steps:    12 Return: -27.0000 FPS:  8.29
15:36:15.938 [INFO] (DIYexpert_prior.py:622) Total Episode:   297 Steps:   12222 Episode Steps:    12 Return: -27.0000 FPS:  8.75
15:36:17.271 [INFO] (DIYexpert_prior.py:622) Total Episode:   298 Steps:   12234 Episode Steps:    12 Return: -27.0000 FPS:  9.01
15:36:18.622 [INFO] (DIYexpert_prior.py:622) Total Episode:   299 Steps:   12246 Episode Steps:    12 Return: -27.0000 FPS:  8.89
15:36:20.550 [INFO] (DIYexpert_prior.py:622) Total Episode:   300 Steps:   12258 Episode Steps:    12 Return: -27.0000 FPS:  6.23
15:36:21.944 [INFO] (DIYexpert_prior.py:622) Total Episode:   301 Steps:   12270 Episode Steps:    12 Return: -27.0000 FPS:  8.62
15:36:23.280 [INFO] (DIYexpert_prior.py:622) Total Episode:   302 Steps:   12282 Episode Steps:    12 Return: -27.0000 FPS:  8.99
15:36:24.633 [INFO] (DIYexpert_prior.py:622) Total Episode:   303 Steps:   12294 Episode Steps:    12 Return: -27.0000 FPS:  8.88
15:36:25.950 [INFO] (DIYexpert_prior.py:622) Total Episode:   304 Steps:   12306 Episode Steps:    12 Return: -27.0000 FPS:  9.12
15:36:27.282 [INFO] (DIYexpert_prior.py:622) Total Episode:   305 Steps:   12318 Episode Steps:    12 Return: -27.0000 FPS:  9.01
15:36:28.736 [INFO] (DIYexpert_prior.py:622) Total Episode:   306 Steps:   12330 Episode Steps:    12 Return: -27.0000 FPS:  8.26
15:36:30.085 [INFO] (DIYexpert_prior.py:622) Total Episode:   307 Steps:   12342 Episode Steps:    12 Return: -27.0000 FPS:  8.91
15:36:31.402 [INFO] (DIYexpert_prior.py:622) Total Episode:   308 Steps:   12354 Episode Steps:    12 Return: -27.0000 FPS:  9.12
15:36:34.917 [INFO] (DIYexpert_prior.py:622) Total Episode:   309 Steps:   12407 Episode Steps:    53 Return: -106.0000 FPS: 15.08
15:36:36.233 [INFO] (DIYexpert_prior.py:622) Total Episode:   310 Steps:   12419 Episode Steps:    12 Return: -27.0000 FPS:  9.13
15:36:37.561 [INFO] (DIYexpert_prior.py:622) Total Episode:   311 Steps:   12431 Episode Steps:    12 Return: -27.0000 FPS:  9.05
15:36:39.477 [INFO] (DIYexpert_prior.py:622) Total Episode:   312 Steps:   12454 Episode Steps:    23 Return: -49.0000 FPS: 12.01
15:36:40.794 [INFO] (DIYexpert_prior.py:622) Total Episode:   313 Steps:   12466 Episode Steps:    12 Return: -27.0000 FPS:  9.12
15:36:42.169 [INFO] (DIYexpert_prior.py:622) Total Episode:   314 Steps:   12478 Episode Steps:    12 Return: -27.0000 FPS:  8.73
15:36:43.609 [INFO] (DIYexpert_prior.py:622) Total Episode:   315 Steps:   12490 Episode Steps:    12 Return: -27.0000 FPS:  8.34
15:36:45.015 [INFO] (DIYexpert_prior.py:622) Total Episode:   316 Steps:   12502 Episode Steps:    12 Return: -27.0000 FPS:  8.54
15:36:46.346 [INFO] (DIYexpert_prior.py:622) Total Episode:   317 Steps:   12514 Episode Steps:    12 Return: -27.0000 FPS:  9.02
15:36:47.715 [INFO] (DIYexpert_prior.py:622) Total Episode:   318 Steps:   12526 Episode Steps:    12 Return: -27.0000 FPS:  8.77
15:36:49.048 [INFO] (DIYexpert_prior.py:622) Total Episode:   319 Steps:   12538 Episode Steps:    12 Return: -27.0000 FPS:  9.01
15:36:50.353 [INFO] (DIYexpert_prior.py:622) Total Episode:   320 Steps:   12550 Episode Steps:    12 Return: -27.0000 FPS:  9.21
15:36:51.658 [INFO] (DIYexpert_prior.py:622) Total Episode:   321 Steps:   12562 Episode Steps:    12 Return: -27.0000 FPS:  9.20
15:36:53.136 [INFO] (DIYexpert_prior.py:622) Total Episode:   322 Steps:   12574 Episode Steps:    12 Return: -27.0000 FPS:  8.13
15:36:56.364 [INFO] (DIYexpert_prior.py:622) Total Episode:   323 Steps:   12622 Episode Steps:    48 Return: -99.0000 FPS: 14.87
15:36:57.751 [INFO] (DIYexpert_prior.py:622) Total Episode:   324 Steps:   12634 Episode Steps:    12 Return: -27.0000 FPS:  8.66
15:36:59.239 [INFO] (DIYexpert_prior.py:622) Total Episode:   325 Steps:   12646 Episode Steps:    12 Return: -27.0000 FPS:  8.07
15:37:00.681 [INFO] (DIYexpert_prior.py:622) Total Episode:   326 Steps:   12658 Episode Steps:    12 Return: -27.0000 FPS:  8.33
15:37:02.237 [INFO] (DIYexpert_prior.py:622) Total Episode:   327 Steps:   12670 Episode Steps:    12 Return: -27.0000 FPS:  7.72
15:37:03.737 [INFO] (DIYexpert_prior.py:622) Total Episode:   328 Steps:   12682 Episode Steps:    12 Return: -27.0000 FPS:  8.01
15:37:06.885 [INFO] (DIYexpert_prior.py:622) Total Episode:   329 Steps:   12726 Episode Steps:    44 Return: -91.0000 FPS: 13.98
15:37:08.233 [INFO] (DIYexpert_prior.py:622) Total Episode:   330 Steps:   12738 Episode Steps:    12 Return: -27.0000 FPS:  8.91
15:37:09.669 [INFO] (DIYexpert_prior.py:622) Total Episode:   331 Steps:   12750 Episode Steps:    12 Return: -27.0000 FPS:  8.36
15:37:11.053 [INFO] (DIYexpert_prior.py:622) Total Episode:   332 Steps:   12762 Episode Steps:    12 Return: -27.0000 FPS:  8.68
15:37:12.511 [INFO] (DIYexpert_prior.py:622) Total Episode:   333 Steps:   12774 Episode Steps:    12 Return: -27.0000 FPS:  8.23
15:37:14.815 [INFO] (DIYexpert_prior.py:622) Total Episode:   334 Steps:   12802 Episode Steps:    28 Return: -59.0000 FPS: 12.16
15:37:16.154 [INFO] (DIYexpert_prior.py:622) Total Episode:   335 Steps:   12814 Episode Steps:    12 Return: -27.0000 FPS:  8.97
15:37:17.536 [INFO] (DIYexpert_prior.py:622) Total Episode:   336 Steps:   12826 Episode Steps:    12 Return: -27.0000 FPS:  8.69
15:37:18.879 [INFO] (DIYexpert_prior.py:622) Total Episode:   337 Steps:   12838 Episode Steps:    12 Return: -27.0000 FPS:  8.94
15:37:20.301 [INFO] (DIYexpert_prior.py:622) Total Episode:   338 Steps:   12850 Episode Steps:    12 Return: -27.0000 FPS:  8.45
15:37:21.766 [INFO] (DIYexpert_prior.py:622) Total Episode:   339 Steps:   12862 Episode Steps:    12 Return: -27.0000 FPS:  8.20
15:37:23.153 [INFO] (DIYexpert_prior.py:622) Total Episode:   340 Steps:   12874 Episode Steps:    12 Return: -27.0000 FPS:  8.66
15:37:24.526 [INFO] (DIYexpert_prior.py:622) Total Episode:   341 Steps:   12886 Episode Steps:    12 Return: -27.0000 FPS:  8.75
15:37:25.885 [INFO] (DIYexpert_prior.py:622) Total Episode:   342 Steps:   12898 Episode Steps:    12 Return: -27.0000 FPS:  8.83
15:37:27.411 [INFO] (DIYexpert_prior.py:622) Total Episode:   343 Steps:   12910 Episode Steps:    12 Return: -27.0000 FPS:  7.87
15:37:28.769 [INFO] (DIYexpert_prior.py:622) Total Episode:   344 Steps:   12922 Episode Steps:    12 Return: -27.0000 FPS:  8.85
15:37:31.033 [INFO] (DIYexpert_prior.py:622) Total Episode:   345 Steps:   12950 Episode Steps:    28 Return: -59.0000 FPS: 12.37
15:37:33.509 [INFO] (DIYexpert_prior.py:622) Total Episode:   346 Steps:   12982 Episode Steps:    32 Return: -67.0000 FPS: 12.93
15:37:34.872 [INFO] (DIYexpert_prior.py:622) Total Episode:   347 Steps:   12994 Episode Steps:    12 Return: -27.0000 FPS:  8.81
15:37:36.230 [INFO] (DIYexpert_prior.py:622) Total Episode:   348 Steps:   13006 Episode Steps:    12 Return: -27.0000 FPS:  8.85
15:37:37.582 [INFO] (DIYexpert_prior.py:622) Total Episode:   349 Steps:   13018 Episode Steps:    12 Return: -27.0000 FPS:  8.88
15:37:39.270 [INFO] (DIYexpert_prior.py:622) Total Episode:   350 Steps:   13030 Episode Steps:    12 Return: -27.0000 FPS:  7.11
15:37:40.672 [INFO] (DIYexpert_prior.py:622) Total Episode:   351 Steps:   13042 Episode Steps:    12 Return: -27.0000 FPS:  8.57
15:37:42.309 [INFO] (DIYexpert_prior.py:622) Total Episode:   352 Steps:   13056 Episode Steps:    14 Return: -31.0000 FPS:  8.56
15:37:43.681 [INFO] (DIYexpert_prior.py:622) Total Episode:   353 Steps:   13068 Episode Steps:    12 Return: -27.0000 FPS:  8.75
15:37:47.231 [INFO] (DIYexpert_prior.py:622) Total Episode:   354 Steps:   13121 Episode Steps:    53 Return: -106.0000 FPS: 14.93
15:37:48.567 [INFO] (DIYexpert_prior.py:622) Total Episode:   355 Steps:   13133 Episode Steps:    12 Return: -27.0000 FPS:  8.99
15:37:51.293 [INFO] (DIYexpert_prior.py:622) Total Episode:   356 Steps:   13171 Episode Steps:    38 Return: -79.0000 FPS: 13.95
15:37:54.018 [INFO] (DIYexpert_prior.py:622) Total Episode:   357 Steps:   13210 Episode Steps:    39 Return: -81.0000 FPS: 14.32
15:37:55.341 [INFO] (DIYexpert_prior.py:622) Total Episode:   358 Steps:   13222 Episode Steps:    12 Return: -27.0000 FPS:  9.08
15:37:56.715 [INFO] (DIYexpert_prior.py:622) Total Episode:   359 Steps:   13234 Episode Steps:    12 Return: -27.0000 FPS:  8.74
15:37:58.134 [INFO] (DIYexpert_prior.py:622) Total Episode:   360 Steps:   13246 Episode Steps:    12 Return: -27.0000 FPS:  8.46
15:37:59.495 [INFO] (DIYexpert_prior.py:622) Total Episode:   361 Steps:   13258 Episode Steps:    12 Return: -27.0000 FPS:  8.82
15:38:00.829 [INFO] (DIYexpert_prior.py:622) Total Episode:   362 Steps:   13270 Episode Steps:    12 Return: -27.0000 FPS:  9.00
15:38:02.190 [INFO] (DIYexpert_prior.py:622) Total Episode:   363 Steps:   13282 Episode Steps:    12 Return: -27.0000 FPS:  8.82
15:38:03.553 [INFO] (DIYexpert_prior.py:622) Total Episode:   364 Steps:   13294 Episode Steps:    12 Return: -27.0000 FPS:  8.81
15:38:05.093 [INFO] (DIYexpert_prior.py:622) Total Episode:   365 Steps:   13306 Episode Steps:    12 Return: -27.0000 FPS:  7.80
15:38:06.509 [INFO] (DIYexpert_prior.py:622) Total Episode:   366 Steps:   13318 Episode Steps:    12 Return: -27.0000 FPS:  8.48
15:38:07.965 [INFO] (DIYexpert_prior.py:622) Total Episode:   367 Steps:   13330 Episode Steps:    12 Return: -27.0000 FPS:  8.25
15:38:09.264 [INFO] (DIYexpert_prior.py:622) Total Episode:   368 Steps:   13342 Episode Steps:    12 Return: -27.0000 FPS:  9.25
15:38:10.589 [INFO] (DIYexpert_prior.py:622) Total Episode:   369 Steps:   13354 Episode Steps:    12 Return: -27.0000 FPS:  9.06
15:38:11.936 [INFO] (DIYexpert_prior.py:622) Total Episode:   370 Steps:   13366 Episode Steps:    12 Return: -27.0000 FPS:  8.92
15:38:13.353 [INFO] (DIYexpert_prior.py:622) Total Episode:   371 Steps:   13378 Episode Steps:    12 Return: -27.0000 FPS:  8.47
15:38:14.873 [INFO] (DIYexpert_prior.py:622) Total Episode:   372 Steps:   13390 Episode Steps:    12 Return: -27.0000 FPS:  7.90
15:38:16.294 [INFO] (DIYexpert_prior.py:622) Total Episode:   373 Steps:   13402 Episode Steps:    12 Return: -27.0000 FPS:  8.45
15:38:17.787 [INFO] (DIYexpert_prior.py:622) Total Episode:   374 Steps:   13414 Episode Steps:    12 Return: -27.0000 FPS:  8.04
15:38:19.217 [INFO] (DIYexpert_prior.py:622) Total Episode:   375 Steps:   13427 Episode Steps:    13 Return: -29.0000 FPS:  9.10
15:38:20.655 [INFO] (DIYexpert_prior.py:622) Total Episode:   376 Steps:   13439 Episode Steps:    12 Return: -27.0000 FPS:  8.35
15:38:21.952 [INFO] (DIYexpert_prior.py:622) Total Episode:   377 Steps:   13451 Episode Steps:    12 Return: -27.0000 FPS:  9.26
15:38:23.294 [INFO] (DIYexpert_prior.py:622) Total Episode:   378 Steps:   13463 Episode Steps:    12 Return: -27.0000 FPS:  8.95
15:38:24.608 [INFO] (DIYexpert_prior.py:622) Total Episode:   379 Steps:   13475 Episode Steps:    12 Return: -27.0000 FPS:  9.14
15:38:27.815 [INFO] (DIYexpert_prior.py:622) Total Episode:   380 Steps:   13522 Episode Steps:    47 Return: -97.0000 FPS: 14.66
15:38:29.147 [INFO] (DIYexpert_prior.py:622) Total Episode:   381 Steps:   13534 Episode Steps:    12 Return: -27.0000 FPS:  9.02
15:38:30.537 [INFO] (DIYexpert_prior.py:622) Total Episode:   382 Steps:   13546 Episode Steps:    12 Return: -27.0000 FPS:  8.64
15:38:32.034 [INFO] (DIYexpert_prior.py:622) Total Episode:   383 Steps:   13558 Episode Steps:    12 Return: -27.0000 FPS:  8.03
15:38:33.582 [INFO] (DIYexpert_prior.py:622) Total Episode:   384 Steps:   13570 Episode Steps:    12 Return: -27.0000 FPS:  7.76
15:38:36.733 [INFO] (DIYexpert_prior.py:622) Total Episode:   385 Steps:   13610 Episode Steps:    40 Return: -83.0000 FPS: 12.70
15:38:38.458 [INFO] (DIYexpert_prior.py:622) Total Episode:   386 Steps:   13622 Episode Steps:    12 Return: -27.0000 FPS:  6.96
15:38:41.512 [INFO] (DIYexpert_prior.py:622) Total Episode:   387 Steps:   13665 Episode Steps:    43 Return: -89.0000 FPS: 14.09
15:38:42.930 [INFO] (DIYexpert_prior.py:622) Total Episode:   388 Steps:   13677 Episode Steps:    12 Return: -27.0000 FPS:  8.47
15:38:44.318 [INFO] (DIYexpert_prior.py:622) Total Episode:   389 Steps:   13689 Episode Steps:    12 Return: -27.0000 FPS:  8.65
15:38:45.738 [INFO] (DIYexpert_prior.py:622) Total Episode:   390 Steps:   13701 Episode Steps:    12 Return: -27.0000 FPS:  8.46
15:38:47.096 [INFO] (DIYexpert_prior.py:622) Total Episode:   391 Steps:   13713 Episode Steps:    12 Return: -27.0000 FPS:  8.84
15:38:48.475 [INFO] (DIYexpert_prior.py:622) Total Episode:   392 Steps:   13725 Episode Steps:    12 Return: -27.0000 FPS:  8.71
15:38:49.803 [INFO] (DIYexpert_prior.py:622) Total Episode:   393 Steps:   13737 Episode Steps:    12 Return: -27.0000 FPS:  9.04
15:38:51.140 [INFO] (DIYexpert_prior.py:622) Total Episode:   394 Steps:   13749 Episode Steps:    12 Return: -27.0000 FPS:  8.98
15:38:52.534 [INFO] (DIYexpert_prior.py:622) Total Episode:   395 Steps:   13761 Episode Steps:    12 Return: -27.0000 FPS:  8.61
15:38:55.292 [INFO] (DIYexpert_prior.py:622) Total Episode:   396 Steps:   13798 Episode Steps:    37 Return: -77.0000 FPS: 13.42
15:38:56.699 [INFO] (DIYexpert_prior.py:622) Total Episode:   397 Steps:   13810 Episode Steps:    12 Return: -27.0000 FPS:  8.53
15:38:58.122 [INFO] (DIYexpert_prior.py:622) Total Episode:   398 Steps:   13822 Episode Steps:    12 Return: -27.0000 FPS:  8.44
15:39:01.673 [INFO] (DIYexpert_prior.py:622) Total Episode:   399 Steps:   13875 Episode Steps:    53 Return: -106.0000 FPS: 14.93
15:39:03.319 [INFO] (DIYexpert_prior.py:622) Total Episode:   400 Steps:   13887 Episode Steps:    12 Return: -27.0000 FPS:  7.30
15:39:04.640 [INFO] (DIYexpert_prior.py:622) Total Episode:   401 Steps:   13899 Episode Steps:    12 Return: -27.0000 FPS:  9.10
15:39:05.982 [INFO] (DIYexpert_prior.py:622) Total Episode:   402 Steps:   13911 Episode Steps:    12 Return: -27.0000 FPS:  8.95
15:39:08.645 [INFO] (DIYexpert_prior.py:622) Total Episode:   403 Steps:   13948 Episode Steps:    37 Return: -77.0000 FPS: 13.90
15:39:09.974 [INFO] (DIYexpert_prior.py:622) Total Episode:   404 Steps:   13960 Episode Steps:    12 Return: -27.0000 FPS:  9.03
15:39:11.278 [INFO] (DIYexpert_prior.py:622) Total Episode:   405 Steps:   13972 Episode Steps:    12 Return: -27.0000 FPS:  9.21
15:39:12.595 [INFO] (DIYexpert_prior.py:622) Total Episode:   406 Steps:   13984 Episode Steps:    12 Return: -27.0000 FPS:  9.12
15:39:15.237 [INFO] (DIYexpert_prior.py:622) Total Episode:   407 Steps:   14021 Episode Steps:    37 Return: -77.0000 FPS: 14.01
15:39:16.730 [INFO] (DIYexpert_prior.py:622) Total Episode:   408 Steps:   14033 Episode Steps:    12 Return: -27.0000 FPS:  8.04
15:39:20.268 [INFO] (DIYexpert_prior.py:622) Total Episode:   409 Steps:   14086 Episode Steps:    53 Return: -106.0000 FPS: 14.99
15:39:21.619 [INFO] (DIYexpert_prior.py:622) Total Episode:   410 Steps:   14098 Episode Steps:    12 Return: -27.0000 FPS:  8.89
15:39:22.942 [INFO] (DIYexpert_prior.py:622) Total Episode:   411 Steps:   14110 Episode Steps:    12 Return: -27.0000 FPS:  9.08
15:39:24.273 [INFO] (DIYexpert_prior.py:622) Total Episode:   412 Steps:   14122 Episode Steps:    12 Return: -27.0000 FPS:  9.02
15:39:25.577 [INFO] (DIYexpert_prior.py:622) Total Episode:   413 Steps:   14134 Episode Steps:    12 Return: -27.0000 FPS:  9.21
15:39:26.892 [INFO] (DIYexpert_prior.py:622) Total Episode:   414 Steps:   14146 Episode Steps:    12 Return: -27.0000 FPS:  9.13
15:39:28.202 [INFO] (DIYexpert_prior.py:622) Total Episode:   415 Steps:   14158 Episode Steps:    12 Return: -27.0000 FPS:  9.17
15:39:29.503 [INFO] (DIYexpert_prior.py:622) Total Episode:   416 Steps:   14170 Episode Steps:    12 Return: -27.0000 FPS:  9.23
15:39:32.437 [INFO] (DIYexpert_prior.py:622) Total Episode:   417 Steps:   14212 Episode Steps:    42 Return: -87.0000 FPS: 14.32
15:39:33.777 [INFO] (DIYexpert_prior.py:622) Total Episode:   418 Steps:   14224 Episode Steps:    12 Return: -27.0000 FPS:  8.97
15:39:35.909 [INFO] (DIYexpert_prior.py:622) Total Episode:   419 Steps:   14251 Episode Steps:    27 Return: -57.0000 FPS: 12.67
15:39:37.252 [INFO] (DIYexpert_prior.py:622) Total Episode:   420 Steps:   14263 Episode Steps:    12 Return: -27.0000 FPS:  8.94
15:39:38.589 [INFO] (DIYexpert_prior.py:622) Total Episode:   421 Steps:   14275 Episode Steps:    12 Return: -27.0000 FPS:  8.98
15:39:39.922 [INFO] (DIYexpert_prior.py:622) Total Episode:   422 Steps:   14287 Episode Steps:    12 Return: -27.0000 FPS:  9.01
15:39:41.252 [INFO] (DIYexpert_prior.py:622) Total Episode:   423 Steps:   14299 Episode Steps:    12 Return: -27.0000 FPS:  9.03
15:39:42.556 [INFO] (DIYexpert_prior.py:622) Total Episode:   424 Steps:   14311 Episode Steps:    12 Return: -27.0000 FPS:  9.21
15:39:43.892 [INFO] (DIYexpert_prior.py:622) Total Episode:   425 Steps:   14323 Episode Steps:    12 Return: -27.0000 FPS:  9.00
15:39:45.223 [INFO] (DIYexpert_prior.py:622) Total Episode:   426 Steps:   14335 Episode Steps:    12 Return: -27.0000 FPS:  9.02
15:39:46.551 [INFO] (DIYexpert_prior.py:622) Total Episode:   427 Steps:   14347 Episode Steps:    12 Return: -27.0000 FPS:  9.04
15:39:47.885 [INFO] (DIYexpert_prior.py:622) Total Episode:   428 Steps:   14359 Episode Steps:    12 Return: -27.0000 FPS:  9.01
15:39:49.393 [INFO] (DIYexpert_prior.py:622) Total Episode:   429 Steps:   14371 Episode Steps:    12 Return: -27.0000 FPS:  7.96
15:39:50.701 [INFO] (DIYexpert_prior.py:622) Total Episode:   430 Steps:   14383 Episode Steps:    12 Return: -27.0000 FPS:  9.18
15:39:53.592 [INFO] (DIYexpert_prior.py:622) Total Episode:   431 Steps:   14425 Episode Steps:    42 Return: -87.0000 FPS: 14.53
15:39:57.213 [INFO] (DIYexpert_prior.py:622) Total Episode:   432 Steps:   14478 Episode Steps:    53 Return: -106.0000 FPS: 14.64
15:40:00.102 [INFO] (DIYexpert_prior.py:622) Total Episode:   433 Steps:   14519 Episode Steps:    41 Return: -85.0000 FPS: 14.20
15:40:01.426 [INFO] (DIYexpert_prior.py:622) Total Episode:   434 Steps:   14531 Episode Steps:    12 Return: -27.0000 FPS:  9.07
15:40:02.904 [INFO] (DIYexpert_prior.py:622) Total Episode:   435 Steps:   14546 Episode Steps:    15 Return: -33.0000 FPS: 10.16
15:40:06.105 [INFO] (DIYexpert_prior.py:622) Total Episode:   436 Steps:   14593 Episode Steps:    47 Return: -97.0000 FPS: 14.69
15:40:07.426 [INFO] (DIYexpert_prior.py:622) Total Episode:   437 Steps:   14605 Episode Steps:    12 Return: -27.0000 FPS:  9.09
15:40:08.774 [INFO] (DIYexpert_prior.py:622) Total Episode:   438 Steps:   14617 Episode Steps:    12 Return: -27.0000 FPS:  8.91
15:40:10.072 [INFO] (DIYexpert_prior.py:622) Total Episode:   439 Steps:   14629 Episode Steps:    12 Return: -27.0000 FPS:  9.25
15:40:11.490 [INFO] (DIYexpert_prior.py:622) Total Episode:   440 Steps:   14643 Episode Steps:    14 Return: -31.0000 FPS:  9.88
15:40:12.855 [INFO] (DIYexpert_prior.py:622) Total Episode:   441 Steps:   14655 Episode Steps:    12 Return: -27.0000 FPS:  8.80
15:40:14.183 [INFO] (DIYexpert_prior.py:622) Total Episode:   442 Steps:   14667 Episode Steps:    12 Return: -27.0000 FPS:  9.05
15:40:15.533 [INFO] (DIYexpert_prior.py:622) Total Episode:   443 Steps:   14679 Episode Steps:    12 Return: -27.0000 FPS:  8.89
15:40:16.874 [INFO] (DIYexpert_prior.py:622) Total Episode:   444 Steps:   14691 Episode Steps:    12 Return: -27.0000 FPS:  8.96
15:40:18.937 [INFO] (DIYexpert_prior.py:622) Total Episode:   445 Steps:   14717 Episode Steps:    26 Return: -55.0000 FPS: 12.61
15:40:20.872 [INFO] (DIYexpert_prior.py:622) Total Episode:   446 Steps:   14740 Episode Steps:    23 Return: -49.0000 FPS: 11.90
15:40:22.199 [INFO] (DIYexpert_prior.py:622) Total Episode:   447 Steps:   14752 Episode Steps:    12 Return: -27.0000 FPS:  9.05
15:40:23.490 [INFO] (DIYexpert_prior.py:622) Total Episode:   448 Steps:   14764 Episode Steps:    12 Return: -27.0000 FPS:  9.30
15:40:24.841 [INFO] (DIYexpert_prior.py:622) Total Episode:   449 Steps:   14776 Episode Steps:    12 Return: -27.0000 FPS:  8.89
15:40:26.482 [INFO] (DIYexpert_prior.py:622) Total Episode:   450 Steps:   14788 Episode Steps:    12 Return: -27.0000 FPS:  7.32
15:40:27.942 [INFO] (DIYexpert_prior.py:622) Total Episode:   451 Steps:   14800 Episode Steps:    12 Return: -27.0000 FPS:  8.23
15:40:29.658 [INFO] (DIYexpert_prior.py:622) Total Episode:   452 Steps:   14812 Episode Steps:    12 Return: -27.0000 FPS:  7.00
15:40:31.065 [INFO] (DIYexpert_prior.py:622) Total Episode:   453 Steps:   14824 Episode Steps:    12 Return: -27.0000 FPS:  8.53
15:40:33.769 [INFO] (DIYexpert_prior.py:622) Total Episode:   454 Steps:   14859 Episode Steps:    35 Return: -73.0000 FPS: 12.95
15:40:37.405 [INFO] (DIYexpert_prior.py:622) Total Episode:   455 Steps:   14912 Episode Steps:    53 Return: -106.0000 FPS: 14.58
15:40:38.778 [INFO] (DIYexpert_prior.py:622) Total Episode:   456 Steps:   14924 Episode Steps:    12 Return: -27.0000 FPS:  8.75
15:40:40.167 [INFO] (DIYexpert_prior.py:622) Total Episode:   457 Steps:   14936 Episode Steps:    12 Return: -27.0000 FPS:  8.64
15:40:41.558 [INFO] (DIYexpert_prior.py:622) Total Episode:   458 Steps:   14948 Episode Steps:    12 Return: -27.0000 FPS:  8.64
15:40:42.859 [INFO] (DIYexpert_prior.py:622) Total Episode:   459 Steps:   14960 Episode Steps:    12 Return: -27.0000 FPS:  9.22
15:40:44.216 [INFO] (DIYexpert_prior.py:622) Total Episode:   460 Steps:   14972 Episode Steps:    12 Return: -27.0000 FPS:  8.86
15:40:45.655 [INFO] (DIYexpert_prior.py:622) Total Episode:   461 Steps:   14984 Episode Steps:    12 Return: -27.0000 FPS:  8.34
15:40:47.026 [INFO] (DIYexpert_prior.py:622) Total Episode:   462 Steps:   14996 Episode Steps:    12 Return: -27.0000 FPS:  8.76
15:40:48.435 [INFO] (DIYexpert_prior.py:622) Total Episode:   463 Steps:   15008 Episode Steps:    12 Return: -27.0000 FPS:  8.53
15:40:49.749 [INFO] (DIYexpert_prior.py:622) Total Episode:   464 Steps:   15020 Episode Steps:    12 Return: -27.0000 FPS:  9.14
15:40:51.074 [INFO] (DIYexpert_prior.py:622) Total Episode:   465 Steps:   15032 Episode Steps:    12 Return: -27.0000 FPS:  9.06
15:40:52.391 [INFO] (DIYexpert_prior.py:622) Total Episode:   466 Steps:   15044 Episode Steps:    12 Return: -27.0000 FPS:  9.12
15:40:53.708 [INFO] (DIYexpert_prior.py:622) Total Episode:   467 Steps:   15056 Episode Steps:    12 Return: -27.0000 FPS:  9.12
15:40:55.019 [INFO] (DIYexpert_prior.py:622) Total Episode:   468 Steps:   15068 Episode Steps:    12 Return: -27.0000 FPS:  9.16
15:40:56.354 [INFO] (DIYexpert_prior.py:622) Total Episode:   469 Steps:   15080 Episode Steps:    12 Return: -27.0000 FPS:  9.00
