18:37:02.286 [INFO] (DIYexpert_prior.py:628) Total Episode:     1 Steps:     219 Episode Steps:   219 Return:  1.0000 FPS: 23.48
18:37:06.182 [INFO] (DIYexpert_prior.py:628) Total Episode:     2 Steps:     409 Episode Steps:   190 Return:  0.0000 FPS: 48.78
18:37:07.437 [INFO] (DIYexpert_prior.py:628) Total Episode:     3 Steps:     443 Episode Steps:    34 Return: -1.0000 FPS: 27.13
18:37:11.438 [INFO] (DIYexpert_prior.py:628) Total Episode:     4 Steps:     643 Episode Steps:   200 Return:  0.0000 FPS: 50.00
18:37:12.655 [INFO] (DIYexpert_prior.py:628) Total Episode:     5 Steps:     680 Episode Steps:    37 Return: -1.0000 FPS: 30.43
18:37:16.495 [INFO] (DIYexpert_prior.py:628) Total Episode:     6 Steps:     862 Episode Steps:   182 Return:  0.0000 FPS: 47.41
18:37:20.582 [INFO] (DIYexpert_prior.py:628) Total Episode:     7 Steps:    1065 Episode Steps:   203 Return:  1.0000 FPS: 49.68
18:37:25.117 [INFO] (DIYexpert_prior.py:628) Total Episode:     8 Steps:    1281 Episode Steps:   216 Return:  1.0000 FPS: 47.64
18:37:28.829 [INFO] (DIYexpert_prior.py:628) Total Episode:     9 Steps:    1468 Episode Steps:   187 Return:  0.0000 FPS: 50.39
18:37:32.844 [INFO] (DIYexpert_prior.py:628) Total Episode:    10 Steps:    1671 Episode Steps:   203 Return:  0.0000 FPS: 50.58
18:37:37.322 [INFO] (DIYexpert_prior.py:628) Total Episode:    11 Steps:    1894 Episode Steps:   223 Return:  1.0000 FPS: 49.81
18:37:41.776 [INFO] (DIYexpert_prior.py:628) Total Episode:    12 Steps:    2118 Episode Steps:   224 Return:  0.0000 FPS: 50.30
18:37:42.977 [INFO] (DIYexpert_prior.py:628) Total Episode:    13 Steps:    2151 Episode Steps:    33 Return: -1.0000 FPS: 27.50
18:37:44.204 [INFO] (DIYexpert_prior.py:628) Total Episode:    14 Steps:    2183 Episode Steps:    32 Return: -1.0000 FPS: 26.11
18:37:48.517 [INFO] (DIYexpert_prior.py:628) Total Episode:    15 Steps:    2397 Episode Steps:   214 Return:  0.0000 FPS: 49.63
18:37:49.630 [INFO] (DIYexpert_prior.py:628) Total Episode:    16 Steps:    2427 Episode Steps:    30 Return: -1.0000 FPS: 26.99
18:37:50.781 [INFO] (DIYexpert_prior.py:628) Total Episode:    17 Steps:    2459 Episode Steps:    32 Return: -1.0000 FPS: 27.83
18:37:52.062 [INFO] (DIYexpert_prior.py:628) Total Episode:    18 Steps:    2498 Episode Steps:    39 Return: -1.0000 FPS: 30.48
18:37:56.065 [INFO] (DIYexpert_prior.py:628) Total Episode:    19 Steps:    2692 Episode Steps:   194 Return:  1.0000 FPS: 48.47
18:38:00.297 [INFO] (DIYexpert_prior.py:628) Total Episode:    20 Steps:    2907 Episode Steps:   215 Return:  0.0000 FPS: 50.81
18:38:04.096 [INFO] (DIYexpert_prior.py:628) Total Episode:    21 Steps:    3094 Episode Steps:   187 Return:  1.0000 FPS: 49.25
18:38:08.203 [INFO] (DIYexpert_prior.py:628) Total Episode:    22 Steps:    3302 Episode Steps:   208 Return:  1.0000 FPS: 50.65
18:38:10.056 [INFO] (DIYexpert_prior.py:628) Total Episode:    23 Steps:    3366 Episode Steps:    64 Return: -1.0000 FPS: 34.56
18:38:14.353 [INFO] (DIYexpert_prior.py:628) Total Episode:    24 Steps:    3584 Episode Steps:   218 Return:  0.0000 FPS: 50.75
18:38:18.461 [INFO] (DIYexpert_prior.py:628) Total Episode:    25 Steps:    3780 Episode Steps:   196 Return:  0.0000 FPS: 47.72
18:38:22.519 [INFO] (DIYexpert_prior.py:628) Total Episode:    26 Steps:    3980 Episode Steps:   200 Return:  0.0000 FPS: 49.30
18:38:23.796 [INFO] (DIYexpert_prior.py:628) Total Episode:    27 Steps:    4017 Episode Steps:    37 Return: -1.0000 FPS: 29.00
18:38:27.465 [INFO] (DIYexpert_prior.py:628) Total Episode:    28 Steps:    4195 Episode Steps:   178 Return:  0.0000 FPS: 48.53
18:38:31.478 [INFO] (DIYexpert_prior.py:628) Total Episode:    29 Steps:    4388 Episode Steps:   193 Return:  0.0000 FPS: 48.11
18:38:35.413 [INFO] (DIYexpert_prior.py:628) Total Episode:    30 Steps:    4584 Episode Steps:   196 Return:  1.0000 FPS: 49.82
18:38:36.450 [INFO] (DIYexpert_prior.py:628) Total Episode:    31 Steps:    4609 Episode Steps:    25 Return: -1.0000 FPS: 24.15
18:38:40.521 [INFO] (DIYexpert_prior.py:628) Total Episode:    32 Steps:    4805 Episode Steps:   196 Return:  0.0000 FPS: 48.15
18:38:44.820 [INFO] (DIYexpert_prior.py:628) Total Episode:    33 Steps:    5014 Episode Steps:   209 Return:  1.0000 FPS: 48.63
18:38:48.635 [INFO] (DIYexpert_prior.py:628) Total Episode:    34 Steps:    5191 Episode Steps:   177 Return:  0.0000 FPS: 46.41
18:38:49.683 [INFO] (DIYexpert_prior.py:628) Total Episode:    35 Steps:    5217 Episode Steps:    26 Return: -1.0000 FPS: 24.84
18:38:50.916 [INFO] (DIYexpert_prior.py:628) Total Episode:    36 Steps:    5251 Episode Steps:    34 Return: -1.0000 FPS: 27.58
18:38:55.030 [INFO] (DIYexpert_prior.py:628) Total Episode:    37 Steps:    5449 Episode Steps:   198 Return:  0.0000 FPS: 48.15
18:38:59.219 [INFO] (DIYexpert_prior.py:628) Total Episode:    38 Steps:    5656 Episode Steps:   207 Return:  1.0000 FPS: 49.42
18:39:03.665 [INFO] (DIYexpert_prior.py:628) Total Episode:    39 Steps:    5877 Episode Steps:   221 Return:  0.0000 FPS: 49.72
18:39:07.978 [INFO] (DIYexpert_prior.py:628) Total Episode:    40 Steps:    6088 Episode Steps:   211 Return:  1.0000 FPS: 48.93
18:39:12.130 [INFO] (DIYexpert_prior.py:628) Total Episode:    41 Steps:    6292 Episode Steps:   204 Return:  0.0000 FPS: 49.15
18:39:16.540 [INFO] (DIYexpert_prior.py:628) Total Episode:    42 Steps:    6501 Episode Steps:   209 Return:  1.0000 FPS: 47.40
18:39:20.750 [INFO] (DIYexpert_prior.py:628) Total Episode:    43 Steps:    6707 Episode Steps:   206 Return:  0.0000 FPS: 48.94
18:39:24.890 [INFO] (DIYexpert_prior.py:628) Total Episode:    44 Steps:    6912 Episode Steps:   205 Return:  1.0000 FPS: 49.54
18:39:25.926 [INFO] (DIYexpert_prior.py:628) Total Episode:    45 Steps:    6933 Episode Steps:    21 Return: -1.0000 FPS: 20.29
18:39:29.895 [INFO] (DIYexpert_prior.py:628) Total Episode:    46 Steps:    7129 Episode Steps:   196 Return:  1.0000 FPS: 49.39
18:39:33.882 [INFO] (DIYexpert_prior.py:628) Total Episode:    47 Steps:    7324 Episode Steps:   195 Return:  1.0000 FPS: 48.92
18:39:38.142 [INFO] (DIYexpert_prior.py:628) Total Episode:    48 Steps:    7530 Episode Steps:   206 Return:  0.0000 FPS: 48.37
18:39:42.192 [INFO] (DIYexpert_prior.py:628) Total Episode:    49 Steps:    7733 Episode Steps:   203 Return:  1.0000 FPS: 50.13
18:39:46.428 [INFO] (DIYexpert_prior.py:628) Total Episode:    50 Steps:    7930 Episode Steps:   197 Return:  0.0000 FPS: 46.52
18:39:50.326 [INFO] (DIYexpert_prior.py:628) Total Episode:    51 Steps:    8115 Episode Steps:   185 Return:  1.0000 FPS: 47.48
18:39:54.870 [INFO] (DIYexpert_prior.py:628) Total Episode:    52 Steps:    8331 Episode Steps:   216 Return:  0.0000 FPS: 47.55
18:39:58.696 [INFO] (DIYexpert_prior.py:628) Total Episode:    53 Steps:    8516 Episode Steps:   185 Return:  0.0000 FPS: 48.37
18:40:02.852 [INFO] (DIYexpert_prior.py:628) Total Episode:    54 Steps:    8711 Episode Steps:   195 Return:  1.0000 FPS: 46.93
18:40:06.798 [INFO] (DIYexpert_prior.py:628) Total Episode:    55 Steps:    8910 Episode Steps:   199 Return:  1.0000 FPS: 50.45
18:40:10.885 [INFO] (DIYexpert_prior.py:628) Total Episode:    56 Steps:    9101 Episode Steps:   191 Return:  1.0000 FPS: 46.74
18:40:14.616 [INFO] (DIYexpert_prior.py:628) Total Episode:    57 Steps:    9284 Episode Steps:   183 Return:  1.0000 FPS: 49.06
18:40:15.691 [INFO] (DIYexpert_prior.py:628) Total Episode:    58 Steps:    9310 Episode Steps:    26 Return: -1.0000 FPS: 24.23
18:40:20.157 [INFO] (DIYexpert_prior.py:628) Total Episode:    59 Steps:    9529 Episode Steps:   219 Return:  0.0000 FPS: 49.04
18:40:25.123 [INFO] (DIYexpert_prior.py:628) Total Episode:    60 Steps:    9772 Episode Steps:   243 Return:  0.0000 FPS: 48.94
18:40:26.627 [INFO] (DIYexpert_prior.py:628) Total Episode:    61 Steps:    9822 Episode Steps:    50 Return: -1.0000 FPS: 33.28
18:40:30.966 [INFO] (DIYexpert_prior.py:628) Total Episode:    62 Steps:   10034 Episode Steps:   212 Return:  1.0000 FPS: 48.87
18:40:35.124 [INFO] (DIYexpert_prior.py:628) Total Episode:    63 Steps:   10239 Episode Steps:   205 Return:  0.0000 FPS: 49.31
18:40:36.551 [INFO] (DIYexpert_prior.py:628) Total Episode:    64 Steps:   10284 Episode Steps:    45 Return: -1.0000 FPS: 31.56
18:40:40.963 [INFO] (DIYexpert_prior.py:628) Total Episode:    65 Steps:   10490 Episode Steps:   206 Return:  1.0000 FPS: 46.71
18:40:42.082 [INFO] (DIYexpert_prior.py:628) Total Episode:    66 Steps:   10517 Episode Steps:    27 Return: -1.0000 FPS: 24.16
18:40:43.359 [INFO] (DIYexpert_prior.py:628) Total Episode:    67 Steps:   10543 Episode Steps:    26 Return: -1.0000 FPS: 20.38
18:40:47.636 [INFO] (DIYexpert_prior.py:628) Total Episode:    68 Steps:   10750 Episode Steps:   207 Return:  0.0000 FPS: 48.41
18:40:48.849 [INFO] (DIYexpert_prior.py:628) Total Episode:    69 Steps:   10786 Episode Steps:    36 Return: -1.0000 FPS: 29.71
18:40:50.031 [INFO] (DIYexpert_prior.py:628) Total Episode:    70 Steps:   10821 Episode Steps:    35 Return: -1.0000 FPS: 29.64
18:40:51.247 [INFO] (DIYexpert_prior.py:628) Total Episode:    71 Steps:   10855 Episode Steps:    34 Return: -1.0000 FPS: 27.99
18:40:55.370 [INFO] (DIYexpert_prior.py:628) Total Episode:    72 Steps:   11050 Episode Steps:   195 Return:  0.0000 FPS: 47.30
18:40:59.247 [INFO] (DIYexpert_prior.py:628) Total Episode:    73 Steps:   11232 Episode Steps:   182 Return:  1.0000 FPS: 46.97
18:41:03.067 [INFO] (DIYexpert_prior.py:628) Total Episode:    74 Steps:   11409 Episode Steps:   177 Return:  1.0000 FPS: 46.34
18:41:04.177 [INFO] (DIYexpert_prior.py:628) Total Episode:    75 Steps:   11436 Episode Steps:    27 Return: -1.0000 FPS: 24.36
18:41:08.951 [INFO] (DIYexpert_prior.py:628) Total Episode:    76 Steps:   11662 Episode Steps:   226 Return:  1.0000 FPS: 47.35
18:41:13.261 [INFO] (DIYexpert_prior.py:628) Total Episode:    77 Steps:   11869 Episode Steps:   207 Return:  1.0000 FPS: 48.04
18:41:18.860 [INFO] (DIYexpert_prior.py:628) Total Episode:    78 Steps:   12157 Episode Steps:   288 Return:  1.0000 FPS: 51.45
18:41:23.137 [INFO] (DIYexpert_prior.py:628) Total Episode:    79 Steps:   12363 Episode Steps:   206 Return:  1.0000 FPS: 48.18
18:41:27.397 [INFO] (DIYexpert_prior.py:628) Total Episode:    80 Steps:   12567 Episode Steps:   204 Return:  0.0000 FPS: 47.90
18:41:28.972 [INFO] (DIYexpert_prior.py:628) Total Episode:    81 Steps:   12615 Episode Steps:    48 Return: -1.0000 FPS: 30.51
18:41:33.435 [INFO] (DIYexpert_prior.py:628) Total Episode:    82 Steps:   12829 Episode Steps:   214 Return:  0.0000 FPS: 47.96
18:41:34.712 [INFO] (DIYexpert_prior.py:628) Total Episode:    83 Steps:   12867 Episode Steps:    38 Return: -1.0000 FPS: 29.78
18:41:35.980 [INFO] (DIYexpert_prior.py:628) Total Episode:    84 Steps:   12903 Episode Steps:    36 Return: -1.0000 FPS: 28.43
18:41:37.363 [INFO] (DIYexpert_prior.py:628) Total Episode:    85 Steps:   12947 Episode Steps:    44 Return: -1.0000 FPS: 31.84
18:41:38.643 [INFO] (DIYexpert_prior.py:628) Total Episode:    86 Steps:   12986 Episode Steps:    39 Return: -1.0000 FPS: 30.50
18:41:42.422 [INFO] (DIYexpert_prior.py:628) Total Episode:    87 Steps:   13178 Episode Steps:   192 Return:  0.0000 FPS: 50.81
18:41:43.557 [INFO] (DIYexpert_prior.py:628) Total Episode:    88 Steps:   13207 Episode Steps:    29 Return: -1.0000 FPS: 25.59
18:41:44.601 [INFO] (DIYexpert_prior.py:628) Total Episode:    89 Steps:   13234 Episode Steps:    27 Return: -1.0000 FPS: 25.89
18:41:48.542 [INFO] (DIYexpert_prior.py:628) Total Episode:    90 Steps:   13429 Episode Steps:   195 Return:  0.0000 FPS: 49.49
18:41:49.845 [INFO] (DIYexpert_prior.py:628) Total Episode:    91 Steps:   13472 Episode Steps:    43 Return: -1.0000 FPS: 33.02
18:41:54.320 [INFO] (DIYexpert_prior.py:628) Total Episode:    92 Steps:   13684 Episode Steps:   212 Return:  0.0000 FPS: 47.39
18:41:55.559 [INFO] (DIYexpert_prior.py:628) Total Episode:    93 Steps:   13721 Episode Steps:    37 Return: -1.0000 FPS: 29.90
18:41:59.783 [INFO] (DIYexpert_prior.py:628) Total Episode:    94 Steps:   13938 Episode Steps:   217 Return:  0.0000 FPS: 51.38
18:42:04.001 [INFO] (DIYexpert_prior.py:628) Total Episode:    95 Steps:   14136 Episode Steps:   198 Return:  0.0000 FPS: 46.96
18:42:09.475 [INFO] (DIYexpert_prior.py:628) Total Episode:    96 Steps:   14419 Episode Steps:   283 Return:  1.0000 FPS: 51.71
18:42:13.653 [INFO] (DIYexpert_prior.py:628) Total Episode:    97 Steps:   14615 Episode Steps:   196 Return:  1.0000 FPS: 46.92
18:42:17.869 [INFO] (DIYexpert_prior.py:628) Total Episode:    98 Steps:   14815 Episode Steps:   200 Return:  0.0000 FPS: 47.44
18:42:25.894 [INFO] (DIYexpert_prior.py:628) Total Episode:    99 Steps:   15018 Episode Steps:   203 Return:  0.0000 FPS: 25.30
18:42:32.933 [INFO] (DIYexpert_prior.py:628) Total Episode:   100 Steps:   15129 Episode Steps:   111 Return:  1.0000 FPS: 15.77
18:42:35.123 [INFO] (DIYexpert_prior.py:628) Total Episode:   101 Steps:   15158 Episode Steps:    29 Return: -1.0000 FPS: 13.25
18:42:42.082 [INFO] (DIYexpert_prior.py:628) Total Episode:   102 Steps:   15273 Episode Steps:   115 Return:  1.0000 FPS: 16.53
18:42:49.635 [INFO] (DIYexpert_prior.py:628) Total Episode:   103 Steps:   15398 Episode Steps:   125 Return:  0.0000 FPS: 16.55
18:42:51.497 [INFO] (DIYexpert_prior.py:628) Total Episode:   104 Steps:   15421 Episode Steps:    23 Return: -1.0000 FPS: 12.36
18:42:58.288 [INFO] (DIYexpert_prior.py:628) Total Episode:   105 Steps:   15534 Episode Steps:   113 Return:  1.0000 FPS: 16.64
18:43:05.430 [INFO] (DIYexpert_prior.py:628) Total Episode:   106 Steps:   15651 Episode Steps:   117 Return:  0.0000 FPS: 16.38
18:43:12.365 [INFO] (DIYexpert_prior.py:628) Total Episode:   107 Steps:   15764 Episode Steps:   113 Return:  1.0000 FPS: 16.30
18:43:18.946 [INFO] (DIYexpert_prior.py:628) Total Episode:   108 Steps:   15874 Episode Steps:   110 Return:  1.0000 FPS: 16.72
18:43:20.815 [INFO] (DIYexpert_prior.py:628) Total Episode:   109 Steps:   15896 Episode Steps:    22 Return: -1.0000 FPS: 11.78
18:43:27.703 [INFO] (DIYexpert_prior.py:628) Total Episode:   110 Steps:   16010 Episode Steps:   114 Return:  0.0000 FPS: 16.56
18:43:29.522 [INFO] (DIYexpert_prior.py:628) Total Episode:   111 Steps:   16032 Episode Steps:    22 Return: -1.0000 FPS: 12.10
18:43:31.368 [INFO] (DIYexpert_prior.py:628) Total Episode:   112 Steps:   16054 Episode Steps:    22 Return: -1.0000 FPS: 11.92
18:43:36.520 [INFO] (DIYexpert_prior.py:628) Total Episode:   113 Steps:   16136 Episode Steps:    82 Return: -1.0000 FPS: 15.92
18:43:38.440 [INFO] (DIYexpert_prior.py:628) Total Episode:   114 Steps:   16160 Episode Steps:    24 Return: -1.0000 FPS: 12.51
18:43:45.239 [INFO] (DIYexpert_prior.py:628) Total Episode:   115 Steps:   16272 Episode Steps:   112 Return:  1.0000 FPS: 16.48
18:43:52.380 [INFO] (DIYexpert_prior.py:628) Total Episode:   116 Steps:   16389 Episode Steps:   117 Return:  0.0000 FPS: 16.39
18:43:54.160 [INFO] (DIYexpert_prior.py:628) Total Episode:   117 Steps:   16410 Episode Steps:    21 Return: -1.0000 FPS: 11.80
18:43:56.406 [INFO] (DIYexpert_prior.py:628) Total Episode:   118 Steps:   16440 Episode Steps:    30 Return: -1.0000 FPS: 13.36
18:43:58.642 [INFO] (DIYexpert_prior.py:628) Total Episode:   119 Steps:   16470 Episode Steps:    30 Return: -1.0000 FPS: 13.43
18:44:00.875 [INFO] (DIYexpert_prior.py:628) Total Episode:   120 Steps:   16498 Episode Steps:    28 Return: -1.0000 FPS: 12.55
18:44:08.192 [INFO] (DIYexpert_prior.py:628) Total Episode:   121 Steps:   16611 Episode Steps:   113 Return:  1.0000 FPS: 15.45
18:44:15.711 [INFO] (DIYexpert_prior.py:628) Total Episode:   122 Steps:   16730 Episode Steps:   119 Return: -1.0000 FPS: 15.83
18:44:18.090 [INFO] (DIYexpert_prior.py:628) Total Episode:   123 Steps:   16759 Episode Steps:    29 Return: -1.0000 FPS: 12.19
18:44:20.501 [INFO] (DIYexpert_prior.py:628) Total Episode:   124 Steps:   16788 Episode Steps:    29 Return: -1.0000 FPS: 12.03
18:44:27.895 [INFO] (DIYexpert_prior.py:628) Total Episode:   125 Steps:   16903 Episode Steps:   115 Return:  1.0000 FPS: 15.56
18:44:30.313 [INFO] (DIYexpert_prior.py:628) Total Episode:   126 Steps:   16933 Episode Steps:    30 Return: -1.0000 FPS: 12.41
18:44:32.241 [INFO] (DIYexpert_prior.py:628) Total Episode:   127 Steps:   16955 Episode Steps:    22 Return: -1.0000 FPS: 11.42
18:44:39.435 [INFO] (DIYexpert_prior.py:628) Total Episode:   128 Steps:   17067 Episode Steps:   112 Return:  1.0000 FPS: 15.57
18:44:41.437 [INFO] (DIYexpert_prior.py:628) Total Episode:   129 Steps:   17089 Episode Steps:    22 Return: -1.0000 FPS: 11.00
18:44:43.341 [INFO] (DIYexpert_prior.py:628) Total Episode:   130 Steps:   17110 Episode Steps:    21 Return: -1.0000 FPS: 11.04
18:44:45.488 [INFO] (DIYexpert_prior.py:628) Total Episode:   131 Steps:   17135 Episode Steps:    25 Return: -1.0000 FPS: 11.65
