15:49:12.007 [INFO] (DIYexpert_prior.py:627) Total Episode:     1 Steps:     199 Episode Steps:   199 Return:  0.0000 FPS: 22.25
15:49:13.401 [INFO] (DIYexpert_prior.py:627) Total Episode:     2 Steps:     246 Episode Steps:    47 Return: -5.0000 FPS: 33.77
15:49:17.570 [INFO] (DIYexpert_prior.py:627) Total Episode:     3 Steps:     456 Episode Steps:   210 Return: -2.0000 FPS: 50.39
15:49:18.740 [INFO] (DIYexpert_prior.py:627) Total Episode:     4 Steps:     488 Episode Steps:    32 Return: -5.0000 FPS: 27.38
15:49:22.855 [INFO] (DIYexpert_prior.py:627) Total Episode:     5 Steps:     699 Episode Steps:   211 Return: -2.0000 FPS: 51.29
15:49:23.950 [INFO] (DIYexpert_prior.py:627) Total Episode:     6 Steps:     729 Episode Steps:    30 Return: -5.0000 FPS: 27.42
15:49:27.926 [INFO] (DIYexpert_prior.py:627) Total Episode:     7 Steps:     933 Episode Steps:   204 Return: -2.0000 FPS: 51.33
15:49:32.375 [INFO] (DIYexpert_prior.py:627) Total Episode:     8 Steps:    1162 Episode Steps:   229 Return: -2.0000 FPS: 51.48
15:49:33.614 [INFO] (DIYexpert_prior.py:627) Total Episode:     9 Steps:    1193 Episode Steps:    31 Return: -5.0000 FPS: 25.04
15:49:37.694 [INFO] (DIYexpert_prior.py:627) Total Episode:    10 Steps:    1409 Episode Steps:   216 Return: -2.0000 FPS: 52.95
15:49:38.729 [INFO] (DIYexpert_prior.py:627) Total Episode:    11 Steps:    1435 Episode Steps:    26 Return: -5.0000 FPS: 25.16
15:49:43.071 [INFO] (DIYexpert_prior.py:627) Total Episode:    12 Steps:    1657 Episode Steps:   222 Return: -2.0000 FPS: 51.13
15:49:47.245 [INFO] (DIYexpert_prior.py:627) Total Episode:    13 Steps:    1867 Episode Steps:   210 Return:  1.0000 FPS: 50.33
15:49:48.795 [INFO] (DIYexpert_prior.py:627) Total Episode:    14 Steps:    1921 Episode Steps:    54 Return: -5.0000 FPS: 34.86
15:49:50.304 [INFO] (DIYexpert_prior.py:627) Total Episode:    15 Steps:    1974 Episode Steps:    53 Return: -5.0000 FPS: 35.15
15:49:54.507 [INFO] (DIYexpert_prior.py:627) Total Episode:    16 Steps:    2189 Episode Steps:   215 Return: -2.0000 FPS: 51.17
15:49:58.343 [INFO] (DIYexpert_prior.py:627) Total Episode:    17 Steps:    2384 Episode Steps:   195 Return: -2.0000 FPS: 50.84
15:49:59.575 [INFO] (DIYexpert_prior.py:627) Total Episode:    18 Steps:    2421 Episode Steps:    37 Return: -5.0000 FPS: 30.06
15:50:00.627 [INFO] (DIYexpert_prior.py:627) Total Episode:    19 Steps:    2448 Episode Steps:    27 Return: -5.0000 FPS: 25.70
15:50:04.750 [INFO] (DIYexpert_prior.py:627) Total Episode:    20 Steps:    2661 Episode Steps:   213 Return: -2.0000 FPS: 51.67
15:50:05.736 [INFO] (DIYexpert_prior.py:627) Total Episode:    21 Steps:    2684 Episode Steps:    23 Return: -5.0000 FPS: 23.37
15:50:09.523 [INFO] (DIYexpert_prior.py:627) Total Episode:    22 Steps:    2875 Episode Steps:   191 Return:  1.0000 FPS: 50.44
15:50:13.561 [INFO] (DIYexpert_prior.py:627) Total Episode:    23 Steps:    3081 Episode Steps:   206 Return: -2.0000 FPS: 51.04
15:50:18.111 [INFO] (DIYexpert_prior.py:627) Total Episode:    24 Steps:    3309 Episode Steps:   228 Return: -2.0000 FPS: 50.12
15:50:22.494 [INFO] (DIYexpert_prior.py:627) Total Episode:    25 Steps:    3535 Episode Steps:   226 Return: -2.0000 FPS: 51.56
15:50:26.634 [INFO] (DIYexpert_prior.py:627) Total Episode:    26 Steps:    3748 Episode Steps:   213 Return: -2.0000 FPS: 51.47
15:50:30.388 [INFO] (DIYexpert_prior.py:627) Total Episode:    27 Steps:    3932 Episode Steps:   184 Return:  1.0000 FPS: 49.03
15:50:34.366 [INFO] (DIYexpert_prior.py:627) Total Episode:    28 Steps:    4124 Episode Steps:   192 Return: -2.0000 FPS: 48.27
15:50:37.886 [INFO] (DIYexpert_prior.py:627) Total Episode:    29 Steps:    4297 Episode Steps:   173 Return:  1.0000 FPS: 49.16
15:50:41.645 [INFO] (DIYexpert_prior.py:627) Total Episode:    30 Steps:    4478 Episode Steps:   181 Return:  1.0000 FPS: 48.17
15:50:42.714 [INFO] (DIYexpert_prior.py:627) Total Episode:    31 Steps:    4505 Episode Steps:    27 Return: -5.0000 FPS: 25.27
15:50:47.007 [INFO] (DIYexpert_prior.py:627) Total Episode:    32 Steps:    4716 Episode Steps:   211 Return: -2.0000 FPS: 49.16
15:50:48.220 [INFO] (DIYexpert_prior.py:627) Total Episode:    33 Steps:    4751 Episode Steps:    35 Return: -5.0000 FPS: 28.88
15:50:52.344 [INFO] (DIYexpert_prior.py:627) Total Episode:    34 Steps:    4959 Episode Steps:   208 Return:  1.0000 FPS: 50.46
15:50:53.433 [INFO] (DIYexpert_prior.py:627) Total Episode:    35 Steps:    4987 Episode Steps:    28 Return: -5.0000 FPS: 25.73
15:51:03.971 [INFO] (DIYexpert_prior.py:627) Total Episode:    36 Steps:    5115 Episode Steps:   128 Return: -2.0000 FPS: 12.15
15:51:10.804 [INFO] (DIYexpert_prior.py:627) Total Episode:    37 Steps:    5229 Episode Steps:   114 Return: -2.0000 FPS: 16.69
15:51:17.931 [INFO] (DIYexpert_prior.py:627) Total Episode:    38 Steps:    5349 Episode Steps:   120 Return: -2.0000 FPS: 16.84
15:51:24.770 [INFO] (DIYexpert_prior.py:627) Total Episode:    39 Steps:    5461 Episode Steps:   112 Return:  1.0000 FPS: 16.38
15:51:31.527 [INFO] (DIYexpert_prior.py:627) Total Episode:    40 Steps:    5572 Episode Steps:   111 Return:  1.0000 FPS: 16.43
15:51:38.772 [INFO] (DIYexpert_prior.py:627) Total Episode:    41 Steps:    5690 Episode Steps:   118 Return: -2.0000 FPS: 16.29
15:51:45.379 [INFO] (DIYexpert_prior.py:627) Total Episode:    42 Steps:    5798 Episode Steps:   108 Return:  1.0000 FPS: 16.35
15:51:47.503 [INFO] (DIYexpert_prior.py:627) Total Episode:    43 Steps:    5825 Episode Steps:    27 Return: -5.0000 FPS: 12.72
15:51:54.171 [INFO] (DIYexpert_prior.py:627) Total Episode:    44 Steps:    5937 Episode Steps:   112 Return:  1.0000 FPS: 16.80
15:51:56.047 [INFO] (DIYexpert_prior.py:627) Total Episode:    45 Steps:    5959 Episode Steps:    22 Return: -5.0000 FPS: 11.73
15:52:03.357 [INFO] (DIYexpert_prior.py:627) Total Episode:    46 Steps:    6080 Episode Steps:   121 Return: -2.0000 FPS: 16.56
15:52:11.085 [INFO] (DIYexpert_prior.py:627) Total Episode:    47 Steps:    6205 Episode Steps:   125 Return: -2.0000 FPS: 16.18
15:52:12.940 [INFO] (DIYexpert_prior.py:627) Total Episode:    48 Steps:    6227 Episode Steps:    22 Return: -5.0000 FPS: 11.87
15:52:19.967 [INFO] (DIYexpert_prior.py:627) Total Episode:    49 Steps:    6344 Episode Steps:   117 Return: -2.0000 FPS: 16.65
15:52:22.433 [INFO] (DIYexpert_prior.py:627) Total Episode:    50 Steps:    6371 Episode Steps:    27 Return: -5.0000 FPS: 10.95
15:52:29.537 [INFO] (DIYexpert_prior.py:627) Total Episode:    51 Steps:    6490 Episode Steps:   119 Return: -2.0000 FPS: 16.76
15:52:31.383 [INFO] (DIYexpert_prior.py:627) Total Episode:    52 Steps:    6512 Episode Steps:    22 Return: -5.0000 FPS: 11.92
15:52:38.383 [INFO] (DIYexpert_prior.py:627) Total Episode:    53 Steps:    6630 Episode Steps:   118 Return: -2.0000 FPS: 16.86
15:52:45.623 [INFO] (DIYexpert_prior.py:627) Total Episode:    54 Steps:    6752 Episode Steps:   122 Return: -2.0000 FPS: 16.85
15:52:52.172 [INFO] (DIYexpert_prior.py:627) Total Episode:    55 Steps:    6863 Episode Steps:   111 Return:  1.0000 FPS: 16.95
15:52:54.272 [INFO] (DIYexpert_prior.py:627) Total Episode:    56 Steps:    6890 Episode Steps:    27 Return: -5.0000 FPS: 12.86
15:52:56.482 [INFO] (DIYexpert_prior.py:627) Total Episode:    57 Steps:    6919 Episode Steps:    29 Return: -5.0000 FPS: 13.13
15:53:01.046 [INFO] (DIYexpert_prior.py:627) Total Episode:    58 Steps:    6990 Episode Steps:    71 Return: -5.0000 FPS: 15.56
15:53:08.162 [INFO] (DIYexpert_prior.py:627) Total Episode:    59 Steps:    7112 Episode Steps:   122 Return: -5.0000 FPS: 17.15
15:53:15.246 [INFO] (DIYexpert_prior.py:627) Total Episode:    60 Steps:    7230 Episode Steps:   118 Return: -2.0000 FPS: 16.66
15:53:17.123 [INFO] (DIYexpert_prior.py:627) Total Episode:    61 Steps:    7253 Episode Steps:    23 Return: -5.0000 FPS: 12.27
15:53:18.937 [INFO] (DIYexpert_prior.py:627) Total Episode:    62 Steps:    7275 Episode Steps:    22 Return: -5.0000 FPS: 12.13
15:53:25.776 [INFO] (DIYexpert_prior.py:627) Total Episode:    63 Steps:    7391 Episode Steps:   116 Return: -2.0000 FPS: 16.96
15:53:33.027 [INFO] (DIYexpert_prior.py:627) Total Episode:    64 Steps:    7512 Episode Steps:   121 Return: -2.0000 FPS: 16.69
15:53:35.470 [INFO] (DIYexpert_prior.py:627) Total Episode:    65 Steps:    7542 Episode Steps:    30 Return: -5.0000 FPS: 12.28
15:53:42.685 [INFO] (DIYexpert_prior.py:627) Total Episode:    66 Steps:    7662 Episode Steps:   120 Return: -2.0000 FPS: 16.64
15:53:49.467 [INFO] (DIYexpert_prior.py:627) Total Episode:    67 Steps:    7774 Episode Steps:   112 Return:  1.0000 FPS: 16.52
15:53:51.903 [INFO] (DIYexpert_prior.py:627) Total Episode:    68 Steps:    7806 Episode Steps:    32 Return: -5.0000 FPS: 13.15
15:53:54.412 [INFO] (DIYexpert_prior.py:627) Total Episode:    69 Steps:    7840 Episode Steps:    34 Return: -5.0000 FPS: 13.55
15:54:01.252 [INFO] (DIYexpert_prior.py:627) Total Episode:    70 Steps:    7953 Episode Steps:   113 Return:  1.0000 FPS: 16.52
15:54:03.142 [INFO] (DIYexpert_prior.py:627) Total Episode:    71 Steps:    7976 Episode Steps:    23 Return: -5.0000 FPS: 12.17
15:54:09.727 [INFO] (DIYexpert_prior.py:627) Total Episode:    72 Steps:    8085 Episode Steps:   109 Return:  1.0000 FPS: 16.55
15:54:16.353 [INFO] (DIYexpert_prior.py:627) Total Episode:    73 Steps:    8192 Episode Steps:   107 Return:  1.0000 FPS: 16.15
15:54:23.399 [INFO] (DIYexpert_prior.py:627) Total Episode:    74 Steps:    8306 Episode Steps:   114 Return:  1.0000 FPS: 16.18
15:54:25.975 [INFO] (DIYexpert_prior.py:627) Total Episode:    75 Steps:    8341 Episode Steps:    35 Return: -5.0000 FPS: 13.59
15:54:27.838 [INFO] (DIYexpert_prior.py:627) Total Episode:    76 Steps:    8363 Episode Steps:    22 Return: -5.0000 FPS: 11.82
15:54:29.662 [INFO] (DIYexpert_prior.py:627) Total Episode:    77 Steps:    8385 Episode Steps:    22 Return: -5.0000 FPS: 12.07
15:54:32.051 [INFO] (DIYexpert_prior.py:627) Total Episode:    78 Steps:    8418 Episode Steps:    33 Return: -5.0000 FPS: 13.82
15:54:35.891 [INFO] (DIYexpert_prior.py:627) Total Episode:    79 Steps:    8477 Episode Steps:    59 Return: -5.0000 FPS: 15.37
15:54:38.103 [INFO] (DIYexpert_prior.py:627) Total Episode:    80 Steps:    8506 Episode Steps:    29 Return: -5.0000 FPS: 13.12
15:54:40.201 [INFO] (DIYexpert_prior.py:627) Total Episode:    81 Steps:    8532 Episode Steps:    26 Return: -5.0000 FPS: 12.40
15:54:47.793 [INFO] (DIYexpert_prior.py:627) Total Episode:    82 Steps:    8659 Episode Steps:   127 Return: -2.0000 FPS: 16.73
15:54:54.339 [INFO] (DIYexpert_prior.py:627) Total Episode:    83 Steps:    8766 Episode Steps:   107 Return:  1.0000 FPS: 16.35
15:55:01.574 [INFO] (DIYexpert_prior.py:627) Total Episode:    84 Steps:    8885 Episode Steps:   119 Return: -2.0000 FPS: 16.45
15:55:09.388 [INFO] (DIYexpert_prior.py:627) Total Episode:    85 Steps:    9016 Episode Steps:   131 Return: -2.0000 FPS: 16.77
15:55:11.308 [INFO] (DIYexpert_prior.py:627) Total Episode:    86 Steps:    9040 Episode Steps:    24 Return: -5.0000 FPS: 12.51
15:55:18.043 [INFO] (DIYexpert_prior.py:627) Total Episode:    87 Steps:    9150 Episode Steps:   110 Return:  1.0000 FPS: 16.33
15:55:20.041 [INFO] (DIYexpert_prior.py:627) Total Episode:    88 Steps:    9175 Episode Steps:    25 Return: -5.0000 FPS: 12.52
15:55:27.291 [INFO] (DIYexpert_prior.py:627) Total Episode:    89 Steps:    9296 Episode Steps:   121 Return: -2.0000 FPS: 16.69
15:55:29.173 [INFO] (DIYexpert_prior.py:627) Total Episode:    90 Steps:    9319 Episode Steps:    23 Return: -5.0000 FPS: 12.23
15:55:31.015 [INFO] (DIYexpert_prior.py:627) Total Episode:    91 Steps:    9341 Episode Steps:    22 Return: -5.0000 FPS: 11.95
15:55:38.032 [INFO] (DIYexpert_prior.py:627) Total Episode:    92 Steps:    9458 Episode Steps:   117 Return: -2.0000 FPS: 16.67
15:55:45.012 [INFO] (DIYexpert_prior.py:627) Total Episode:    93 Steps:    9572 Episode Steps:   114 Return:  1.0000 FPS: 16.34
15:55:47.548 [INFO] (DIYexpert_prior.py:627) Total Episode:    94 Steps:    9606 Episode Steps:    34 Return: -5.0000 FPS: 13.41
15:55:49.369 [INFO] (DIYexpert_prior.py:627) Total Episode:    95 Steps:    9628 Episode Steps:    22 Return: -5.0000 FPS: 12.09
15:55:51.620 [INFO] (DIYexpert_prior.py:627) Total Episode:    96 Steps:    9657 Episode Steps:    29 Return: -5.0000 FPS: 12.89
15:55:53.407 [INFO] (DIYexpert_prior.py:627) Total Episode:    97 Steps:    9679 Episode Steps:    22 Return: -5.0000 FPS: 12.32
15:55:58.300 [INFO] (DIYexpert_prior.py:627) Total Episode:    98 Steps:    9756 Episode Steps:    77 Return: -5.0000 FPS: 15.74
15:56:05.378 [INFO] (DIYexpert_prior.py:627) Total Episode:    99 Steps:    9874 Episode Steps:   118 Return: -2.0000 FPS: 16.67
15:56:12.365 [INFO] (DIYexpert_prior.py:627) Total Episode:   100 Steps:    9984 Episode Steps:   110 Return:  1.0000 FPS: 15.75
15:56:14.227 [INFO] (DIYexpert_prior.py:627) Total Episode:   101 Steps:   10006 Episode Steps:    22 Return: -5.0000 FPS: 11.82
15:56:22.151 [INFO] (DIYexpert_prior.py:627) Total Episode:   102 Steps:   10135 Episode Steps:   129 Return: -2.0000 FPS: 16.28
15:56:29.051 [INFO] (DIYexpert_prior.py:627) Total Episode:   103 Steps:   10251 Episode Steps:   116 Return: -2.0000 FPS: 16.81
15:56:31.335 [INFO] (DIYexpert_prior.py:627) Total Episode:   104 Steps:   10278 Episode Steps:    27 Return: -5.0000 FPS: 11.83
15:56:33.240 [INFO] (DIYexpert_prior.py:627) Total Episode:   105 Steps:   10300 Episode Steps:    22 Return: -5.0000 FPS: 11.55
15:56:35.312 [INFO] (DIYexpert_prior.py:627) Total Episode:   106 Steps:   10324 Episode Steps:    24 Return: -5.0000 FPS: 11.59
15:56:48.621 [INFO] (DIYexpert_prior.py:627) Total Episode:   107 Steps:   10555 Episode Steps:   231 Return:  1.0000 FPS: 17.36
15:56:56.600 [INFO] (DIYexpert_prior.py:627) Total Episode:   108 Steps:   10680 Episode Steps:   125 Return: -2.0000 FPS: 15.67
15:56:59.084 [INFO] (DIYexpert_prior.py:627) Total Episode:   109 Steps:   10714 Episode Steps:    34 Return: -5.0000 FPS: 13.69
15:57:06.174 [INFO] (DIYexpert_prior.py:627) Total Episode:   110 Steps:   10820 Episode Steps:   106 Return:  1.0000 FPS: 14.95
15:57:12.972 [INFO] (DIYexpert_prior.py:627) Total Episode:   111 Steps:   10930 Episode Steps:   110 Return:  1.0000 FPS: 16.18
15:57:15.056 [INFO] (DIYexpert_prior.py:627) Total Episode:   112 Steps:   10956 Episode Steps:    26 Return: -5.0000 FPS: 12.48
15:57:18.799 [INFO] (DIYexpert_prior.py:627) Total Episode:   113 Steps:   11013 Episode Steps:    57 Return: -5.0000 FPS: 15.23
15:57:20.736 [INFO] (DIYexpert_prior.py:627) Total Episode:   114 Steps:   11036 Episode Steps:    23 Return: -5.0000 FPS: 11.88
15:57:22.653 [INFO] (DIYexpert_prior.py:627) Total Episode:   115 Steps:   11059 Episode Steps:    23 Return: -5.0000 FPS: 12.00
15:57:29.829 [INFO] (DIYexpert_prior.py:627) Total Episode:   116 Steps:   11172 Episode Steps:   113 Return:  1.0000 FPS: 15.75
15:57:32.611 [INFO] (DIYexpert_prior.py:627) Total Episode:   117 Steps:   11211 Episode Steps:    39 Return: -5.0000 FPS: 14.02
15:57:39.508 [INFO] (DIYexpert_prior.py:627) Total Episode:   118 Steps:   11323 Episode Steps:   112 Return:  1.0000 FPS: 16.24
15:57:46.168 [INFO] (DIYexpert_prior.py:627) Total Episode:   119 Steps:   11433 Episode Steps:   110 Return:  1.0000 FPS: 16.52
15:57:52.947 [INFO] (DIYexpert_prior.py:627) Total Episode:   120 Steps:   11544 Episode Steps:   111 Return:  1.0000 FPS: 16.38
15:57:55.218 [INFO] (DIYexpert_prior.py:627) Total Episode:   121 Steps:   11574 Episode Steps:    30 Return: -5.0000 FPS: 13.22
15:57:59.986 [INFO] (DIYexpert_prior.py:627) Total Episode:   122 Steps:   11646 Episode Steps:    72 Return: -5.0000 FPS: 15.10
15:58:07.138 [INFO] (DIYexpert_prior.py:627) Total Episode:   123 Steps:   11760 Episode Steps:   114 Return: -5.0000 FPS: 15.94
15:58:09.035 [INFO] (DIYexpert_prior.py:627) Total Episode:   124 Steps:   11783 Episode Steps:    23 Return: -5.0000 FPS: 12.13
15:58:10.963 [INFO] (DIYexpert_prior.py:627) Total Episode:   125 Steps:   11807 Episode Steps:    24 Return: -5.0000 FPS: 12.45
15:58:18.093 [INFO] (DIYexpert_prior.py:627) Total Episode:   126 Steps:   11925 Episode Steps:   118 Return: -2.0000 FPS: 16.55
15:58:25.039 [INFO] (DIYexpert_prior.py:627) Total Episode:   127 Steps:   12041 Episode Steps:   116 Return: -2.0000 FPS: 16.70
15:58:27.524 [INFO] (DIYexpert_prior.py:627) Total Episode:   128 Steps:   12075 Episode Steps:    34 Return: -5.0000 FPS: 13.69
15:58:34.078 [INFO] (DIYexpert_prior.py:627) Total Episode:   129 Steps:   12182 Episode Steps:   107 Return:  1.0000 FPS: 16.33
15:58:36.565 [INFO] (DIYexpert_prior.py:627) Total Episode:   130 Steps:   12217 Episode Steps:    35 Return: -5.0000 FPS: 14.08
15:58:38.545 [INFO] (DIYexpert_prior.py:627) Total Episode:   131 Steps:   12241 Episode Steps:    24 Return: -5.0000 FPS: 12.13
15:58:41.003 [INFO] (DIYexpert_prior.py:627) Total Episode:   132 Steps:   12274 Episode Steps:    33 Return: -5.0000 FPS: 13.43
15:58:43.351 [INFO] (DIYexpert_prior.py:627) Total Episode:   133 Steps:   12306 Episode Steps:    32 Return: -5.0000 FPS: 13.64
15:58:50.449 [INFO] (DIYexpert_prior.py:627) Total Episode:   134 Steps:   12427 Episode Steps:   121 Return: -5.0000 FPS: 17.05
15:58:52.371 [INFO] (DIYexpert_prior.py:627) Total Episode:   135 Steps:   12452 Episode Steps:    25 Return: -5.0000 FPS: 13.01
15:58:55.079 [INFO] (DIYexpert_prior.py:627) Total Episode:   136 Steps:   12491 Episode Steps:    39 Return: -5.0000 FPS: 14.41
15:59:01.600 [INFO] (DIYexpert_prior.py:627) Total Episode:   137 Steps:   12600 Episode Steps:   109 Return:  1.0000 FPS: 16.72
15:59:07.814 [INFO] (DIYexpert_prior.py:627) Total Episode:   138 Steps:   12705 Episode Steps:   105 Return:  1.0000 FPS: 16.90
15:59:14.778 [INFO] (DIYexpert_prior.py:627) Total Episode:   139 Steps:   12823 Episode Steps:   118 Return: -2.0000 FPS: 16.95
