15:55:53.051 [INFO] (DIYexpert_prior.py:623) Total Episode:     1 Steps:      27 Episode Steps:    27 Return: -1.0000 FPS:  4.59
15:55:54.162 [INFO] (DIYexpert_prior.py:623) Total Episode:     2 Steps:      54 Episode Steps:    27 Return: -1.0000 FPS: 24.35
15:55:55.219 [INFO] (DIYexpert_prior.py:623) Total Episode:     3 Steps:      79 Episode Steps:    25 Return: -1.0000 FPS: 23.68
15:55:59.474 [INFO] (DIYexpert_prior.py:623) Total Episode:     4 Steps:     297 Episode Steps:   218 Return:  0.0000 FPS: 51.25
15:56:03.774 [INFO] (DIYexpert_prior.py:623) Total Episode:     5 Steps:     515 Episode Steps:   218 Return:  0.0000 FPS: 50.71
15:56:07.760 [INFO] (DIYexpert_prior.py:623) Total Episode:     6 Steps:     714 Episode Steps:   199 Return:  0.0000 FPS: 49.94
15:56:11.832 [INFO] (DIYexpert_prior.py:623) Total Episode:     7 Steps:     923 Episode Steps:   209 Return:  0.0000 FPS: 51.34
15:56:12.867 [INFO] (DIYexpert_prior.py:623) Total Episode:     8 Steps:     947 Episode Steps:    24 Return: -1.0000 FPS: 23.22
15:56:13.990 [INFO] (DIYexpert_prior.py:623) Total Episode:     9 Steps:     974 Episode Steps:    27 Return: -1.0000 FPS: 24.07
15:56:15.472 [INFO] (DIYexpert_prior.py:623) Total Episode:    10 Steps:    1016 Episode Steps:    42 Return: -1.0000 FPS: 28.35
15:56:16.597 [INFO] (DIYexpert_prior.py:623) Total Episode:    11 Steps:    1045 Episode Steps:    29 Return: -1.0000 FPS: 25.82
15:56:20.513 [INFO] (DIYexpert_prior.py:623) Total Episode:    12 Steps:    1249 Episode Steps:   204 Return:  0.0000 FPS: 52.10
15:56:22.065 [INFO] (DIYexpert_prior.py:623) Total Episode:    13 Steps:    1303 Episode Steps:    54 Return: -1.0000 FPS: 34.82
15:56:26.134 [INFO] (DIYexpert_prior.py:623) Total Episode:    14 Steps:    1509 Episode Steps:   206 Return:  0.0000 FPS: 50.64
15:56:30.553 [INFO] (DIYexpert_prior.py:623) Total Episode:    15 Steps:    1730 Episode Steps:   221 Return:  0.0000 FPS: 50.02
15:56:31.577 [INFO] (DIYexpert_prior.py:623) Total Episode:    16 Steps:    1754 Episode Steps:    24 Return: -1.0000 FPS: 23.47
15:56:36.141 [INFO] (DIYexpert_prior.py:623) Total Episode:    17 Steps:    1986 Episode Steps:   232 Return:  0.0000 FPS: 50.84
15:56:37.295 [INFO] (DIYexpert_prior.py:623) Total Episode:    18 Steps:    2018 Episode Steps:    32 Return: -1.0000 FPS: 27.77
15:56:41.209 [INFO] (DIYexpert_prior.py:623) Total Episode:    19 Steps:    2213 Episode Steps:   195 Return:  0.0000 FPS: 49.84
15:56:42.236 [INFO] (DIYexpert_prior.py:623) Total Episode:    20 Steps:    2238 Episode Steps:    25 Return: -1.0000 FPS: 24.36
15:56:43.522 [INFO] (DIYexpert_prior.py:623) Total Episode:    21 Steps:    2277 Episode Steps:    39 Return: -1.0000 FPS: 30.34
15:56:44.801 [INFO] (DIYexpert_prior.py:623) Total Episode:    22 Steps:    2317 Episode Steps:    40 Return: -1.0000 FPS: 31.30
15:56:46.357 [INFO] (DIYexpert_prior.py:623) Total Episode:    23 Steps:    2367 Episode Steps:    50 Return: -1.0000 FPS: 32.17
15:56:50.581 [INFO] (DIYexpert_prior.py:623) Total Episode:    24 Steps:    2577 Episode Steps:   210 Return:  0.0000 FPS: 49.72
15:56:51.960 [INFO] (DIYexpert_prior.py:623) Total Episode:    25 Steps:    2618 Episode Steps:    41 Return: -1.0000 FPS: 29.77
15:56:53.013 [INFO] (DIYexpert_prior.py:623) Total Episode:    26 Steps:    2644 Episode Steps:    26 Return: -1.0000 FPS: 24.72
15:56:54.539 [INFO] (DIYexpert_prior.py:623) Total Episode:    27 Steps:    2687 Episode Steps:    43 Return: -1.0000 FPS: 28.20
15:56:58.451 [INFO] (DIYexpert_prior.py:623) Total Episode:    28 Steps:    2884 Episode Steps:   197 Return:  0.0000 FPS: 50.37
15:57:02.701 [INFO] (DIYexpert_prior.py:623) Total Episode:    29 Steps:    3099 Episode Steps:   215 Return:  0.0000 FPS: 50.60
15:57:03.912 [INFO] (DIYexpert_prior.py:623) Total Episode:    30 Steps:    3132 Episode Steps:    33 Return: -1.0000 FPS: 27.28
15:57:05.177 [INFO] (DIYexpert_prior.py:623) Total Episode:    31 Steps:    3171 Episode Steps:    39 Return: -1.0000 FPS: 30.86
15:57:06.295 [INFO] (DIYexpert_prior.py:623) Total Episode:    32 Steps:    3198 Episode Steps:    27 Return: -1.0000 FPS: 24.16
15:57:10.251 [INFO] (DIYexpert_prior.py:623) Total Episode:    33 Steps:    3400 Episode Steps:   202 Return:  1.0000 FPS: 51.08
15:57:11.531 [INFO] (DIYexpert_prior.py:623) Total Episode:    34 Steps:    3432 Episode Steps:    32 Return: -1.0000 FPS: 25.02
