19:03:18.852 [INFO] (DIYexpert_prior.py:628) Total Episode:     1 Steps:     217 Episode Steps:   217 Return:  0.0000 FPS: 23.45
19:03:23.360 [INFO] (DIYexpert_prior.py:628) Total Episode:     2 Steps:     438 Episode Steps:   221 Return:  0.0000 FPS: 49.04
19:03:24.655 [INFO] (DIYexpert_prior.py:628) Total Episode:     3 Steps:     475 Episode Steps:    37 Return: -1.0000 FPS: 28.60
19:03:26.261 [INFO] (DIYexpert_prior.py:628) Total Episode:     4 Steps:     528 Episode Steps:    53 Return: -1.0000 FPS: 33.02
19:03:27.775 [INFO] (DIYexpert_prior.py:628) Total Episode:     5 Steps:     576 Episode Steps:    48 Return: -1.0000 FPS: 31.74
19:03:29.192 [INFO] (DIYexpert_prior.py:628) Total Episode:     6 Steps:     622 Episode Steps:    46 Return: -1.0000 FPS: 32.49
19:03:30.311 [INFO] (DIYexpert_prior.py:628) Total Episode:     7 Steps:     651 Episode Steps:    29 Return: -1.0000 FPS: 25.93
19:03:34.097 [INFO] (DIYexpert_prior.py:628) Total Episode:     8 Steps:     844 Episode Steps:   193 Return:  0.0000 FPS: 51.00
19:03:35.842 [INFO] (DIYexpert_prior.py:628) Total Episode:     9 Steps:     906 Episode Steps:    62 Return: -1.0000 FPS: 35.56
19:03:40.047 [INFO] (DIYexpert_prior.py:628) Total Episode:    10 Steps:    1107 Episode Steps:   201 Return:  1.0000 FPS: 47.81
19:03:44.224 [INFO] (DIYexpert_prior.py:628) Total Episode:    11 Steps:    1311 Episode Steps:   204 Return:  1.0000 FPS: 48.85
19:03:48.443 [INFO] (DIYexpert_prior.py:628) Total Episode:    12 Steps:    1518 Episode Steps:   207 Return:  1.0000 FPS: 49.08
19:03:49.910 [INFO] (DIYexpert_prior.py:628) Total Episode:    13 Steps:    1562 Episode Steps:    44 Return: -1.0000 FPS: 30.01
19:03:53.708 [INFO] (DIYexpert_prior.py:628) Total Episode:    14 Steps:    1747 Episode Steps:   185 Return:  1.0000 FPS: 48.72
19:03:57.665 [INFO] (DIYexpert_prior.py:628) Total Episode:    15 Steps:    1939 Episode Steps:   192 Return:  1.0000 FPS: 48.53
19:04:01.358 [INFO] (DIYexpert_prior.py:628) Total Episode:    16 Steps:    2111 Episode Steps:   172 Return:  1.0000 FPS: 46.60
19:04:02.975 [INFO] (DIYexpert_prior.py:628) Total Episode:    17 Steps:    2163 Episode Steps:    52 Return: -1.0000 FPS: 32.16
19:04:06.833 [INFO] (DIYexpert_prior.py:628) Total Episode:    18 Steps:    2347 Episode Steps:   184 Return:  1.0000 FPS: 47.71
19:04:10.776 [INFO] (DIYexpert_prior.py:628) Total Episode:    19 Steps:    2543 Episode Steps:   196 Return:  1.0000 FPS: 49.72
19:04:14.571 [INFO] (DIYexpert_prior.py:628) Total Episode:    20 Steps:    2734 Episode Steps:   191 Return:  1.0000 FPS: 50.34
19:04:18.386 [INFO] (DIYexpert_prior.py:628) Total Episode:    21 Steps:    2924 Episode Steps:   190 Return:  0.0000 FPS: 49.82
19:04:22.700 [INFO] (DIYexpert_prior.py:628) Total Episode:    22 Steps:    3137 Episode Steps:   213 Return:  0.0000 FPS: 49.38
19:04:23.979 [INFO] (DIYexpert_prior.py:628) Total Episode:    23 Steps:    3174 Episode Steps:    37 Return: -1.0000 FPS: 28.95
19:04:28.345 [INFO] (DIYexpert_prior.py:628) Total Episode:    24 Steps:    3383 Episode Steps:   209 Return:  0.0000 FPS: 47.88
19:04:29.893 [INFO] (DIYexpert_prior.py:628) Total Episode:    25 Steps:    3437 Episode Steps:    54 Return: -1.0000 FPS: 34.90
19:04:35.603 [INFO] (DIYexpert_prior.py:628) Total Episode:    26 Steps:    3739 Episode Steps:   302 Return:  1.0000 FPS: 52.90
19:04:36.753 [INFO] (DIYexpert_prior.py:628) Total Episode:    27 Steps:    3765 Episode Steps:    26 Return: -1.0000 FPS: 22.65
19:04:38.186 [INFO] (DIYexpert_prior.py:628) Total Episode:    28 Steps:    3810 Episode Steps:    45 Return: -1.0000 FPS: 31.41
19:04:39.733 [INFO] (DIYexpert_prior.py:628) Total Episode:    29 Steps:    3864 Episode Steps:    54 Return: -1.0000 FPS: 34.94
19:04:40.865 [INFO] (DIYexpert_prior.py:628) Total Episode:    30 Steps:    3893 Episode Steps:    29 Return: -1.0000 FPS: 25.63
19:04:45.238 [INFO] (DIYexpert_prior.py:628) Total Episode:    31 Steps:    4106 Episode Steps:   213 Return:  0.0000 FPS: 48.71
19:04:49.597 [INFO] (DIYexpert_prior.py:628) Total Episode:    32 Steps:    4317 Episode Steps:   211 Return:  0.0000 FPS: 48.42
19:04:50.766 [INFO] (DIYexpert_prior.py:628) Total Episode:    33 Steps:    4345 Episode Steps:    28 Return: -1.0000 FPS: 23.98
19:04:51.874 [INFO] (DIYexpert_prior.py:628) Total Episode:    34 Steps:    4373 Episode Steps:    28 Return: -1.0000 FPS: 25.28
19:04:55.788 [INFO] (DIYexpert_prior.py:628) Total Episode:    35 Steps:    4564 Episode Steps:   191 Return:  1.0000 FPS: 48.82
19:04:56.904 [INFO] (DIYexpert_prior.py:628) Total Episode:    36 Steps:    4593 Episode Steps:    29 Return: -1.0000 FPS: 26.00
19:05:00.841 [INFO] (DIYexpert_prior.py:628) Total Episode:    37 Steps:    4789 Episode Steps:   196 Return:  0.0000 FPS: 49.80
19:05:05.460 [INFO] (DIYexpert_prior.py:628) Total Episode:    38 Steps:    5007 Episode Steps:   218 Return:  0.0000 FPS: 47.21
19:05:06.679 [INFO] (DIYexpert_prior.py:628) Total Episode:    39 Steps:    5033 Episode Steps:    26 Return: -1.0000 FPS: 21.34
19:05:10.962 [INFO] (DIYexpert_prior.py:628) Total Episode:    40 Steps:    5249 Episode Steps:   216 Return:  1.0000 FPS: 50.45
19:05:12.286 [INFO] (DIYexpert_prior.py:628) Total Episode:    41 Steps:    5290 Episode Steps:    41 Return: -1.0000 FPS: 30.99
19:05:16.992 [INFO] (DIYexpert_prior.py:628) Total Episode:    42 Steps:    5524 Episode Steps:   234 Return:  0.0000 FPS: 49.73
19:05:21.092 [INFO] (DIYexpert_prior.py:628) Total Episode:    43 Steps:    5732 Episode Steps:   208 Return:  0.0000 FPS: 50.75
19:05:25.299 [INFO] (DIYexpert_prior.py:628) Total Episode:    44 Steps:    5938 Episode Steps:   206 Return:  1.0000 FPS: 48.97
19:05:29.632 [INFO] (DIYexpert_prior.py:628) Total Episode:    45 Steps:    6148 Episode Steps:   210 Return:  0.0000 FPS: 48.48
19:05:31.076 [INFO] (DIYexpert_prior.py:628) Total Episode:    46 Steps:    6193 Episode Steps:    45 Return: -1.0000 FPS: 31.20
19:05:35.094 [INFO] (DIYexpert_prior.py:628) Total Episode:    47 Steps:    6384 Episode Steps:   191 Return:  0.0000 FPS: 47.55
19:05:39.257 [INFO] (DIYexpert_prior.py:628) Total Episode:    48 Steps:    6572 Episode Steps:   188 Return:  1.0000 FPS: 45.17
19:05:43.535 [INFO] (DIYexpert_prior.py:628) Total Episode:    49 Steps:    6792 Episode Steps:   220 Return:  0.0000 FPS: 51.44
19:05:45.275 [INFO] (DIYexpert_prior.py:628) Total Episode:    50 Steps:    6843 Episode Steps:    51 Return: -1.0000 FPS: 29.32
19:05:46.712 [INFO] (DIYexpert_prior.py:628) Total Episode:    51 Steps:    6887 Episode Steps:    44 Return: -1.0000 FPS: 30.66
19:05:47.902 [INFO] (DIYexpert_prior.py:628) Total Episode:    52 Steps:    6920 Episode Steps:    33 Return: -1.0000 FPS: 27.75
19:05:49.027 [INFO] (DIYexpert_prior.py:628) Total Episode:    53 Steps:    6947 Episode Steps:    27 Return: -1.0000 FPS: 24.02
19:05:50.290 [INFO] (DIYexpert_prior.py:628) Total Episode:    54 Steps:    6979 Episode Steps:    32 Return: -1.0000 FPS: 25.36
19:05:55.547 [INFO] (DIYexpert_prior.py:628) Total Episode:    55 Steps:    7014 Episode Steps:    35 Return: -1.0000 FPS:  6.66
19:05:57.455 [INFO] (DIYexpert_prior.py:628) Total Episode:    56 Steps:    7035 Episode Steps:    21 Return: -1.0000 FPS: 11.01
19:06:00.368 [INFO] (DIYexpert_prior.py:628) Total Episode:    57 Steps:    7076 Episode Steps:    41 Return: -1.0000 FPS: 14.08
19:06:08.010 [INFO] (DIYexpert_prior.py:628) Total Episode:    58 Steps:    7203 Episode Steps:   127 Return:  0.0000 FPS: 16.62
19:06:10.067 [INFO] (DIYexpert_prior.py:628) Total Episode:    59 Steps:    7230 Episode Steps:    27 Return: -1.0000 FPS: 13.13
19:06:17.321 [INFO] (DIYexpert_prior.py:628) Total Episode:    60 Steps:    7348 Episode Steps:   118 Return:  1.0000 FPS: 16.27
19:06:25.208 [INFO] (DIYexpert_prior.py:628) Total Episode:    61 Steps:    7471 Episode Steps:   123 Return:  0.0000 FPS: 15.60
19:06:32.201 [INFO] (DIYexpert_prior.py:628) Total Episode:    62 Steps:    7582 Episode Steps:   111 Return: -1.0000 FPS: 15.88
19:06:34.516 [INFO] (DIYexpert_prior.py:628) Total Episode:    63 Steps:    7612 Episode Steps:    30 Return: -1.0000 FPS: 12.96
19:06:37.303 [INFO] (DIYexpert_prior.py:628) Total Episode:    64 Steps:    7652 Episode Steps:    40 Return: -1.0000 FPS: 14.36
19:06:44.565 [INFO] (DIYexpert_prior.py:628) Total Episode:    65 Steps:    7771 Episode Steps:   119 Return:  0.0000 FPS: 16.39
19:06:47.050 [INFO] (DIYexpert_prior.py:628) Total Episode:    66 Steps:    7799 Episode Steps:    28 Return: -1.0000 FPS: 11.27
19:06:54.221 [INFO] (DIYexpert_prior.py:628) Total Episode:    67 Steps:    7917 Episode Steps:   118 Return:  0.0000 FPS: 16.46
19:07:00.863 [INFO] (DIYexpert_prior.py:628) Total Episode:    68 Steps:    8025 Episode Steps:   108 Return:  1.0000 FPS: 16.26
19:07:03.114 [INFO] (DIYexpert_prior.py:628) Total Episode:    69 Steps:    8053 Episode Steps:    28 Return: -1.0000 FPS: 12.44
19:07:05.346 [INFO] (DIYexpert_prior.py:628) Total Episode:    70 Steps:    8081 Episode Steps:    28 Return: -1.0000 FPS: 12.55
19:07:07.740 [INFO] (DIYexpert_prior.py:628) Total Episode:    71 Steps:    8112 Episode Steps:    31 Return: -1.0000 FPS: 12.96
19:07:10.538 [INFO] (DIYexpert_prior.py:628) Total Episode:    72 Steps:    8149 Episode Steps:    37 Return: -1.0000 FPS: 13.23
19:07:17.083 [INFO] (DIYexpert_prior.py:628) Total Episode:    73 Steps:    8259 Episode Steps:   110 Return:  1.0000 FPS: 16.81
19:07:23.830 [INFO] (DIYexpert_prior.py:628) Total Episode:    74 Steps:    8372 Episode Steps:   113 Return:  1.0000 FPS: 16.75
19:07:30.417 [INFO] (DIYexpert_prior.py:628) Total Episode:    75 Steps:    8481 Episode Steps:   109 Return:  1.0000 FPS: 16.55
19:07:38.293 [INFO] (DIYexpert_prior.py:628) Total Episode:    76 Steps:    8610 Episode Steps:   129 Return:  0.0000 FPS: 16.38
19:07:40.384 [INFO] (DIYexpert_prior.py:628) Total Episode:    77 Steps:    8633 Episode Steps:    23 Return: -1.0000 FPS: 11.01
19:07:42.188 [INFO] (DIYexpert_prior.py:628) Total Episode:    78 Steps:    8654 Episode Steps:    21 Return: -1.0000 FPS: 11.64
19:07:44.424 [INFO] (DIYexpert_prior.py:628) Total Episode:    79 Steps:    8683 Episode Steps:    29 Return: -1.0000 FPS: 12.98
19:07:50.943 [INFO] (DIYexpert_prior.py:628) Total Episode:    80 Steps:    8791 Episode Steps:   108 Return:  1.0000 FPS: 16.57
19:07:57.876 [INFO] (DIYexpert_prior.py:628) Total Episode:    81 Steps:    8902 Episode Steps:   111 Return:  1.0000 FPS: 16.01
19:08:02.296 [INFO] (DIYexpert_prior.py:628) Total Episode:    82 Steps:    8968 Episode Steps:    66 Return: -1.0000 FPS: 14.94
19:08:08.916 [INFO] (DIYexpert_prior.py:628) Total Episode:    83 Steps:    9078 Episode Steps:   110 Return:  1.0000 FPS: 16.62
19:08:10.782 [INFO] (DIYexpert_prior.py:628) Total Episode:    84 Steps:    9100 Episode Steps:    22 Return: -1.0000 FPS: 11.80
19:08:13.207 [INFO] (DIYexpert_prior.py:628) Total Episode:    85 Steps:    9129 Episode Steps:    29 Return: -1.0000 FPS: 11.97
19:08:15.400 [INFO] (DIYexpert_prior.py:628) Total Episode:    86 Steps:    9153 Episode Steps:    24 Return: -1.0000 FPS: 10.95
19:08:22.351 [INFO] (DIYexpert_prior.py:628) Total Episode:    87 Steps:    9261 Episode Steps:   108 Return:  1.0000 FPS: 15.54
19:08:29.272 [INFO] (DIYexpert_prior.py:628) Total Episode:    88 Steps:    9374 Episode Steps:   113 Return:  1.0000 FPS: 16.33
19:08:36.118 [INFO] (DIYexpert_prior.py:628) Total Episode:    89 Steps:    9484 Episode Steps:   110 Return:  1.0000 FPS: 16.07
19:08:39.045 [INFO] (DIYexpert_prior.py:628) Total Episode:    90 Steps:    9525 Episode Steps:    41 Return: -1.0000 FPS: 14.01
19:08:45.957 [INFO] (DIYexpert_prior.py:628) Total Episode:    91 Steps:    9633 Episode Steps:   108 Return:  1.0000 FPS: 15.63
19:08:58.220 [INFO] (DIYexpert_prior.py:628) Total Episode:    92 Steps:    9844 Episode Steps:   211 Return:  1.0000 FPS: 17.21
19:09:00.538 [INFO] (DIYexpert_prior.py:628) Total Episode:    93 Steps:    9873 Episode Steps:    29 Return: -1.0000 FPS: 12.52
19:09:11.062 [INFO] (DIYexpert_prior.py:628) Total Episode:    94 Steps:   10052 Episode Steps:   179 Return: -1.0000 FPS: 17.01
19:09:12.895 [INFO] (DIYexpert_prior.py:628) Total Episode:    95 Steps:   10074 Episode Steps:    22 Return: -1.0000 FPS: 12.01
19:09:18.420 [INFO] (DIYexpert_prior.py:628) Total Episode:    96 Steps:   10158 Episode Steps:    84 Return: -1.0000 FPS: 15.21
19:09:20.529 [INFO] (DIYexpert_prior.py:628) Total Episode:    97 Steps:   10185 Episode Steps:    27 Return: -1.0000 FPS: 12.81
19:09:22.327 [INFO] (DIYexpert_prior.py:628) Total Episode:    98 Steps:   10207 Episode Steps:    22 Return: -1.0000 FPS: 12.24
19:09:29.091 [INFO] (DIYexpert_prior.py:628) Total Episode:    99 Steps:   10316 Episode Steps:   109 Return:  1.0000 FPS: 16.12
19:09:31.414 [INFO] (DIYexpert_prior.py:628) Total Episode:   100 Steps:   10339 Episode Steps:    23 Return: -1.0000 FPS:  9.90
19:09:33.649 [INFO] (DIYexpert_prior.py:628) Total Episode:   101 Steps:   10364 Episode Steps:    25 Return: -1.0000 FPS: 11.19
19:09:35.675 [INFO] (DIYexpert_prior.py:628) Total Episode:   102 Steps:   10386 Episode Steps:    22 Return: -1.0000 FPS: 10.86
19:09:42.480 [INFO] (DIYexpert_prior.py:628) Total Episode:   103 Steps:   10495 Episode Steps:   109 Return:  1.0000 FPS: 16.02
19:09:47.466 [INFO] (DIYexpert_prior.py:628) Total Episode:   104 Steps:   10572 Episode Steps:    77 Return: -1.0000 FPS: 15.45
19:09:49.388 [INFO] (DIYexpert_prior.py:628) Total Episode:   105 Steps:   10592 Episode Steps:    20 Return: -1.0000 FPS: 10.41
19:09:56.422 [INFO] (DIYexpert_prior.py:628) Total Episode:   106 Steps:   10708 Episode Steps:   116 Return:  0.0000 FPS: 16.49
19:10:03.430 [INFO] (DIYexpert_prior.py:628) Total Episode:   107 Steps:   10820 Episode Steps:   112 Return:  1.0000 FPS: 15.98
19:10:05.366 [INFO] (DIYexpert_prior.py:628) Total Episode:   108 Steps:   10843 Episode Steps:    23 Return: -1.0000 FPS: 11.89
19:10:07.171 [INFO] (DIYexpert_prior.py:628) Total Episode:   109 Steps:   10864 Episode Steps:    21 Return: -1.0000 FPS: 11.64
19:10:14.060 [INFO] (DIYexpert_prior.py:628) Total Episode:   110 Steps:   10975 Episode Steps:   111 Return:  1.0000 FPS: 16.12
19:10:21.013 [INFO] (DIYexpert_prior.py:628) Total Episode:   111 Steps:   11089 Episode Steps:   114 Return:  1.0000 FPS: 16.40
19:10:23.839 [INFO] (DIYexpert_prior.py:628) Total Episode:   112 Steps:   11128 Episode Steps:    39 Return: -1.0000 FPS: 13.81
19:10:26.234 [INFO] (DIYexpert_prior.py:628) Total Episode:   113 Steps:   11158 Episode Steps:    30 Return: -1.0000 FPS: 12.54
19:10:28.505 [INFO] (DIYexpert_prior.py:628) Total Episode:   114 Steps:   11188 Episode Steps:    30 Return: -1.0000 FPS: 13.21
19:10:30.335 [INFO] (DIYexpert_prior.py:628) Total Episode:   115 Steps:   11210 Episode Steps:    22 Return: -1.0000 FPS: 12.03
19:10:37.214 [INFO] (DIYexpert_prior.py:628) Total Episode:   116 Steps:   11322 Episode Steps:   112 Return:  1.0000 FPS: 16.28
19:10:43.904 [INFO] (DIYexpert_prior.py:628) Total Episode:   117 Steps:   11430 Episode Steps:   108 Return:  1.0000 FPS: 16.15
19:10:46.233 [INFO] (DIYexpert_prior.py:628) Total Episode:   118 Steps:   11459 Episode Steps:    29 Return: -1.0000 FPS: 12.46
19:10:52.975 [INFO] (DIYexpert_prior.py:628) Total Episode:   119 Steps:   11571 Episode Steps:   112 Return:  1.0000 FPS: 16.62
19:10:54.944 [INFO] (DIYexpert_prior.py:628) Total Episode:   120 Steps:   11595 Episode Steps:    24 Return: -1.0000 FPS: 12.19
19:11:01.749 [INFO] (DIYexpert_prior.py:628) Total Episode:   121 Steps:   11707 Episode Steps:   112 Return:  1.0000 FPS: 16.46
19:11:08.455 [INFO] (DIYexpert_prior.py:628) Total Episode:   122 Steps:   11816 Episode Steps:   109 Return:  1.0000 FPS: 16.26
19:11:16.500 [INFO] (DIYexpert_prior.py:628) Total Episode:   123 Steps:   11925 Episode Steps:   109 Return:  1.0000 FPS: 13.55
19:11:20.101 [INFO] (DIYexpert_prior.py:628) Total Episode:   124 Steps:   11948 Episode Steps:    23 Return: -1.0000 FPS:  6.39
19:11:31.842 [INFO] (DIYexpert_prior.py:628) Total Episode:   125 Steps:   12060 Episode Steps:   112 Return:  1.0000 FPS:  9.54
19:11:35.550 [INFO] (DIYexpert_prior.py:628) Total Episode:   126 Steps:   12084 Episode Steps:    24 Return: -1.0000 FPS:  6.48
19:11:37.950 [INFO] (DIYexpert_prior.py:628) Total Episode:   127 Steps:   12106 Episode Steps:    22 Return: -1.0000 FPS:  9.17
19:11:44.909 [INFO] (DIYexpert_prior.py:628) Total Episode:   128 Steps:   12218 Episode Steps:   112 Return:  1.0000 FPS: 16.10
19:11:51.495 [INFO] (DIYexpert_prior.py:628) Total Episode:   129 Steps:   12327 Episode Steps:   109 Return:  1.0000 FPS: 16.55
19:11:57.994 [INFO] (DIYexpert_prior.py:628) Total Episode:   130 Steps:   12432 Episode Steps:   105 Return: -1.0000 FPS: 16.16
19:12:00.016 [INFO] (DIYexpert_prior.py:628) Total Episode:   131 Steps:   12457 Episode Steps:    25 Return: -1.0000 FPS: 12.37
19:12:01.903 [INFO] (DIYexpert_prior.py:628) Total Episode:   132 Steps:   12480 Episode Steps:    23 Return: -1.0000 FPS: 12.20
19:12:09.184 [INFO] (DIYexpert_prior.py:628) Total Episode:   133 Steps:   12600 Episode Steps:   120 Return:  0.0000 FPS: 16.48
19:12:16.224 [INFO] (DIYexpert_prior.py:628) Total Episode:   134 Steps:   12716 Episode Steps:   116 Return:  1.0000 FPS: 16.48
19:12:22.720 [INFO] (DIYexpert_prior.py:628) Total Episode:   135 Steps:   12823 Episode Steps:   107 Return:  1.0000 FPS: 16.48
19:12:30.104 [INFO] (DIYexpert_prior.py:628) Total Episode:   136 Steps:   12944 Episode Steps:   121 Return:  0.0000 FPS: 16.39
19:12:31.959 [INFO] (DIYexpert_prior.py:628) Total Episode:   137 Steps:   12966 Episode Steps:    22 Return: -1.0000 FPS: 11.86
19:12:38.640 [INFO] (DIYexpert_prior.py:628) Total Episode:   138 Steps:   13076 Episode Steps:   110 Return:  1.0000 FPS: 16.47
19:12:45.212 [INFO] (DIYexpert_prior.py:628) Total Episode:   139 Steps:   13183 Episode Steps:   107 Return:  1.0000 FPS: 16.28
19:12:52.009 [INFO] (DIYexpert_prior.py:628) Total Episode:   140 Steps:   13293 Episode Steps:   110 Return:  1.0000 FPS: 16.19
19:12:58.668 [INFO] (DIYexpert_prior.py:628) Total Episode:   141 Steps:   13401 Episode Steps:   108 Return:  1.0000 FPS: 16.22
19:13:05.475 [INFO] (DIYexpert_prior.py:628) Total Episode:   142 Steps:   13510 Episode Steps:   109 Return:  1.0000 FPS: 16.02
19:13:12.557 [INFO] (DIYexpert_prior.py:628) Total Episode:   143 Steps:   13624 Episode Steps:   114 Return:  1.0000 FPS: 16.10
19:13:14.721 [INFO] (DIYexpert_prior.py:628) Total Episode:   144 Steps:   13646 Episode Steps:    22 Return: -1.0000 FPS: 10.17
19:13:21.385 [INFO] (DIYexpert_prior.py:628) Total Episode:   145 Steps:   13754 Episode Steps:   108 Return:  1.0000 FPS: 16.21
19:13:28.470 [INFO] (DIYexpert_prior.py:628) Total Episode:   146 Steps:   13868 Episode Steps:   114 Return:  1.0000 FPS: 16.09
19:13:35.043 [INFO] (DIYexpert_prior.py:628) Total Episode:   147 Steps:   13975 Episode Steps:   107 Return:  1.0000 FPS: 16.28
19:13:37.720 [INFO] (DIYexpert_prior.py:628) Total Episode:   148 Steps:   14011 Episode Steps:    36 Return: -1.0000 FPS: 13.45
19:13:45.019 [INFO] (DIYexpert_prior.py:628) Total Episode:   149 Steps:   14130 Episode Steps:   119 Return:  1.0000 FPS: 16.31
19:13:47.104 [INFO] (DIYexpert_prior.py:628) Total Episode:   150 Steps:   14151 Episode Steps:    21 Return: -1.0000 FPS: 10.08
19:13:54.472 [INFO] (DIYexpert_prior.py:628) Total Episode:   151 Steps:   14274 Episode Steps:   123 Return:  0.0000 FPS: 16.70
19:14:01.391 [INFO] (DIYexpert_prior.py:628) Total Episode:   152 Steps:   14388 Episode Steps:   114 Return:  1.0000 FPS: 16.48
19:14:07.790 [INFO] (DIYexpert_prior.py:628) Total Episode:   153 Steps:   14493 Episode Steps:   105 Return:  1.0000 FPS: 16.41
19:14:14.471 [INFO] (DIYexpert_prior.py:628) Total Episode:   154 Steps:   14601 Episode Steps:   108 Return:  1.0000 FPS: 16.17
19:14:21.308 [INFO] (DIYexpert_prior.py:628) Total Episode:   155 Steps:   14711 Episode Steps:   110 Return:  1.0000 FPS: 16.09
19:14:28.356 [INFO] (DIYexpert_prior.py:628) Total Episode:   156 Steps:   14825 Episode Steps:   114 Return:  1.0000 FPS: 16.18
19:14:35.304 [INFO] (DIYexpert_prior.py:628) Total Episode:   157 Steps:   14936 Episode Steps:   111 Return:  1.0000 FPS: 15.98
19:14:42.018 [INFO] (DIYexpert_prior.py:628) Total Episode:   158 Steps:   15043 Episode Steps:   107 Return:  1.0000 FPS: 15.94
19:14:44.403 [INFO] (DIYexpert_prior.py:628) Total Episode:   159 Steps:   15073 Episode Steps:    30 Return: -1.0000 FPS: 12.59
19:14:50.927 [INFO] (DIYexpert_prior.py:628) Total Episode:   160 Steps:   15181 Episode Steps:   108 Return:  1.0000 FPS: 16.56
19:14:52.930 [INFO] (DIYexpert_prior.py:628) Total Episode:   161 Steps:   15206 Episode Steps:    25 Return: -1.0000 FPS: 12.49
19:14:55.326 [INFO] (DIYexpert_prior.py:628) Total Episode:   162 Steps:   15235 Episode Steps:    29 Return: -1.0000 FPS: 12.11
19:15:01.836 [INFO] (DIYexpert_prior.py:628) Total Episode:   163 Steps:   15343 Episode Steps:   108 Return:  1.0000 FPS: 16.59
19:15:08.499 [INFO] (DIYexpert_prior.py:628) Total Episode:   164 Steps:   15451 Episode Steps:   108 Return:  1.0000 FPS: 16.21
19:15:10.633 [INFO] (DIYexpert_prior.py:628) Total Episode:   165 Steps:   15476 Episode Steps:    25 Return: -1.0000 FPS: 11.72
19:15:17.179 [INFO] (DIYexpert_prior.py:628) Total Episode:   166 Steps:   15585 Episode Steps:   109 Return:  1.0000 FPS: 16.65
19:15:23.557 [INFO] (DIYexpert_prior.py:628) Total Episode:   167 Steps:   15689 Episode Steps:   104 Return:  1.0000 FPS: 16.31
19:15:30.089 [INFO] (DIYexpert_prior.py:628) Total Episode:   168 Steps:   15795 Episode Steps:   106 Return:  1.0000 FPS: 16.23
19:15:32.005 [INFO] (DIYexpert_prior.py:628) Total Episode:   169 Steps:   15818 Episode Steps:    23 Return: -1.0000 FPS: 12.01
19:15:38.553 [INFO] (DIYexpert_prior.py:628) Total Episode:   170 Steps:   15925 Episode Steps:   107 Return:  1.0000 FPS: 16.34
19:15:40.559 [INFO] (DIYexpert_prior.py:628) Total Episode:   171 Steps:   15948 Episode Steps:    23 Return: -1.0000 FPS: 11.47
19:15:42.666 [INFO] (DIYexpert_prior.py:628) Total Episode:   172 Steps:   15974 Episode Steps:    26 Return: -1.0000 FPS: 12.35
19:15:49.214 [INFO] (DIYexpert_prior.py:628) Total Episode:   173 Steps:   16082 Episode Steps:   108 Return:  1.0000 FPS: 16.50
19:15:55.874 [INFO] (DIYexpert_prior.py:628) Total Episode:   174 Steps:   16190 Episode Steps:   108 Return:  1.0000 FPS: 16.22
19:16:02.644 [INFO] (DIYexpert_prior.py:628) Total Episode:   175 Steps:   16302 Episode Steps:   112 Return:  1.0000 FPS: 16.55
19:16:09.289 [INFO] (DIYexpert_prior.py:628) Total Episode:   176 Steps:   16411 Episode Steps:   109 Return:  1.0000 FPS: 16.41
19:16:16.158 [INFO] (DIYexpert_prior.py:628) Total Episode:   177 Steps:   16523 Episode Steps:   112 Return:  1.0000 FPS: 16.31
19:16:24.520 [INFO] (DIYexpert_prior.py:628) Total Episode:   178 Steps:   16664 Episode Steps:   141 Return: -1.0000 FPS: 16.86
19:16:26.604 [INFO] (DIYexpert_prior.py:628) Total Episode:   179 Steps:   16691 Episode Steps:    27 Return: -1.0000 FPS: 12.96
19:16:33.151 [INFO] (DIYexpert_prior.py:628) Total Episode:   180 Steps:   16797 Episode Steps:   106 Return:  1.0000 FPS: 16.19
19:16:39.836 [INFO] (DIYexpert_prior.py:628) Total Episode:   181 Steps:   16904 Episode Steps:   107 Return:  1.0000 FPS: 16.01
19:16:41.698 [INFO] (DIYexpert_prior.py:628) Total Episode:   182 Steps:   16927 Episode Steps:    23 Return: -1.0000 FPS: 12.36
19:16:43.613 [INFO] (DIYexpert_prior.py:628) Total Episode:   183 Steps:   16950 Episode Steps:    23 Return: -1.0000 FPS: 12.02
19:16:50.244 [INFO] (DIYexpert_prior.py:628) Total Episode:   184 Steps:   17056 Episode Steps:   106 Return:  1.0000 FPS: 15.99
19:16:52.413 [INFO] (DIYexpert_prior.py:628) Total Episode:   185 Steps:   17084 Episode Steps:    28 Return: -1.0000 FPS: 12.91
19:16:54.282 [INFO] (DIYexpert_prior.py:628) Total Episode:   186 Steps:   17106 Episode Steps:    22 Return: -1.0000 FPS: 11.78
19:16:56.388 [INFO] (DIYexpert_prior.py:628) Total Episode:   187 Steps:   17133 Episode Steps:    27 Return: -1.0000 FPS: 12.83
19:17:03.008 [INFO] (DIYexpert_prior.py:628) Total Episode:   188 Steps:   17238 Episode Steps:   105 Return:  1.0000 FPS: 15.86
19:17:09.747 [INFO] (DIYexpert_prior.py:628) Total Episode:   189 Steps:   17347 Episode Steps:   109 Return:  1.0000 FPS: 16.18
19:17:11.466 [INFO] (DIYexpert_prior.py:628) Total Episode:   190 Steps:   17367 Episode Steps:    20 Return: -1.0000 FPS: 11.64
19:17:17.870 [INFO] (DIYexpert_prior.py:628) Total Episode:   191 Steps:   17471 Episode Steps:   104 Return:  1.0000 FPS: 16.24
19:17:25.331 [INFO] (DIYexpert_prior.py:628) Total Episode:   192 Steps:   17593 Episode Steps:   122 Return:  1.0000 FPS: 16.35
19:17:27.721 [INFO] (DIYexpert_prior.py:628) Total Episode:   193 Steps:   17625 Episode Steps:    32 Return: -1.0000 FPS: 13.40
19:17:34.361 [INFO] (DIYexpert_prior.py:628) Total Episode:   194 Steps:   17733 Episode Steps:   108 Return:  1.0000 FPS: 16.27
19:17:40.915 [INFO] (DIYexpert_prior.py:628) Total Episode:   195 Steps:   17840 Episode Steps:   107 Return:  1.0000 FPS: 16.33
19:17:42.672 [INFO] (DIYexpert_prior.py:628) Total Episode:   196 Steps:   17860 Episode Steps:    20 Return: -1.0000 FPS: 11.39
19:17:49.462 [INFO] (DIYexpert_prior.py:628) Total Episode:   197 Steps:   17970 Episode Steps:   110 Return:  1.0000 FPS: 16.20
19:17:55.977 [INFO] (DIYexpert_prior.py:628) Total Episode:   198 Steps:   18076 Episode Steps:   106 Return:  1.0000 FPS: 16.27
19:18:02.907 [INFO] (DIYexpert_prior.py:628) Total Episode:   199 Steps:   18190 Episode Steps:   114 Return:  1.0000 FPS: 16.45
19:18:05.591 [INFO] (DIYexpert_prior.py:628) Total Episode:   200 Steps:   18219 Episode Steps:    29 Return: -1.0000 FPS: 10.81
19:18:08.444 [INFO] (DIYexpert_prior.py:628) Total Episode:   201 Steps:   18257 Episode Steps:    38 Return: -1.0000 FPS: 13.32
19:18:10.495 [INFO] (DIYexpert_prior.py:628) Total Episode:   202 Steps:   18282 Episode Steps:    25 Return: -1.0000 FPS: 12.20
19:18:17.159 [INFO] (DIYexpert_prior.py:628) Total Episode:   203 Steps:   18391 Episode Steps:   109 Return:  1.0000 FPS: 16.36
19:18:19.409 [INFO] (DIYexpert_prior.py:628) Total Episode:   204 Steps:   18421 Episode Steps:    30 Return: -1.0000 FPS: 13.34
19:18:25.938 [INFO] (DIYexpert_prior.py:628) Total Episode:   205 Steps:   18526 Episode Steps:   105 Return:  1.0000 FPS: 16.09
19:18:32.977 [INFO] (DIYexpert_prior.py:628) Total Episode:   206 Steps:   18642 Episode Steps:   116 Return:  1.0000 FPS: 16.48
19:18:34.935 [INFO] (DIYexpert_prior.py:628) Total Episode:   207 Steps:   18666 Episode Steps:    24 Return: -1.0000 FPS: 12.26
19:18:37.814 [INFO] (DIYexpert_prior.py:628) Total Episode:   208 Steps:   18706 Episode Steps:    40 Return: -1.0000 FPS: 13.90
19:18:44.271 [INFO] (DIYexpert_prior.py:628) Total Episode:   209 Steps:   18813 Episode Steps:   107 Return:  1.0000 FPS: 16.57
19:18:46.095 [INFO] (DIYexpert_prior.py:628) Total Episode:   210 Steps:   18835 Episode Steps:    22 Return: -1.0000 FPS: 12.07
19:18:52.861 [INFO] (DIYexpert_prior.py:628) Total Episode:   211 Steps:   18945 Episode Steps:   110 Return:  1.0000 FPS: 16.26
19:18:59.520 [INFO] (DIYexpert_prior.py:628) Total Episode:   212 Steps:   19054 Episode Steps:   109 Return:  1.0000 FPS: 16.37
19:19:06.079 [INFO] (DIYexpert_prior.py:628) Total Episode:   213 Steps:   19162 Episode Steps:   108 Return:  1.0000 FPS: 16.47
19:19:12.649 [INFO] (DIYexpert_prior.py:628) Total Episode:   214 Steps:   19268 Episode Steps:   106 Return:  1.0000 FPS: 16.14
19:19:14.957 [INFO] (DIYexpert_prior.py:628) Total Episode:   215 Steps:   19298 Episode Steps:    30 Return: -1.0000 FPS: 13.01
19:19:16.883 [INFO] (DIYexpert_prior.py:628) Total Episode:   216 Steps:   19322 Episode Steps:    24 Return: -1.0000 FPS: 12.47
19:19:18.708 [INFO] (DIYexpert_prior.py:628) Total Episode:   217 Steps:   19344 Episode Steps:    22 Return: -1.0000 FPS: 12.06
19:19:25.229 [INFO] (DIYexpert_prior.py:628) Total Episode:   218 Steps:   19451 Episode Steps:   107 Return:  1.0000 FPS: 16.41
19:19:27.219 [INFO] (DIYexpert_prior.py:628) Total Episode:   219 Steps:   19475 Episode Steps:    24 Return: -1.0000 FPS: 12.07
19:19:30.315 [INFO] (DIYexpert_prior.py:628) Total Episode:   220 Steps:   19516 Episode Steps:    41 Return: -1.0000 FPS: 13.25
19:19:32.463 [INFO] (DIYexpert_prior.py:628) Total Episode:   221 Steps:   19542 Episode Steps:    26 Return: -1.0000 FPS: 12.11
19:19:34.552 [INFO] (DIYexpert_prior.py:628) Total Episode:   222 Steps:   19568 Episode Steps:    26 Return: -1.0000 FPS: 12.45
19:19:40.985 [INFO] (DIYexpert_prior.py:628) Total Episode:   223 Steps:   19673 Episode Steps:   105 Return:  1.0000 FPS: 16.33
19:19:47.499 [INFO] (DIYexpert_prior.py:628) Total Episode:   224 Steps:   19781 Episode Steps:   108 Return:  1.0000 FPS: 16.58
19:19:54.168 [INFO] (DIYexpert_prior.py:628) Total Episode:   225 Steps:   19888 Episode Steps:   107 Return:  1.0000 FPS: 16.05
19:20:00.596 [INFO] (DIYexpert_prior.py:628) Total Episode:   226 Steps:   19993 Episode Steps:   105 Return:  1.0000 FPS: 16.34
19:20:07.178 [INFO] (DIYexpert_prior.py:628) Total Episode:   227 Steps:   20102 Episode Steps:   109 Return:  1.0000 FPS: 16.56
19:20:09.384 [INFO] (DIYexpert_prior.py:628) Total Episode:   228 Steps:   20131 Episode Steps:    29 Return: -1.0000 FPS: 13.15
19:20:15.725 [INFO] (DIYexpert_prior.py:628) Total Episode:   229 Steps:   20237 Episode Steps:   106 Return:  1.0000 FPS: 16.72
19:20:22.392 [INFO] (DIYexpert_prior.py:628) Total Episode:   230 Steps:   20347 Episode Steps:   110 Return:  1.0000 FPS: 16.50
19:20:24.488 [INFO] (DIYexpert_prior.py:628) Total Episode:   231 Steps:   20374 Episode Steps:    27 Return: -1.0000 FPS: 12.89
19:20:30.979 [INFO] (DIYexpert_prior.py:628) Total Episode:   232 Steps:   20481 Episode Steps:   107 Return:  1.0000 FPS: 16.49
19:20:37.572 [INFO] (DIYexpert_prior.py:628) Total Episode:   233 Steps:   20587 Episode Steps:   106 Return:  1.0000 FPS: 16.08
19:20:44.102 [INFO] (DIYexpert_prior.py:628) Total Episode:   234 Steps:   20693 Episode Steps:   106 Return:  1.0000 FPS: 16.24
19:20:50.939 [INFO] (DIYexpert_prior.py:628) Total Episode:   235 Steps:   20806 Episode Steps:   113 Return:  1.0000 FPS: 16.53
19:20:57.367 [INFO] (DIYexpert_prior.py:628) Total Episode:   236 Steps:   20913 Episode Steps:   107 Return:  1.0000 FPS: 16.65
19:20:59.653 [INFO] (DIYexpert_prior.py:628) Total Episode:   237 Steps:   20942 Episode Steps:    29 Return: -1.0000 FPS: 12.69
19:21:01.520 [INFO] (DIYexpert_prior.py:628) Total Episode:   238 Steps:   20965 Episode Steps:    23 Return: -1.0000 FPS: 12.32
19:21:15.074 [INFO] (DIYexpert_prior.py:628) Total Episode:   239 Steps:   21201 Episode Steps:   236 Return:  1.0000 FPS: 17.41
19:21:21.949 [INFO] (DIYexpert_prior.py:628) Total Episode:   240 Steps:   21311 Episode Steps:   110 Return:  1.0000 FPS: 16.00
19:21:24.174 [INFO] (DIYexpert_prior.py:628) Total Episode:   241 Steps:   21340 Episode Steps:    29 Return: -1.0000 FPS: 13.04
19:21:26.027 [INFO] (DIYexpert_prior.py:628) Total Episode:   242 Steps:   21362 Episode Steps:    22 Return: -1.0000 FPS: 11.88
19:21:28.248 [INFO] (DIYexpert_prior.py:628) Total Episode:   243 Steps:   21390 Episode Steps:    28 Return: -1.0000 FPS: 12.61
19:21:30.180 [INFO] (DIYexpert_prior.py:628) Total Episode:   244 Steps:   21412 Episode Steps:    22 Return: -1.0000 FPS: 11.39
19:21:36.615 [INFO] (DIYexpert_prior.py:628) Total Episode:   245 Steps:   21517 Episode Steps:   105 Return:  1.0000 FPS: 16.32
19:21:43.068 [INFO] (DIYexpert_prior.py:628) Total Episode:   246 Steps:   21622 Episode Steps:   105 Return:  1.0000 FPS: 16.27
19:21:49.431 [INFO] (DIYexpert_prior.py:628) Total Episode:   247 Steps:   21727 Episode Steps:   105 Return:  1.0000 FPS: 16.50
19:21:55.906 [INFO] (DIYexpert_prior.py:628) Total Episode:   248 Steps:   21831 Episode Steps:   104 Return:  1.0000 FPS: 16.06
19:21:57.700 [INFO] (DIYexpert_prior.py:628) Total Episode:   249 Steps:   21852 Episode Steps:    21 Return: -1.0000 FPS: 11.71
19:21:59.822 [INFO] (DIYexpert_prior.py:628) Total Episode:   250 Steps:   21874 Episode Steps:    22 Return: -1.0000 FPS: 10.40
19:22:06.650 [INFO] (DIYexpert_prior.py:628) Total Episode:   251 Steps:   21985 Episode Steps:   111 Return:  1.0000 FPS: 16.26
19:22:13.014 [INFO] (DIYexpert_prior.py:628) Total Episode:   252 Steps:   22089 Episode Steps:   104 Return:  1.0000 FPS: 16.34
19:22:15.090 [INFO] (DIYexpert_prior.py:628) Total Episode:   253 Steps:   22116 Episode Steps:    27 Return: -1.0000 FPS: 13.01
19:22:21.673 [INFO] (DIYexpert_prior.py:628) Total Episode:   254 Steps:   22224 Episode Steps:   108 Return:  1.0000 FPS: 16.41
19:22:23.588 [INFO] (DIYexpert_prior.py:628) Total Episode:   255 Steps:   22246 Episode Steps:    22 Return: -1.0000 FPS: 11.50
19:22:25.424 [INFO] (DIYexpert_prior.py:628) Total Episode:   256 Steps:   22267 Episode Steps:    21 Return: -1.0000 FPS: 11.45
19:22:27.282 [INFO] (DIYexpert_prior.py:628) Total Episode:   257 Steps:   22289 Episode Steps:    22 Return: -1.0000 FPS: 11.85
19:22:29.812 [INFO] (DIYexpert_prior.py:628) Total Episode:   258 Steps:   22320 Episode Steps:    31 Return: -1.0000 FPS: 12.26
19:22:36.172 [INFO] (DIYexpert_prior.py:628) Total Episode:   259 Steps:   22424 Episode Steps:   104 Return:  1.0000 FPS: 16.36
19:22:38.432 [INFO] (DIYexpert_prior.py:628) Total Episode:   260 Steps:   22452 Episode Steps:    28 Return: -1.0000 FPS: 12.40
19:22:44.949 [INFO] (DIYexpert_prior.py:628) Total Episode:   261 Steps:   22559 Episode Steps:   107 Return:  1.0000 FPS: 16.42
19:22:46.940 [INFO] (DIYexpert_prior.py:628) Total Episode:   262 Steps:   22584 Episode Steps:    25 Return: -1.0000 FPS: 12.56
19:22:53.687 [INFO] (DIYexpert_prior.py:628) Total Episode:   263 Steps:   22694 Episode Steps:   110 Return:  1.0000 FPS: 16.31
19:23:00.588 [INFO] (DIYexpert_prior.py:628) Total Episode:   264 Steps:   22805 Episode Steps:   111 Return:  1.0000 FPS: 16.09
19:23:07.576 [INFO] (DIYexpert_prior.py:628) Total Episode:   265 Steps:   22915 Episode Steps:   110 Return:  1.0000 FPS: 15.74
19:23:09.401 [INFO] (DIYexpert_prior.py:628) Total Episode:   266 Steps:   22937 Episode Steps:    22 Return: -1.0000 FPS: 12.06
19:23:11.731 [INFO] (DIYexpert_prior.py:628) Total Episode:   267 Steps:   22967 Episode Steps:    30 Return: -1.0000 FPS: 12.88
19:23:13.994 [INFO] (DIYexpert_prior.py:628) Total Episode:   268 Steps:   22996 Episode Steps:    29 Return: -1.0000 FPS: 12.82
19:23:15.841 [INFO] (DIYexpert_prior.py:628) Total Episode:   269 Steps:   23017 Episode Steps:    21 Return: -1.0000 FPS: 11.38
19:23:18.594 [INFO] (DIYexpert_prior.py:628) Total Episode:   270 Steps:   23055 Episode Steps:    38 Return: -1.0000 FPS: 13.81
19:23:25.378 [INFO] (DIYexpert_prior.py:628) Total Episode:   271 Steps:   23164 Episode Steps:   109 Return:  1.0000 FPS: 16.07
19:23:31.963 [INFO] (DIYexpert_prior.py:628) Total Episode:   272 Steps:   23269 Episode Steps:   105 Return:  1.0000 FPS: 15.95
19:23:38.564 [INFO] (DIYexpert_prior.py:628) Total Episode:   273 Steps:   23377 Episode Steps:   108 Return:  1.0000 FPS: 16.36
19:23:44.994 [INFO] (DIYexpert_prior.py:628) Total Episode:   274 Steps:   23480 Episode Steps:   103 Return:  1.0000 FPS: 16.02
19:23:51.386 [INFO] (DIYexpert_prior.py:628) Total Episode:   275 Steps:   23584 Episode Steps:   104 Return:  1.0000 FPS: 16.27
19:23:58.075 [INFO] (DIYexpert_prior.py:628) Total Episode:   276 Steps:   23689 Episode Steps:   105 Return:  1.0000 FPS: 15.70
19:24:05.071 [INFO] (DIYexpert_prior.py:628) Total Episode:   277 Steps:   23794 Episode Steps:   105 Return:  1.0000 FPS: 15.01
19:24:12.169 [INFO] (DIYexpert_prior.py:628) Total Episode:   278 Steps:   23906 Episode Steps:   112 Return:  1.0000 FPS: 15.78
19:24:18.851 [INFO] (DIYexpert_prior.py:628) Total Episode:   279 Steps:   24014 Episode Steps:   108 Return:  1.0000 FPS: 16.16
19:24:25.548 [INFO] (DIYexpert_prior.py:628) Total Episode:   280 Steps:   24121 Episode Steps:   107 Return:  1.0000 FPS: 15.98
19:24:32.263 [INFO] (DIYexpert_prior.py:628) Total Episode:   281 Steps:   24227 Episode Steps:   106 Return:  1.0000 FPS: 15.79
19:24:38.669 [INFO] (DIYexpert_prior.py:628) Total Episode:   282 Steps:   24331 Episode Steps:   104 Return:  1.0000 FPS: 16.24
19:24:45.424 [INFO] (DIYexpert_prior.py:628) Total Episode:   283 Steps:   24439 Episode Steps:   108 Return:  1.0000 FPS: 15.99
19:24:47.994 [INFO] (DIYexpert_prior.py:628) Total Episode:   284 Steps:   24473 Episode Steps:    34 Return: -1.0000 FPS: 13.24
19:24:54.781 [INFO] (DIYexpert_prior.py:628) Total Episode:   285 Steps:   24579 Episode Steps:   106 Return:  1.0000 FPS: 15.62
19:24:56.703 [INFO] (DIYexpert_prior.py:628) Total Episode:   286 Steps:   24602 Episode Steps:    23 Return: -1.0000 FPS: 11.97
19:25:03.505 [INFO] (DIYexpert_prior.py:628) Total Episode:   287 Steps:   24709 Episode Steps:   107 Return:  1.0000 FPS: 15.73
19:25:05.862 [INFO] (DIYexpert_prior.py:628) Total Episode:   288 Steps:   24739 Episode Steps:    30 Return: -1.0000 FPS: 12.73
19:25:12.633 [INFO] (DIYexpert_prior.py:628) Total Episode:   289 Steps:   24847 Episode Steps:   108 Return:  1.0000 FPS: 15.95
19:25:14.612 [INFO] (DIYexpert_prior.py:628) Total Episode:   290 Steps:   24870 Episode Steps:    23 Return: -1.0000 FPS: 11.63
19:25:21.197 [INFO] (DIYexpert_prior.py:628) Total Episode:   291 Steps:   24975 Episode Steps:   105 Return:  1.0000 FPS: 15.95
19:25:27.807 [INFO] (DIYexpert_prior.py:628) Total Episode:   292 Steps:   25080 Episode Steps:   105 Return:  1.0000 FPS: 15.89
19:25:29.704 [INFO] (DIYexpert_prior.py:628) Total Episode:   293 Steps:   25101 Episode Steps:    21 Return: -1.0000 FPS: 11.08
19:25:31.580 [INFO] (DIYexpert_prior.py:628) Total Episode:   294 Steps:   25123 Episode Steps:    22 Return: -1.0000 FPS: 11.73
19:25:38.103 [INFO] (DIYexpert_prior.py:628) Total Episode:   295 Steps:   25229 Episode Steps:   106 Return:  1.0000 FPS: 16.25
19:25:44.712 [INFO] (DIYexpert_prior.py:628) Total Episode:   296 Steps:   25335 Episode Steps:   106 Return:  1.0000 FPS: 16.04
19:25:51.278 [INFO] (DIYexpert_prior.py:628) Total Episode:   297 Steps:   25440 Episode Steps:   105 Return:  1.0000 FPS: 15.99
19:25:57.840 [INFO] (DIYexpert_prior.py:628) Total Episode:   298 Steps:   25544 Episode Steps:   104 Return:  1.0000 FPS: 15.85
19:26:04.457 [INFO] (DIYexpert_prior.py:628) Total Episode:   299 Steps:   25649 Episode Steps:   105 Return:  1.0000 FPS: 15.87
19:26:11.513 [INFO] (DIYexpert_prior.py:628) Total Episode:   300 Steps:   25757 Episode Steps:   108 Return:  1.0000 FPS: 15.31
19:26:18.063 [INFO] (DIYexpert_prior.py:628) Total Episode:   301 Steps:   25863 Episode Steps:   106 Return:  1.0000 FPS: 16.19
19:26:24.929 [INFO] (DIYexpert_prior.py:628) Total Episode:   302 Steps:   25972 Episode Steps:   109 Return:  1.0000 FPS: 15.88
19:26:26.808 [INFO] (DIYexpert_prior.py:628) Total Episode:   303 Steps:   25994 Episode Steps:    22 Return: -1.0000 FPS: 11.71
19:26:33.190 [INFO] (DIYexpert_prior.py:628) Total Episode:   304 Steps:   26098 Episode Steps:   104 Return:  1.0000 FPS: 16.30
19:26:43.470 [INFO] (DIYexpert_prior.py:628) Total Episode:   305 Steps:   26269 Episode Steps:   171 Return: -1.0000 FPS: 16.64
19:26:45.742 [INFO] (DIYexpert_prior.py:628) Total Episode:   306 Steps:   26297 Episode Steps:    28 Return: -1.0000 FPS: 12.33
19:26:52.502 [INFO] (DIYexpert_prior.py:628) Total Episode:   307 Steps:   26404 Episode Steps:   107 Return:  1.0000 FPS: 15.83
19:26:59.186 [INFO] (DIYexpert_prior.py:628) Total Episode:   308 Steps:   26511 Episode Steps:   107 Return:  1.0000 FPS: 16.01
19:27:00.948 [INFO] (DIYexpert_prior.py:628) Total Episode:   309 Steps:   26531 Episode Steps:    20 Return: -1.0000 FPS: 11.36
19:27:07.716 [INFO] (DIYexpert_prior.py:628) Total Episode:   310 Steps:   26641 Episode Steps:   110 Return:  1.0000 FPS: 16.26
19:27:09.861 [INFO] (DIYexpert_prior.py:628) Total Episode:   311 Steps:   26669 Episode Steps:    28 Return: -1.0000 FPS: 13.06
19:27:16.324 [INFO] (DIYexpert_prior.py:628) Total Episode:   312 Steps:   26775 Episode Steps:   106 Return:  1.0000 FPS: 16.40
19:27:18.789 [INFO] (DIYexpert_prior.py:628) Total Episode:   313 Steps:   26809 Episode Steps:    34 Return: -1.0000 FPS: 13.79
19:27:21.106 [INFO] (DIYexpert_prior.py:628) Total Episode:   314 Steps:   26839 Episode Steps:    30 Return: -1.0000 FPS: 12.96
19:27:27.884 [INFO] (DIYexpert_prior.py:628) Total Episode:   315 Steps:   26949 Episode Steps:   110 Return:  1.0000 FPS: 16.23
19:27:34.729 [INFO] (DIYexpert_prior.py:628) Total Episode:   316 Steps:   27058 Episode Steps:   109 Return:  1.0000 FPS: 15.93
19:27:36.522 [INFO] (DIYexpert_prior.py:628) Total Episode:   317 Steps:   27079 Episode Steps:    21 Return: -1.0000 FPS: 11.72
19:27:38.410 [INFO] (DIYexpert_prior.py:628) Total Episode:   318 Steps:   27102 Episode Steps:    23 Return: -1.0000 FPS: 12.18
19:27:40.227 [INFO] (DIYexpert_prior.py:628) Total Episode:   319 Steps:   27124 Episode Steps:    22 Return: -1.0000 FPS: 12.12
19:27:46.648 [INFO] (DIYexpert_prior.py:628) Total Episode:   320 Steps:   27229 Episode Steps:   105 Return:  1.0000 FPS: 16.35
19:27:48.737 [INFO] (DIYexpert_prior.py:628) Total Episode:   321 Steps:   27255 Episode Steps:    26 Return: -1.0000 FPS: 12.45
19:27:50.671 [INFO] (DIYexpert_prior.py:628) Total Episode:   322 Steps:   27278 Episode Steps:    23 Return: -1.0000 FPS: 11.90
19:27:57.262 [INFO] (DIYexpert_prior.py:628) Total Episode:   323 Steps:   27383 Episode Steps:   105 Return:  1.0000 FPS: 15.93
19:27:59.108 [INFO] (DIYexpert_prior.py:628) Total Episode:   324 Steps:   27405 Episode Steps:    22 Return: -1.0000 FPS: 11.92
19:28:05.643 [INFO] (DIYexpert_prior.py:628) Total Episode:   325 Steps:   27510 Episode Steps:   105 Return:  1.0000 FPS: 16.07
19:28:12.525 [INFO] (DIYexpert_prior.py:628) Total Episode:   326 Steps:   27617 Episode Steps:   107 Return:  1.0000 FPS: 15.55
19:28:19.106 [INFO] (DIYexpert_prior.py:628) Total Episode:   327 Steps:   27726 Episode Steps:   109 Return:  1.0000 FPS: 16.57
19:28:25.711 [INFO] (DIYexpert_prior.py:628) Total Episode:   328 Steps:   27831 Episode Steps:   105 Return:  1.0000 FPS: 15.90
19:28:32.210 [INFO] (DIYexpert_prior.py:628) Total Episode:   329 Steps:   27938 Episode Steps:   107 Return:  1.0000 FPS: 16.47
19:28:38.830 [INFO] (DIYexpert_prior.py:628) Total Episode:   330 Steps:   28045 Episode Steps:   107 Return:  1.0000 FPS: 16.17
19:28:45.382 [INFO] (DIYexpert_prior.py:628) Total Episode:   331 Steps:   28151 Episode Steps:   106 Return:  1.0000 FPS: 16.18
19:28:54.768 [INFO] (DIYexpert_prior.py:628) Total Episode:   332 Steps:   28309 Episode Steps:   158 Return: -1.0000 FPS: 16.84
19:28:56.567 [INFO] (DIYexpert_prior.py:628) Total Episode:   333 Steps:   28331 Episode Steps:    22 Return: -1.0000 FPS: 12.23
19:28:58.679 [INFO] (DIYexpert_prior.py:628) Total Episode:   334 Steps:   28358 Episode Steps:    27 Return: -1.0000 FPS: 12.79
19:29:05.422 [INFO] (DIYexpert_prior.py:628) Total Episode:   335 Steps:   28463 Episode Steps:   105 Return:  1.0000 FPS: 15.57
19:29:10.161 [INFO] (DIYexpert_prior.py:628) Total Episode:   336 Steps:   28535 Episode Steps:    72 Return: -1.0000 FPS: 15.20
19:29:16.761 [INFO] (DIYexpert_prior.py:628) Total Episode:   337 Steps:   28641 Episode Steps:   106 Return:  1.0000 FPS: 16.06
19:29:23.086 [INFO] (DIYexpert_prior.py:628) Total Episode:   338 Steps:   28746 Episode Steps:   105 Return:  1.0000 FPS: 16.60
19:29:29.871 [INFO] (DIYexpert_prior.py:628) Total Episode:   339 Steps:   28856 Episode Steps:   110 Return:  1.0000 FPS: 16.22
19:29:47.120 [INFO] (DIYexpert_prior.py:628) Total Episode:   340 Steps:   29161 Episode Steps:   305 Return:  1.0000 FPS: 17.68
19:29:53.590 [INFO] (DIYexpert_prior.py:628) Total Episode:   341 Steps:   29266 Episode Steps:   105 Return:  1.0000 FPS: 16.23
19:30:00.661 [INFO] (DIYexpert_prior.py:628) Total Episode:   342 Steps:   29382 Episode Steps:   116 Return:  0.0000 FPS: 16.41
19:30:07.156 [INFO] (DIYexpert_prior.py:628) Total Episode:   343 Steps:   29487 Episode Steps:   105 Return:  1.0000 FPS: 16.17
19:30:09.369 [INFO] (DIYexpert_prior.py:628) Total Episode:   344 Steps:   29514 Episode Steps:    27 Return: -1.0000 FPS: 12.21
19:30:15.892 [INFO] (DIYexpert_prior.py:628) Total Episode:   345 Steps:   29620 Episode Steps:   106 Return:  1.0000 FPS: 16.26
19:30:17.627 [INFO] (DIYexpert_prior.py:628) Total Episode:   346 Steps:   29640 Episode Steps:    20 Return: -1.0000 FPS: 11.53
19:30:23.988 [INFO] (DIYexpert_prior.py:628) Total Episode:   347 Steps:   29744 Episode Steps:   104 Return:  1.0000 FPS: 16.35
19:30:25.863 [INFO] (DIYexpert_prior.py:628) Total Episode:   348 Steps:   29767 Episode Steps:    23 Return: -1.0000 FPS: 12.27
19:30:27.688 [INFO] (DIYexpert_prior.py:628) Total Episode:   349 Steps:   29790 Episode Steps:    23 Return: -1.0000 FPS: 12.61
19:30:34.369 [INFO] (DIYexpert_prior.py:628) Total Episode:   350 Steps:   29895 Episode Steps:   105 Return:  1.0000 FPS: 15.72
19:30:40.915 [INFO] (DIYexpert_prior.py:628) Total Episode:   351 Steps:   30002 Episode Steps:   107 Return:  1.0000 FPS: 16.35
19:30:42.788 [INFO] (DIYexpert_prior.py:628) Total Episode:   352 Steps:   30024 Episode Steps:    22 Return: -1.0000 FPS: 11.75
19:30:49.399 [INFO] (DIYexpert_prior.py:628) Total Episode:   353 Steps:   30131 Episode Steps:   107 Return:  1.0000 FPS: 16.19
19:30:52.127 [INFO] (DIYexpert_prior.py:628) Total Episode:   354 Steps:   30165 Episode Steps:    34 Return: -1.0000 FPS: 12.47
19:30:53.996 [INFO] (DIYexpert_prior.py:628) Total Episode:   355 Steps:   30188 Episode Steps:    23 Return: -1.0000 FPS: 12.31
19:31:00.487 [INFO] (DIYexpert_prior.py:628) Total Episode:   356 Steps:   30294 Episode Steps:   106 Return:  1.0000 FPS: 16.34
19:31:07.098 [INFO] (DIYexpert_prior.py:628) Total Episode:   357 Steps:   30402 Episode Steps:   108 Return:  1.0000 FPS: 16.34
