16:08:49.694 [INFO] (trainer.py:160) Total Episode:     1 Steps:     216 Episode Steps:   216 Return:  0.0000 FPS: 23.59
16:08:55.805 [INFO] (trainer.py:160) Total Episode:     2 Steps:     509 Episode Steps:   293 Return:  1.0000 FPS: 47.96
16:08:57.269 [INFO] (trainer.py:160) Total Episode:     3 Steps:     548 Episode Steps:    39 Return: -1.0000 FPS: 26.66
16:09:00.098 [INFO] (trainer.py:160) Total Episode:     4 Steps:     683 Episode Steps:   135 Return: -1.0000 FPS: 47.73
16:09:03.776 [INFO] (trainer.py:160) Total Episode:     5 Steps:     867 Episode Steps:   184 Return:  0.0000 FPS: 50.05
16:09:08.048 [INFO] (trainer.py:160) Total Episode:     6 Steps:    1080 Episode Steps:   213 Return:  0.0000 FPS: 49.87
16:09:09.126 [INFO] (trainer.py:160) Total Episode:     7 Steps:    1106 Episode Steps:    26 Return: -1.0000 FPS: 24.15
16:09:10.551 [INFO] (trainer.py:160) Total Episode:     8 Steps:    1155 Episode Steps:    49 Return: -1.0000 FPS: 34.40
16:09:14.665 [INFO] (trainer.py:160) Total Episode:     9 Steps:    1368 Episode Steps:   213 Return:  0.0000 FPS: 51.79
16:09:15.847 [INFO] (trainer.py:160) Total Episode:    10 Steps:    1395 Episode Steps:    27 Return: -1.0000 FPS: 22.86
16:09:17.528 [INFO] (trainer.py:160) Total Episode:    11 Steps:    1457 Episode Steps:    62 Return: -1.0000 FPS: 36.91
16:09:21.332 [INFO] (trainer.py:160) Total Episode:    12 Steps:    1646 Episode Steps:   189 Return:  1.0000 FPS: 49.69
16:09:25.047 [INFO] (trainer.py:160) Total Episode:    13 Steps:    1838 Episode Steps:   192 Return:  0.0000 FPS: 51.70
16:09:26.736 [INFO] (trainer.py:160) Total Episode:    14 Steps:    1896 Episode Steps:    58 Return: -1.0000 FPS: 34.34
16:09:28.087 [INFO] (trainer.py:160) Total Episode:    15 Steps:    1938 Episode Steps:    42 Return: -1.0000 FPS: 31.12
16:09:29.560 [INFO] (trainer.py:160) Total Episode:    16 Steps:    1988 Episode Steps:    50 Return: -1.0000 FPS: 33.96
16:09:30.631 [INFO] (trainer.py:160) Total Episode:    17 Steps:    2014 Episode Steps:    26 Return: -1.0000 FPS: 24.29
16:09:35.008 [INFO] (trainer.py:160) Total Episode:    18 Steps:    2235 Episode Steps:   221 Return:  1.0000 FPS: 50.50
16:09:39.248 [INFO] (trainer.py:160) Total Episode:    19 Steps:    2450 Episode Steps:   215 Return:  0.0000 FPS: 50.72
16:09:40.381 [INFO] (trainer.py:160) Total Episode:    20 Steps:    2479 Episode Steps:    29 Return: -1.0000 FPS: 25.64
16:09:41.611 [INFO] (trainer.py:160) Total Episode:    21 Steps:    2517 Episode Steps:    38 Return: -1.0000 FPS: 30.92
16:09:45.572 [INFO] (trainer.py:160) Total Episode:    22 Steps:    2707 Episode Steps:   190 Return:  1.0000 FPS: 47.97
16:09:49.904 [INFO] (trainer.py:160) Total Episode:    23 Steps:    2920 Episode Steps:   213 Return:  0.0000 FPS: 49.18
16:09:53.903 [INFO] (trainer.py:160) Total Episode:    24 Steps:    3115 Episode Steps:   195 Return:  1.0000 FPS: 48.77
16:09:55.389 [INFO] (trainer.py:160) Total Episode:    25 Steps:    3160 Episode Steps:    45 Return: -1.0000 FPS: 30.31
16:09:59.954 [INFO] (trainer.py:160) Total Episode:    26 Steps:    3389 Episode Steps:   229 Return:  1.0000 FPS: 50.17
16:10:04.573 [INFO] (trainer.py:160) Total Episode:    27 Steps:    3596 Episode Steps:   207 Return:  1.0000 FPS: 44.82
16:10:07.726 [INFO] (trainer.py:160) Total Episode:    28 Steps:    3738 Episode Steps:   142 Return: -1.0000 FPS: 45.06
16:10:09.163 [INFO] (trainer.py:160) Total Episode:    29 Steps:    3785 Episode Steps:    47 Return: -1.0000 FPS: 32.73
16:10:13.800 [INFO] (trainer.py:160) Total Episode:    30 Steps:    4016 Episode Steps:   231 Return:  0.0000 FPS: 49.83
16:10:15.222 [INFO] (trainer.py:160) Total Episode:    31 Steps:    4062 Episode Steps:    46 Return: -1.0000 FPS: 32.36
16:10:19.008 [INFO] (trainer.py:160) Total Episode:    32 Steps:    4256 Episode Steps:   194 Return:  0.0000 FPS: 51.25
