23:37:51.757 [INFO] (trainer.py:160) Total Episode:     1 Steps:      26 Episode Steps:    26 Return: -0.7924 FPS:  3.96
23:37:55.942 [INFO] (trainer.py:160) Total Episode:     2 Steps:     239 Episode Steps:   213 Return:  1.0462 FPS: 50.92
23:37:59.610 [INFO] (trainer.py:160) Total Episode:     3 Steps:     427 Episode Steps:   188 Return:  1.9647 FPS: 51.27
23:38:03.739 [INFO] (trainer.py:160) Total Episode:     4 Steps:     644 Episode Steps:   217 Return:  1.0337 FPS: 52.57
23:38:07.491 [INFO] (trainer.py:160) Total Episode:     5 Steps:     835 Episode Steps:   191 Return:  1.0145 FPS: 50.92
23:38:11.389 [INFO] (trainer.py:160) Total Episode:     6 Steps:    1034 Episode Steps:   199 Return:  1.9640 FPS: 51.07
23:38:15.350 [INFO] (trainer.py:160) Total Episode:     7 Steps:    1240 Episode Steps:   206 Return:  1.9648 FPS: 52.03
23:38:19.083 [INFO] (trainer.py:160) Total Episode:     8 Steps:    1436 Episode Steps:   196 Return:  1.9614 FPS: 52.51
23:38:20.389 [INFO] (trainer.py:160) Total Episode:     9 Steps:    1462 Episode Steps:    26 Return: -0.7986 FPS: 19.94
23:38:23.963 [INFO] (trainer.py:160) Total Episode:    10 Steps:    1641 Episode Steps:   179 Return:  1.9609 FPS: 50.09
23:38:25.160 [INFO] (trainer.py:160) Total Episode:    11 Steps:    1668 Episode Steps:    27 Return: -0.8098 FPS: 22.58
23:38:29.290 [INFO] (trainer.py:160) Total Episode:    12 Steps:    1883 Episode Steps:   215 Return:  1.0200 FPS: 52.08
23:38:32.983 [INFO] (trainer.py:160) Total Episode:    13 Steps:    2072 Episode Steps:   189 Return:  1.9627 FPS: 51.19
23:38:34.117 [INFO] (trainer.py:160) Total Episode:    14 Steps:    2095 Episode Steps:    23 Return: -0.8040 FPS: 20.31
23:38:37.939 [INFO] (trainer.py:160) Total Episode:    15 Steps:    2288 Episode Steps:   193 Return:  1.9449 FPS: 50.50
23:38:42.154 [INFO] (trainer.py:160) Total Episode:    16 Steps:    2507 Episode Steps:   219 Return:  1.9661 FPS: 51.97
23:38:43.336 [INFO] (trainer.py:160) Total Episode:    17 Steps:    2535 Episode Steps:    28 Return: -0.7965 FPS: 23.72
23:38:47.284 [INFO] (trainer.py:160) Total Episode:    18 Steps:    2741 Episode Steps:   206 Return:  1.0193 FPS: 52.19
23:38:51.346 [INFO] (trainer.py:160) Total Episode:    19 Steps:    2949 Episode Steps:   208 Return:  1.9611 FPS: 51.22
23:38:55.091 [INFO] (trainer.py:160) Total Episode:    20 Steps:    3142 Episode Steps:   193 Return:  1.9608 FPS: 51.56
23:38:59.615 [INFO] (trainer.py:160) Total Episode:    21 Steps:    3379 Episode Steps:   237 Return:  1.0222 FPS: 52.40
23:39:03.810 [INFO] (trainer.py:160) Total Episode:    22 Steps:    3596 Episode Steps:   217 Return:  1.0201 FPS: 51.73
23:39:06.415 [INFO] (trainer.py:160) Total Episode:    23 Steps:    3723 Episode Steps:   127 Return: -0.3984 FPS: 48.78
23:39:10.534 [INFO] (trainer.py:160) Total Episode:    24 Steps:    3928 Episode Steps:   205 Return:  1.0184 FPS: 49.79
23:39:11.940 [INFO] (trainer.py:160) Total Episode:    25 Steps:    3972 Episode Steps:    44 Return: -0.7138 FPS: 31.33
23:39:16.111 [INFO] (trainer.py:160) Total Episode:    26 Steps:    4184 Episode Steps:   212 Return:  1.9631 FPS: 50.83
23:39:20.392 [INFO] (trainer.py:160) Total Episode:    27 Steps:    4404 Episode Steps:   220 Return:  1.0206 FPS: 51.41
23:39:24.380 [INFO] (trainer.py:160) Total Episode:    28 Steps:    4607 Episode Steps:   203 Return:  1.0202 FPS: 50.92
23:39:28.149 [INFO] (trainer.py:160) Total Episode:    29 Steps:    4796 Episode Steps:   189 Return:  1.9598 FPS: 50.16
23:39:31.736 [INFO] (trainer.py:160) Total Episode:    30 Steps:    4977 Episode Steps:   181 Return:  1.0183 FPS: 50.48
23:39:35.720 [INFO] (trainer.py:160) Total Episode:    31 Steps:    5010 Episode Steps:    33 Return: -0.7769 FPS:  8.29
23:40:10.093 [INFO] (trainer.py:160) Total Episode:    32 Steps:    5215 Episode Steps:   205 Return:  1.0215 FPS:  5.96
23:40:47.001 [INFO] (trainer.py:160) Total Episode:    33 Steps:    5437 Episode Steps:   222 Return:  1.0205 FPS:  6.02
23:41:21.820 [INFO] (trainer.py:160) Total Episode:    34 Steps:    5646 Episode Steps:   209 Return:  1.9625 FPS:  6.00
23:41:27.597 [INFO] (trainer.py:160) Total Episode:    35 Steps:    5677 Episode Steps:    31 Return: -0.7799 FPS:  5.37
23:41:59.658 [INFO] (trainer.py:160) Total Episode:    36 Steps:    5868 Episode Steps:   191 Return:  1.9586 FPS:  5.96
23:42:11.282 [INFO] (trainer.py:160) Total Episode:    37 Steps:    5934 Episode Steps:    66 Return: -0.7181 FPS:  5.68
23:42:44.954 [INFO] (trainer.py:160) Total Episode:    38 Steps:    6135 Episode Steps:   201 Return:  1.9603 FPS:  5.97
23:42:51.299 [INFO] (trainer.py:160) Total Episode:    39 Steps:    6169 Episode Steps:    34 Return: -0.7814 FPS:  5.36
23:43:24.333 [INFO] (trainer.py:160) Total Episode:    40 Steps:    6367 Episode Steps:   198 Return:  1.9630 FPS:  5.99
23:44:00.579 [INFO] (trainer.py:160) Total Episode:    41 Steps:    6584 Episode Steps:   217 Return:  1.0199 FPS:  5.99
23:44:34.708 [INFO] (trainer.py:160) Total Episode:    42 Steps:    6788 Episode Steps:   204 Return:  1.0229 FPS:  5.98
23:45:10.705 [INFO] (trainer.py:160) Total Episode:    43 Steps:    7003 Episode Steps:   215 Return:  1.0207 FPS:  5.97
23:45:47.046 [INFO] (trainer.py:160) Total Episode:    44 Steps:    7220 Episode Steps:   217 Return:  1.9619 FPS:  5.97
23:46:17.583 [INFO] (trainer.py:160) Total Episode:    45 Steps:    7402 Episode Steps:   182 Return:  1.9643 FPS:  5.96
23:46:50.078 [INFO] (trainer.py:160) Total Episode:    46 Steps:    7596 Episode Steps:   194 Return:  1.9642 FPS:  5.97
23:47:24.425 [INFO] (trainer.py:160) Total Episode:    47 Steps:    7800 Episode Steps:   204 Return:  1.9624 FPS:  5.94
23:47:55.543 [INFO] (trainer.py:160) Total Episode:    48 Steps:    7985 Episode Steps:   185 Return:  1.9644 FPS:  5.95
23:47:59.871 [INFO] (trainer.py:160) Total Episode:    49 Steps:    8007 Episode Steps:    22 Return: -0.8085 FPS:  5.08
23:48:05.037 [INFO] (trainer.py:160) Total Episode:    50 Steps:    8032 Episode Steps:    25 Return: -0.8094 FPS:  4.84
23:48:10.906 [INFO] (trainer.py:160) Total Episode:    51 Steps:    8063 Episode Steps:    31 Return: -0.7812 FPS:  5.28
23:48:49.155 [INFO] (trainer.py:160) Total Episode:    52 Steps:    8292 Episode Steps:   229 Return:  1.0163 FPS:  5.99
23:48:55.149 [INFO] (trainer.py:160) Total Episode:    53 Steps:    8324 Episode Steps:    32 Return: -0.7783 FPS:  5.34
23:48:59.662 [INFO] (trainer.py:160) Total Episode:    54 Steps:    8347 Episode Steps:    23 Return: -0.8080 FPS:  5.10
23:49:32.462 [INFO] (trainer.py:160) Total Episode:    55 Steps:    8541 Episode Steps:   194 Return:  1.9642 FPS:  5.91
23:50:03.675 [INFO] (trainer.py:160) Total Episode:    56 Steps:    8728 Episode Steps:   187 Return:  1.9642 FPS:  5.99
23:50:38.995 [INFO] (trainer.py:160) Total Episode:    57 Steps:    8939 Episode Steps:   211 Return:  1.0207 FPS:  5.97
23:50:45.127 [INFO] (trainer.py:160) Total Episode:    58 Steps:    8972 Episode Steps:    33 Return: -0.7801 FPS:  5.38
23:51:16.643 [INFO] (trainer.py:160) Total Episode:    59 Steps:    9160 Episode Steps:   188 Return:  1.9638 FPS:  5.97
23:51:48.171 [INFO] (trainer.py:160) Total Episode:    60 Steps:    9348 Episode Steps:   188 Return:  1.0182 FPS:  5.96
23:51:54.496 [INFO] (trainer.py:160) Total Episode:    61 Steps:    9382 Episode Steps:    34 Return: -0.7784 FPS:  5.38
23:52:29.957 [INFO] (trainer.py:160) Total Episode:    62 Steps:    9593 Episode Steps:   211 Return:  1.0227 FPS:  5.95
23:53:01.385 [INFO] (trainer.py:160) Total Episode:    63 Steps:    9779 Episode Steps:   186 Return:  1.9613 FPS:  5.92
23:53:06.592 [INFO] (trainer.py:160) Total Episode:    64 Steps:    9805 Episode Steps:    26 Return: -0.8127 FPS:  4.99
23:53:12.284 [INFO] (trainer.py:160) Total Episode:    65 Steps:    9835 Episode Steps:    30 Return: -0.7772 FPS:  5.27
23:53:48.066 [INFO] (trainer.py:160) Total Episode:    66 Steps:   10047 Episode Steps:   212 Return:  1.0215 FPS:  5.92
23:54:24.332 [INFO] (trainer.py:160) Total Episode:    67 Steps:   10263 Episode Steps:   216 Return:  1.9651 FPS:  5.96
23:54:58.155 [INFO] (trainer.py:160) Total Episode:    68 Steps:   10463 Episode Steps:   200 Return:  1.9605 FPS:  5.91
23:55:33.383 [INFO] (trainer.py:160) Total Episode:    69 Steps:   10672 Episode Steps:   209 Return:  1.0143 FPS:  5.93
23:55:38.236 [INFO] (trainer.py:160) Total Episode:    70 Steps:   10697 Episode Steps:    25 Return: -0.8107 FPS:  5.15
23:55:44.929 [INFO] (trainer.py:160) Total Episode:    71 Steps:   10733 Episode Steps:    36 Return: -0.7903 FPS:  5.38
23:56:23.605 [INFO] (trainer.py:160) Total Episode:    72 Steps:   10964 Episode Steps:   231 Return:  1.0200 FPS:  5.97
23:57:03.290 [INFO] (trainer.py:160) Total Episode:    73 Steps:   11201 Episode Steps:   237 Return:  1.9606 FPS:  5.97
23:57:36.603 [INFO] (trainer.py:160) Total Episode:    74 Steps:   11399 Episode Steps:   198 Return:  1.0187 FPS:  5.94
23:58:10.199 [INFO] (trainer.py:160) Total Episode:    75 Steps:   11599 Episode Steps:   200 Return:  1.0197 FPS:  5.95
23:58:49.986 [INFO] (trainer.py:160) Total Episode:    76 Steps:   11837 Episode Steps:   238 Return:  1.9643 FPS:  5.98
23:59:24.311 [INFO] (trainer.py:160) Total Episode:    77 Steps:   12041 Episode Steps:   204 Return:  1.0188 FPS:  5.94
23:59:29.694 [INFO] (trainer.py:160) Total Episode:    78 Steps:   12069 Episode Steps:    28 Return: -0.8033 FPS:  5.20
00:00:06.010 [INFO] (trainer.py:160) Total Episode:    79 Steps:   12285 Episode Steps:   216 Return:  1.0185 FPS:  5.95
00:00:41.981 [INFO] (trainer.py:160) Total Episode:    80 Steps:   12500 Episode Steps:   215 Return:  1.9631 FPS:  5.98
00:01:17.661 [INFO] (trainer.py:160) Total Episode:    81 Steps:   12712 Episode Steps:   212 Return:  1.0167 FPS:  5.94
00:01:55.237 [INFO] (trainer.py:160) Total Episode:    82 Steps:   12936 Episode Steps:   224 Return:  1.9703 FPS:  5.96
00:02:27.146 [INFO] (trainer.py:160) Total Episode:    83 Steps:   13126 Episode Steps:   190 Return:  1.9616 FPS:  5.95
00:02:32.134 [INFO] (trainer.py:160) Total Episode:    84 Steps:   13152 Episode Steps:    26 Return: -0.8119 FPS:  5.21
00:03:07.501 [INFO] (trainer.py:160) Total Episode:    85 Steps:   13362 Episode Steps:   210 Return:  1.0260 FPS:  5.94
00:03:40.096 [INFO] (trainer.py:160) Total Episode:    86 Steps:   13556 Episode Steps:   194 Return:  1.9606 FPS:  5.95
00:04:13.310 [INFO] (trainer.py:160) Total Episode:    87 Steps:   13754 Episode Steps:   198 Return:  1.9607 FPS:  5.96
00:04:50.166 [INFO] (trainer.py:160) Total Episode:    88 Steps:   13974 Episode Steps:   220 Return:  1.0177 FPS:  5.97
00:05:18.794 [INFO] (trainer.py:160) Total Episode:    89 Steps:   14143 Episode Steps:   169 Return: -0.2967 FPS:  5.90
00:05:31.886 [INFO] (trainer.py:160) Total Episode:    90 Steps:   14218 Episode Steps:    75 Return: -0.7561 FPS:  5.73
00:06:07.179 [INFO] (trainer.py:160) Total Episode:    91 Steps:   14428 Episode Steps:   210 Return:  1.0189 FPS:  5.95
00:06:48.189 [INFO] (trainer.py:160) Total Episode:    92 Steps:   14673 Episode Steps:   245 Return:  1.0181 FPS:  5.97
00:07:25.578 [INFO] (trainer.py:160) Total Episode:    93 Steps:   14895 Episode Steps:   222 Return:  1.0203 FPS:  5.94
00:07:30.766 [INFO] (trainer.py:160) Total Episode:    94 Steps:   14922 Episode Steps:    27 Return: -0.8130 FPS:  5.21
00:08:03.616 [INFO] (trainer.py:160) Total Episode:    95 Steps:   15117 Episode Steps:   195 Return:  1.9627 FPS:  5.94
00:08:37.775 [INFO] (trainer.py:160) Total Episode:    96 Steps:   15320 Episode Steps:   203 Return:  1.0186 FPS:  5.94
00:09:10.415 [INFO] (trainer.py:160) Total Episode:    97 Steps:   15513 Episode Steps:   193 Return:  1.9624 FPS:  5.91
00:09:41.311 [INFO] (trainer.py:160) Total Episode:    98 Steps:   15697 Episode Steps:   184 Return: -0.0696 FPS:  5.96
00:10:16.728 [INFO] (trainer.py:160) Total Episode:    99 Steps:   15908 Episode Steps:   211 Return:  1.9599 FPS:  5.96
00:10:24.190 [INFO] (trainer.py:160) Total Episode:   100 Steps:   15947 Episode Steps:    39 Return: -0.7788 FPS:  5.23
00:10:58.157 [INFO] (trainer.py:160) Total Episode:   101 Steps:   16150 Episode Steps:   203 Return:  1.9653 FPS:  5.98
00:11:35.294 [INFO] (trainer.py:160) Total Episode:   102 Steps:   16372 Episode Steps:   222 Return:  1.9613 FPS:  5.98
00:12:06.542 [INFO] (trainer.py:160) Total Episode:   103 Steps:   16558 Episode Steps:   186 Return:  1.9657 FPS:  5.95
00:12:40.488 [INFO] (trainer.py:160) Total Episode:   104 Steps:   16760 Episode Steps:   202 Return:  1.9601 FPS:  5.95
00:13:14.405 [INFO] (trainer.py:160) Total Episode:   105 Steps:   16962 Episode Steps:   202 Return:  1.9645 FPS:  5.96
00:13:55.093 [INFO] (trainer.py:160) Total Episode:   106 Steps:   17206 Episode Steps:   244 Return:  1.9615 FPS:  6.00
00:14:35.501 [INFO] (trainer.py:160) Total Episode:   107 Steps:   17447 Episode Steps:   241 Return:  1.0164 FPS:  5.96
00:15:12.889 [INFO] (trainer.py:160) Total Episode:   108 Steps:   17670 Episode Steps:   223 Return:  1.9625 FPS:  5.96
00:15:49.950 [INFO] (trainer.py:160) Total Episode:   109 Steps:   17892 Episode Steps:   222 Return:  1.0229 FPS:  5.99
00:16:23.824 [INFO] (trainer.py:160) Total Episode:   110 Steps:   18094 Episode Steps:   202 Return:  1.9638 FPS:  5.96
00:17:06.249 [INFO] (trainer.py:160) Total Episode:   111 Steps:   18349 Episode Steps:   255 Return:  1.0204 FPS:  6.01
00:17:48.985 [INFO] (trainer.py:160) Total Episode:   112 Steps:   18604 Episode Steps:   255 Return:  1.9628 FPS:  5.97
00:18:14.371 [INFO] (trainer.py:160) Total Episode:   113 Steps:   18755 Episode Steps:   151 Return: -0.3983 FPS:  5.95
00:18:51.258 [INFO] (trainer.py:160) Total Episode:   114 Steps:   18975 Episode Steps:   220 Return:  1.0185 FPS:  5.96
00:19:34.683 [INFO] (trainer.py:160) Total Episode:   115 Steps:   19234 Episode Steps:   259 Return:  1.9641 FPS:  5.96
00:20:14.518 [INFO] (trainer.py:160) Total Episode:   116 Steps:   19471 Episode Steps:   237 Return:  1.9607 FPS:  5.95
00:20:50.500 [INFO] (trainer.py:160) Total Episode:   117 Steps:   19685 Episode Steps:   214 Return:  1.9592 FPS:  5.95
00:21:28.941 [INFO] (trainer.py:160) Total Episode:   118 Steps:   19914 Episode Steps:   229 Return:  1.9618 FPS:  5.96
00:21:59.407 [INFO] (trainer.py:160) Total Episode:   119 Steps:   20096 Episode Steps:   182 Return:  1.9680 FPS:  5.97
00:22:40.895 [INFO] (trainer.py:160) Total Episode:   120 Steps:   20344 Episode Steps:   248 Return:  1.9654 FPS:  5.98
00:23:45.071 [INFO] (trainer.py:160) Total Episode:   121 Steps:   20730 Episode Steps:   386 Return:  1.9405 FPS:  6.01
00:24:51.238 [INFO] (trainer.py:160) Total Episode:   122 Steps:   21129 Episode Steps:   399 Return:  0.8632 FPS:  6.03
00:25:36.777 [INFO] (trainer.py:160) Total Episode:   123 Steps:   21403 Episode Steps:   274 Return:  1.9646 FPS:  6.02
00:26:18.967 [INFO] (trainer.py:160) Total Episode:   124 Steps:   21655 Episode Steps:   252 Return:  1.9643 FPS:  5.97
00:27:16.568 [INFO] (trainer.py:160) Total Episode:   125 Steps:   22003 Episode Steps:   348 Return:  2.3435 FPS:  6.04
00:27:58.790 [INFO] (trainer.py:160) Total Episode:   126 Steps:   22255 Episode Steps:   252 Return:  1.9694 FPS:  5.97
00:28:05.818 [INFO] (trainer.py:160) Total Episode:   127 Steps:   22293 Episode Steps:    38 Return: -0.7805 FPS:  5.41
00:28:44.198 [INFO] (trainer.py:160) Total Episode:   128 Steps:   22522 Episode Steps:   229 Return:  1.9599 FPS:  5.97
00:29:09.721 [INFO] (trainer.py:160) Total Episode:   129 Steps:   22673 Episode Steps:   151 Return:  1.9591 FPS:  5.92
00:29:44.306 [INFO] (trainer.py:160) Total Episode:   130 Steps:   22880 Episode Steps:   207 Return:  1.9612 FPS:  5.99
00:30:26.396 [INFO] (trainer.py:160) Total Episode:   131 Steps:   23134 Episode Steps:   254 Return:  1.3816 FPS:  6.03
00:30:59.074 [INFO] (trainer.py:160) Total Episode:   132 Steps:   23328 Episode Steps:   194 Return:  1.9629 FPS:  5.94
00:31:21.942 [INFO] (trainer.py:160) Total Episode:   133 Steps:   23462 Episode Steps:   134 Return: -0.7477 FPS:  5.86
00:32:05.178 [INFO] (trainer.py:160) Total Episode:   134 Steps:   23722 Episode Steps:   260 Return:  1.0169 FPS:  6.01
00:32:43.368 [INFO] (trainer.py:160) Total Episode:   135 Steps:   23950 Episode Steps:   228 Return:  1.0208 FPS:  5.97
00:33:15.284 [INFO] (trainer.py:160) Total Episode:   136 Steps:   24140 Episode Steps:   190 Return:  1.9659 FPS:  5.95
00:33:51.862 [INFO] (trainer.py:160) Total Episode:   137 Steps:   24359 Episode Steps:   219 Return:  1.9648 FPS:  5.99
00:34:16.922 [INFO] (trainer.py:160) Total Episode:   138 Steps:   24507 Episode Steps:   148 Return:  1.9642 FPS:  5.91
00:34:57.931 [INFO] (trainer.py:160) Total Episode:   139 Steps:   24753 Episode Steps:   246 Return:  1.4055 FPS:  6.00
00:35:34.972 [INFO] (trainer.py:160) Total Episode:   140 Steps:   24975 Episode Steps:   222 Return:  1.0166 FPS:  5.99
00:36:16.753 [INFO] (trainer.py:160) Total Episode:   141 Steps:   25226 Episode Steps:   251 Return:  1.0187 FPS:  6.01
00:36:46.207 [INFO] (trainer.py:160) Total Episode:   142 Steps:   25401 Episode Steps:   175 Return:  1.9593 FPS:  5.94
00:37:25.553 [INFO] (trainer.py:160) Total Episode:   143 Steps:   25636 Episode Steps:   235 Return:  1.9622 FPS:  5.97
00:38:16.817 [INFO] (trainer.py:160) Total Episode:   144 Steps:   25945 Episode Steps:   309 Return:  2.3425 FPS:  6.03
00:38:57.162 [INFO] (trainer.py:160) Total Episode:   145 Steps:   26187 Episode Steps:   242 Return:  1.0163 FPS:  6.00
00:39:35.210 [INFO] (trainer.py:160) Total Episode:   146 Steps:   26414 Episode Steps:   227 Return:  1.0242 FPS:  5.97
00:39:42.294 [INFO] (trainer.py:160) Total Episode:   147 Steps:   26453 Episode Steps:    39 Return: -0.7038 FPS:  5.51
00:40:07.933 [INFO] (trainer.py:160) Total Episode:   148 Steps:   26606 Episode Steps:   153 Return:  1.0155 FPS:  5.97
00:40:36.098 [INFO] (trainer.py:160) Total Episode:   149 Steps:   26773 Episode Steps:   167 Return:  1.9636 FPS:  5.93
00:41:08.933 [INFO] (trainer.py:160) Total Episode:   150 Steps:   26968 Episode Steps:   195 Return:  1.9611 FPS:  5.94
00:41:50.334 [INFO] (trainer.py:160) Total Episode:   151 Steps:   27216 Episode Steps:   248 Return:  1.0151 FPS:  5.99
00:42:36.491 [INFO] (trainer.py:160) Total Episode:   152 Steps:   27494 Episode Steps:   278 Return:  1.0154 FPS:  6.02
00:43:06.239 [INFO] (trainer.py:160) Total Episode:   153 Steps:   27672 Episode Steps:   178 Return:  1.9656 FPS:  5.98
00:43:40.662 [INFO] (trainer.py:160) Total Episode:   154 Steps:   27878 Episode Steps:   206 Return:  1.9680 FPS:  5.98
00:43:45.654 [INFO] (trainer.py:160) Total Episode:   155 Steps:   27904 Episode Steps:    26 Return: -0.8129 FPS:  5.21
00:43:51.335 [INFO] (trainer.py:160) Total Episode:   156 Steps:   27934 Episode Steps:    30 Return: -0.8126 FPS:  5.28
00:44:18.867 [INFO] (trainer.py:160) Total Episode:   157 Steps:   28098 Episode Steps:   164 Return:  1.9618 FPS:  5.96
00:44:24.122 [INFO] (trainer.py:160) Total Episode:   158 Steps:   28125 Episode Steps:    27 Return: -0.8098 FPS:  5.14
00:44:48.767 [INFO] (trainer.py:160) Total Episode:   159 Steps:   28271 Episode Steps:   146 Return:  1.0255 FPS:  5.92
00:44:53.472 [INFO] (trainer.py:160) Total Episode:   160 Steps:   28295 Episode Steps:    24 Return: -0.8125 FPS:  5.10
00:45:14.593 [INFO] (trainer.py:160) Total Episode:   161 Steps:   28420 Episode Steps:   125 Return:  1.9643 FPS:  5.92
00:45:36.726 [INFO] (trainer.py:160) Total Episode:   162 Steps:   28551 Episode Steps:   131 Return:  1.9601 FPS:  5.92
00:46:05.040 [INFO] (trainer.py:160) Total Episode:   163 Steps:   28720 Episode Steps:   169 Return:  1.9641 FPS:  5.97
00:46:33.790 [INFO] (trainer.py:160) Total Episode:   164 Steps:   28891 Episode Steps:   171 Return:  1.9706 FPS:  5.95
00:46:56.320 [INFO] (trainer.py:160) Total Episode:   165 Steps:   29024 Episode Steps:   133 Return: -0.7123 FPS:  5.90
00:47:37.516 [INFO] (trainer.py:160) Total Episode:   166 Steps:   29271 Episode Steps:   247 Return:  1.9737 FPS:  6.00
00:48:29.659 [INFO] (trainer.py:160) Total Episode:   167 Steps:   29584 Episode Steps:   313 Return:  1.0139 FPS:  6.00
00:49:16.699 [INFO] (trainer.py:160) Total Episode:   168 Steps:   29867 Episode Steps:   283 Return:  1.0202 FPS:  6.02
00:49:54.030 [INFO] (trainer.py:160) Total Episode:   169 Steps:   30090 Episode Steps:   223 Return:  1.9698 FPS:  5.97
00:50:23.459 [INFO] (trainer.py:160) Total Episode:   170 Steps:   30265 Episode Steps:   175 Return:  1.9601 FPS:  5.95
00:51:04.040 [INFO] (trainer.py:160) Total Episode:   171 Steps:   30509 Episode Steps:   244 Return:  1.3900 FPS:  6.01
00:51:34.163 [INFO] (trainer.py:160) Total Episode:   172 Steps:   30689 Episode Steps:   180 Return:  1.9437 FPS:  5.98
00:51:56.451 [INFO] (trainer.py:160) Total Episode:   173 Steps:   30821 Episode Steps:   132 Return:  1.9600 FPS:  5.92
00:52:04.073 [INFO] (trainer.py:160) Total Episode:   174 Steps:   30863 Episode Steps:    42 Return: -0.7744 FPS:  5.51
00:52:24.478 [INFO] (trainer.py:160) Total Episode:   175 Steps:   30983 Episode Steps:   120 Return:  1.9646 FPS:  5.88
00:53:06.812 [INFO] (trainer.py:160) Total Episode:   176 Steps:   31237 Episode Steps:   254 Return:  1.0139 FPS:  6.00
00:53:35.731 [INFO] (trainer.py:160) Total Episode:   177 Steps:   31409 Episode Steps:   172 Return:  1.0191 FPS:  5.95
00:54:10.458 [INFO] (trainer.py:160) Total Episode:   178 Steps:   31616 Episode Steps:   207 Return:  1.9731 FPS:  5.96
00:54:47.870 [INFO] (trainer.py:160) Total Episode:   179 Steps:   31841 Episode Steps:   225 Return:  1.0173 FPS:  6.01
00:55:14.086 [INFO] (trainer.py:160) Total Episode:   180 Steps:   31996 Episode Steps:   155 Return:  1.9576 FPS:  5.91
00:55:43.656 [INFO] (trainer.py:160) Total Episode:   181 Steps:   32172 Episode Steps:   176 Return:  1.0107 FPS:  5.95
00:56:09.600 [INFO] (trainer.py:160) Total Episode:   182 Steps:   32326 Episode Steps:   154 Return:  1.9641 FPS:  5.94
00:56:37.319 [INFO] (trainer.py:160) Total Episode:   183 Steps:   32491 Episode Steps:   165 Return:  1.0158 FPS:  5.95
00:57:00.950 [INFO] (trainer.py:160) Total Episode:   184 Steps:   32631 Episode Steps:   140 Return:  1.9628 FPS:  5.92
00:57:36.895 [INFO] (trainer.py:160) Total Episode:   185 Steps:   32846 Episode Steps:   215 Return:  1.9729 FPS:  5.98
00:58:22.554 [INFO] (trainer.py:160) Total Episode:   186 Steps:   33121 Episode Steps:   275 Return:  1.9846 FPS:  6.02
00:58:51.555 [INFO] (trainer.py:160) Total Episode:   187 Steps:   33294 Episode Steps:   173 Return:  1.9628 FPS:  5.97
00:59:32.098 [INFO] (trainer.py:160) Total Episode:   188 Steps:   33537 Episode Steps:   243 Return:  1.9748 FPS:  5.99
01:00:00.178 [INFO] (trainer.py:160) Total Episode:   189 Steps:   33704 Episode Steps:   167 Return:  1.9616 FPS:  5.95
01:00:29.947 [INFO] (trainer.py:160) Total Episode:   190 Steps:   33882 Episode Steps:   178 Return:  1.9630 FPS:  5.98
01:01:13.710 [INFO] (trainer.py:160) Total Episode:   191 Steps:   34144 Episode Steps:   262 Return:  1.0156 FPS:  5.99
01:01:40.207 [INFO] (trainer.py:160) Total Episode:   192 Steps:   34302 Episode Steps:   158 Return:  1.9628 FPS:  5.96
01:01:51.125 [INFO] (trainer.py:160) Total Episode:   193 Steps:   34364 Episode Steps:    62 Return: -0.7444 FPS:  5.68
01:02:20.019 [INFO] (trainer.py:160) Total Episode:   194 Steps:   34536 Episode Steps:   172 Return:  1.9724 FPS:  5.95
01:02:43.318 [INFO] (trainer.py:160) Total Episode:   195 Steps:   34674 Episode Steps:   138 Return:  1.9708 FPS:  5.92
01:03:10.779 [INFO] (trainer.py:160) Total Episode:   196 Steps:   34837 Episode Steps:   163 Return:  1.9646 FPS:  5.94
01:03:37.241 [INFO] (trainer.py:160) Total Episode:   197 Steps:   34994 Episode Steps:   157 Return:  1.9697 FPS:  5.93
01:04:01.480 [INFO] (trainer.py:160) Total Episode:   198 Steps:   35138 Episode Steps:   144 Return:  1.9643 FPS:  5.94
01:04:27.138 [INFO] (trainer.py:160) Total Episode:   199 Steps:   35290 Episode Steps:   152 Return:  1.0240 FPS:  5.92
01:04:51.821 [INFO] (trainer.py:160) Total Episode:   200 Steps:   35435 Episode Steps:   145 Return:  1.9631 FPS:  5.87
01:05:30.310 [INFO] (trainer.py:160) Total Episode:   201 Steps:   35665 Episode Steps:   230 Return:  1.0154 FPS:  5.98
01:05:56.626 [INFO] (trainer.py:160) Total Episode:   202 Steps:   35822 Episode Steps:   157 Return:  1.9626 FPS:  5.97
01:06:22.810 [INFO] (trainer.py:160) Total Episode:   203 Steps:   35978 Episode Steps:   156 Return:  1.0284 FPS:  5.96
01:06:48.878 [INFO] (trainer.py:160) Total Episode:   204 Steps:   36133 Episode Steps:   155 Return:  1.9638 FPS:  5.95
01:07:13.743 [INFO] (trainer.py:160) Total Episode:   205 Steps:   36281 Episode Steps:   148 Return:  1.9608 FPS:  5.95
01:07:42.462 [INFO] (trainer.py:160) Total Episode:   206 Steps:   36453 Episode Steps:   172 Return:  1.9653 FPS:  5.99
01:08:21.771 [INFO] (trainer.py:160) Total Episode:   207 Steps:   36688 Episode Steps:   235 Return:  1.4062 FPS:  5.98
01:08:49.217 [INFO] (trainer.py:160) Total Episode:   208 Steps:   36852 Episode Steps:   164 Return:  1.9452 FPS:  5.98
01:09:17.100 [INFO] (trainer.py:160) Total Episode:   209 Steps:   37017 Episode Steps:   165 Return:  1.9490 FPS:  5.92
01:09:43.844 [INFO] (trainer.py:160) Total Episode:   210 Steps:   37176 Episode Steps:   159 Return:  1.0243 FPS:  5.95
01:10:08.704 [INFO] (trainer.py:160) Total Episode:   211 Steps:   37324 Episode Steps:   148 Return:  1.0120 FPS:  5.95
01:10:34.051 [INFO] (trainer.py:160) Total Episode:   212 Steps:   37475 Episode Steps:   151 Return:  1.0132 FPS:  5.96
01:11:03.402 [INFO] (trainer.py:160) Total Episode:   213 Steps:   37650 Episode Steps:   175 Return:  1.0165 FPS:  5.96
01:11:28.229 [INFO] (trainer.py:160) Total Episode:   214 Steps:   37797 Episode Steps:   147 Return:  1.9628 FPS:  5.92
01:11:57.870 [INFO] (trainer.py:160) Total Episode:   215 Steps:   37974 Episode Steps:   177 Return:  1.0199 FPS:  5.97
01:12:23.459 [INFO] (trainer.py:160) Total Episode:   216 Steps:   38126 Episode Steps:   152 Return:  1.0224 FPS:  5.94
01:12:52.970 [INFO] (trainer.py:160) Total Episode:   217 Steps:   38302 Episode Steps:   176 Return:  1.9377 FPS:  5.96
01:13:01.542 [INFO] (trainer.py:160) Total Episode:   218 Steps:   38350 Episode Steps:    48 Return: -0.6473 FPS:  5.60
01:13:24.781 [INFO] (trainer.py:160) Total Episode:   219 Steps:   38487 Episode Steps:   137 Return:  1.9675 FPS:  5.90
01:13:50.428 [INFO] (trainer.py:160) Total Episode:   220 Steps:   38641 Episode Steps:   154 Return:  1.0255 FPS:  6.00
01:14:45.082 [INFO] (trainer.py:160) Total Episode:   221 Steps:   38971 Episode Steps:   330 Return:  1.9490 FPS:  6.04
01:15:27.329 [INFO] (trainer.py:160) Total Episode:   222 Steps:   39225 Episode Steps:   254 Return:  1.0173 FPS:  6.01
01:15:49.122 [INFO] (trainer.py:160) Total Episode:   223 Steps:   39353 Episode Steps:   128 Return:  1.9577 FPS:  5.87
01:16:11.883 [INFO] (trainer.py:160) Total Episode:   224 Steps:   39488 Episode Steps:   135 Return: -0.0596 FPS:  5.93
01:16:18.031 [INFO] (trainer.py:160) Total Episode:   225 Steps:   39521 Episode Steps:    33 Return: -0.7609 FPS:  5.37
01:16:40.022 [INFO] (trainer.py:160) Total Episode:   226 Steps:   39651 Episode Steps:   130 Return:  1.9495 FPS:  5.91
01:16:59.089 [INFO] (trainer.py:160) Total Episode:   227 Steps:   39763 Episode Steps:   112 Return:  0.9381 FPS:  5.88
01:17:18.273 [INFO] (trainer.py:160) Total Episode:   228 Steps:   39876 Episode Steps:   113 Return:  1.9646 FPS:  5.89
01:17:24.384 [INFO] (trainer.py:160) Total Episode:   229 Steps:   39909 Episode Steps:    33 Return: -0.7301 FPS:  5.40
01:17:27.730 [INFO] (trainer.py:160) Total Episode:   230 Steps:   39925 Episode Steps:    16 Return: -0.8498 FPS:  4.78
01:17:34.519 [INFO] (trainer.py:160) Total Episode:   231 Steps:   39962 Episode Steps:    37 Return: -0.6818 FPS:  5.45
01:18:03.053 [INFO] (trainer.py:160) Total Episode:   232 Steps:   40132 Episode Steps:   170 Return:  1.9630 FPS:  5.96
01:18:23.322 [INFO] (trainer.py:160) Total Episode:   233 Steps:   40252 Episode Steps:   120 Return:  1.0196 FPS:  5.92
01:19:05.107 [INFO] (trainer.py:160) Total Episode:   234 Steps:   40502 Episode Steps:   250 Return:  1.0180 FPS:  5.98
01:19:29.018 [INFO] (trainer.py:160) Total Episode:   235 Steps:   40644 Episode Steps:   142 Return:  1.0154 FPS:  5.94
01:19:51.324 [INFO] (trainer.py:160) Total Episode:   236 Steps:   40775 Episode Steps:   131 Return:  1.0161 FPS:  5.87
01:20:16.232 [INFO] (trainer.py:160) Total Episode:   237 Steps:   40923 Episode Steps:   148 Return:  1.9655 FPS:  5.94
01:20:50.540 [INFO] (trainer.py:160) Total Episode:   238 Steps:   41129 Episode Steps:   206 Return:  1.0151 FPS:  6.00
01:21:18.774 [INFO] (trainer.py:160) Total Episode:   239 Steps:   41297 Episode Steps:   168 Return:  1.0205 FPS:  5.95
01:21:25.236 [INFO] (trainer.py:160) Total Episode:   240 Steps:   41331 Episode Steps:    34 Return: -0.7559 FPS:  5.26
01:21:46.243 [INFO] (trainer.py:160) Total Episode:   241 Steps:   41455 Episode Steps:   124 Return:  1.0139 FPS:  5.90
01:21:51.278 [INFO] (trainer.py:160) Total Episode:   242 Steps:   41481 Episode Steps:    26 Return: -0.8131 FPS:  5.17
01:22:29.121 [INFO] (trainer.py:160) Total Episode:   243 Steps:   41709 Episode Steps:   228 Return:  1.3739 FPS:  6.03
01:22:34.097 [INFO] (trainer.py:160) Total Episode:   244 Steps:   41735 Episode Steps:    26 Return: -0.8128 FPS:  5.23
01:22:58.246 [INFO] (trainer.py:160) Total Episode:   245 Steps:   41878 Episode Steps:   143 Return:  1.0190 FPS:  5.92
01:23:23.124 [INFO] (trainer.py:160) Total Episode:   246 Steps:   42025 Episode Steps:   147 Return:  1.0314 FPS:  5.91
01:23:46.772 [INFO] (trainer.py:160) Total Episode:   247 Steps:   42165 Episode Steps:   140 Return:  1.0185 FPS:  5.92
01:24:10.173 [INFO] (trainer.py:160) Total Episode:   248 Steps:   42305 Episode Steps:   140 Return:  1.0204 FPS:  5.98
01:24:34.774 [INFO] (trainer.py:160) Total Episode:   249 Steps:   42451 Episode Steps:   146 Return:  1.0183 FPS:  5.93
01:24:58.725 [INFO] (trainer.py:160) Total Episode:   250 Steps:   42592 Episode Steps:   141 Return:  1.9639 FPS:  5.89
01:25:15.302 [INFO] (trainer.py:160) Total Episode:   251 Steps:   42689 Episode Steps:    97 Return: -0.4078 FPS:  5.85
01:25:35.748 [INFO] (trainer.py:160) Total Episode:   252 Steps:   42810 Episode Steps:   121 Return:  1.9669 FPS:  5.92
01:26:00.298 [INFO] (trainer.py:160) Total Episode:   253 Steps:   42955 Episode Steps:   145 Return:  1.0202 FPS:  5.91
01:26:31.574 [INFO] (trainer.py:160) Total Episode:   254 Steps:   43143 Episode Steps:   188 Return:  1.3587 FPS:  6.01
01:27:00.018 [INFO] (trainer.py:160) Total Episode:   255 Steps:   43312 Episode Steps:   169 Return:  1.0144 FPS:  5.94
01:27:23.292 [INFO] (trainer.py:160) Total Episode:   256 Steps:   43450 Episode Steps:   138 Return:  1.9677 FPS:  5.93
01:27:49.573 [INFO] (trainer.py:160) Total Episode:   257 Steps:   43605 Episode Steps:   155 Return:  1.0125 FPS:  5.90
01:28:13.950 [INFO] (trainer.py:160) Total Episode:   258 Steps:   43749 Episode Steps:   144 Return:  1.0192 FPS:  5.91
01:28:21.075 [INFO] (trainer.py:160) Total Episode:   259 Steps:   43788 Episode Steps:    39 Return: -0.8123 FPS:  5.47
01:28:44.181 [INFO] (trainer.py:160) Total Episode:   260 Steps:   43925 Episode Steps:   137 Return:  1.9549 FPS:  5.93
01:29:07.551 [INFO] (trainer.py:160) Total Episode:   261 Steps:   44063 Episode Steps:   138 Return:  1.0234 FPS:  5.91
01:29:33.972 [INFO] (trainer.py:160) Total Episode:   262 Steps:   44220 Episode Steps:   157 Return:  1.0167 FPS:  5.94
01:29:58.072 [INFO] (trainer.py:160) Total Episode:   263 Steps:   44362 Episode Steps:   142 Return:  1.9631 FPS:  5.89
01:30:20.096 [INFO] (trainer.py:160) Total Episode:   264 Steps:   44492 Episode Steps:   130 Return:  1.9459 FPS:  5.90
01:30:41.956 [INFO] (trainer.py:160) Total Episode:   265 Steps:   44621 Episode Steps:   129 Return:  1.0208 FPS:  5.90
01:31:03.513 [INFO] (trainer.py:160) Total Episode:   266 Steps:   44749 Episode Steps:   128 Return:  1.0182 FPS:  5.94
01:31:29.586 [INFO] (trainer.py:160) Total Episode:   267 Steps:   44904 Episode Steps:   155 Return:  1.0349 FPS:  5.95
01:31:56.644 [INFO] (trainer.py:160) Total Episode:   268 Steps:   45065 Episode Steps:   161 Return:  1.0252 FPS:  5.95
01:32:21.060 [INFO] (trainer.py:160) Total Episode:   269 Steps:   45210 Episode Steps:   145 Return:  1.0185 FPS:  5.94
01:32:47.539 [INFO] (trainer.py:160) Total Episode:   270 Steps:   45367 Episode Steps:   157 Return:  1.0224 FPS:  5.93
01:33:08.380 [INFO] (trainer.py:160) Total Episode:   271 Steps:   45490 Episode Steps:   123 Return:  1.9664 FPS:  5.90
01:33:31.568 [INFO] (trainer.py:160) Total Episode:   272 Steps:   45627 Episode Steps:   137 Return:  1.9440 FPS:  5.91
01:34:14.709 [INFO] (trainer.py:160) Total Episode:   273 Steps:   45884 Episode Steps:   257 Return:  1.9409 FPS:  5.96
01:34:47.041 [INFO] (trainer.py:160) Total Episode:   274 Steps:   46076 Episode Steps:   192 Return:  1.9700 FPS:  5.94
01:35:15.542 [INFO] (trainer.py:160) Total Episode:   275 Steps:   46246 Episode Steps:   170 Return:  1.3752 FPS:  5.96
01:35:39.839 [INFO] (trainer.py:160) Total Episode:   276 Steps:   46390 Episode Steps:   144 Return:  1.0241 FPS:  5.93
01:36:01.076 [INFO] (trainer.py:160) Total Episode:   277 Steps:   46515 Episode Steps:   125 Return:  1.0166 FPS:  5.89
01:36:23.731 [INFO] (trainer.py:160) Total Episode:   278 Steps:   46649 Episode Steps:   134 Return:  1.9465 FPS:  5.92
01:36:45.646 [INFO] (trainer.py:160) Total Episode:   279 Steps:   46778 Episode Steps:   129 Return:  1.9452 FPS:  5.89
01:37:15.137 [INFO] (trainer.py:160) Total Episode:   280 Steps:   46954 Episode Steps:   176 Return:  1.9609 FPS:  5.97
01:37:36.197 [INFO] (trainer.py:160) Total Episode:   281 Steps:   47078 Episode Steps:   124 Return:  1.9626 FPS:  5.89
01:37:57.948 [INFO] (trainer.py:160) Total Episode:   282 Steps:   47207 Episode Steps:   129 Return:  1.9507 FPS:  5.93
01:38:28.436 [INFO] (trainer.py:160) Total Episode:   283 Steps:   47390 Episode Steps:   183 Return:  2.3191 FPS:  6.00
01:38:53.688 [INFO] (trainer.py:160) Total Episode:   284 Steps:   47540 Episode Steps:   150 Return:  1.9730 FPS:  5.94
01:39:15.320 [INFO] (trainer.py:160) Total Episode:   285 Steps:   47668 Episode Steps:   128 Return:  1.0225 FPS:  5.92
01:39:42.672 [INFO] (trainer.py:160) Total Episode:   286 Steps:   47831 Episode Steps:   163 Return: -0.7503 FPS:  5.96
01:40:12.832 [INFO] (trainer.py:160) Total Episode:   287 Steps:   48012 Episode Steps:   181 Return:  1.9559 FPS:  6.00
01:40:32.684 [INFO] (trainer.py:160) Total Episode:   288 Steps:   48129 Episode Steps:   117 Return:  1.9485 FPS:  5.89
01:40:52.776 [INFO] (trainer.py:160) Total Episode:   289 Steps:   48247 Episode Steps:   118 Return:  1.9675 FPS:  5.87
01:41:13.221 [INFO] (trainer.py:160) Total Episode:   290 Steps:   48367 Episode Steps:   120 Return:  1.9402 FPS:  5.87
01:41:34.772 [INFO] (trainer.py:160) Total Episode:   291 Steps:   48494 Episode Steps:   127 Return:  1.9623 FPS:  5.89
01:41:53.602 [INFO] (trainer.py:160) Total Episode:   292 Steps:   48604 Episode Steps:   110 Return:  1.9531 FPS:  5.84
01:42:15.789 [INFO] (trainer.py:160) Total Episode:   293 Steps:   48735 Episode Steps:   131 Return:  1.9692 FPS:  5.90
01:42:25.741 [INFO] (trainer.py:160) Total Episode:   294 Steps:   48791 Episode Steps:    56 Return:  0.4140 FPS:  5.63
01:42:47.909 [INFO] (trainer.py:160) Total Episode:   295 Steps:   48922 Episode Steps:   131 Return:  1.9697 FPS:  5.91
01:43:10.253 [INFO] (trainer.py:160) Total Episode:   296 Steps:   49054 Episode Steps:   132 Return:  1.9509 FPS:  5.91
01:43:29.510 [INFO] (trainer.py:160) Total Episode:   297 Steps:   49167 Episode Steps:   113 Return:  1.9360 FPS:  5.87
01:43:48.102 [INFO] (trainer.py:160) Total Episode:   298 Steps:   49276 Episode Steps:   109 Return:  1.9358 FPS:  5.86
01:44:08.516 [INFO] (trainer.py:160) Total Episode:   299 Steps:   49396 Episode Steps:   120 Return:  1.9397 FPS:  5.88
01:44:19.203 [INFO] (trainer.py:160) Total Episode:   300 Steps:   49455 Episode Steps:    59 Return:  0.4099 FPS:  5.52
01:44:30.765 [INFO] (trainer.py:160) Total Episode:   301 Steps:   49521 Episode Steps:    66 Return:  0.4336 FPS:  5.71
01:44:53.033 [INFO] (trainer.py:160) Total Episode:   302 Steps:   49653 Episode Steps:   132 Return:  1.9419 FPS:  5.93
01:45:12.298 [INFO] (trainer.py:160) Total Episode:   303 Steps:   49766 Episode Steps:   113 Return:  1.9666 FPS:  5.87
01:45:22.443 [INFO] (trainer.py:160) Total Episode:   304 Steps:   49824 Episode Steps:    58 Return:  0.4098 FPS:  5.72
01:45:32.924 [INFO] (trainer.py:160) Total Episode:   305 Steps:   49882 Episode Steps:    58 Return: -0.6237 FPS:  5.53
01:45:53.506 [INFO] (trainer.py:160) Total Episode:   306 Steps:   50003 Episode Steps:   121 Return:  1.9318 FPS:  5.88
01:46:13.836 [INFO] (trainer.py:160) Total Episode:   307 Steps:   50123 Episode Steps:   120 Return:  1.9418 FPS:  5.90
01:46:36.049 [INFO] (trainer.py:160) Total Episode:   308 Steps:   50254 Episode Steps:   131 Return:  1.0207 FPS:  5.90
01:46:55.702 [INFO] (trainer.py:160) Total Episode:   309 Steps:   50370 Episode Steps:   116 Return:  1.9328 FPS:  5.90
01:47:14.931 [INFO] (trainer.py:160) Total Episode:   310 Steps:   50483 Episode Steps:   113 Return:  1.9365 FPS:  5.88
01:47:33.516 [INFO] (trainer.py:160) Total Episode:   311 Steps:   50592 Episode Steps:   109 Return:  1.9451 FPS:  5.87
01:47:43.866 [INFO] (trainer.py:160) Total Episode:   312 Steps:   50651 Episode Steps:    59 Return:  0.4278 FPS:  5.70
01:48:11.479 [INFO] (trainer.py:160) Total Episode:   313 Steps:   50815 Episode Steps:   164 Return:  2.3195 FPS:  5.94
01:48:30.150 [INFO] (trainer.py:160) Total Episode:   314 Steps:   50924 Episode Steps:   109 Return:  0.9361 FPS:  5.84
01:48:51.113 [INFO] (trainer.py:160) Total Episode:   315 Steps:   51048 Episode Steps:   124 Return:  1.9367 FPS:  5.92
01:49:15.559 [INFO] (trainer.py:160) Total Episode:   316 Steps:   51193 Episode Steps:   145 Return:  1.9448 FPS:  5.93
01:49:37.531 [INFO] (trainer.py:160) Total Episode:   317 Steps:   51323 Episode Steps:   130 Return:  1.9678 FPS:  5.92
01:49:57.308 [INFO] (trainer.py:160) Total Episode:   318 Steps:   51439 Episode Steps:   116 Return:  1.9428 FPS:  5.87
01:50:16.496 [INFO] (trainer.py:160) Total Episode:   319 Steps:   51552 Episode Steps:   113 Return:  1.9348 FPS:  5.89
01:50:36.276 [INFO] (trainer.py:160) Total Episode:   320 Steps:   51669 Episode Steps:   117 Return:  1.9403 FPS:  5.92
01:50:57.918 [INFO] (trainer.py:160) Total Episode:   321 Steps:   51797 Episode Steps:   128 Return:  1.9415 FPS:  5.91
01:51:24.261 [INFO] (trainer.py:160) Total Episode:   322 Steps:   51953 Episode Steps:   156 Return:  1.9724 FPS:  5.92
01:51:48.922 [INFO] (trainer.py:160) Total Episode:   323 Steps:   52099 Episode Steps:   146 Return:  1.9678 FPS:  5.92
01:52:08.627 [INFO] (trainer.py:160) Total Episode:   324 Steps:   52215 Episode Steps:   116 Return:  1.9447 FPS:  5.89
01:52:28.001 [INFO] (trainer.py:160) Total Episode:   325 Steps:   52329 Episode Steps:   114 Return:  1.9418 FPS:  5.88
01:52:52.284 [INFO] (trainer.py:160) Total Episode:   326 Steps:   52472 Episode Steps:   143 Return:  1.0507 FPS:  5.89
01:52:57.451 [INFO] (trainer.py:160) Total Episode:   327 Steps:   52499 Episode Steps:    27 Return: -0.7886 FPS:  5.23
01:53:17.357 [INFO] (trainer.py:160) Total Episode:   328 Steps:   52616 Episode Steps:   117 Return:  1.9748 FPS:  5.88
01:53:36.957 [INFO] (trainer.py:160) Total Episode:   329 Steps:   52731 Episode Steps:   115 Return:  1.9417 FPS:  5.87
01:53:56.016 [INFO] (trainer.py:160) Total Episode:   330 Steps:   52843 Episode Steps:   112 Return:  1.9341 FPS:  5.88
01:54:16.081 [INFO] (trainer.py:160) Total Episode:   331 Steps:   52961 Episode Steps:   118 Return:  1.9661 FPS:  5.88
01:54:22.093 [INFO] (trainer.py:160) Total Episode:   332 Steps:   52993 Episode Steps:    32 Return: -0.8080 FPS:  5.32
01:54:42.290 [INFO] (trainer.py:160) Total Episode:   333 Steps:   53112 Episode Steps:   119 Return:  1.9336 FPS:  5.89
01:55:01.513 [INFO] (trainer.py:160) Total Episode:   334 Steps:   53225 Episode Steps:   113 Return:  1.9341 FPS:  5.88
01:55:20.513 [INFO] (trainer.py:160) Total Episode:   335 Steps:   53337 Episode Steps:   112 Return:  1.9352 FPS:  5.90
01:55:42.033 [INFO] (trainer.py:160) Total Episode:   336 Steps:   53464 Episode Steps:   127 Return:  1.9677 FPS:  5.90
01:56:02.875 [INFO] (trainer.py:160) Total Episode:   337 Steps:   53587 Episode Steps:   123 Return:  1.9324 FPS:  5.90
01:56:26.156 [INFO] (trainer.py:160) Total Episode:   338 Steps:   53724 Episode Steps:   137 Return:  1.9366 FPS:  5.89
01:56:48.648 [INFO] (trainer.py:160) Total Episode:   339 Steps:   53857 Episode Steps:   133 Return:  1.9345 FPS:  5.91
01:57:13.231 [INFO] (trainer.py:160) Total Episode:   340 Steps:   54002 Episode Steps:   145 Return:  1.9394 FPS:  5.90
01:57:34.489 [INFO] (trainer.py:160) Total Episode:   341 Steps:   54128 Episode Steps:   126 Return:  1.9429 FPS:  5.93
01:57:56.259 [INFO] (trainer.py:160) Total Episode:   342 Steps:   54256 Episode Steps:   128 Return:  1.9341 FPS:  5.88
01:58:19.671 [INFO] (trainer.py:160) Total Episode:   343 Steps:   54394 Episode Steps:   138 Return:  1.9490 FPS:  5.89
01:58:43.659 [INFO] (trainer.py:160) Total Episode:   344 Steps:   54536 Episode Steps:   142 Return:  1.9465 FPS:  5.92
01:59:04.795 [INFO] (trainer.py:160) Total Episode:   345 Steps:   54661 Episode Steps:   125 Return:  1.9390 FPS:  5.91
01:59:13.685 [INFO] (trainer.py:160) Total Episode:   346 Steps:   54711 Episode Steps:    50 Return: -0.7475 FPS:  5.62
01:59:38.365 [INFO] (trainer.py:160) Total Episode:   347 Steps:   54858 Episode Steps:   147 Return:  1.0185 FPS:  5.96
01:59:57.941 [INFO] (trainer.py:160) Total Episode:   348 Steps:   54973 Episode Steps:   115 Return:  1.9411 FPS:  5.87
02:00:17.739 [INFO] (trainer.py:160) Total Episode:   349 Steps:   55090 Episode Steps:   117 Return:  1.9361 FPS:  5.91
02:00:36.899 [INFO] (trainer.py:160) Total Episode:   350 Steps:   55201 Episode Steps:   111 Return:  1.9422 FPS:  5.79
02:00:57.594 [INFO] (trainer.py:160) Total Episode:   351 Steps:   55323 Episode Steps:   122 Return:  1.9423 FPS:  5.90
02:01:02.500 [INFO] (trainer.py:160) Total Episode:   352 Steps:   55348 Episode Steps:    25 Return: -0.8102 FPS:  5.10
02:01:21.678 [INFO] (trainer.py:160) Total Episode:   353 Steps:   55461 Episode Steps:   113 Return:  1.9358 FPS:  5.89
02:01:40.741 [INFO] (trainer.py:160) Total Episode:   354 Steps:   55573 Episode Steps:   112 Return:  1.9422 FPS:  5.88
02:01:59.287 [INFO] (trainer.py:160) Total Episode:   355 Steps:   55681 Episode Steps:   108 Return:  1.9338 FPS:  5.82
02:02:18.410 [INFO] (trainer.py:160) Total Episode:   356 Steps:   55793 Episode Steps:   112 Return:  1.9392 FPS:  5.86
02:02:38.518 [INFO] (trainer.py:160) Total Episode:   357 Steps:   55911 Episode Steps:   118 Return:  1.9456 FPS:  5.87
02:02:59.317 [INFO] (trainer.py:160) Total Episode:   358 Steps:   56034 Episode Steps:   123 Return:  1.9344 FPS:  5.91
02:03:18.972 [INFO] (trainer.py:160) Total Episode:   359 Steps:   56150 Episode Steps:   116 Return:  1.9415 FPS:  5.90
02:03:23.928 [INFO] (trainer.py:160) Total Episode:   360 Steps:   56176 Episode Steps:    26 Return: -0.8026 FPS:  5.25
02:03:54.830 [INFO] (trainer.py:160) Total Episode:   361 Steps:   56361 Episode Steps:   185 Return:  2.3516 FPS:  5.99
02:04:14.179 [INFO] (trainer.py:160) Total Episode:   362 Steps:   56475 Episode Steps:   114 Return:  1.9414 FPS:  5.89
02:04:33.774 [INFO] (trainer.py:160) Total Episode:   363 Steps:   56591 Episode Steps:   116 Return:  1.9664 FPS:  5.92
02:04:52.952 [INFO] (trainer.py:160) Total Episode:   364 Steps:   56704 Episode Steps:   113 Return:  1.9321 FPS:  5.89
02:05:12.942 [INFO] (trainer.py:160) Total Episode:   365 Steps:   56822 Episode Steps:   118 Return:  1.9395 FPS:  5.90
02:05:34.322 [INFO] (trainer.py:160) Total Episode:   366 Steps:   56948 Episode Steps:   126 Return:  1.9383 FPS:  5.89
02:05:39.850 [INFO] (trainer.py:160) Total Episode:   367 Steps:   56977 Episode Steps:    29 Return: -0.7998 FPS:  5.25
02:06:06.265 [INFO] (trainer.py:160) Total Episode:   368 Steps:   57134 Episode Steps:   157 Return:  2.2966 FPS:  5.94
02:06:25.492 [INFO] (trainer.py:160) Total Episode:   369 Steps:   57247 Episode Steps:   113 Return:  1.9435 FPS:  5.88
02:06:34.094 [INFO] (trainer.py:160) Total Episode:   370 Steps:   57295 Episode Steps:    48 Return: -0.7833 FPS:  5.58
02:06:53.139 [INFO] (trainer.py:160) Total Episode:   371 Steps:   57406 Episode Steps:   111 Return:  1.9350 FPS:  5.83
02:06:58.792 [INFO] (trainer.py:160) Total Episode:   372 Steps:   57436 Episode Steps:    30 Return: -0.7972 FPS:  5.31
02:07:08.272 [INFO] (trainer.py:160) Total Episode:   373 Steps:   57489 Episode Steps:    53 Return: -0.6520 FPS:  5.59
02:07:28.416 [INFO] (trainer.py:160) Total Episode:   374 Steps:   57608 Episode Steps:   119 Return:  1.9368 FPS:  5.91
02:07:33.525 [INFO] (trainer.py:160) Total Episode:   375 Steps:   57635 Episode Steps:    27 Return: -0.8001 FPS:  5.29
02:07:53.358 [INFO] (trainer.py:160) Total Episode:   376 Steps:   57751 Episode Steps:   116 Return:  1.9617 FPS:  5.85
02:08:12.680 [INFO] (trainer.py:160) Total Episode:   377 Steps:   57864 Episode Steps:   113 Return:  1.9382 FPS:  5.85
02:08:31.496 [INFO] (trainer.py:160) Total Episode:   378 Steps:   57974 Episode Steps:   110 Return:  1.9401 FPS:  5.85
02:08:52.042 [INFO] (trainer.py:160) Total Episode:   379 Steps:   58095 Episode Steps:   121 Return:  1.9396 FPS:  5.89
02:09:11.426 [INFO] (trainer.py:160) Total Episode:   380 Steps:   58209 Episode Steps:   114 Return:  1.9447 FPS:  5.88
02:09:21.356 [INFO] (trainer.py:160) Total Episode:   381 Steps:   58265 Episode Steps:    56 Return: -0.6896 FPS:  5.64
02:09:40.221 [INFO] (trainer.py:160) Total Episode:   382 Steps:   58376 Episode Steps:   111 Return:  1.9403 FPS:  5.88
02:09:46.822 [INFO] (trainer.py:160) Total Episode:   383 Steps:   58412 Episode Steps:    36 Return: -0.7833 FPS:  5.45
02:10:05.370 [INFO] (trainer.py:160) Total Episode:   384 Steps:   58521 Episode Steps:   109 Return:  1.9397 FPS:  5.88
02:10:25.073 [INFO] (trainer.py:160) Total Episode:   385 Steps:   58638 Episode Steps:   117 Return:  1.9349 FPS:  5.94
02:10:44.356 [INFO] (trainer.py:160) Total Episode:   386 Steps:   58751 Episode Steps:   113 Return:  1.9388 FPS:  5.86
02:11:03.666 [INFO] (trainer.py:160) Total Episode:   387 Steps:   58864 Episode Steps:   113 Return:  1.9416 FPS:  5.85
02:11:24.331 [INFO] (trainer.py:160) Total Episode:   388 Steps:   58986 Episode Steps:   122 Return:  1.9435 FPS:  5.90
02:11:43.685 [INFO] (trainer.py:160) Total Episode:   389 Steps:   59099 Episode Steps:   113 Return:  1.9397 FPS:  5.84
02:12:03.055 [INFO] (trainer.py:160) Total Episode:   390 Steps:   59213 Episode Steps:   114 Return:  1.9334 FPS:  5.89
02:12:22.070 [INFO] (trainer.py:160) Total Episode:   391 Steps:   59325 Episode Steps:   112 Return:  1.9371 FPS:  5.89
02:12:41.858 [INFO] (trainer.py:160) Total Episode:   392 Steps:   59441 Episode Steps:   116 Return:  1.9434 FPS:  5.86
02:13:00.384 [INFO] (trainer.py:160) Total Episode:   393 Steps:   59550 Episode Steps:   109 Return:  1.9345 FPS:  5.88
02:13:20.929 [INFO] (trainer.py:160) Total Episode:   394 Steps:   59671 Episode Steps:   121 Return:  1.9328 FPS:  5.89
02:13:40.629 [INFO] (trainer.py:160) Total Episode:   395 Steps:   59787 Episode Steps:   116 Return:  1.9357 FPS:  5.89
02:14:15.542 [INFO] (trainer.py:160) Total Episode:   396 Steps:   59995 Episode Steps:   208 Return:  1.9384 FPS:  5.96
02:14:35.420 [INFO] (trainer.py:160) Total Episode:   397 Steps:   60112 Episode Steps:   117 Return:  1.9356 FPS:  5.89
02:14:54.955 [INFO] (trainer.py:160) Total Episode:   398 Steps:   60227 Episode Steps:   115 Return:  1.9418 FPS:  5.89
02:15:15.892 [INFO] (trainer.py:160) Total Episode:   399 Steps:   60350 Episode Steps:   123 Return:  1.9343 FPS:  5.88
02:15:34.955 [INFO] (trainer.py:160) Total Episode:   400 Steps:   60460 Episode Steps:   110 Return:  1.9366 FPS:  5.77
02:15:53.703 [INFO] (trainer.py:160) Total Episode:   401 Steps:   60570 Episode Steps:   110 Return:  1.9326 FPS:  5.87
02:16:12.568 [INFO] (trainer.py:160) Total Episode:   402 Steps:   60681 Episode Steps:   111 Return:  1.9381 FPS:  5.88
02:16:31.159 [INFO] (trainer.py:160) Total Episode:   403 Steps:   60790 Episode Steps:   109 Return:  1.9387 FPS:  5.86
02:16:54.680 [INFO] (trainer.py:160) Total Episode:   404 Steps:   60930 Episode Steps:   140 Return:  1.9367 FPS:  5.95
02:17:05.425 [INFO] (trainer.py:160) Total Episode:   405 Steps:   60990 Episode Steps:    60 Return: -0.7097 FPS:  5.58
02:17:25.291 [INFO] (trainer.py:160) Total Episode:   406 Steps:   61107 Episode Steps:   117 Return:  1.9365 FPS:  5.89
02:17:44.538 [INFO] (trainer.py:160) Total Episode:   407 Steps:   61220 Episode Steps:   113 Return:  1.9378 FPS:  5.87
02:18:02.950 [INFO] (trainer.py:160) Total Episode:   408 Steps:   61328 Episode Steps:   108 Return:  1.9425 FPS:  5.87
02:18:21.555 [INFO] (trainer.py:160) Total Episode:   409 Steps:   61437 Episode Steps:   109 Return:  1.9363 FPS:  5.86
02:18:41.057 [INFO] (trainer.py:160) Total Episode:   410 Steps:   61552 Episode Steps:   115 Return:  1.9365 FPS:  5.90
02:19:03.306 [INFO] (trainer.py:160) Total Episode:   411 Steps:   61683 Episode Steps:   131 Return:  1.9681 FPS:  5.89
02:19:23.267 [INFO] (trainer.py:160) Total Episode:   412 Steps:   61800 Episode Steps:   117 Return:  1.9354 FPS:  5.86
02:19:42.767 [INFO] (trainer.py:160) Total Episode:   413 Steps:   61915 Episode Steps:   115 Return:  1.9392 FPS:  5.90
02:20:01.115 [INFO] (trainer.py:160) Total Episode:   414 Steps:   62023 Episode Steps:   108 Return:  1.9415 FPS:  5.89
02:20:20.862 [INFO] (trainer.py:160) Total Episode:   415 Steps:   62139 Episode Steps:   116 Return:  1.9519 FPS:  5.87
02:20:25.682 [INFO] (trainer.py:160) Total Episode:   416 Steps:   62164 Episode Steps:    25 Return: -0.8114 FPS:  5.19
02:20:45.320 [INFO] (trainer.py:160) Total Episode:   417 Steps:   62279 Episode Steps:   115 Return:  1.9392 FPS:  5.86
02:21:04.594 [INFO] (trainer.py:160) Total Episode:   418 Steps:   62393 Episode Steps:   114 Return:  1.9423 FPS:  5.92
02:21:20.807 [INFO] (trainer.py:160) Total Episode:   419 Steps:   62488 Episode Steps:    95 Return: -0.4988 FPS:  5.86
02:21:44.541 [INFO] (trainer.py:160) Total Episode:   420 Steps:   62628 Episode Steps:   140 Return:  1.9328 FPS:  5.90
02:22:02.721 [INFO] (trainer.py:160) Total Episode:   421 Steps:   62735 Episode Steps:   107 Return:  1.9356 FPS:  5.89
02:22:14.797 [INFO] (trainer.py:160) Total Episode:   422 Steps:   62803 Episode Steps:    68 Return: -0.7460 FPS:  5.63
02:22:36.990 [INFO] (trainer.py:160) Total Episode:   423 Steps:   62934 Episode Steps:   131 Return:  1.0169 FPS:  5.90
02:22:56.713 [INFO] (trainer.py:160) Total Episode:   424 Steps:   63050 Episode Steps:   116 Return:  1.9436 FPS:  5.88
02:23:15.236 [INFO] (trainer.py:160) Total Episode:   425 Steps:   63159 Episode Steps:   109 Return:  1.9383 FPS:  5.88
02:23:34.937 [INFO] (trainer.py:160) Total Episode:   426 Steps:   63275 Episode Steps:   116 Return:  1.9476 FPS:  5.89
02:23:48.523 [INFO] (trainer.py:160) Total Episode:   427 Steps:   63353 Episode Steps:    78 Return: -0.3563 FPS:  5.74
02:24:07.484 [INFO] (trainer.py:160) Total Episode:   428 Steps:   63465 Episode Steps:   112 Return:  1.9403 FPS:  5.91
02:24:27.101 [INFO] (trainer.py:160) Total Episode:   429 Steps:   63581 Episode Steps:   116 Return:  1.9363 FPS:  5.91
02:24:45.530 [INFO] (trainer.py:160) Total Episode:   430 Steps:   63689 Episode Steps:   108 Return:  1.9345 FPS:  5.86
02:25:03.863 [INFO] (trainer.py:160) Total Episode:   431 Steps:   63797 Episode Steps:   108 Return:  1.9397 FPS:  5.89
02:25:17.509 [INFO] (trainer.py:160) Total Episode:   432 Steps:   63876 Episode Steps:    79 Return: -0.5561 FPS:  5.79
02:25:36.234 [INFO] (trainer.py:160) Total Episode:   433 Steps:   63986 Episode Steps:   110 Return:  1.9487 FPS:  5.87
02:26:42.542 [INFO] (trainer.py:160) Total Episode:   434 Steps:   64385 Episode Steps:   399 Return:  0.5198 FPS:  6.02
02:27:03.312 [INFO] (trainer.py:160) Total Episode:   435 Steps:   64508 Episode Steps:   123 Return:  1.9440 FPS:  5.92
02:27:22.239 [INFO] (trainer.py:160) Total Episode:   436 Steps:   64619 Episode Steps:   111 Return:  1.9343 FPS:  5.86
02:27:41.696 [INFO] (trainer.py:160) Total Episode:   437 Steps:   64733 Episode Steps:   114 Return:  1.9365 FPS:  5.86
02:28:00.219 [INFO] (trainer.py:160) Total Episode:   438 Steps:   64842 Episode Steps:   109 Return:  1.9343 FPS:  5.89
02:28:20.003 [INFO] (trainer.py:160) Total Episode:   439 Steps:   64957 Episode Steps:   115 Return:  1.9401 FPS:  5.81
02:28:38.083 [INFO] (trainer.py:160) Total Episode:   440 Steps:   65063 Episode Steps:   106 Return:  1.9351 FPS:  5.86
02:28:56.171 [INFO] (trainer.py:160) Total Episode:   441 Steps:   65170 Episode Steps:   107 Return:  1.9443 FPS:  5.92
02:29:14.758 [INFO] (trainer.py:160) Total Episode:   442 Steps:   65279 Episode Steps:   109 Return:  1.9365 FPS:  5.86
02:29:33.804 [INFO] (trainer.py:160) Total Episode:   443 Steps:   65391 Episode Steps:   112 Return:  1.9323 FPS:  5.88
02:29:52.486 [INFO] (trainer.py:160) Total Episode:   444 Steps:   65500 Episode Steps:   109 Return:  1.9380 FPS:  5.83
02:30:20.205 [INFO] (trainer.py:160) Total Episode:   445 Steps:   65665 Episode Steps:   165 Return:  2.3477 FPS:  5.95
02:30:38.647 [INFO] (trainer.py:160) Total Episode:   446 Steps:   65773 Episode Steps:   108 Return:  1.9416 FPS:  5.86
02:30:58.564 [INFO] (trainer.py:160) Total Episode:   447 Steps:   65890 Episode Steps:   117 Return:  1.9610 FPS:  5.87
02:31:05.535 [INFO] (trainer.py:160) Total Episode:   448 Steps:   65928 Episode Steps:    38 Return: -0.7142 FPS:  5.45
02:31:24.334 [INFO] (trainer.py:160) Total Episode:   449 Steps:   66038 Episode Steps:   110 Return:  1.9366 FPS:  5.85
02:31:43.235 [INFO] (trainer.py:160) Total Episode:   450 Steps:   66147 Episode Steps:   109 Return:  1.9376 FPS:  5.77
02:31:51.709 [INFO] (trainer.py:160) Total Episode:   451 Steps:   66194 Episode Steps:    47 Return: -0.7165 FPS:  5.55
02:32:10.864 [INFO] (trainer.py:160) Total Episode:   452 Steps:   66306 Episode Steps:   112 Return:  1.9377 FPS:  5.85
02:32:30.215 [INFO] (trainer.py:160) Total Episode:   453 Steps:   66420 Episode Steps:   114 Return:  1.9410 FPS:  5.89
02:32:36.735 [INFO] (trainer.py:160) Total Episode:   454 Steps:   66455 Episode Steps:    35 Return: -0.7709 FPS:  5.37
02:33:21.053 [INFO] (trainer.py:160) Total Episode:   455 Steps:   66721 Episode Steps:   266 Return: -0.7521 FPS:  6.00
02:33:41.473 [INFO] (trainer.py:160) Total Episode:   456 Steps:   66840 Episode Steps:   119 Return:  1.9383 FPS:  5.83
02:34:00.705 [INFO] (trainer.py:160) Total Episode:   457 Steps:   66953 Episode Steps:   113 Return:  1.9662 FPS:  5.88
02:34:20.410 [INFO] (trainer.py:160) Total Episode:   458 Steps:   67069 Episode Steps:   116 Return:  1.9395 FPS:  5.89
02:34:39.146 [INFO] (trainer.py:160) Total Episode:   459 Steps:   67179 Episode Steps:   110 Return:  1.9378 FPS:  5.87
02:34:58.021 [INFO] (trainer.py:160) Total Episode:   460 Steps:   67289 Episode Steps:   110 Return:  1.9382 FPS:  5.83
02:35:17.258 [INFO] (trainer.py:160) Total Episode:   461 Steps:   67402 Episode Steps:   113 Return:  1.9364 FPS:  5.87
02:35:35.852 [INFO] (trainer.py:160) Total Episode:   462 Steps:   67511 Episode Steps:   109 Return:  1.9339 FPS:  5.86
02:35:54.791 [INFO] (trainer.py:160) Total Episode:   463 Steps:   67622 Episode Steps:   111 Return:  1.9449 FPS:  5.86
02:36:15.244 [INFO] (trainer.py:160) Total Episode:   464 Steps:   67742 Episode Steps:   120 Return:  1.9439 FPS:  5.87
02:36:33.831 [INFO] (trainer.py:160) Total Episode:   465 Steps:   67851 Episode Steps:   109 Return:  1.9354 FPS:  5.86
02:36:55.583 [INFO] (trainer.py:160) Total Episode:   466 Steps:   67980 Episode Steps:   129 Return:  1.9414 FPS:  5.93
02:37:17.861 [INFO] (trainer.py:160) Total Episode:   467 Steps:   68111 Episode Steps:   131 Return: -0.0871 FPS:  5.88
02:37:42.835 [INFO] (trainer.py:160) Total Episode:   468 Steps:   68259 Episode Steps:   148 Return:  1.9646 FPS:  5.93
02:37:48.127 [INFO] (trainer.py:160) Total Episode:   469 Steps:   68287 Episode Steps:    28 Return: -0.8126 FPS:  5.29
02:37:54.286 [INFO] (trainer.py:160) Total Episode:   470 Steps:   68320 Episode Steps:    33 Return: -0.7520 FPS:  5.36
02:38:16.921 [INFO] (trainer.py:160) Total Episode:   471 Steps:   68453 Episode Steps:   133 Return:  1.9709 FPS:  5.88
02:38:35.615 [INFO] (trainer.py:160) Total Episode:   472 Steps:   68563 Episode Steps:   110 Return:  1.9366 FPS:  5.88
02:38:55.556 [INFO] (trainer.py:160) Total Episode:   473 Steps:   68679 Episode Steps:   116 Return:  1.9315 FPS:  5.82
02:39:00.746 [INFO] (trainer.py:160) Total Episode:   474 Steps:   68706 Episode Steps:    27 Return: -0.8020 FPS:  5.20
02:39:09.471 [INFO] (trainer.py:160) Total Episode:   475 Steps:   68755 Episode Steps:    49 Return: -0.6091 FPS:  5.62
02:39:21.051 [INFO] (trainer.py:160) Total Episode:   476 Steps:   68821 Episode Steps:    66 Return: -0.5116 FPS:  5.70
02:39:41.124 [INFO] (trainer.py:160) Total Episode:   477 Steps:   68939 Episode Steps:   118 Return:  1.9363 FPS:  5.88
02:39:59.809 [INFO] (trainer.py:160) Total Episode:   478 Steps:   69049 Episode Steps:   110 Return:  1.9461 FPS:  5.89
02:40:19.666 [INFO] (trainer.py:160) Total Episode:   479 Steps:   69166 Episode Steps:   117 Return:  1.9377 FPS:  5.89
02:40:43.350 [INFO] (trainer.py:160) Total Episode:   480 Steps:   69306 Episode Steps:   140 Return:  1.9416 FPS:  5.91
02:41:04.535 [INFO] (trainer.py:160) Total Episode:   481 Steps:   69431 Episode Steps:   125 Return:  1.9678 FPS:  5.90
02:41:24.389 [INFO] (trainer.py:160) Total Episode:   482 Steps:   69548 Episode Steps:   117 Return:  1.9384 FPS:  5.89
02:41:43.628 [INFO] (trainer.py:160) Total Episode:   483 Steps:   69661 Episode Steps:   113 Return:  1.9592 FPS:  5.87
02:42:02.828 [INFO] (trainer.py:160) Total Episode:   484 Steps:   69773 Episode Steps:   112 Return:  1.9438 FPS:  5.83
02:42:18.962 [INFO] (trainer.py:160) Total Episode:   485 Steps:   69867 Episode Steps:    94 Return: -0.4000 FPS:  5.83
02:42:38.739 [INFO] (trainer.py:160) Total Episode:   486 Steps:   69983 Episode Steps:   116 Return:  1.9481 FPS:  5.87
02:42:58.148 [INFO] (trainer.py:160) Total Episode:   487 Steps:   70097 Episode Steps:   114 Return:  1.9610 FPS:  5.87
02:43:17.040 [INFO] (trainer.py:160) Total Episode:   488 Steps:   70208 Episode Steps:   111 Return:  1.9573 FPS:  5.88
02:43:36.474 [INFO] (trainer.py:160) Total Episode:   489 Steps:   70321 Episode Steps:   113 Return:  1.9657 FPS:  5.81
02:43:57.390 [INFO] (trainer.py:160) Total Episode:   490 Steps:   70445 Episode Steps:   124 Return:  1.9417 FPS:  5.93
02:44:16.223 [INFO] (trainer.py:160) Total Episode:   491 Steps:   70555 Episode Steps:   110 Return:  1.9366 FPS:  5.84
02:44:36.681 [INFO] (trainer.py:160) Total Episode:   492 Steps:   70676 Episode Steps:   121 Return:  1.9637 FPS:  5.91
02:44:57.461 [INFO] (trainer.py:160) Total Episode:   493 Steps:   70798 Episode Steps:   122 Return:  1.9394 FPS:  5.87
02:45:16.748 [INFO] (trainer.py:160) Total Episode:   494 Steps:   70911 Episode Steps:   113 Return:  1.9642 FPS:  5.86
02:45:35.111 [INFO] (trainer.py:160) Total Episode:   495 Steps:   71019 Episode Steps:   108 Return:  1.9376 FPS:  5.88
02:45:54.034 [INFO] (trainer.py:160) Total Episode:   496 Steps:   71130 Episode Steps:   111 Return:  1.9419 FPS:  5.87
02:46:12.709 [INFO] (trainer.py:160) Total Episode:   497 Steps:   71240 Episode Steps:   110 Return:  1.9344 FPS:  5.89
02:46:31.516 [INFO] (trainer.py:160) Total Episode:   498 Steps:   71350 Episode Steps:   110 Return:  1.9375 FPS:  5.85
02:46:50.028 [INFO] (trainer.py:160) Total Episode:   499 Steps:   71458 Episode Steps:   108 Return:  1.9312 FPS:  5.83
02:47:08.725 [INFO] (trainer.py:160) Total Episode:   500 Steps:   71566 Episode Steps:   108 Return:  1.9329 FPS:  5.78
02:47:29.892 [INFO] (trainer.py:160) Total Episode:   501 Steps:   71691 Episode Steps:   125 Return:  1.9383 FPS:  5.91
02:47:50.652 [INFO] (trainer.py:160) Total Episode:   502 Steps:   71813 Episode Steps:   122 Return:  1.9390 FPS:  5.88
02:48:10.078 [INFO] (trainer.py:160) Total Episode:   503 Steps:   71927 Episode Steps:   114 Return:  1.9605 FPS:  5.87
02:48:17.504 [INFO] (trainer.py:160) Total Episode:   504 Steps:   71968 Episode Steps:    41 Return: -0.8131 FPS:  5.52
02:48:36.804 [INFO] (trainer.py:160) Total Episode:   505 Steps:   72082 Episode Steps:   114 Return:  1.9336 FPS:  5.91
02:48:57.606 [INFO] (trainer.py:160) Total Episode:   506 Steps:   72204 Episode Steps:   122 Return:  1.9365 FPS:  5.87
02:49:04.741 [INFO] (trainer.py:160) Total Episode:   507 Steps:   72243 Episode Steps:    39 Return: -0.8146 FPS:  5.47
02:49:26.557 [INFO] (trainer.py:160) Total Episode:   508 Steps:   72372 Episode Steps:   129 Return:  1.9367 FPS:  5.91
02:49:48.702 [INFO] (trainer.py:160) Total Episode:   509 Steps:   72502 Episode Steps:   130 Return:  1.9663 FPS:  5.87
02:50:11.253 [INFO] (trainer.py:160) Total Episode:   510 Steps:   72635 Episode Steps:   133 Return:  1.9413 FPS:  5.90
02:50:22.762 [INFO] (trainer.py:160) Total Episode:   511 Steps:   72701 Episode Steps:    66 Return: -0.5608 FPS:  5.73
02:50:42.897 [INFO] (trainer.py:160) Total Episode:   512 Steps:   72820 Episode Steps:   119 Return:  1.9407 FPS:  5.91
02:51:03.025 [INFO] (trainer.py:160) Total Episode:   513 Steps:   72938 Episode Steps:   118 Return:  1.9344 FPS:  5.86
02:51:21.178 [INFO] (trainer.py:160) Total Episode:   514 Steps:   73045 Episode Steps:   107 Return:  1.9337 FPS:  5.89
02:51:39.627 [INFO] (trainer.py:160) Total Episode:   515 Steps:   73153 Episode Steps:   108 Return:  1.9414 FPS:  5.85
02:51:59.608 [INFO] (trainer.py:160) Total Episode:   516 Steps:   73270 Episode Steps:   117 Return:  1.9464 FPS:  5.86
02:52:25.768 [INFO] (trainer.py:160) Total Episode:   517 Steps:   73425 Episode Steps:   155 Return:  1.9636 FPS:  5.93
02:52:44.661 [INFO] (trainer.py:160) Total Episode:   518 Steps:   73536 Episode Steps:   111 Return:  1.9355 FPS:  5.88
02:53:04.918 [INFO] (trainer.py:160) Total Episode:   519 Steps:   73655 Episode Steps:   119 Return:  1.9392 FPS:  5.87
02:53:26.661 [INFO] (trainer.py:160) Total Episode:   520 Steps:   73783 Episode Steps:   128 Return:  1.9369 FPS:  5.89
02:54:11.031 [INFO] (trainer.py:160) Total Episode:   521 Steps:   74050 Episode Steps:   267 Return:  1.9937 FPS:  6.02
02:54:30.988 [INFO] (trainer.py:160) Total Episode:   522 Steps:   74167 Episode Steps:   117 Return:  1.9385 FPS:  5.86
02:54:48.549 [INFO] (trainer.py:160) Total Episode:   523 Steps:   74270 Episode Steps:   103 Return: -0.4038 FPS:  5.87
02:55:11.493 [INFO] (trainer.py:160) Total Episode:   524 Steps:   74406 Episode Steps:   136 Return:  1.9403 FPS:  5.93
02:55:32.399 [INFO] (trainer.py:160) Total Episode:   525 Steps:   74529 Episode Steps:   123 Return:  1.9364 FPS:  5.88
02:55:53.209 [INFO] (trainer.py:160) Total Episode:   526 Steps:   74652 Episode Steps:   123 Return:  1.9319 FPS:  5.91
02:56:13.267 [INFO] (trainer.py:160) Total Episode:   527 Steps:   74770 Episode Steps:   118 Return:  1.9395 FPS:  5.88
02:56:35.278 [INFO] (trainer.py:160) Total Episode:   528 Steps:   74900 Episode Steps:   130 Return:  1.9334 FPS:  5.91
02:56:58.054 [INFO] (trainer.py:160) Total Episode:   529 Steps:   75035 Episode Steps:   135 Return:  1.9455 FPS:  5.93
02:57:17.646 [INFO] (trainer.py:160) Total Episode:   530 Steps:   75150 Episode Steps:   115 Return:  1.9643 FPS:  5.87
02:57:35.908 [INFO] (trainer.py:160) Total Episode:   531 Steps:   75257 Episode Steps:   107 Return:  1.9327 FPS:  5.86
02:58:00.191 [INFO] (trainer.py:160) Total Episode:   532 Steps:   75401 Episode Steps:   144 Return:  1.9373 FPS:  5.93
02:58:18.966 [INFO] (trainer.py:160) Total Episode:   533 Steps:   75511 Episode Steps:   110 Return:  1.9407 FPS:  5.86
02:58:38.214 [INFO] (trainer.py:160) Total Episode:   534 Steps:   75624 Episode Steps:   113 Return:  1.9477 FPS:  5.87
02:58:58.395 [INFO] (trainer.py:160) Total Episode:   535 Steps:   75743 Episode Steps:   119 Return:  1.9433 FPS:  5.90
02:59:18.326 [INFO] (trainer.py:160) Total Episode:   536 Steps:   75860 Episode Steps:   117 Return:  1.9399 FPS:  5.87
02:59:48.526 [INFO] (trainer.py:160) Total Episode:   537 Steps:   76040 Episode Steps:   180 Return:  1.9726 FPS:  5.96
03:00:10.789 [INFO] (trainer.py:160) Total Episode:   538 Steps:   76172 Episode Steps:   132 Return:  1.9669 FPS:  5.93
03:00:30.755 [INFO] (trainer.py:160) Total Episode:   539 Steps:   76289 Episode Steps:   117 Return:  1.9590 FPS:  5.86
03:00:50.951 [INFO] (trainer.py:160) Total Episode:   540 Steps:   76408 Episode Steps:   119 Return:  1.9330 FPS:  5.89
03:01:12.272 [INFO] (trainer.py:160) Total Episode:   541 Steps:   76533 Episode Steps:   125 Return:  1.9400 FPS:  5.86
03:01:32.517 [INFO] (trainer.py:160) Total Episode:   542 Steps:   76652 Episode Steps:   119 Return:  1.9415 FPS:  5.88
03:01:37.666 [INFO] (trainer.py:160) Total Episode:   543 Steps:   76679 Episode Steps:    27 Return: -0.8125 FPS:  5.24
03:01:59.314 [INFO] (trainer.py:160) Total Episode:   544 Steps:   76807 Episode Steps:   128 Return:  1.9624 FPS:  5.91
03:02:19.966 [INFO] (trainer.py:160) Total Episode:   545 Steps:   76928 Episode Steps:   121 Return:  1.9396 FPS:  5.86
03:02:41.077 [INFO] (trainer.py:160) Total Episode:   546 Steps:   77052 Episode Steps:   124 Return:  1.9367 FPS:  5.87
03:03:02.410 [INFO] (trainer.py:160) Total Episode:   547 Steps:   77178 Episode Steps:   126 Return:  1.9393 FPS:  5.91
03:03:21.374 [INFO] (trainer.py:160) Total Episode:   548 Steps:   77289 Episode Steps:   111 Return:  1.9342 FPS:  5.85
03:03:28.684 [INFO] (trainer.py:160) Total Episode:   549 Steps:   77329 Episode Steps:    40 Return: -0.8110 FPS:  5.47
03:03:47.806 [INFO] (trainer.py:160) Total Episode:   550 Steps:   77440 Episode Steps:   111 Return:  1.9370 FPS:  5.81
03:04:11.328 [INFO] (trainer.py:160) Total Episode:   551 Steps:   77579 Episode Steps:   139 Return:  1.9319 FPS:  5.91
03:04:31.459 [INFO] (trainer.py:160) Total Episode:   552 Steps:   77697 Episode Steps:   118 Return:  1.9354 FPS:  5.86
03:04:50.219 [INFO] (trainer.py:160) Total Episode:   553 Steps:   77808 Episode Steps:   111 Return:  1.9333 FPS:  5.92
03:05:16.211 [INFO] (trainer.py:160) Total Episode:   554 Steps:   77962 Episode Steps:   154 Return:  1.9383 FPS:  5.93
03:05:26.336 [INFO] (trainer.py:160) Total Episode:   555 Steps:   78019 Episode Steps:    57 Return: -0.7711 FPS:  5.63
03:05:45.799 [INFO] (trainer.py:160) Total Episode:   556 Steps:   78132 Episode Steps:   113 Return:  1.9351 FPS:  5.81
03:06:03.983 [INFO] (trainer.py:160) Total Episode:   557 Steps:   78239 Episode Steps:   107 Return:  1.9330 FPS:  5.88
03:06:22.698 [INFO] (trainer.py:160) Total Episode:   558 Steps:   78349 Episode Steps:   110 Return:  1.9480 FPS:  5.88
03:06:41.314 [INFO] (trainer.py:160) Total Episode:   559 Steps:   78458 Episode Steps:   109 Return:  1.9361 FPS:  5.86
03:07:00.781 [INFO] (trainer.py:160) Total Episode:   560 Steps:   78573 Episode Steps:   115 Return:  1.9373 FPS:  5.91
03:07:19.372 [INFO] (trainer.py:160) Total Episode:   561 Steps:   78682 Episode Steps:   109 Return:  1.9364 FPS:  5.86
03:07:37.738 [INFO] (trainer.py:160) Total Episode:   562 Steps:   78790 Episode Steps:   108 Return:  1.9417 FPS:  5.88
03:07:59.183 [INFO] (trainer.py:160) Total Episode:   563 Steps:   78917 Episode Steps:   127 Return:  1.9635 FPS:  5.92
03:08:08.845 [INFO] (trainer.py:160) Total Episode:   564 Steps:   78971 Episode Steps:    54 Return: -0.6327 FPS:  5.59
03:08:27.072 [INFO] (trainer.py:160) Total Episode:   565 Steps:   79078 Episode Steps:   107 Return:  1.9328 FPS:  5.87
03:08:49.659 [INFO] (trainer.py:160) Total Episode:   566 Steps:   79212 Episode Steps:   134 Return:  1.9653 FPS:  5.93
03:09:08.729 [INFO] (trainer.py:160) Total Episode:   567 Steps:   79324 Episode Steps:   112 Return:  1.9332 FPS:  5.87
03:09:27.104 [INFO] (trainer.py:160) Total Episode:   568 Steps:   79432 Episode Steps:   108 Return:  1.9345 FPS:  5.88
03:09:48.977 [INFO] (trainer.py:160) Total Episode:   569 Steps:   79561 Episode Steps:   129 Return:  1.9608 FPS:  5.90
03:10:08.721 [INFO] (trainer.py:160) Total Episode:   570 Steps:   79677 Episode Steps:   116 Return:  1.9428 FPS:  5.88
03:10:27.973 [INFO] (trainer.py:160) Total Episode:   571 Steps:   79790 Episode Steps:   113 Return:  1.9665 FPS:  5.87
03:10:46.384 [INFO] (trainer.py:160) Total Episode:   572 Steps:   79898 Episode Steps:   108 Return:  1.9350 FPS:  5.87
03:11:04.899 [INFO] (trainer.py:160) Total Episode:   573 Steps:   80007 Episode Steps:   109 Return:  1.9437 FPS:  5.89
03:11:29.730 [INFO] (trainer.py:160) Total Episode:   574 Steps:   80154 Episode Steps:   147 Return: -0.0020 FPS:  5.92
03:11:48.295 [INFO] (trainer.py:160) Total Episode:   575 Steps:   80263 Episode Steps:   109 Return:  1.9390 FPS:  5.87
03:12:06.805 [INFO] (trainer.py:160) Total Episode:   576 Steps:   80372 Episode Steps:   109 Return:  1.9412 FPS:  5.89
03:12:25.341 [INFO] (trainer.py:160) Total Episode:   577 Steps:   80481 Episode Steps:   109 Return:  1.9390 FPS:  5.88
03:12:45.026 [INFO] (trainer.py:160) Total Episode:   578 Steps:   80597 Episode Steps:   116 Return:  1.9421 FPS:  5.89
03:13:04.653 [INFO] (trainer.py:160) Total Episode:   579 Steps:   80712 Episode Steps:   115 Return:  1.9416 FPS:  5.86
03:13:23.530 [INFO] (trainer.py:160) Total Episode:   580 Steps:   80823 Episode Steps:   111 Return:  1.9408 FPS:  5.88
03:13:42.494 [INFO] (trainer.py:160) Total Episode:   581 Steps:   80935 Episode Steps:   112 Return:  1.9375 FPS:  5.91
03:14:03.359 [INFO] (trainer.py:160) Total Episode:   582 Steps:   81058 Episode Steps:   123 Return:  1.9456 FPS:  5.90
03:14:21.775 [INFO] (trainer.py:160) Total Episode:   583 Steps:   81166 Episode Steps:   108 Return:  1.9417 FPS:  5.86
03:14:41.878 [INFO] (trainer.py:160) Total Episode:   584 Steps:   81284 Episode Steps:   118 Return:  1.9410 FPS:  5.87
03:15:00.337 [INFO] (trainer.py:160) Total Episode:   585 Steps:   81392 Episode Steps:   108 Return:  1.9340 FPS:  5.85
03:15:19.597 [INFO] (trainer.py:160) Total Episode:   586 Steps:   81505 Episode Steps:   113 Return:  1.9660 FPS:  5.87
03:15:40.048 [INFO] (trainer.py:160) Total Episode:   587 Steps:   81625 Episode Steps:   120 Return:  1.9410 FPS:  5.87
03:15:58.576 [INFO] (trainer.py:160) Total Episode:   588 Steps:   81734 Episode Steps:   109 Return:  1.9370 FPS:  5.88
03:16:17.113 [INFO] (trainer.py:160) Total Episode:   589 Steps:   81843 Episode Steps:   109 Return:  1.9374 FPS:  5.88
03:16:45.757 [INFO] (trainer.py:160) Total Episode:   590 Steps:   82013 Episode Steps:   170 Return:  1.3997 FPS:  5.94
03:17:04.369 [INFO] (trainer.py:160) Total Episode:   591 Steps:   82122 Episode Steps:   109 Return:  1.9419 FPS:  5.86
03:17:22.870 [INFO] (trainer.py:160) Total Episode:   592 Steps:   82231 Episode Steps:   109 Return:  1.9369 FPS:  5.89
03:17:43.559 [INFO] (trainer.py:160) Total Episode:   593 Steps:   82353 Episode Steps:   122 Return:  1.0167 FPS:  5.90
03:18:01.798 [INFO] (trainer.py:160) Total Episode:   594 Steps:   82460 Episode Steps:   107 Return:  1.9380 FPS:  5.87
03:18:20.327 [INFO] (trainer.py:160) Total Episode:   595 Steps:   82569 Episode Steps:   109 Return:  1.9360 FPS:  5.88
03:18:40.149 [INFO] (trainer.py:160) Total Episode:   596 Steps:   82685 Episode Steps:   116 Return:  1.9396 FPS:  5.85
03:18:46.338 [INFO] (trainer.py:160) Total Episode:   597 Steps:   82718 Episode Steps:    33 Return: -0.7799 FPS:  5.33
03:19:05.234 [INFO] (trainer.py:160) Total Episode:   598 Steps:   82829 Episode Steps:   111 Return:  1.9357 FPS:  5.87
03:19:23.392 [INFO] (trainer.py:160) Total Episode:   599 Steps:   82936 Episode Steps:   107 Return:  1.9355 FPS:  5.89
03:19:42.556 [INFO] (trainer.py:160) Total Episode:   600 Steps:   83047 Episode Steps:   111 Return:  1.9377 FPS:  5.79
03:20:03.753 [INFO] (trainer.py:160) Total Episode:   601 Steps:   83171 Episode Steps:   124 Return:  1.9441 FPS:  5.85
03:20:22.255 [INFO] (trainer.py:160) Total Episode:   602 Steps:   83280 Episode Steps:   109 Return:  1.9396 FPS:  5.89
03:20:41.089 [INFO] (trainer.py:160) Total Episode:   603 Steps:   83391 Episode Steps:   111 Return:  1.9343 FPS:  5.89
03:21:01.989 [INFO] (trainer.py:160) Total Episode:   604 Steps:   83514 Episode Steps:   123 Return:  1.9636 FPS:  5.89
03:21:22.922 [INFO] (trainer.py:160) Total Episode:   605 Steps:   83637 Episode Steps:   123 Return:  1.0206 FPS:  5.88
03:21:41.150 [INFO] (trainer.py:160) Total Episode:   606 Steps:   83743 Episode Steps:   106 Return:  1.9315 FPS:  5.82
03:22:02.051 [INFO] (trainer.py:160) Total Episode:   607 Steps:   83866 Episode Steps:   123 Return:  1.9638 FPS:  5.89
03:22:20.642 [INFO] (trainer.py:160) Total Episode:   608 Steps:   83975 Episode Steps:   109 Return:  1.9386 FPS:  5.86
03:22:41.903 [INFO] (trainer.py:160) Total Episode:   609 Steps:   84100 Episode Steps:   125 Return:  1.9626 FPS:  5.88
03:23:04.067 [INFO] (trainer.py:160) Total Episode:   610 Steps:   84230 Episode Steps:   130 Return:  1.9641 FPS:  5.87
03:23:10.055 [INFO] (trainer.py:160) Total Episode:   611 Steps:   84262 Episode Steps:    32 Return: -0.7999 FPS:  5.35
03:23:29.098 [INFO] (trainer.py:160) Total Episode:   612 Steps:   84374 Episode Steps:   112 Return:  1.9402 FPS:  5.88
03:24:00.388 [INFO] (trainer.py:160) Total Episode:   613 Steps:   84562 Episode Steps:   188 Return:  2.3251 FPS:  6.01
03:24:23.867 [INFO] (trainer.py:160) Total Episode:   614 Steps:   84701 Episode Steps:   139 Return:  1.9664 FPS:  5.92
03:24:43.170 [INFO] (trainer.py:160) Total Episode:   615 Steps:   84815 Episode Steps:   114 Return:  1.9397 FPS:  5.91
03:25:01.785 [INFO] (trainer.py:160) Total Episode:   616 Steps:   84924 Episode Steps:   109 Return:  1.9324 FPS:  5.86
03:26:07.457 [INFO] (trainer.py:160) Total Episode:   617 Steps:   85323 Episode Steps:   399 Return:  0.1127 FPS:  6.08
03:27:13.132 [INFO] (trainer.py:160) Total Episode:   618 Steps:   85722 Episode Steps:   399 Return:  0.1795 FPS:  6.08
03:27:31.542 [INFO] (trainer.py:160) Total Episode:   619 Steps:   85830 Episode Steps:   108 Return:  1.9363 FPS:  5.87
03:27:52.882 [INFO] (trainer.py:160) Total Episode:   620 Steps:   85956 Episode Steps:   126 Return:  1.9419 FPS:  5.90
03:28:11.649 [INFO] (trainer.py:160) Total Episode:   621 Steps:   86067 Episode Steps:   111 Return:  1.9315 FPS:  5.91
03:28:30.269 [INFO] (trainer.py:160) Total Episode:   622 Steps:   86176 Episode Steps:   109 Return:  1.9383 FPS:  5.85
03:28:52.033 [INFO] (trainer.py:160) Total Episode:   623 Steps:   86304 Episode Steps:   128 Return:  1.9364 FPS:  5.88
03:29:12.849 [INFO] (trainer.py:160) Total Episode:   624 Steps:   86427 Episode Steps:   123 Return:  1.9613 FPS:  5.91
03:29:44.794 [INFO] (trainer.py:160) Total Episode:   625 Steps:   86619 Episode Steps:   192 Return:  2.3226 FPS:  6.01
03:30:03.714 [INFO] (trainer.py:160) Total Episode:   626 Steps:   86730 Episode Steps:   111 Return:  1.9371 FPS:  5.87
03:30:23.108 [INFO] (trainer.py:160) Total Episode:   627 Steps:   86844 Episode Steps:   114 Return:  1.9433 FPS:  5.88
03:30:41.826 [INFO] (trainer.py:160) Total Episode:   628 Steps:   86954 Episode Steps:   110 Return:  1.9405 FPS:  5.88
03:31:00.545 [INFO] (trainer.py:160) Total Episode:   629 Steps:   87064 Episode Steps:   110 Return:  1.9396 FPS:  5.88
03:31:20.598 [INFO] (trainer.py:160) Total Episode:   630 Steps:   87182 Episode Steps:   118 Return:  1.9324 FPS:  5.88
03:31:39.720 [INFO] (trainer.py:160) Total Episode:   631 Steps:   87295 Episode Steps:   113 Return:  1.9346 FPS:  5.91
03:31:58.613 [INFO] (trainer.py:160) Total Episode:   632 Steps:   87406 Episode Steps:   111 Return:  1.9396 FPS:  5.88
03:32:17.786 [INFO] (trainer.py:160) Total Episode:   633 Steps:   87519 Episode Steps:   113 Return:  1.9335 FPS:  5.89
03:32:37.571 [INFO] (trainer.py:160) Total Episode:   634 Steps:   87636 Episode Steps:   117 Return:  1.9424 FPS:  5.91
03:32:58.664 [INFO] (trainer.py:160) Total Episode:   635 Steps:   87760 Episode Steps:   124 Return:  1.9381 FPS:  5.88
03:33:19.542 [INFO] (trainer.py:160) Total Episode:   636 Steps:   87883 Episode Steps:   123 Return:  1.9619 FPS:  5.89
03:33:38.279 [INFO] (trainer.py:160) Total Episode:   637 Steps:   87993 Episode Steps:   110 Return:  1.9380 FPS:  5.87
03:33:57.380 [INFO] (trainer.py:160) Total Episode:   638 Steps:   88106 Episode Steps:   113 Return:  1.9630 FPS:  5.92
03:34:16.081 [INFO] (trainer.py:160) Total Episode:   639 Steps:   88215 Episode Steps:   109 Return:  1.9460 FPS:  5.83
03:34:35.210 [INFO] (trainer.py:160) Total Episode:   640 Steps:   88327 Episode Steps:   112 Return:  1.9655 FPS:  5.86
03:35:06.834 [INFO] (trainer.py:160) Total Episode:   641 Steps:   88517 Episode Steps:   190 Return:  2.2895 FPS:  6.01
03:35:25.317 [INFO] (trainer.py:160) Total Episode:   642 Steps:   88626 Episode Steps:   109 Return:  1.9405 FPS:  5.90
03:35:43.948 [INFO] (trainer.py:160) Total Episode:   643 Steps:   88735 Episode Steps:   109 Return:  1.9340 FPS:  5.85
03:36:02.278 [INFO] (trainer.py:160) Total Episode:   644 Steps:   88843 Episode Steps:   108 Return:  1.9392 FPS:  5.89
03:36:20.531 [INFO] (trainer.py:160) Total Episode:   645 Steps:   88950 Episode Steps:   107 Return:  1.9371 FPS:  5.86
03:36:39.909 [INFO] (trainer.py:160) Total Episode:   646 Steps:   89064 Episode Steps:   114 Return:  1.9359 FPS:  5.88
03:36:58.538 [INFO] (trainer.py:160) Total Episode:   647 Steps:   89174 Episode Steps:   110 Return:  1.9366 FPS:  5.90
03:37:17.193 [INFO] (trainer.py:160) Total Episode:   648 Steps:   89284 Episode Steps:   110 Return:  1.9411 FPS:  5.90
03:37:36.450 [INFO] (trainer.py:160) Total Episode:   649 Steps:   89398 Episode Steps:   114 Return:  1.9374 FPS:  5.92
03:37:47.736 [INFO] (trainer.py:160) Total Episode:   650 Steps:   89461 Episode Steps:    63 Return: -0.6116 FPS:  5.58
03:38:10.198 [INFO] (trainer.py:160) Total Episode:   651 Steps:   89594 Episode Steps:   133 Return:  1.9609 FPS:  5.92
03:38:29.730 [INFO] (trainer.py:160) Total Episode:   652 Steps:   89709 Episode Steps:   115 Return:  1.9323 FPS:  5.89
03:38:48.456 [INFO] (trainer.py:160) Total Episode:   653 Steps:   89819 Episode Steps:   110 Return:  1.9352 FPS:  5.87
03:39:06.987 [INFO] (trainer.py:160) Total Episode:   654 Steps:   89928 Episode Steps:   109 Return:  1.9344 FPS:  5.88
03:39:16.248 [INFO] (trainer.py:160) Total Episode:   655 Steps:   89979 Episode Steps:    51 Return: -0.7809 FPS:  5.51
03:39:39.772 [INFO] (trainer.py:160) Total Episode:   656 Steps:   90118 Episode Steps:   139 Return:  1.9679 FPS:  5.91
03:40:00.936 [INFO] (trainer.py:160) Total Episode:   657 Steps:   90243 Episode Steps:   125 Return:  1.9348 FPS:  5.91
03:40:21.321 [INFO] (trainer.py:160) Total Episode:   658 Steps:   90363 Episode Steps:   120 Return:  1.9399 FPS:  5.89
03:40:42.772 [INFO] (trainer.py:160) Total Episode:   659 Steps:   90489 Episode Steps:   126 Return:  1.9342 FPS:  5.87
03:41:01.360 [INFO] (trainer.py:160) Total Episode:   660 Steps:   90598 Episode Steps:   109 Return:  1.9408 FPS:  5.86
03:41:19.763 [INFO] (trainer.py:160) Total Episode:   661 Steps:   90706 Episode Steps:   108 Return:  1.9365 FPS:  5.87
03:41:38.234 [INFO] (trainer.py:160) Total Episode:   662 Steps:   90814 Episode Steps:   108 Return:  1.9309 FPS:  5.85
03:41:49.225 [INFO] (trainer.py:160) Total Episode:   663 Steps:   90876 Episode Steps:    62 Return: -0.5360 FPS:  5.64
03:42:33.507 [INFO] (trainer.py:160) Total Episode:   664 Steps:   91143 Episode Steps:   267 Return:  1.3933 FPS:  6.03
03:42:52.073 [INFO] (trainer.py:160) Total Episode:   665 Steps:   91252 Episode Steps:   109 Return:  1.9359 FPS:  5.87
03:43:14.139 [INFO] (trainer.py:160) Total Episode:   666 Steps:   91382 Episode Steps:   130 Return:  1.9371 FPS:  5.89
03:43:33.788 [INFO] (trainer.py:160) Total Episode:   667 Steps:   91497 Episode Steps:   115 Return:  1.9369 FPS:  5.85
03:43:54.585 [INFO] (trainer.py:160) Total Episode:   668 Steps:   91620 Episode Steps:   123 Return:  1.0214 FPS:  5.91
03:44:13.399 [INFO] (trainer.py:160) Total Episode:   669 Steps:   91731 Episode Steps:   111 Return:  1.9369 FPS:  5.90
03:44:33.004 [INFO] (trainer.py:160) Total Episode:   670 Steps:   91846 Episode Steps:   115 Return:  1.9376 FPS:  5.87
03:44:52.536 [INFO] (trainer.py:160) Total Episode:   671 Steps:   91960 Episode Steps:   114 Return:  1.9334 FPS:  5.84
03:45:10.753 [INFO] (trainer.py:160) Total Episode:   672 Steps:   92067 Episode Steps:   107 Return:  1.9380 FPS:  5.87
03:45:32.653 [INFO] (trainer.py:160) Total Episode:   673 Steps:   92196 Episode Steps:   129 Return:  1.9610 FPS:  5.89
03:45:51.827 [INFO] (trainer.py:160) Total Episode:   674 Steps:   92309 Episode Steps:   113 Return:  1.9404 FPS:  5.89
03:46:15.306 [INFO] (trainer.py:160) Total Episode:   675 Steps:   92447 Episode Steps:   138 Return:  1.9430 FPS:  5.88
03:46:33.758 [INFO] (trainer.py:160) Total Episode:   676 Steps:   92555 Episode Steps:   108 Return:  1.9410 FPS:  5.85
03:46:45.226 [INFO] (trainer.py:160) Total Episode:   677 Steps:   92620 Episode Steps:    65 Return: -0.4963 FPS:  5.67
03:47:05.965 [INFO] (trainer.py:160) Total Episode:   678 Steps:   92743 Episode Steps:   123 Return:  1.9396 FPS:  5.93
03:47:25.984 [INFO] (trainer.py:160) Total Episode:   679 Steps:   92861 Episode Steps:   118 Return:  1.9360 FPS:  5.89
03:47:44.752 [INFO] (trainer.py:160) Total Episode:   680 Steps:   92971 Episode Steps:   110 Return:  1.9389 FPS:  5.86
03:48:03.186 [INFO] (trainer.py:160) Total Episode:   681 Steps:   93080 Episode Steps:   109 Return:  1.9364 FPS:  5.91
03:48:22.259 [INFO] (trainer.py:160) Total Episode:   682 Steps:   93192 Episode Steps:   112 Return:  1.9456 FPS:  5.87
03:48:40.954 [INFO] (trainer.py:160) Total Episode:   683 Steps:   93302 Episode Steps:   110 Return:  1.9366 FPS:  5.88
03:49:02.918 [INFO] (trainer.py:160) Total Episode:   684 Steps:   93432 Episode Steps:   130 Return:  1.9363 FPS:  5.92
03:49:21.395 [INFO] (trainer.py:160) Total Episode:   685 Steps:   93540 Episode Steps:   108 Return:  1.9316 FPS:  5.85
03:49:40.062 [INFO] (trainer.py:160) Total Episode:   686 Steps:   93650 Episode Steps:   110 Return:  1.9367 FPS:  5.89
03:49:59.514 [INFO] (trainer.py:160) Total Episode:   687 Steps:   93764 Episode Steps:   114 Return:  1.9492 FPS:  5.86
03:50:18.147 [INFO] (trainer.py:160) Total Episode:   688 Steps:   93872 Episode Steps:   108 Return: -0.1009 FPS:  5.80
03:50:37.061 [INFO] (trainer.py:160) Total Episode:   689 Steps:   93983 Episode Steps:   111 Return:  1.9402 FPS:  5.87
03:50:56.493 [INFO] (trainer.py:160) Total Episode:   690 Steps:   94097 Episode Steps:   114 Return:  1.9319 FPS:  5.87
03:52:02.232 [INFO] (trainer.py:160) Total Episode:   691 Steps:   94496 Episode Steps:   399 Return:  0.2273 FPS:  6.07
03:52:23.455 [INFO] (trainer.py:160) Total Episode:   692 Steps:   94621 Episode Steps:   125 Return:  1.9610 FPS:  5.89
03:52:42.836 [INFO] (trainer.py:160) Total Episode:   693 Steps:   94735 Episode Steps:   114 Return:  1.9416 FPS:  5.88
03:52:48.514 [INFO] (trainer.py:160) Total Episode:   694 Steps:   94765 Episode Steps:    30 Return: -0.8137 FPS:  5.28
03:53:07.188 [INFO] (trainer.py:160) Total Episode:   695 Steps:   94875 Episode Steps:   110 Return:  1.9396 FPS:  5.89
03:53:12.683 [INFO] (trainer.py:160) Total Episode:   696 Steps:   94904 Episode Steps:    29 Return: -0.7886 FPS:  5.28
03:53:31.185 [INFO] (trainer.py:160) Total Episode:   697 Steps:   95013 Episode Steps:   109 Return:  1.9350 FPS:  5.89
03:53:51.518 [INFO] (trainer.py:160) Total Episode:   698 Steps:   95133 Episode Steps:   120 Return:  1.9374 FPS:  5.90
03:54:09.905 [INFO] (trainer.py:160) Total Episode:   699 Steps:   95241 Episode Steps:   108 Return:  1.9346 FPS:  5.87
03:54:29.454 [INFO] (trainer.py:160) Total Episode:   700 Steps:   95355 Episode Steps:   114 Return:  1.9610 FPS:  5.83
03:54:49.809 [INFO] (trainer.py:160) Total Episode:   701 Steps:   95475 Episode Steps:   120 Return:  1.9364 FPS:  5.90
03:55:08.994 [INFO] (trainer.py:160) Total Episode:   702 Steps:   95588 Episode Steps:   113 Return:  1.9631 FPS:  5.89
03:55:28.414 [INFO] (trainer.py:160) Total Episode:   703 Steps:   95702 Episode Steps:   114 Return:  1.9626 FPS:  5.87
03:55:47.177 [INFO] (trainer.py:160) Total Episode:   704 Steps:   95812 Episode Steps:   110 Return:  1.9333 FPS:  5.86
03:56:06.197 [INFO] (trainer.py:160) Total Episode:   705 Steps:   95923 Episode Steps:   111 Return:  1.9316 FPS:  5.84
03:56:26.716 [INFO] (trainer.py:160) Total Episode:   706 Steps:   96044 Episode Steps:   121 Return:  1.0234 FPS:  5.90
03:56:45.259 [INFO] (trainer.py:160) Total Episode:   707 Steps:   96153 Episode Steps:   109 Return:  1.9381 FPS:  5.88
03:57:04.687 [INFO] (trainer.py:160) Total Episode:   708 Steps:   96267 Episode Steps:   114 Return:  1.9379 FPS:  5.87
03:57:23.445 [INFO] (trainer.py:160) Total Episode:   709 Steps:   96377 Episode Steps:   110 Return:  1.9389 FPS:  5.86
03:57:42.144 [INFO] (trainer.py:160) Total Episode:   710 Steps:   96487 Episode Steps:   110 Return:  1.9338 FPS:  5.88
03:58:00.958 [INFO] (trainer.py:160) Total Episode:   711 Steps:   96598 Episode Steps:   111 Return:  1.9455 FPS:  5.90
03:58:20.516 [INFO] (trainer.py:160) Total Episode:   712 Steps:   96713 Episode Steps:   115 Return:  1.9392 FPS:  5.88
03:58:38.848 [INFO] (trainer.py:160) Total Episode:   713 Steps:   96821 Episode Steps:   108 Return:  1.9343 FPS:  5.89
03:59:02.345 [INFO] (trainer.py:160) Total Episode:   714 Steps:   96960 Episode Steps:   139 Return:  1.9371 FPS:  5.92
03:59:21.243 [INFO] (trainer.py:160) Total Episode:   715 Steps:   97070 Episode Steps:   110 Return:  1.9367 FPS:  5.82
03:59:39.896 [INFO] (trainer.py:160) Total Episode:   716 Steps:   97180 Episode Steps:   110 Return:  1.9377 FPS:  5.90
03:59:58.805 [INFO] (trainer.py:160) Total Episode:   717 Steps:   97291 Episode Steps:   111 Return:  1.9304 FPS:  5.87
04:00:18.027 [INFO] (trainer.py:160) Total Episode:   718 Steps:   97404 Episode Steps:   113 Return:  1.9424 FPS:  5.88
04:00:37.165 [INFO] (trainer.py:160) Total Episode:   719 Steps:   97517 Episode Steps:   113 Return:  1.9624 FPS:  5.90
04:00:55.717 [INFO] (trainer.py:160) Total Episode:   720 Steps:   97626 Episode Steps:   109 Return:  1.9374 FPS:  5.88
04:01:14.682 [INFO] (trainer.py:160) Total Episode:   721 Steps:   97736 Episode Steps:   110 Return:  1.9408 FPS:  5.80
04:01:33.334 [INFO] (trainer.py:160) Total Episode:   722 Steps:   97845 Episode Steps:   109 Return:  1.9349 FPS:  5.84
04:01:53.730 [INFO] (trainer.py:160) Total Episode:   723 Steps:   97965 Episode Steps:   120 Return:  1.9445 FPS:  5.88
04:02:12.096 [INFO] (trainer.py:160) Total Episode:   724 Steps:   98073 Episode Steps:   108 Return:  1.9337 FPS:  5.88
04:02:31.033 [INFO] (trainer.py:160) Total Episode:   725 Steps:   98184 Episode Steps:   111 Return:  1.9388 FPS:  5.86
04:02:49.832 [INFO] (trainer.py:160) Total Episode:   726 Steps:   98294 Episode Steps:   110 Return:  1.9405 FPS:  5.85
04:03:08.158 [INFO] (trainer.py:160) Total Episode:   727 Steps:   98401 Episode Steps:   107 Return:  1.9339 FPS:  5.84
04:03:26.561 [INFO] (trainer.py:160) Total Episode:   728 Steps:   98509 Episode Steps:   108 Return:  1.9414 FPS:  5.87
04:03:47.734 [INFO] (trainer.py:160) Total Episode:   729 Steps:   98633 Episode Steps:   124 Return:  1.9406 FPS:  5.86
04:04:06.616 [INFO] (trainer.py:160) Total Episode:   730 Steps:   98744 Episode Steps:   111 Return:  1.9384 FPS:  5.88
04:04:17.845 [INFO] (trainer.py:160) Total Episode:   731 Steps:   98808 Episode Steps:    64 Return: -0.7815 FPS:  5.70
04:04:40.714 [INFO] (trainer.py:160) Total Episode:   732 Steps:   98944 Episode Steps:   136 Return:  1.0281 FPS:  5.95
04:04:58.989 [INFO] (trainer.py:160) Total Episode:   733 Steps:   99052 Episode Steps:   108 Return:  1.9378 FPS:  5.91
04:05:19.056 [INFO] (trainer.py:160) Total Episode:   734 Steps:   99170 Episode Steps:   118 Return:  1.9467 FPS:  5.88
04:05:38.818 [INFO] (trainer.py:160) Total Episode:   735 Steps:   99286 Episode Steps:   116 Return:  1.9638 FPS:  5.87
04:05:57.382 [INFO] (trainer.py:160) Total Episode:   736 Steps:   99395 Episode Steps:   109 Return:  1.9401 FPS:  5.87
04:06:15.484 [INFO] (trainer.py:160) Total Episode:   737 Steps:   99501 Episode Steps:   106 Return:  1.9388 FPS:  5.86
04:06:34.557 [INFO] (trainer.py:160) Total Episode:   738 Steps:   99613 Episode Steps:   112 Return:  1.9657 FPS:  5.87
04:06:52.722 [INFO] (trainer.py:160) Total Episode:   739 Steps:   99720 Episode Steps:   107 Return:  1.9610 FPS:  5.89
04:07:06.478 [INFO] (trainer.py:160) Total Episode:   740 Steps:   99799 Episode Steps:    79 Return: -0.5093 FPS:  5.74
04:07:24.601 [INFO] (trainer.py:160) Total Episode:   741 Steps:   99905 Episode Steps:   106 Return:  1.9416 FPS:  5.85
