18:31:56.769 [INFO] (DIYexpert_prior.py:628) Total Episode:     1 Steps:      27 Episode Steps:    27 Return: -1.0000 FPS:  4.51
18:31:57.969 [INFO] (DIYexpert_prior.py:628) Total Episode:     2 Steps:      57 Episode Steps:    30 Return: -1.0000 FPS: 25.18
18:31:59.086 [INFO] (DIYexpert_prior.py:628) Total Episode:     3 Steps:      85 Episode Steps:    28 Return: -1.0000 FPS: 25.11
18:32:00.653 [INFO] (DIYexpert_prior.py:628) Total Episode:     4 Steps:     142 Episode Steps:    57 Return: -1.0000 FPS: 36.38
18:32:04.636 [INFO] (DIYexpert_prior.py:628) Total Episode:     5 Steps:     329 Episode Steps:   187 Return:  1.0000 FPS: 46.96
18:32:09.119 [INFO] (DIYexpert_prior.py:628) Total Episode:     6 Steps:     547 Episode Steps:   218 Return:  0.0000 FPS: 48.64
18:32:13.607 [INFO] (DIYexpert_prior.py:628) Total Episode:     7 Steps:     773 Episode Steps:   226 Return:  1.0000 FPS: 50.37
18:32:19.074 [INFO] (DIYexpert_prior.py:628) Total Episode:     8 Steps:    1065 Episode Steps:   292 Return:  1.0000 FPS: 53.42
18:32:23.318 [INFO] (DIYexpert_prior.py:628) Total Episode:     9 Steps:    1272 Episode Steps:   207 Return:  0.0000 FPS: 48.79
18:32:27.434 [INFO] (DIYexpert_prior.py:628) Total Episode:    10 Steps:    1465 Episode Steps:   193 Return: -1.0000 FPS: 46.90
18:32:32.024 [INFO] (DIYexpert_prior.py:628) Total Episode:    11 Steps:    1691 Episode Steps:   226 Return:  1.0000 FPS: 49.26
18:32:36.378 [INFO] (DIYexpert_prior.py:628) Total Episode:    12 Steps:    1904 Episode Steps:   213 Return:  0.0000 FPS: 48.93
18:32:40.805 [INFO] (DIYexpert_prior.py:628) Total Episode:    13 Steps:    2106 Episode Steps:   202 Return:  0.0000 FPS: 45.65
18:32:42.360 [INFO] (DIYexpert_prior.py:628) Total Episode:    14 Steps:    2156 Episode Steps:    50 Return: -1.0000 FPS: 32.17
18:32:46.458 [INFO] (DIYexpert_prior.py:628) Total Episode:    15 Steps:    2352 Episode Steps:   196 Return:  1.0000 FPS: 47.84
18:32:51.881 [INFO] (DIYexpert_prior.py:628) Total Episode:    16 Steps:    2645 Episode Steps:   293 Return:  1.0000 FPS: 54.09
18:32:52.931 [INFO] (DIYexpert_prior.py:628) Total Episode:    17 Steps:    2672 Episode Steps:    27 Return: -1.0000 FPS: 25.74
18:32:57.051 [INFO] (DIYexpert_prior.py:628) Total Episode:    18 Steps:    2873 Episode Steps:   201 Return:  1.0000 FPS: 48.79
18:33:01.144 [INFO] (DIYexpert_prior.py:628) Total Episode:    19 Steps:    3073 Episode Steps:   200 Return:  1.0000 FPS: 48.89
18:33:05.309 [INFO] (DIYexpert_prior.py:628) Total Episode:    20 Steps:    3281 Episode Steps:   208 Return:  1.0000 FPS: 49.95
18:33:06.620 [INFO] (DIYexpert_prior.py:628) Total Episode:    21 Steps:    3326 Episode Steps:    45 Return: -1.0000 FPS: 34.37
18:33:08.221 [INFO] (DIYexpert_prior.py:628) Total Episode:    22 Steps:    3383 Episode Steps:    57 Return: -1.0000 FPS: 35.62
18:33:12.011 [INFO] (DIYexpert_prior.py:628) Total Episode:    23 Steps:    3561 Episode Steps:   178 Return:  0.0000 FPS: 46.98
18:33:15.879 [INFO] (DIYexpert_prior.py:628) Total Episode:    24 Steps:    3742 Episode Steps:   181 Return:  1.0000 FPS: 46.81
18:33:17.122 [INFO] (DIYexpert_prior.py:628) Total Episode:    25 Steps:    3778 Episode Steps:    36 Return: -1.0000 FPS: 28.98
18:33:18.261 [INFO] (DIYexpert_prior.py:628) Total Episode:    26 Steps:    3805 Episode Steps:    27 Return: -1.0000 FPS: 23.73
18:33:19.406 [INFO] (DIYexpert_prior.py:628) Total Episode:    27 Steps:    3837 Episode Steps:    32 Return: -1.0000 FPS: 27.96
18:33:20.875 [INFO] (DIYexpert_prior.py:628) Total Episode:    28 Steps:    3883 Episode Steps:    46 Return: -1.0000 FPS: 31.34
18:33:24.745 [INFO] (DIYexpert_prior.py:628) Total Episode:    29 Steps:    4075 Episode Steps:   192 Return:  0.0000 FPS: 49.63
18:33:26.183 [INFO] (DIYexpert_prior.py:628) Total Episode:    30 Steps:    4123 Episode Steps:    48 Return: -1.0000 FPS: 33.40
18:33:30.354 [INFO] (DIYexpert_prior.py:628) Total Episode:    31 Steps:    4326 Episode Steps:   203 Return:  0.0000 FPS: 48.69
18:33:34.201 [INFO] (DIYexpert_prior.py:628) Total Episode:    32 Steps:    4513 Episode Steps:   187 Return:  1.0000 FPS: 48.62
18:33:38.242 [INFO] (DIYexpert_prior.py:628) Total Episode:    33 Steps:    4708 Episode Steps:   195 Return:  1.0000 FPS: 48.27
18:33:42.538 [INFO] (DIYexpert_prior.py:628) Total Episode:    34 Steps:    4916 Episode Steps:   208 Return:  0.0000 FPS: 48.43
18:33:52.030 [INFO] (DIYexpert_prior.py:628) Total Episode:    35 Steps:    5078 Episode Steps:   162 Return:  0.0000 FPS: 17.07
18:33:59.498 [INFO] (DIYexpert_prior.py:628) Total Episode:    36 Steps:    5202 Episode Steps:   124 Return:  0.0000 FPS: 16.61
18:34:01.415 [INFO] (DIYexpert_prior.py:628) Total Episode:    37 Steps:    5225 Episode Steps:    23 Return: -1.0000 FPS: 12.01
18:34:03.459 [INFO] (DIYexpert_prior.py:628) Total Episode:    38 Steps:    5250 Episode Steps:    25 Return: -1.0000 FPS: 12.24
18:34:05.355 [INFO] (DIYexpert_prior.py:628) Total Episode:    39 Steps:    5271 Episode Steps:    21 Return: -1.0000 FPS: 11.08
18:34:07.620 [INFO] (DIYexpert_prior.py:628) Total Episode:    40 Steps:    5300 Episode Steps:    29 Return: -1.0000 FPS: 12.81
18:34:14.945 [INFO] (DIYexpert_prior.py:628) Total Episode:    41 Steps:    5421 Episode Steps:   121 Return:  0.0000 FPS: 16.52
18:34:22.183 [INFO] (DIYexpert_prior.py:628) Total Episode:    42 Steps:    5543 Episode Steps:   122 Return:  0.0000 FPS: 16.86
18:34:29.159 [INFO] (DIYexpert_prior.py:628) Total Episode:    43 Steps:    5659 Episode Steps:   116 Return:  1.0000 FPS: 16.63
18:34:31.415 [INFO] (DIYexpert_prior.py:628) Total Episode:    44 Steps:    5689 Episode Steps:    30 Return: -1.0000 FPS: 13.30
18:34:33.259 [INFO] (DIYexpert_prior.py:628) Total Episode:    45 Steps:    5711 Episode Steps:    22 Return: -1.0000 FPS: 11.94
18:34:35.245 [INFO] (DIYexpert_prior.py:628) Total Episode:    46 Steps:    5735 Episode Steps:    24 Return: -1.0000 FPS: 12.10
18:34:37.211 [INFO] (DIYexpert_prior.py:628) Total Episode:    47 Steps:    5759 Episode Steps:    24 Return: -1.0000 FPS: 12.21
18:34:39.151 [INFO] (DIYexpert_prior.py:628) Total Episode:    48 Steps:    5782 Episode Steps:    23 Return: -1.0000 FPS: 11.86
18:34:46.079 [INFO] (DIYexpert_prior.py:628) Total Episode:    49 Steps:    5893 Episode Steps:   111 Return:  1.0000 FPS: 16.03
18:34:53.472 [INFO] (DIYexpert_prior.py:628) Total Episode:    50 Steps:    5999 Episode Steps:   106 Return:  1.0000 FPS: 14.34
18:34:55.841 [INFO] (DIYexpert_prior.py:628) Total Episode:    51 Steps:    6027 Episode Steps:    28 Return: -1.0000 FPS: 11.82
18:35:03.047 [INFO] (DIYexpert_prior.py:628) Total Episode:    52 Steps:    6137 Episode Steps:   110 Return:  1.0000 FPS: 15.27
18:35:10.487 [INFO] (DIYexpert_prior.py:628) Total Episode:    53 Steps:    6254 Episode Steps:   117 Return:  0.0000 FPS: 15.73
18:35:17.431 [INFO] (DIYexpert_prior.py:628) Total Episode:    54 Steps:    6362 Episode Steps:   108 Return:  1.0000 FPS: 15.55
18:35:19.676 [INFO] (DIYexpert_prior.py:628) Total Episode:    55 Steps:    6387 Episode Steps:    25 Return: -1.0000 FPS: 11.14
18:35:25.217 [INFO] (DIYexpert_prior.py:628) Total Episode:    56 Steps:    6471 Episode Steps:    84 Return: -1.0000 FPS: 15.16
