15:40:14.970 [INFO] (DIYexpert_prior.py:623) Total Episode:     1 Steps:      58 Episode Steps:    58 Return: -1.0000 FPS:  9.04
15:40:18.532 [INFO] (DIYexpert_prior.py:623) Total Episode:     2 Steps:     236 Episode Steps:   178 Return:  0.0000 FPS: 49.99
15:40:19.688 [INFO] (DIYexpert_prior.py:623) Total Episode:     3 Steps:     268 Episode Steps:    32 Return: -1.0000 FPS: 27.72
15:40:20.686 [INFO] (DIYexpert_prior.py:623) Total Episode:     4 Steps:     292 Episode Steps:    24 Return: -1.0000 FPS: 24.06
15:40:25.040 [INFO] (DIYexpert_prior.py:623) Total Episode:     5 Steps:     516 Episode Steps:   224 Return:  0.0000 FPS: 51.47
15:40:28.944 [INFO] (DIYexpert_prior.py:623) Total Episode:     6 Steps:     713 Episode Steps:   197 Return:  1.0000 FPS: 50.47
15:40:32.741 [INFO] (DIYexpert_prior.py:623) Total Episode:     7 Steps:     906 Episode Steps:   193 Return:  1.0000 FPS: 50.85
15:40:33.815 [INFO] (DIYexpert_prior.py:623) Total Episode:     8 Steps:     933 Episode Steps:    27 Return: -1.0000 FPS: 25.16
15:40:35.359 [INFO] (DIYexpert_prior.py:623) Total Episode:     9 Steps:     993 Episode Steps:    60 Return: -1.0000 FPS: 38.89
15:40:39.178 [INFO] (DIYexpert_prior.py:623) Total Episode:    10 Steps:    1173 Episode Steps:   180 Return:  0.0000 FPS: 47.15
15:40:43.234 [INFO] (DIYexpert_prior.py:623) Total Episode:    11 Steps:    1363 Episode Steps:   190 Return:  1.0000 FPS: 46.85
15:40:44.410 [INFO] (DIYexpert_prior.py:623) Total Episode:    12 Steps:    1397 Episode Steps:    34 Return: -1.0000 FPS: 28.94
15:40:48.197 [INFO] (DIYexpert_prior.py:623) Total Episode:    13 Steps:    1575 Episode Steps:   178 Return:  0.0000 FPS: 47.02
15:40:52.508 [INFO] (DIYexpert_prior.py:623) Total Episode:    14 Steps:    1788 Episode Steps:   213 Return:  1.0000 FPS: 49.42
15:40:56.864 [INFO] (DIYexpert_prior.py:623) Total Episode:    15 Steps:    2008 Episode Steps:   220 Return:  0.0000 FPS: 50.52
15:40:58.159 [INFO] (DIYexpert_prior.py:623) Total Episode:    16 Steps:    2049 Episode Steps:    41 Return: -1.0000 FPS: 31.68
15:40:59.455 [INFO] (DIYexpert_prior.py:623) Total Episode:    17 Steps:    2089 Episode Steps:    40 Return: -1.0000 FPS: 30.90
15:41:03.459 [INFO] (DIYexpert_prior.py:623) Total Episode:    18 Steps:    2286 Episode Steps:   197 Return:  0.0000 FPS: 49.21
15:41:07.278 [INFO] (DIYexpert_prior.py:623) Total Episode:    19 Steps:    2473 Episode Steps:   187 Return:  0.0000 FPS: 48.98
15:41:11.018 [INFO] (DIYexpert_prior.py:623) Total Episode:    20 Steps:    2653 Episode Steps:   180 Return:  0.0000 FPS: 48.14
15:41:12.429 [INFO] (DIYexpert_prior.py:623) Total Episode:    21 Steps:    2701 Episode Steps:    48 Return: -1.0000 FPS: 34.05
15:41:17.826 [INFO] (DIYexpert_prior.py:623) Total Episode:    22 Steps:    2985 Episode Steps:   284 Return:  1.0000 FPS: 52.63
15:41:21.805 [INFO] (DIYexpert_prior.py:623) Total Episode:    23 Steps:    3179 Episode Steps:   194 Return:  0.0000 FPS: 48.78
15:41:26.376 [INFO] (DIYexpert_prior.py:623) Total Episode:    24 Steps:    3405 Episode Steps:   226 Return:  0.0000 FPS: 49.46
15:41:30.688 [INFO] (DIYexpert_prior.py:623) Total Episode:    25 Steps:    3610 Episode Steps:   205 Return:  1.0000 FPS: 47.55
15:41:32.200 [INFO] (DIYexpert_prior.py:623) Total Episode:    26 Steps:    3657 Episode Steps:    47 Return: -1.0000 FPS: 31.11
15:41:36.471 [INFO] (DIYexpert_prior.py:623) Total Episode:    27 Steps:    3876 Episode Steps:   219 Return:  1.0000 FPS: 51.30
15:41:37.549 [INFO] (DIYexpert_prior.py:623) Total Episode:    28 Steps:    3901 Episode Steps:    25 Return: -1.0000 FPS: 23.21
15:41:41.665 [INFO] (DIYexpert_prior.py:623) Total Episode:    29 Steps:    4097 Episode Steps:   196 Return:  1.0000 FPS: 47.63
15:41:45.603 [INFO] (DIYexpert_prior.py:623) Total Episode:    30 Steps:    4286 Episode Steps:   189 Return:  1.0000 FPS: 48.01
15:41:46.848 [INFO] (DIYexpert_prior.py:623) Total Episode:    31 Steps:    4320 Episode Steps:    34 Return: -1.0000 FPS: 27.32
15:41:50.617 [INFO] (DIYexpert_prior.py:623) Total Episode:    32 Steps:    4510 Episode Steps:   190 Return:  0.0000 FPS: 50.44
15:41:54.075 [INFO] (DIYexpert_prior.py:623) Total Episode:    33 Steps:    4672 Episode Steps:   162 Return: -1.0000 FPS: 46.86
15:41:58.257 [INFO] (DIYexpert_prior.py:623) Total Episode:    34 Steps:    4873 Episode Steps:   201 Return:  0.0000 FPS: 48.07
15:41:59.871 [INFO] (DIYexpert_prior.py:623) Total Episode:    35 Steps:    4927 Episode Steps:    54 Return: -1.0000 FPS: 33.49
