15:59:43.488 [INFO] (DIYexpert_prior.py:627) Total Episode:     1 Steps:     206 Episode Steps:   206 Return:  6.0000 FPS: 22.35
15:59:44.916 [INFO] (DIYexpert_prior.py:627) Total Episode:     2 Steps:     254 Episode Steps:    48 Return: -5.0000 FPS: 33.65
15:59:48.761 [INFO] (DIYexpert_prior.py:627) Total Episode:     3 Steps:     445 Episode Steps:   191 Return:  4.0000 FPS: 49.68
15:59:50.049 [INFO] (DIYexpert_prior.py:627) Total Episode:     4 Steps:     488 Episode Steps:    43 Return: -5.0000 FPS: 33.42
15:59:51.400 [INFO] (DIYexpert_prior.py:627) Total Episode:     5 Steps:     534 Episode Steps:    46 Return: -5.0000 FPS: 34.10
15:59:55.322 [INFO] (DIYexpert_prior.py:627) Total Episode:     6 Steps:     726 Episode Steps:   192 Return:  4.0000 FPS: 48.96
15:59:59.553 [INFO] (DIYexpert_prior.py:627) Total Episode:     7 Steps:     939 Episode Steps:   213 Return: -2.0000 FPS: 50.35
16:00:00.833 [INFO] (DIYexpert_prior.py:627) Total Episode:     8 Steps:     980 Episode Steps:    41 Return: -5.0000 FPS: 32.08
16:00:04.990 [INFO] (DIYexpert_prior.py:627) Total Episode:     9 Steps:    1189 Episode Steps:   209 Return: -2.0000 FPS: 50.28
16:00:08.950 [INFO] (DIYexpert_prior.py:627) Total Episode:    10 Steps:    1384 Episode Steps:   195 Return: -2.0000 FPS: 49.25
16:00:13.188 [INFO] (DIYexpert_prior.py:627) Total Episode:    11 Steps:    1592 Episode Steps:   208 Return: -2.0000 FPS: 49.10
16:00:14.526 [INFO] (DIYexpert_prior.py:627) Total Episode:    12 Steps:    1636 Episode Steps:    44 Return: -5.0000 FPS: 32.92
16:00:18.373 [INFO] (DIYexpert_prior.py:627) Total Episode:    13 Steps:    1832 Episode Steps:   196 Return: -2.0000 FPS: 50.96
16:00:19.498 [INFO] (DIYexpert_prior.py:627) Total Episode:    14 Steps:    1861 Episode Steps:    29 Return: -5.0000 FPS: 25.81
16:00:20.760 [INFO] (DIYexpert_prior.py:627) Total Episode:    15 Steps:    1899 Episode Steps:    38 Return: -5.0000 FPS: 30.13
16:00:24.806 [INFO] (DIYexpert_prior.py:627) Total Episode:    16 Steps:    2108 Episode Steps:   209 Return: -2.0000 FPS: 51.68
16:00:25.899 [INFO] (DIYexpert_prior.py:627) Total Episode:    17 Steps:    2135 Episode Steps:    27 Return: -5.0000 FPS: 24.72
16:00:29.735 [INFO] (DIYexpert_prior.py:627) Total Episode:    18 Steps:    2328 Episode Steps:   193 Return:  4.0000 FPS: 50.33
16:00:30.827 [INFO] (DIYexpert_prior.py:627) Total Episode:    19 Steps:    2356 Episode Steps:    28 Return: -5.0000 FPS: 25.66
16:00:34.826 [INFO] (DIYexpert_prior.py:627) Total Episode:    20 Steps:    2566 Episode Steps:   210 Return: -2.0000 FPS: 52.53
16:00:39.247 [INFO] (DIYexpert_prior.py:627) Total Episode:    21 Steps:    2792 Episode Steps:   226 Return: -2.0000 FPS: 51.13
16:00:43.581 [INFO] (DIYexpert_prior.py:627) Total Episode:    22 Steps:    3012 Episode Steps:   220 Return:  4.0000 FPS: 50.77
16:00:44.964 [INFO] (DIYexpert_prior.py:627) Total Episode:    23 Steps:    3058 Episode Steps:    46 Return: -5.0000 FPS: 33.28
16:00:49.331 [INFO] (DIYexpert_prior.py:627) Total Episode:    24 Steps:    3274 Episode Steps:   216 Return: -2.0000 FPS: 49.48
16:00:53.431 [INFO] (DIYexpert_prior.py:627) Total Episode:    25 Steps:    3480 Episode Steps:   206 Return: -2.0000 FPS: 50.25
16:00:54.442 [INFO] (DIYexpert_prior.py:627) Total Episode:    26 Steps:    3504 Episode Steps:    24 Return: -5.0000 FPS: 23.78
16:01:00.074 [INFO] (DIYexpert_prior.py:627) Total Episode:    27 Steps:    3812 Episode Steps:   308 Return:  4.0000 FPS: 54.69
16:01:04.342 [INFO] (DIYexpert_prior.py:627) Total Episode:    28 Steps:    4026 Episode Steps:   214 Return: -2.0000 FPS: 50.15
16:01:08.104 [INFO] (DIYexpert_prior.py:627) Total Episode:    29 Steps:    4218 Episode Steps:   192 Return: -2.0000 FPS: 51.05
16:01:13.553 [INFO] (DIYexpert_prior.py:627) Total Episode:    30 Steps:    4514 Episode Steps:   296 Return:  4.0000 FPS: 54.34
16:01:17.286 [INFO] (DIYexpert_prior.py:627) Total Episode:    31 Steps:    4692 Episode Steps:   178 Return:  4.0000 FPS: 47.70
16:01:21.253 [INFO] (DIYexpert_prior.py:627) Total Episode:    32 Steps:    4890 Episode Steps:   198 Return: -2.0000 FPS: 49.92
16:01:22.689 [INFO] (DIYexpert_prior.py:627) Total Episode:    33 Steps:    4937 Episode Steps:    47 Return: -5.0000 FPS: 32.75
16:01:32.347 [INFO] (DIYexpert_prior.py:627) Total Episode:    34 Steps:    5088 Episode Steps:   151 Return: -2.0000 FPS: 15.64
16:01:34.328 [INFO] (DIYexpert_prior.py:627) Total Episode:    35 Steps:    5112 Episode Steps:    24 Return: -5.0000 FPS: 12.12
16:01:36.324 [INFO] (DIYexpert_prior.py:627) Total Episode:    36 Steps:    5137 Episode Steps:    25 Return: -5.0000 FPS: 12.54
16:01:38.123 [INFO] (DIYexpert_prior.py:627) Total Episode:    37 Steps:    5159 Episode Steps:    22 Return: -5.0000 FPS: 12.24
16:01:45.181 [INFO] (DIYexpert_prior.py:627) Total Episode:    38 Steps:    5274 Episode Steps:   115 Return:  4.0000 FPS: 16.29
16:01:52.287 [INFO] (DIYexpert_prior.py:627) Total Episode:    39 Steps:    5391 Episode Steps:   117 Return: -2.0000 FPS: 16.47
16:01:54.050 [INFO] (DIYexpert_prior.py:627) Total Episode:    40 Steps:    5411 Episode Steps:    20 Return: -5.0000 FPS: 11.35
16:02:01.236 [INFO] (DIYexpert_prior.py:627) Total Episode:    41 Steps:    5532 Episode Steps:   121 Return: -2.0000 FPS: 16.84
16:02:08.266 [INFO] (DIYexpert_prior.py:627) Total Episode:    42 Steps:    5647 Episode Steps:   115 Return:  4.0000 FPS: 16.36
16:02:10.190 [INFO] (DIYexpert_prior.py:627) Total Episode:    43 Steps:    5670 Episode Steps:    23 Return: -5.0000 FPS: 11.96
16:02:16.919 [INFO] (DIYexpert_prior.py:627) Total Episode:    44 Steps:    5781 Episode Steps:   111 Return:  4.0000 FPS: 16.50
16:02:18.956 [INFO] (DIYexpert_prior.py:627) Total Episode:    45 Steps:    5807 Episode Steps:    26 Return: -5.0000 FPS: 12.77
16:02:27.233 [INFO] (DIYexpert_prior.py:627) Total Episode:    46 Steps:    5948 Episode Steps:   141 Return: -5.0000 FPS: 17.04
16:02:34.546 [INFO] (DIYexpert_prior.py:627) Total Episode:    47 Steps:    6070 Episode Steps:   122 Return: -2.0000 FPS: 16.69
16:02:41.394 [INFO] (DIYexpert_prior.py:627) Total Episode:    48 Steps:    6180 Episode Steps:   110 Return:  4.0000 FPS: 16.07
16:02:43.732 [INFO] (DIYexpert_prior.py:627) Total Episode:    49 Steps:    6211 Episode Steps:    31 Return: -5.0000 FPS: 13.26
16:02:46.594 [INFO] (DIYexpert_prior.py:627) Total Episode:    50 Steps:    6244 Episode Steps:    33 Return: -5.0000 FPS: 11.54
16:02:53.606 [INFO] (DIYexpert_prior.py:627) Total Episode:    51 Steps:    6360 Episode Steps:   116 Return: -2.0000 FPS: 16.55
16:02:58.903 [INFO] (DIYexpert_prior.py:627) Total Episode:    52 Steps:    6444 Episode Steps:    84 Return: -5.0000 FPS: 15.86
16:03:00.984 [INFO] (DIYexpert_prior.py:627) Total Episode:    53 Steps:    6471 Episode Steps:    27 Return: -5.0000 FPS: 12.98
16:03:08.176 [INFO] (DIYexpert_prior.py:627) Total Episode:    54 Steps:    6588 Episode Steps:   117 Return: -2.0000 FPS: 16.27
16:03:10.769 [INFO] (DIYexpert_prior.py:627) Total Episode:    55 Steps:    6623 Episode Steps:    35 Return: -5.0000 FPS: 13.50
16:03:13.053 [INFO] (DIYexpert_prior.py:627) Total Episode:    56 Steps:    6653 Episode Steps:    30 Return: -5.0000 FPS: 13.14
16:03:15.337 [INFO] (DIYexpert_prior.py:627) Total Episode:    57 Steps:    6683 Episode Steps:    30 Return: -5.0000 FPS: 13.14
16:03:17.301 [INFO] (DIYexpert_prior.py:627) Total Episode:    58 Steps:    6707 Episode Steps:    24 Return: -5.0000 FPS: 12.23
16:03:19.308 [INFO] (DIYexpert_prior.py:627) Total Episode:    59 Steps:    6730 Episode Steps:    23 Return: -5.0000 FPS: 11.47
16:03:22.121 [INFO] (DIYexpert_prior.py:627) Total Episode:    60 Steps:    6770 Episode Steps:    40 Return: -5.0000 FPS: 14.23
16:03:29.636 [INFO] (DIYexpert_prior.py:627) Total Episode:    61 Steps:    6893 Episode Steps:   123 Return:  4.0000 FPS: 16.37
16:03:38.742 [INFO] (DIYexpert_prior.py:627) Total Episode:    62 Steps:    7045 Episode Steps:   152 Return: -5.0000 FPS: 16.69
16:03:45.282 [INFO] (DIYexpert_prior.py:627) Total Episode:    63 Steps:    7153 Episode Steps:   108 Return:  4.0000 FPS: 16.52
16:03:47.128 [INFO] (DIYexpert_prior.py:627) Total Episode:    64 Steps:    7174 Episode Steps:    21 Return: -5.0000 FPS: 11.38
16:03:54.322 [INFO] (DIYexpert_prior.py:627) Total Episode:    65 Steps:    7292 Episode Steps:   118 Return: -2.0000 FPS: 16.41
16:04:03.473 [INFO] (DIYexpert_prior.py:627) Total Episode:    66 Steps:    7447 Episode Steps:   155 Return:  4.0000 FPS: 16.94
16:04:12.886 [INFO] (DIYexpert_prior.py:627) Total Episode:    67 Steps:    7606 Episode Steps:   159 Return: -2.0000 FPS: 16.89
16:04:14.896 [INFO] (DIYexpert_prior.py:627) Total Episode:    68 Steps:    7628 Episode Steps:    22 Return: -5.0000 FPS: 10.95
16:04:21.585 [INFO] (DIYexpert_prior.py:627) Total Episode:    69 Steps:    7737 Episode Steps:   109 Return:  4.0000 FPS: 16.30
16:04:28.040 [INFO] (DIYexpert_prior.py:627) Total Episode:    70 Steps:    7844 Episode Steps:   107 Return:  4.0000 FPS: 16.58
16:04:29.984 [INFO] (DIYexpert_prior.py:627) Total Episode:    71 Steps:    7868 Episode Steps:    24 Return: -5.0000 FPS: 12.35
16:04:37.105 [INFO] (DIYexpert_prior.py:627) Total Episode:    72 Steps:    7987 Episode Steps:   119 Return: -5.0000 FPS: 16.71
16:04:38.991 [INFO] (DIYexpert_prior.py:627) Total Episode:    73 Steps:    8010 Episode Steps:    23 Return: -5.0000 FPS: 12.20
16:04:41.013 [INFO] (DIYexpert_prior.py:627) Total Episode:    74 Steps:    8034 Episode Steps:    24 Return: -5.0000 FPS: 11.91
16:04:47.653 [INFO] (DIYexpert_prior.py:627) Total Episode:    75 Steps:    8143 Episode Steps:   109 Return:  4.0000 FPS: 16.42
16:04:55.348 [INFO] (DIYexpert_prior.py:627) Total Episode:    76 Steps:    8271 Episode Steps:   128 Return:  4.0000 FPS: 16.64
16:05:02.467 [INFO] (DIYexpert_prior.py:627) Total Episode:    77 Steps:    8389 Episode Steps:   118 Return:  4.0000 FPS: 16.58
16:05:05.317 [INFO] (DIYexpert_prior.py:627) Total Episode:    78 Steps:    8428 Episode Steps:    39 Return: -5.0000 FPS: 13.69
16:05:12.027 [INFO] (DIYexpert_prior.py:627) Total Episode:    79 Steps:    8539 Episode Steps:   111 Return:  4.0000 FPS: 16.56
16:05:14.865 [INFO] (DIYexpert_prior.py:627) Total Episode:    80 Steps:    8579 Episode Steps:    40 Return: -5.0000 FPS: 14.10
16:05:21.810 [INFO] (DIYexpert_prior.py:627) Total Episode:    81 Steps:    8692 Episode Steps:   113 Return:  4.0000 FPS: 16.27
16:05:23.920 [INFO] (DIYexpert_prior.py:627) Total Episode:    82 Steps:    8719 Episode Steps:    27 Return: -5.0000 FPS: 12.80
16:05:25.831 [INFO] (DIYexpert_prior.py:627) Total Episode:    83 Steps:    8742 Episode Steps:    23 Return: -5.0000 FPS: 12.04
16:05:34.152 [INFO] (DIYexpert_prior.py:627) Total Episode:    84 Steps:    8884 Episode Steps:   142 Return:  4.0000 FPS: 17.07
16:05:41.101 [INFO] (DIYexpert_prior.py:627) Total Episode:    85 Steps:    8993 Episode Steps:   109 Return:  4.0000 FPS: 15.69
16:05:48.398 [INFO] (DIYexpert_prior.py:627) Total Episode:    86 Steps:    9106 Episode Steps:   113 Return:  4.0000 FPS: 15.49
16:05:55.366 [INFO] (DIYexpert_prior.py:627) Total Episode:    87 Steps:    9216 Episode Steps:   110 Return:  4.0000 FPS: 15.79
16:05:57.556 [INFO] (DIYexpert_prior.py:627) Total Episode:    88 Steps:    9242 Episode Steps:    26 Return: -5.0000 FPS: 11.88
16:06:04.914 [INFO] (DIYexpert_prior.py:627) Total Episode:    89 Steps:    9359 Episode Steps:   117 Return: -2.0000 FPS: 15.90
16:06:11.289 [INFO] (DIYexpert_prior.py:627) Total Episode:    90 Steps:    9457 Episode Steps:    98 Return: -5.0000 FPS: 15.38
16:06:19.966 [INFO] (DIYexpert_prior.py:627) Total Episode:    91 Steps:    9596 Episode Steps:   139 Return:  4.0000 FPS: 16.02
16:06:26.952 [INFO] (DIYexpert_prior.py:627) Total Episode:    92 Steps:    9709 Episode Steps:   113 Return:  4.0000 FPS: 16.18
16:06:37.512 [INFO] (DIYexpert_prior.py:627) Total Episode:    93 Steps:    9883 Episode Steps:   174 Return:  4.0000 FPS: 16.48
16:06:44.275 [INFO] (DIYexpert_prior.py:627) Total Episode:    94 Steps:    9994 Episode Steps:   111 Return:  4.0000 FPS: 16.42
16:06:46.470 [INFO] (DIYexpert_prior.py:627) Total Episode:    95 Steps:   10021 Episode Steps:    27 Return: -5.0000 FPS: 12.31
16:06:53.699 [INFO] (DIYexpert_prior.py:627) Total Episode:    96 Steps:   10140 Episode Steps:   119 Return:  4.0000 FPS: 16.46
16:06:55.938 [INFO] (DIYexpert_prior.py:627) Total Episode:    97 Steps:   10167 Episode Steps:    27 Return: -5.0000 FPS: 12.07
16:07:02.553 [INFO] (DIYexpert_prior.py:627) Total Episode:    98 Steps:   10275 Episode Steps:   108 Return:  4.0000 FPS: 16.33
16:07:09.466 [INFO] (DIYexpert_prior.py:627) Total Episode:    99 Steps:   10389 Episode Steps:   114 Return:  4.0000 FPS: 16.49
16:07:16.589 [INFO] (DIYexpert_prior.py:627) Total Episode:   100 Steps:   10499 Episode Steps:   110 Return:  4.0000 FPS: 15.44
16:07:22.092 [INFO] (DIYexpert_prior.py:627) Total Episode:   101 Steps:   10585 Episode Steps:    86 Return: -5.0000 FPS: 15.63
16:07:28.844 [INFO] (DIYexpert_prior.py:627) Total Episode:   102 Steps:   10696 Episode Steps:   111 Return:  4.0000 FPS: 16.44
16:07:30.811 [INFO] (DIYexpert_prior.py:627) Total Episode:   103 Steps:   10720 Episode Steps:    24 Return: -5.0000 FPS: 12.20
16:07:33.479 [INFO] (DIYexpert_prior.py:627) Total Episode:   104 Steps:   10757 Episode Steps:    37 Return: -5.0000 FPS: 13.87
16:07:50.694 [INFO] (DIYexpert_prior.py:627) Total Episode:   105 Steps:   11056 Episode Steps:   299 Return:  4.0000 FPS: 17.37
16:07:57.435 [INFO] (DIYexpert_prior.py:627) Total Episode:   106 Steps:   11165 Episode Steps:   109 Return:  4.0000 FPS: 16.17
16:07:59.974 [INFO] (DIYexpert_prior.py:627) Total Episode:   107 Steps:   11196 Episode Steps:    31 Return: -5.0000 FPS: 12.21
16:08:06.982 [INFO] (DIYexpert_prior.py:627) Total Episode:   108 Steps:   11309 Episode Steps:   113 Return:  4.0000 FPS: 16.13
16:08:14.704 [INFO] (DIYexpert_prior.py:627) Total Episode:   109 Steps:   11424 Episode Steps:   115 Return: -2.0000 FPS: 14.89
16:08:17.520 [INFO] (DIYexpert_prior.py:627) Total Episode:   110 Steps:   11456 Episode Steps:    32 Return: -5.0000 FPS: 11.36
16:08:20.434 [INFO] (DIYexpert_prior.py:627) Total Episode:   111 Steps:   11482 Episode Steps:    26 Return: -5.0000 FPS:  8.93
16:08:29.468 [INFO] (DIYexpert_prior.py:627) Total Episode:   112 Steps:   11595 Episode Steps:   113 Return:  4.0000 FPS: 12.51
16:08:38.474 [INFO] (DIYexpert_prior.py:627) Total Episode:   113 Steps:   11703 Episode Steps:   108 Return:  4.0000 FPS: 11.99
16:08:47.305 [INFO] (DIYexpert_prior.py:627) Total Episode:   114 Steps:   11812 Episode Steps:   109 Return:  4.0000 FPS: 12.34
16:08:50.280 [INFO] (DIYexpert_prior.py:627) Total Episode:   115 Steps:   11836 Episode Steps:    24 Return: -5.0000 FPS:  8.07
16:09:00.189 [INFO] (DIYexpert_prior.py:627) Total Episode:   116 Steps:   11953 Episode Steps:   117 Return: -2.0000 FPS: 11.81
16:09:11.922 [INFO] (DIYexpert_prior.py:627) Total Episode:   117 Steps:   12093 Episode Steps:   140 Return:  4.0000 FPS: 11.93
16:09:15.126 [INFO] (DIYexpert_prior.py:627) Total Episode:   118 Steps:   12121 Episode Steps:    28 Return: -5.0000 FPS:  8.74
16:09:17.990 [INFO] (DIYexpert_prior.py:627) Total Episode:   119 Steps:   12146 Episode Steps:    25 Return: -5.0000 FPS:  8.73
16:09:21.008 [INFO] (DIYexpert_prior.py:627) Total Episode:   120 Steps:   12172 Episode Steps:    26 Return: -5.0000 FPS:  8.62
16:09:23.841 [INFO] (DIYexpert_prior.py:627) Total Episode:   121 Steps:   12196 Episode Steps:    24 Return: -5.0000 FPS:  8.48
16:09:33.066 [INFO] (DIYexpert_prior.py:627) Total Episode:   122 Steps:   12306 Episode Steps:   110 Return:  4.0000 FPS: 11.93
16:09:36.422 [INFO] (DIYexpert_prior.py:627) Total Episode:   123 Steps:   12336 Episode Steps:    30 Return: -5.0000 FPS:  8.94
16:09:45.835 [INFO] (DIYexpert_prior.py:627) Total Episode:   124 Steps:   12445 Episode Steps:   109 Return:  4.0000 FPS: 11.58
16:09:48.879 [INFO] (DIYexpert_prior.py:627) Total Episode:   125 Steps:   12470 Episode Steps:    25 Return: -5.0000 FPS:  8.22
16:09:57.969 [INFO] (DIYexpert_prior.py:627) Total Episode:   126 Steps:   12581 Episode Steps:   111 Return:  4.0000 FPS: 12.21
16:10:07.595 [INFO] (DIYexpert_prior.py:627) Total Episode:   127 Steps:   12691 Episode Steps:   110 Return:  4.0000 FPS: 11.43
16:10:14.932 [INFO] (DIYexpert_prior.py:627) Total Episode:   128 Steps:   12768 Episode Steps:    77 Return: -5.0000 FPS: 10.50
16:10:17.960 [INFO] (DIYexpert_prior.py:627) Total Episode:   129 Steps:   12791 Episode Steps:    23 Return: -5.0000 FPS:  7.60
16:10:27.884 [INFO] (DIYexpert_prior.py:627) Total Episode:   130 Steps:   12909 Episode Steps:   118 Return:  4.0000 FPS: 11.89
16:10:37.436 [INFO] (DIYexpert_prior.py:627) Total Episode:   131 Steps:   13021 Episode Steps:   112 Return:  4.0000 FPS: 11.73
16:10:46.549 [INFO] (DIYexpert_prior.py:627) Total Episode:   132 Steps:   13135 Episode Steps:   114 Return:  4.0000 FPS: 12.51
16:10:54.746 [INFO] (DIYexpert_prior.py:627) Total Episode:   133 Steps:   13257 Episode Steps:   122 Return: -2.0000 FPS: 14.88
16:10:57.215 [INFO] (DIYexpert_prior.py:627) Total Episode:   134 Steps:   13287 Episode Steps:    30 Return: -5.0000 FPS: 12.16
16:11:05.499 [INFO] (DIYexpert_prior.py:627) Total Episode:   135 Steps:   13410 Episode Steps:   123 Return:  4.0000 FPS: 14.85
16:11:12.729 [INFO] (DIYexpert_prior.py:627) Total Episode:   136 Steps:   13519 Episode Steps:   109 Return:  4.0000 FPS: 15.08
16:11:20.203 [INFO] (DIYexpert_prior.py:627) Total Episode:   137 Steps:   13629 Episode Steps:   110 Return:  4.0000 FPS: 14.72
16:11:27.907 [INFO] (DIYexpert_prior.py:627) Total Episode:   138 Steps:   13743 Episode Steps:   114 Return:  4.0000 FPS: 14.80
16:11:34.214 [INFO] (DIYexpert_prior.py:627) Total Episode:   139 Steps:   13830 Episode Steps:    87 Return: -5.0000 FPS: 13.80
16:11:42.466 [INFO] (DIYexpert_prior.py:627) Total Episode:   140 Steps:   13951 Episode Steps:   121 Return: -2.0000 FPS: 14.67
16:11:45.115 [INFO] (DIYexpert_prior.py:627) Total Episode:   141 Steps:   13982 Episode Steps:    31 Return: -5.0000 FPS: 11.71
16:11:52.526 [INFO] (DIYexpert_prior.py:627) Total Episode:   142 Steps:   14091 Episode Steps:   109 Return:  4.0000 FPS: 14.71
16:11:55.811 [INFO] (DIYexpert_prior.py:627) Total Episode:   143 Steps:   14133 Episode Steps:    42 Return: -5.0000 FPS: 12.79
16:11:58.687 [INFO] (DIYexpert_prior.py:627) Total Episode:   144 Steps:   14169 Episode Steps:    36 Return: -5.0000 FPS: 12.52
16:12:05.941 [INFO] (DIYexpert_prior.py:627) Total Episode:   145 Steps:   14278 Episode Steps:   109 Return:  4.0000 FPS: 15.03
16:12:08.466 [INFO] (DIYexpert_prior.py:627) Total Episode:   146 Steps:   14308 Episode Steps:    30 Return: -5.0000 FPS: 11.89
16:12:11.250 [INFO] (DIYexpert_prior.py:627) Total Episode:   147 Steps:   14344 Episode Steps:    36 Return: -5.0000 FPS: 12.94
16:12:17.948 [INFO] (DIYexpert_prior.py:627) Total Episode:   148 Steps:   14452 Episode Steps:   108 Return:  4.0000 FPS: 16.13
16:12:24.424 [INFO] (DIYexpert_prior.py:627) Total Episode:   149 Steps:   14558 Episode Steps:   106 Return:  4.0000 FPS: 16.37
16:12:31.610 [INFO] (DIYexpert_prior.py:627) Total Episode:   150 Steps:   14668 Episode Steps:   110 Return:  4.0000 FPS: 15.31
16:12:38.442 [INFO] (DIYexpert_prior.py:627) Total Episode:   151 Steps:   14780 Episode Steps:   112 Return:  4.0000 FPS: 16.40
16:12:45.188 [INFO] (DIYexpert_prior.py:627) Total Episode:   152 Steps:   14890 Episode Steps:   110 Return:  4.0000 FPS: 16.31
16:12:47.484 [INFO] (DIYexpert_prior.py:627) Total Episode:   153 Steps:   14918 Episode Steps:    28 Return: -5.0000 FPS: 12.20
16:12:54.100 [INFO] (DIYexpert_prior.py:627) Total Episode:   154 Steps:   15025 Episode Steps:   107 Return:  4.0000 FPS: 16.18
16:12:56.947 [INFO] (DIYexpert_prior.py:627) Total Episode:   155 Steps:   15064 Episode Steps:    39 Return: -5.0000 FPS: 13.70
16:12:58.726 [INFO] (DIYexpert_prior.py:627) Total Episode:   156 Steps:   15085 Episode Steps:    21 Return: -5.0000 FPS: 11.81
16:13:00.664 [INFO] (DIYexpert_prior.py:627) Total Episode:   157 Steps:   15109 Episode Steps:    24 Return: -5.0000 FPS: 12.39
16:13:08.595 [INFO] (DIYexpert_prior.py:627) Total Episode:   158 Steps:   15241 Episode Steps:   132 Return: -5.0000 FPS: 16.64
16:13:10.870 [INFO] (DIYexpert_prior.py:627) Total Episode:   159 Steps:   15271 Episode Steps:    30 Return: -5.0000 FPS: 13.20
16:13:13.220 [INFO] (DIYexpert_prior.py:627) Total Episode:   160 Steps:   15301 Episode Steps:    30 Return: -5.0000 FPS: 12.77
16:13:15.375 [INFO] (DIYexpert_prior.py:627) Total Episode:   161 Steps:   15325 Episode Steps:    24 Return: -5.0000 FPS: 11.15
16:13:21.908 [INFO] (DIYexpert_prior.py:627) Total Episode:   162 Steps:   15431 Episode Steps:   106 Return:  4.0000 FPS: 16.23
16:13:24.872 [INFO] (DIYexpert_prior.py:627) Total Episode:   163 Steps:   15470 Episode Steps:    39 Return: -5.0000 FPS: 13.16
16:13:27.049 [INFO] (DIYexpert_prior.py:627) Total Episode:   164 Steps:   15498 Episode Steps:    28 Return: -5.0000 FPS: 12.89
16:13:33.693 [INFO] (DIYexpert_prior.py:627) Total Episode:   165 Steps:   15604 Episode Steps:   106 Return:  4.0000 FPS: 15.96
16:13:40.078 [INFO] (DIYexpert_prior.py:627) Total Episode:   166 Steps:   15710 Episode Steps:   106 Return:  4.0000 FPS: 16.60
16:13:42.592 [INFO] (DIYexpert_prior.py:627) Total Episode:   167 Steps:   15742 Episode Steps:    32 Return: -5.0000 FPS: 12.73
16:13:44.829 [INFO] (DIYexpert_prior.py:627) Total Episode:   168 Steps:   15770 Episode Steps:    28 Return: -5.0000 FPS: 12.53
16:13:51.242 [INFO] (DIYexpert_prior.py:627) Total Episode:   169 Steps:   15875 Episode Steps:   105 Return:  4.0000 FPS: 16.38
16:14:03.159 [INFO] (DIYexpert_prior.py:627) Total Episode:   170 Steps:   16078 Episode Steps:   203 Return:  4.0000 FPS: 17.04
16:14:09.697 [INFO] (DIYexpert_prior.py:627) Total Episode:   171 Steps:   16183 Episode Steps:   105 Return:  4.0000 FPS: 16.06
16:14:16.304 [INFO] (DIYexpert_prior.py:627) Total Episode:   172 Steps:   16291 Episode Steps:   108 Return:  4.0000 FPS: 16.35
16:14:18.405 [INFO] (DIYexpert_prior.py:627) Total Episode:   173 Steps:   16318 Episode Steps:    27 Return: -5.0000 FPS: 12.86
16:14:24.888 [INFO] (DIYexpert_prior.py:627) Total Episode:   174 Steps:   16423 Episode Steps:   105 Return:  4.0000 FPS: 16.20
16:14:31.351 [INFO] (DIYexpert_prior.py:627) Total Episode:   175 Steps:   16527 Episode Steps:   104 Return:  4.0000 FPS: 16.09
16:14:37.816 [INFO] (DIYexpert_prior.py:627) Total Episode:   176 Steps:   16632 Episode Steps:   105 Return:  4.0000 FPS: 16.24
16:14:44.203 [INFO] (DIYexpert_prior.py:627) Total Episode:   177 Steps:   16735 Episode Steps:   103 Return:  4.0000 FPS: 16.13
16:14:47.062 [INFO] (DIYexpert_prior.py:627) Total Episode:   178 Steps:   16775 Episode Steps:    40 Return: -5.0000 FPS: 14.00
16:14:48.832 [INFO] (DIYexpert_prior.py:627) Total Episode:   179 Steps:   16796 Episode Steps:    21 Return: -5.0000 FPS: 11.87
16:14:55.303 [INFO] (DIYexpert_prior.py:627) Total Episode:   180 Steps:   16900 Episode Steps:   104 Return:  4.0000 FPS: 16.07
16:14:57.275 [INFO] (DIYexpert_prior.py:627) Total Episode:   181 Steps:   16923 Episode Steps:    23 Return: -5.0000 FPS: 11.67
16:15:01.758 [INFO] (DIYexpert_prior.py:627) Total Episode:   182 Steps:   16994 Episode Steps:    71 Return: -5.0000 FPS: 15.84
16:15:08.201 [INFO] (DIYexpert_prior.py:627) Total Episode:   183 Steps:   17100 Episode Steps:   106 Return:  4.0000 FPS: 16.46
16:15:10.515 [INFO] (DIYexpert_prior.py:627) Total Episode:   184 Steps:   17129 Episode Steps:    29 Return: -5.0000 FPS: 12.53
16:15:16.889 [INFO] (DIYexpert_prior.py:627) Total Episode:   185 Steps:   17232 Episode Steps:   103 Return:  4.0000 FPS: 16.16
16:15:18.735 [INFO] (DIYexpert_prior.py:627) Total Episode:   186 Steps:   17254 Episode Steps:    22 Return: -5.0000 FPS: 11.93
16:15:25.281 [INFO] (DIYexpert_prior.py:627) Total Episode:   187 Steps:   17360 Episode Steps:   106 Return:  4.0000 FPS: 16.19
16:15:31.728 [INFO] (DIYexpert_prior.py:627) Total Episode:   188 Steps:   17465 Episode Steps:   105 Return:  4.0000 FPS: 16.29
16:15:40.775 [INFO] (DIYexpert_prior.py:627) Total Episode:   189 Steps:   17619 Episode Steps:   154 Return:  4.0000 FPS: 17.02
16:15:42.569 [INFO] (DIYexpert_prior.py:627) Total Episode:   190 Steps:   17640 Episode Steps:    21 Return: -5.0000 FPS: 11.72
16:15:44.349 [INFO] (DIYexpert_prior.py:627) Total Episode:   191 Steps:   17661 Episode Steps:    21 Return: -5.0000 FPS: 11.80
16:15:46.487 [INFO] (DIYexpert_prior.py:627) Total Episode:   192 Steps:   17688 Episode Steps:    27 Return: -5.0000 FPS: 12.64
16:15:48.404 [INFO] (DIYexpert_prior.py:627) Total Episode:   193 Steps:   17711 Episode Steps:    23 Return: -5.0000 FPS: 12.00
16:15:50.563 [INFO] (DIYexpert_prior.py:627) Total Episode:   194 Steps:   17738 Episode Steps:    27 Return: -5.0000 FPS: 12.52
16:15:52.642 [INFO] (DIYexpert_prior.py:627) Total Episode:   195 Steps:   17764 Episode Steps:    26 Return: -5.0000 FPS: 12.51
16:15:54.590 [INFO] (DIYexpert_prior.py:627) Total Episode:   196 Steps:   17787 Episode Steps:    23 Return: -5.0000 FPS: 11.85
16:15:56.361 [INFO] (DIYexpert_prior.py:627) Total Episode:   197 Steps:   17808 Episode Steps:    21 Return: -5.0000 FPS: 11.86
16:16:02.787 [INFO] (DIYexpert_prior.py:627) Total Episode:   198 Steps:   17912 Episode Steps:   104 Return:  4.0000 FPS: 16.19
16:16:12.401 [INFO] (DIYexpert_prior.py:627) Total Episode:   199 Steps:   18074 Episode Steps:   162 Return:  4.0000 FPS: 16.85
16:16:14.685 [INFO] (DIYexpert_prior.py:627) Total Episode:   200 Steps:   18094 Episode Steps:    20 Return: -5.0000 FPS:  8.76
16:16:16.916 [INFO] (DIYexpert_prior.py:627) Total Episode:   201 Steps:   18121 Episode Steps:    27 Return: -5.0000 FPS: 12.11
16:16:23.236 [INFO] (DIYexpert_prior.py:627) Total Episode:   202 Steps:   18223 Episode Steps:   102 Return:  4.0000 FPS: 16.14
16:16:25.057 [INFO] (DIYexpert_prior.py:627) Total Episode:   203 Steps:   18244 Episode Steps:    21 Return: -5.0000 FPS: 11.54
16:16:31.466 [INFO] (DIYexpert_prior.py:627) Total Episode:   204 Steps:   18348 Episode Steps:   104 Return:  4.0000 FPS: 16.23
16:16:38.052 [INFO] (DIYexpert_prior.py:627) Total Episode:   205 Steps:   18454 Episode Steps:   106 Return:  4.0000 FPS: 16.10
16:16:40.744 [INFO] (DIYexpert_prior.py:627) Total Episode:   206 Steps:   18489 Episode Steps:    35 Return: -5.0000 FPS: 13.01
16:16:43.804 [INFO] (DIYexpert_prior.py:627) Total Episode:   207 Steps:   18528 Episode Steps:    39 Return: -5.0000 FPS: 12.75
16:16:45.933 [INFO] (DIYexpert_prior.py:627) Total Episode:   208 Steps:   18555 Episode Steps:    27 Return: -5.0000 FPS: 12.69
16:16:47.787 [INFO] (DIYexpert_prior.py:627) Total Episode:   209 Steps:   18577 Episode Steps:    22 Return: -5.0000 FPS: 11.87
16:16:51.722 [INFO] (DIYexpert_prior.py:627) Total Episode:   210 Steps:   18633 Episode Steps:    56 Return: -2.0000 FPS: 14.24
16:16:53.483 [INFO] (DIYexpert_prior.py:627) Total Episode:   211 Steps:   18653 Episode Steps:    20 Return: -5.0000 FPS: 11.37
16:16:55.563 [INFO] (DIYexpert_prior.py:627) Total Episode:   212 Steps:   18679 Episode Steps:    26 Return: -5.0000 FPS: 12.51
16:16:57.346 [INFO] (DIYexpert_prior.py:627) Total Episode:   213 Steps:   18700 Episode Steps:    21 Return: -5.0000 FPS: 11.78
16:17:03.820 [INFO] (DIYexpert_prior.py:627) Total Episode:   214 Steps:   18805 Episode Steps:   105 Return:  4.0000 FPS: 16.22
16:17:06.313 [INFO] (DIYexpert_prior.py:627) Total Episode:   215 Steps:   18839 Episode Steps:    34 Return: -5.0000 FPS: 13.65
16:17:08.565 [INFO] (DIYexpert_prior.py:627) Total Episode:   216 Steps:   18868 Episode Steps:    29 Return: -5.0000 FPS: 12.88
16:17:15.000 [INFO] (DIYexpert_prior.py:627) Total Episode:   217 Steps:   18972 Episode Steps:   104 Return:  4.0000 FPS: 16.16
16:17:18.802 [INFO] (DIYexpert_prior.py:627) Total Episode:   218 Steps:   19029 Episode Steps:    57 Return: -2.0000 FPS: 15.00
16:17:25.293 [INFO] (DIYexpert_prior.py:627) Total Episode:   219 Steps:   19134 Episode Steps:   105 Return:  4.0000 FPS: 16.18
16:17:31.952 [INFO] (DIYexpert_prior.py:627) Total Episode:   220 Steps:   19239 Episode Steps:   105 Return:  4.0000 FPS: 15.77
16:17:40.505 [INFO] (DIYexpert_prior.py:627) Total Episode:   221 Steps:   19381 Episode Steps:   142 Return: -5.0000 FPS: 16.60
16:17:43.249 [INFO] (DIYexpert_prior.py:627) Total Episode:   222 Steps:   19419 Episode Steps:    38 Return: -5.0000 FPS: 13.86
16:17:49.596 [INFO] (DIYexpert_prior.py:627) Total Episode:   223 Steps:   19523 Episode Steps:   104 Return:  4.0000 FPS: 16.39
16:17:56.057 [INFO] (DIYexpert_prior.py:627) Total Episode:   224 Steps:   19628 Episode Steps:   105 Return:  4.0000 FPS: 16.25
16:17:58.146 [INFO] (DIYexpert_prior.py:627) Total Episode:   225 Steps:   19653 Episode Steps:    25 Return: -5.0000 FPS: 11.98
16:18:04.572 [INFO] (DIYexpert_prior.py:627) Total Episode:   226 Steps:   19758 Episode Steps:   105 Return:  4.0000 FPS: 16.34
16:18:06.387 [INFO] (DIYexpert_prior.py:627) Total Episode:   227 Steps:   19779 Episode Steps:    21 Return: -5.0000 FPS: 11.57
16:18:17.055 [INFO] (DIYexpert_prior.py:627) Total Episode:   228 Steps:   19963 Episode Steps:   184 Return:  4.0000 FPS: 17.25
16:18:18.813 [INFO] (DIYexpert_prior.py:627) Total Episode:   229 Steps:   19984 Episode Steps:    21 Return: -5.0000 FPS: 11.95
16:18:25.494 [INFO] (DIYexpert_prior.py:627) Total Episode:   230 Steps:   20092 Episode Steps:   108 Return:  4.0000 FPS: 16.17
16:18:32.018 [INFO] (DIYexpert_prior.py:627) Total Episode:   231 Steps:   20197 Episode Steps:   105 Return:  4.0000 FPS: 16.10
16:18:34.102 [INFO] (DIYexpert_prior.py:627) Total Episode:   232 Steps:   20222 Episode Steps:    25 Return: -5.0000 FPS: 12.00
16:18:37.980 [INFO] (DIYexpert_prior.py:627) Total Episode:   233 Steps:   20279 Episode Steps:    57 Return: -5.0000 FPS: 14.70
16:18:39.856 [INFO] (DIYexpert_prior.py:627) Total Episode:   234 Steps:   20301 Episode Steps:    22 Return: -5.0000 FPS: 11.73
16:18:46.251 [INFO] (DIYexpert_prior.py:627) Total Episode:   235 Steps:   20406 Episode Steps:   105 Return:  4.0000 FPS: 16.42
16:18:52.740 [INFO] (DIYexpert_prior.py:627) Total Episode:   236 Steps:   20512 Episode Steps:   106 Return:  4.0000 FPS: 16.34
16:18:59.240 [INFO] (DIYexpert_prior.py:627) Total Episode:   237 Steps:   20618 Episode Steps:   106 Return:  4.0000 FPS: 16.31
16:19:01.396 [INFO] (DIYexpert_prior.py:627) Total Episode:   238 Steps:   20646 Episode Steps:    28 Return: -5.0000 FPS: 12.99
16:19:08.103 [INFO] (DIYexpert_prior.py:627) Total Episode:   239 Steps:   20753 Episode Steps:   107 Return:  4.0000 FPS: 15.96
16:19:14.741 [INFO] (DIYexpert_prior.py:627) Total Episode:   240 Steps:   20858 Episode Steps:   105 Return:  4.0000 FPS: 15.82
16:19:17.406 [INFO] (DIYexpert_prior.py:627) Total Episode:   241 Steps:   20894 Episode Steps:    36 Return: -5.0000 FPS: 13.52
16:19:19.683 [INFO] (DIYexpert_prior.py:627) Total Episode:   242 Steps:   20923 Episode Steps:    29 Return: -5.0000 FPS: 12.74
16:19:26.238 [INFO] (DIYexpert_prior.py:627) Total Episode:   243 Steps:   21029 Episode Steps:   106 Return:  4.0000 FPS: 16.17
16:19:32.923 [INFO] (DIYexpert_prior.py:627) Total Episode:   244 Steps:   21138 Episode Steps:   109 Return:  4.0000 FPS: 16.31
16:19:39.547 [INFO] (DIYexpert_prior.py:627) Total Episode:   245 Steps:   21247 Episode Steps:   109 Return:  4.0000 FPS: 16.46
16:19:45.881 [INFO] (DIYexpert_prior.py:627) Total Episode:   246 Steps:   21350 Episode Steps:   103 Return:  4.0000 FPS: 16.26
16:19:52.457 [INFO] (DIYexpert_prior.py:627) Total Episode:   247 Steps:   21457 Episode Steps:   107 Return:  4.0000 FPS: 16.28
16:19:58.995 [INFO] (DIYexpert_prior.py:627) Total Episode:   248 Steps:   21563 Episode Steps:   106 Return:  4.0000 FPS: 16.22
16:20:01.214 [INFO] (DIYexpert_prior.py:627) Total Episode:   249 Steps:   21591 Episode Steps:    28 Return: -5.0000 FPS: 12.62
16:20:03.673 [INFO] (DIYexpert_prior.py:627) Total Episode:   250 Steps:   21617 Episode Steps:    26 Return: -5.0000 FPS: 10.58
16:20:10.300 [INFO] (DIYexpert_prior.py:627) Total Episode:   251 Steps:   21724 Episode Steps:   107 Return:  4.0000 FPS: 16.15
16:20:16.753 [INFO] (DIYexpert_prior.py:627) Total Episode:   252 Steps:   21829 Episode Steps:   105 Return:  4.0000 FPS: 16.28
16:20:18.642 [INFO] (DIYexpert_prior.py:627) Total Episode:   253 Steps:   21852 Episode Steps:    23 Return: -5.0000 FPS: 12.18
16:20:25.352 [INFO] (DIYexpert_prior.py:627) Total Episode:   254 Steps:   21962 Episode Steps:   110 Return:  4.0000 FPS: 16.40
16:20:31.850 [INFO] (DIYexpert_prior.py:627) Total Episode:   255 Steps:   22069 Episode Steps:   107 Return:  4.0000 FPS: 16.47
16:20:35.899 [INFO] (DIYexpert_prior.py:627) Total Episode:   256 Steps:   22131 Episode Steps:    62 Return: -5.0000 FPS: 15.32
16:20:37.707 [INFO] (DIYexpert_prior.py:627) Total Episode:   257 Steps:   22152 Episode Steps:    21 Return: -5.0000 FPS: 11.62
16:20:44.452 [INFO] (DIYexpert_prior.py:627) Total Episode:   258 Steps:   22259 Episode Steps:   107 Return:  4.0000 FPS: 15.87
16:20:50.982 [INFO] (DIYexpert_prior.py:627) Total Episode:   259 Steps:   22364 Episode Steps:   105 Return:  4.0000 FPS: 16.08
16:20:54.909 [INFO] (DIYexpert_prior.py:627) Total Episode:   260 Steps:   22423 Episode Steps:    59 Return: -5.0000 FPS: 15.03
16:21:01.283 [INFO] (DIYexpert_prior.py:627) Total Episode:   261 Steps:   22527 Episode Steps:   104 Return:  4.0000 FPS: 16.32
16:21:07.772 [INFO] (DIYexpert_prior.py:627) Total Episode:   262 Steps:   22632 Episode Steps:   105 Return:  4.0000 FPS: 16.18
16:21:10.083 [INFO] (DIYexpert_prior.py:627) Total Episode:   263 Steps:   22661 Episode Steps:    29 Return: -5.0000 FPS: 12.55
16:21:11.807 [INFO] (DIYexpert_prior.py:627) Total Episode:   264 Steps:   22681 Episode Steps:    20 Return: -5.0000 FPS: 11.61
16:21:18.200 [INFO] (DIYexpert_prior.py:627) Total Episode:   265 Steps:   22786 Episode Steps:   105 Return:  4.0000 FPS: 16.43
16:21:24.614 [INFO] (DIYexpert_prior.py:627) Total Episode:   266 Steps:   22892 Episode Steps:   106 Return:  4.0000 FPS: 16.53
16:21:28.469 [INFO] (DIYexpert_prior.py:627) Total Episode:   267 Steps:   22950 Episode Steps:    58 Return: -2.0000 FPS: 15.05
16:21:30.252 [INFO] (DIYexpert_prior.py:627) Total Episode:   268 Steps:   22971 Episode Steps:    21 Return: -5.0000 FPS: 11.78
16:21:36.740 [INFO] (DIYexpert_prior.py:627) Total Episode:   269 Steps:   23076 Episode Steps:   105 Return:  4.0000 FPS: 16.18
16:21:43.231 [INFO] (DIYexpert_prior.py:627) Total Episode:   270 Steps:   23182 Episode Steps:   106 Return:  4.0000 FPS: 16.33
16:21:50.865 [INFO] (DIYexpert_prior.py:627) Total Episode:   271 Steps:   23306 Episode Steps:   124 Return:  4.0000 FPS: 16.25
16:21:57.692 [INFO] (DIYexpert_prior.py:627) Total Episode:   272 Steps:   23410 Episode Steps:   104 Return:  4.0000 FPS: 15.24
16:22:05.266 [INFO] (DIYexpert_prior.py:627) Total Episode:   273 Steps:   23514 Episode Steps:   104 Return:  4.0000 FPS: 13.73
16:22:13.593 [INFO] (DIYexpert_prior.py:627) Total Episode:   274 Steps:   23620 Episode Steps:   106 Return:  4.0000 FPS: 12.73
16:22:18.518 [INFO] (DIYexpert_prior.py:627) Total Episode:   275 Steps:   23676 Episode Steps:    56 Return: -2.0000 FPS: 11.37
16:22:21.946 [INFO] (DIYexpert_prior.py:627) Total Episode:   276 Steps:   23704 Episode Steps:    28 Return: -5.0000 FPS:  8.17
16:22:26.941 [INFO] (DIYexpert_prior.py:627) Total Episode:   277 Steps:   23759 Episode Steps:    55 Return: -5.0000 FPS: 11.01
16:22:30.052 [INFO] (DIYexpert_prior.py:627) Total Episode:   278 Steps:   23786 Episode Steps:    27 Return: -5.0000 FPS:  8.68
16:22:38.797 [INFO] (DIYexpert_prior.py:627) Total Episode:   279 Steps:   23892 Episode Steps:   106 Return:  4.0000 FPS: 12.12
16:22:42.082 [INFO] (DIYexpert_prior.py:627) Total Episode:   280 Steps:   23922 Episode Steps:    30 Return: -5.0000 FPS:  9.14
16:22:50.435 [INFO] (DIYexpert_prior.py:627) Total Episode:   281 Steps:   24027 Episode Steps:   105 Return:  4.0000 FPS: 12.57
16:22:58.994 [INFO] (DIYexpert_prior.py:627) Total Episode:   282 Steps:   24133 Episode Steps:   106 Return:  4.0000 FPS: 12.39
16:23:07.457 [INFO] (DIYexpert_prior.py:627) Total Episode:   283 Steps:   24237 Episode Steps:   104 Return:  4.0000 FPS: 12.29
16:23:10.282 [INFO] (DIYexpert_prior.py:627) Total Episode:   284 Steps:   24261 Episode Steps:    24 Return: -5.0000 FPS:  8.50
16:23:13.343 [INFO] (DIYexpert_prior.py:627) Total Episode:   285 Steps:   24289 Episode Steps:    28 Return: -5.0000 FPS:  9.15
16:23:16.301 [INFO] (DIYexpert_prior.py:627) Total Episode:   286 Steps:   24314 Episode Steps:    25 Return: -5.0000 FPS:  8.46
16:23:19.496 [INFO] (DIYexpert_prior.py:627) Total Episode:   287 Steps:   24343 Episode Steps:    29 Return: -5.0000 FPS:  9.08
16:23:28.168 [INFO] (DIYexpert_prior.py:627) Total Episode:   288 Steps:   24449 Episode Steps:   106 Return:  4.0000 FPS: 12.22
16:23:36.728 [INFO] (DIYexpert_prior.py:627) Total Episode:   289 Steps:   24554 Episode Steps:   105 Return:  4.0000 FPS: 12.27
16:23:44.959 [INFO] (DIYexpert_prior.py:627) Total Episode:   290 Steps:   24657 Episode Steps:   103 Return:  4.0000 FPS: 12.52
16:23:54.387 [INFO] (DIYexpert_prior.py:627) Total Episode:   291 Steps:   24766 Episode Steps:   109 Return: -5.0000 FPS: 11.56
16:24:02.978 [INFO] (DIYexpert_prior.py:627) Total Episode:   292 Steps:   24872 Episode Steps:   106 Return:  4.0000 FPS: 12.34
16:24:05.603 [INFO] (DIYexpert_prior.py:627) Total Episode:   293 Steps:   24894 Episode Steps:    22 Return: -5.0000 FPS:  8.39
16:24:14.449 [INFO] (DIYexpert_prior.py:627) Total Episode:   294 Steps:   25003 Episode Steps:   109 Return:  4.0000 FPS: 12.32
16:24:22.920 [INFO] (DIYexpert_prior.py:627) Total Episode:   295 Steps:   25106 Episode Steps:   103 Return:  4.0000 FPS: 12.16
16:24:31.522 [INFO] (DIYexpert_prior.py:627) Total Episode:   296 Steps:   25209 Episode Steps:   103 Return:  4.0000 FPS: 11.98
16:24:40.507 [INFO] (DIYexpert_prior.py:627) Total Episode:   297 Steps:   25319 Episode Steps:   110 Return:  4.0000 FPS: 12.25
16:24:49.623 [INFO] (DIYexpert_prior.py:627) Total Episode:   298 Steps:   25428 Episode Steps:   109 Return:  4.0000 FPS: 11.96
16:24:52.517 [INFO] (DIYexpert_prior.py:627) Total Episode:   299 Steps:   25453 Episode Steps:    25 Return: -5.0000 FPS:  8.64
16:25:01.620 [INFO] (DIYexpert_prior.py:627) Total Episode:   300 Steps:   25559 Episode Steps:   106 Return:  4.0000 FPS: 11.65
16:25:06.251 [INFO] (DIYexpert_prior.py:627) Total Episode:   301 Steps:   25606 Episode Steps:    47 Return: -5.0000 FPS: 10.15
16:25:14.733 [INFO] (DIYexpert_prior.py:627) Total Episode:   302 Steps:   25709 Episode Steps:   103 Return:  4.0000 FPS: 12.15
16:25:18.901 [INFO] (DIYexpert_prior.py:627) Total Episode:   303 Steps:   25750 Episode Steps:    41 Return: -5.0000 FPS:  9.84
16:25:22.414 [INFO] (DIYexpert_prior.py:627) Total Episode:   304 Steps:   25783 Episode Steps:    33 Return: -5.0000 FPS:  9.40
16:25:30.985 [INFO] (DIYexpert_prior.py:627) Total Episode:   305 Steps:   25887 Episode Steps:   104 Return:  4.0000 FPS: 12.14
16:25:40.925 [INFO] (DIYexpert_prior.py:627) Total Episode:   306 Steps:   26003 Episode Steps:   116 Return: -5.0000 FPS: 11.67
16:25:49.390 [INFO] (DIYexpert_prior.py:627) Total Episode:   307 Steps:   26109 Episode Steps:   106 Return:  4.0000 FPS: 12.53
16:25:56.946 [INFO] (DIYexpert_prior.py:627) Total Episode:   308 Steps:   26219 Episode Steps:   110 Return:  4.0000 FPS: 14.56
16:26:03.583 [INFO] (DIYexpert_prior.py:627) Total Episode:   309 Steps:   26325 Episode Steps:   106 Return:  4.0000 FPS: 15.97
16:26:06.095 [INFO] (DIYexpert_prior.py:627) Total Episode:   310 Steps:   26359 Episode Steps:    34 Return: -5.0000 FPS: 13.54
16:26:08.054 [INFO] (DIYexpert_prior.py:627) Total Episode:   311 Steps:   26383 Episode Steps:    24 Return: -5.0000 FPS: 12.26
16:26:14.851 [INFO] (DIYexpert_prior.py:627) Total Episode:   312 Steps:   26494 Episode Steps:   111 Return:  4.0000 FPS: 16.33
16:26:21.497 [INFO] (DIYexpert_prior.py:627) Total Episode:   313 Steps:   26603 Episode Steps:   109 Return:  4.0000 FPS: 16.40
16:26:28.122 [INFO] (DIYexpert_prior.py:627) Total Episode:   314 Steps:   26709 Episode Steps:   106 Return:  4.0000 FPS: 16.00
16:26:29.931 [INFO] (DIYexpert_prior.py:627) Total Episode:   315 Steps:   26729 Episode Steps:    20 Return: -5.0000 FPS: 11.07
16:26:36.412 [INFO] (DIYexpert_prior.py:627) Total Episode:   316 Steps:   26834 Episode Steps:   105 Return:  4.0000 FPS: 16.20
16:26:38.826 [INFO] (DIYexpert_prior.py:627) Total Episode:   317 Steps:   26865 Episode Steps:    31 Return: -5.0000 FPS: 12.85
16:26:45.318 [INFO] (DIYexpert_prior.py:627) Total Episode:   318 Steps:   26970 Episode Steps:   105 Return:  4.0000 FPS: 16.18
16:26:47.528 [INFO] (DIYexpert_prior.py:627) Total Episode:   319 Steps:   26998 Episode Steps:    28 Return: -5.0000 FPS: 12.68
16:26:54.651 [INFO] (DIYexpert_prior.py:627) Total Episode:   320 Steps:   27114 Episode Steps:   116 Return: -2.0000 FPS: 16.29
16:27:01.276 [INFO] (DIYexpert_prior.py:627) Total Episode:   321 Steps:   27221 Episode Steps:   107 Return:  4.0000 FPS: 16.15
16:27:08.120 [INFO] (DIYexpert_prior.py:627) Total Episode:   322 Steps:   27332 Episode Steps:   111 Return:  4.0000 FPS: 16.22
16:27:15.651 [INFO] (DIYexpert_prior.py:627) Total Episode:   323 Steps:   27456 Episode Steps:   124 Return: -2.0000 FPS: 16.47
16:27:23.196 [INFO] (DIYexpert_prior.py:627) Total Episode:   324 Steps:   27580 Episode Steps:   124 Return: -2.0000 FPS: 16.44
16:27:25.042 [INFO] (DIYexpert_prior.py:627) Total Episode:   325 Steps:   27602 Episode Steps:    22 Return: -5.0000 FPS: 11.92
16:27:32.169 [INFO] (DIYexpert_prior.py:627) Total Episode:   326 Steps:   27718 Episode Steps:   116 Return:  4.0000 FPS: 16.28
16:27:33.975 [INFO] (DIYexpert_prior.py:627) Total Episode:   327 Steps:   27739 Episode Steps:    21 Return: -5.0000 FPS: 11.63
16:27:40.723 [INFO] (DIYexpert_prior.py:627) Total Episode:   328 Steps:   27847 Episode Steps:   108 Return:  4.0000 FPS: 16.01
16:27:43.685 [INFO] (DIYexpert_prior.py:627) Total Episode:   329 Steps:   27888 Episode Steps:    41 Return: -5.0000 FPS: 13.85
16:27:51.082 [INFO] (DIYexpert_prior.py:627) Total Episode:   330 Steps:   28010 Episode Steps:   122 Return: -2.0000 FPS: 16.49
16:27:53.521 [INFO] (DIYexpert_prior.py:627) Total Episode:   331 Steps:   28043 Episode Steps:    33 Return: -5.0000 FPS: 13.54
16:27:55.624 [INFO] (DIYexpert_prior.py:627) Total Episode:   332 Steps:   28068 Episode Steps:    25 Return: -5.0000 FPS: 11.90
16:27:57.620 [INFO] (DIYexpert_prior.py:627) Total Episode:   333 Steps:   28093 Episode Steps:    25 Return: -5.0000 FPS: 12.53
16:28:00.843 [INFO] (DIYexpert_prior.py:627) Total Episode:   334 Steps:   28136 Episode Steps:    43 Return: -5.0000 FPS: 13.35
16:28:02.876 [INFO] (DIYexpert_prior.py:627) Total Episode:   335 Steps:   28161 Episode Steps:    25 Return: -5.0000 FPS: 12.30
16:28:09.600 [INFO] (DIYexpert_prior.py:627) Total Episode:   336 Steps:   28270 Episode Steps:   109 Return:  4.0000 FPS: 16.21
16:28:17.341 [INFO] (DIYexpert_prior.py:627) Total Episode:   337 Steps:   28397 Episode Steps:   127 Return:  4.0000 FPS: 16.41
16:28:24.153 [INFO] (DIYexpert_prior.py:627) Total Episode:   338 Steps:   28509 Episode Steps:   112 Return:  4.0000 FPS: 16.45
16:28:26.673 [INFO] (DIYexpert_prior.py:627) Total Episode:   339 Steps:   28542 Episode Steps:    33 Return: -5.0000 FPS: 13.10
16:28:29.282 [INFO] (DIYexpert_prior.py:627) Total Episode:   340 Steps:   28576 Episode Steps:    34 Return: -5.0000 FPS: 13.04
16:28:31.382 [INFO] (DIYexpert_prior.py:627) Total Episode:   341 Steps:   28602 Episode Steps:    26 Return: -5.0000 FPS: 12.39
16:28:38.055 [INFO] (DIYexpert_prior.py:627) Total Episode:   342 Steps:   28710 Episode Steps:   108 Return:  4.0000 FPS: 16.19
16:28:44.863 [INFO] (DIYexpert_prior.py:627) Total Episode:   343 Steps:   28820 Episode Steps:   110 Return:  4.0000 FPS: 16.16
16:28:52.223 [INFO] (DIYexpert_prior.py:627) Total Episode:   344 Steps:   28940 Episode Steps:   120 Return: -2.0000 FPS: 16.31
16:28:58.722 [INFO] (DIYexpert_prior.py:627) Total Episode:   345 Steps:   29046 Episode Steps:   106 Return:  4.0000 FPS: 16.31
16:29:05.465 [INFO] (DIYexpert_prior.py:627) Total Episode:   346 Steps:   29156 Episode Steps:   110 Return:  4.0000 FPS: 16.31
16:29:07.931 [INFO] (DIYexpert_prior.py:627) Total Episode:   347 Steps:   29189 Episode Steps:    33 Return: -5.0000 FPS: 13.39
16:29:14.997 [INFO] (DIYexpert_prior.py:627) Total Episode:   348 Steps:   29306 Episode Steps:   117 Return: -2.0000 FPS: 16.56
16:29:16.909 [INFO] (DIYexpert_prior.py:627) Total Episode:   349 Steps:   29329 Episode Steps:    23 Return: -5.0000 FPS: 12.03
16:29:19.226 [INFO] (DIYexpert_prior.py:627) Total Episode:   350 Steps:   29353 Episode Steps:    24 Return: -5.0000 FPS: 10.36
16:29:26.265 [INFO] (DIYexpert_prior.py:627) Total Episode:   351 Steps:   29467 Episode Steps:   114 Return: -2.0000 FPS: 16.21
16:29:28.521 [INFO] (DIYexpert_prior.py:627) Total Episode:   352 Steps:   29497 Episode Steps:    30 Return: -5.0000 FPS: 13.30
16:29:35.283 [INFO] (DIYexpert_prior.py:627) Total Episode:   353 Steps:   29605 Episode Steps:   108 Return:  4.0000 FPS: 15.98
16:29:37.758 [INFO] (DIYexpert_prior.py:627) Total Episode:   354 Steps:   29639 Episode Steps:    34 Return: -5.0000 FPS: 13.74
16:29:44.312 [INFO] (DIYexpert_prior.py:627) Total Episode:   355 Steps:   29744 Episode Steps:   105 Return:  4.0000 FPS: 16.02
16:29:46.893 [INFO] (DIYexpert_prior.py:627) Total Episode:   356 Steps:   29779 Episode Steps:    35 Return: -5.0000 FPS: 13.57
16:29:53.799 [INFO] (DIYexpert_prior.py:627) Total Episode:   357 Steps:   29892 Episode Steps:   113 Return: -2.0000 FPS: 16.37
16:29:56.017 [INFO] (DIYexpert_prior.py:627) Total Episode:   358 Steps:   29921 Episode Steps:    29 Return: -5.0000 FPS: 13.08
16:30:02.900 [INFO] (DIYexpert_prior.py:627) Total Episode:   359 Steps:   30034 Episode Steps:   113 Return: -2.0000 FPS: 16.42
16:30:09.303 [INFO] (DIYexpert_prior.py:627) Total Episode:   360 Steps:   30140 Episode Steps:   106 Return:  4.0000 FPS: 16.56
16:30:16.144 [INFO] (DIYexpert_prior.py:627) Total Episode:   361 Steps:   30254 Episode Steps:   114 Return: -2.0000 FPS: 16.66
16:30:23.013 [INFO] (DIYexpert_prior.py:627) Total Episode:   362 Steps:   30368 Episode Steps:   114 Return: -2.0000 FPS: 16.60
16:30:29.788 [INFO] (DIYexpert_prior.py:627) Total Episode:   363 Steps:   30481 Episode Steps:   113 Return: -2.0000 FPS: 16.68
16:30:36.597 [INFO] (DIYexpert_prior.py:627) Total Episode:   364 Steps:   30594 Episode Steps:   113 Return: -2.0000 FPS: 16.60
16:30:38.668 [INFO] (DIYexpert_prior.py:627) Total Episode:   365 Steps:   30620 Episode Steps:    26 Return: -5.0000 FPS: 12.56
16:30:45.431 [INFO] (DIYexpert_prior.py:627) Total Episode:   366 Steps:   30735 Episode Steps:   115 Return: -2.0000 FPS: 17.01
16:30:52.224 [INFO] (DIYexpert_prior.py:627) Total Episode:   367 Steps:   30848 Episode Steps:   113 Return: -2.0000 FPS: 16.64
16:30:58.986 [INFO] (DIYexpert_prior.py:627) Total Episode:   368 Steps:   30961 Episode Steps:   113 Return: -2.0000 FPS: 16.71
16:31:00.874 [INFO] (DIYexpert_prior.py:627) Total Episode:   369 Steps:   30984 Episode Steps:    23 Return: -5.0000 FPS: 12.19
16:31:07.607 [INFO] (DIYexpert_prior.py:627) Total Episode:   370 Steps:   31096 Episode Steps:   112 Return: -2.0000 FPS: 16.64
16:31:14.746 [INFO] (DIYexpert_prior.py:627) Total Episode:   371 Steps:   31210 Episode Steps:   114 Return: -2.0000 FPS: 15.97
16:31:16.985 [INFO] (DIYexpert_prior.py:627) Total Episode:   372 Steps:   31238 Episode Steps:    28 Return: -5.0000 FPS: 12.51
16:31:39.771 [INFO] (DIYexpert_prior.py:627) Total Episode:   373 Steps:   31637 Episode Steps:   399 Return: -2.0000 FPS: 17.51
16:31:46.771 [INFO] (DIYexpert_prior.py:627) Total Episode:   374 Steps:   31751 Episode Steps:   114 Return: -2.0000 FPS: 16.29
16:31:53.534 [INFO] (DIYexpert_prior.py:627) Total Episode:   375 Steps:   31863 Episode Steps:   112 Return: -2.0000 FPS: 16.56
16:32:00.341 [INFO] (DIYexpert_prior.py:627) Total Episode:   376 Steps:   31975 Episode Steps:   112 Return: -2.0000 FPS: 16.46
16:32:07.005 [INFO] (DIYexpert_prior.py:627) Total Episode:   377 Steps:   32086 Episode Steps:   111 Return: -2.0000 FPS: 16.66
16:32:09.440 [INFO] (DIYexpert_prior.py:627) Total Episode:   378 Steps:   32118 Episode Steps:    32 Return: -5.0000 FPS: 13.15
16:32:16.116 [INFO] (DIYexpert_prior.py:627) Total Episode:   379 Steps:   32229 Episode Steps:   111 Return: -2.0000 FPS: 16.63
16:32:22.699 [INFO] (DIYexpert_prior.py:627) Total Episode:   380 Steps:   32338 Episode Steps:   109 Return:  4.0000 FPS: 16.56
16:32:29.569 [INFO] (DIYexpert_prior.py:627) Total Episode:   381 Steps:   32451 Episode Steps:   113 Return: -2.0000 FPS: 16.45
16:32:31.426 [INFO] (DIYexpert_prior.py:627) Total Episode:   382 Steps:   32472 Episode Steps:    21 Return: -5.0000 FPS: 11.32
16:32:33.293 [INFO] (DIYexpert_prior.py:627) Total Episode:   383 Steps:   32493 Episode Steps:    21 Return: -5.0000 FPS: 11.25
16:32:39.996 [INFO] (DIYexpert_prior.py:627) Total Episode:   384 Steps:   32603 Episode Steps:   110 Return: -2.0000 FPS: 16.41
16:32:41.874 [INFO] (DIYexpert_prior.py:627) Total Episode:   385 Steps:   32625 Episode Steps:    22 Return: -5.0000 FPS: 11.72
16:32:43.830 [INFO] (DIYexpert_prior.py:627) Total Episode:   386 Steps:   32649 Episode Steps:    24 Return: -5.0000 FPS: 12.28
16:32:50.544 [INFO] (DIYexpert_prior.py:627) Total Episode:   387 Steps:   32760 Episode Steps:   111 Return: -2.0000 FPS: 16.53
16:32:52.328 [INFO] (DIYexpert_prior.py:627) Total Episode:   388 Steps:   32781 Episode Steps:    21 Return: -5.0000 FPS: 11.78
16:32:59.012 [INFO] (DIYexpert_prior.py:627) Total Episode:   389 Steps:   32891 Episode Steps:   110 Return: -2.0000 FPS: 16.46
16:33:05.838 [INFO] (DIYexpert_prior.py:627) Total Episode:   390 Steps:   33004 Episode Steps:   113 Return: -2.0000 FPS: 16.56
16:33:07.754 [INFO] (DIYexpert_prior.py:627) Total Episode:   391 Steps:   33024 Episode Steps:    20 Return: -5.0000 FPS: 10.44
16:33:14.296 [INFO] (DIYexpert_prior.py:627) Total Episode:   392 Steps:   33131 Episode Steps:   107 Return:  4.0000 FPS: 16.36
16:33:16.066 [INFO] (DIYexpert_prior.py:627) Total Episode:   393 Steps:   33152 Episode Steps:    21 Return: -5.0000 FPS: 11.87
16:33:18.120 [INFO] (DIYexpert_prior.py:627) Total Episode:   394 Steps:   33175 Episode Steps:    23 Return: -5.0000 FPS: 11.20
16:33:19.923 [INFO] (DIYexpert_prior.py:627) Total Episode:   395 Steps:   33195 Episode Steps:    20 Return: -5.0000 FPS: 11.10
16:33:22.079 [INFO] (DIYexpert_prior.py:627) Total Episode:   396 Steps:   33222 Episode Steps:    27 Return: -5.0000 FPS: 12.53
16:33:24.452 [INFO] (DIYexpert_prior.py:627) Total Episode:   397 Steps:   33253 Episode Steps:    31 Return: -5.0000 FPS: 13.07
16:33:31.154 [INFO] (DIYexpert_prior.py:627) Total Episode:   398 Steps:   33364 Episode Steps:   111 Return: -2.0000 FPS: 16.56
16:33:37.580 [INFO] (DIYexpert_prior.py:627) Total Episode:   399 Steps:   33469 Episode Steps:   105 Return:  4.0000 FPS: 16.34
16:33:39.753 [INFO] (DIYexpert_prior.py:627) Total Episode:   400 Steps:   33490 Episode Steps:    21 Return: -5.0000 FPS:  9.67
16:33:41.885 [INFO] (DIYexpert_prior.py:627) Total Episode:   401 Steps:   33516 Episode Steps:    26 Return: -5.0000 FPS: 12.20
16:33:43.712 [INFO] (DIYexpert_prior.py:627) Total Episode:   402 Steps:   33537 Episode Steps:    21 Return: -5.0000 FPS: 11.51
16:33:50.129 [INFO] (DIYexpert_prior.py:627) Total Episode:   403 Steps:   33643 Episode Steps:   106 Return:  4.0000 FPS: 16.52
16:33:51.913 [INFO] (DIYexpert_prior.py:627) Total Episode:   404 Steps:   33664 Episode Steps:    21 Return: -5.0000 FPS: 11.78
16:34:04.099 [INFO] (DIYexpert_prior.py:627) Total Episode:   405 Steps:   33877 Episode Steps:   213 Return: -2.0000 FPS: 17.48
16:34:06.585 [INFO] (DIYexpert_prior.py:627) Total Episode:   406 Steps:   33908 Episode Steps:    31 Return: -5.0000 FPS: 12.47
16:34:13.126 [INFO] (DIYexpert_prior.py:627) Total Episode:   407 Steps:   34014 Episode Steps:   106 Return:  4.0000 FPS: 16.21
16:34:19.652 [INFO] (DIYexpert_prior.py:627) Total Episode:   408 Steps:   34121 Episode Steps:   107 Return:  4.0000 FPS: 16.40
16:34:26.384 [INFO] (DIYexpert_prior.py:627) Total Episode:   409 Steps:   34228 Episode Steps:   107 Return:  4.0000 FPS: 15.90
16:34:33.121 [INFO] (DIYexpert_prior.py:627) Total Episode:   410 Steps:   34334 Episode Steps:   106 Return:  4.0000 FPS: 15.74
16:34:35.143 [INFO] (DIYexpert_prior.py:627) Total Episode:   411 Steps:   34354 Episode Steps:    20 Return: -5.0000 FPS:  9.90
16:34:37.115 [INFO] (DIYexpert_prior.py:627) Total Episode:   412 Steps:   34375 Episode Steps:    21 Return: -5.0000 FPS: 10.65
16:34:44.292 [INFO] (DIYexpert_prior.py:627) Total Episode:   413 Steps:   34487 Episode Steps:   112 Return: -2.0000 FPS: 15.61
16:34:51.372 [INFO] (DIYexpert_prior.py:627) Total Episode:   414 Steps:   34598 Episode Steps:   111 Return: -2.0000 FPS: 15.68
16:34:54.128 [INFO] (DIYexpert_prior.py:627) Total Episode:   415 Steps:   34636 Episode Steps:    38 Return: -5.0000 FPS: 13.79
16:34:55.869 [INFO] (DIYexpert_prior.py:627) Total Episode:   416 Steps:   34656 Episode Steps:    20 Return: -5.0000 FPS: 11.50
16:35:02.413 [INFO] (DIYexpert_prior.py:627) Total Episode:   417 Steps:   34764 Episode Steps:   108 Return:  4.0000 FPS: 16.51
16:35:09.100 [INFO] (DIYexpert_prior.py:627) Total Episode:   418 Steps:   34875 Episode Steps:   111 Return: -2.0000 FPS: 16.60
16:35:11.245 [INFO] (DIYexpert_prior.py:627) Total Episode:   419 Steps:   34902 Episode Steps:    27 Return: -5.0000 FPS: 12.59
16:35:12.989 [INFO] (DIYexpert_prior.py:627) Total Episode:   420 Steps:   34922 Episode Steps:    20 Return: -5.0000 FPS: 11.47
16:35:15.321 [INFO] (DIYexpert_prior.py:627) Total Episode:   421 Steps:   34952 Episode Steps:    30 Return: -5.0000 FPS: 12.87
16:35:17.356 [INFO] (DIYexpert_prior.py:627) Total Episode:   422 Steps:   34977 Episode Steps:    25 Return: -5.0000 FPS: 12.29
16:35:19.115 [INFO] (DIYexpert_prior.py:627) Total Episode:   423 Steps:   34997 Episode Steps:    20 Return: -5.0000 FPS: 11.37
16:35:20.950 [INFO] (DIYexpert_prior.py:627) Total Episode:   424 Steps:   35018 Episode Steps:    21 Return: -5.0000 FPS: 11.45
16:35:27.946 [INFO] (DIYexpert_prior.py:627) Total Episode:   425 Steps:   35131 Episode Steps:   113 Return: -2.0000 FPS: 16.15
16:35:29.655 [INFO] (DIYexpert_prior.py:627) Total Episode:   426 Steps:   35151 Episode Steps:    20 Return: -5.0000 FPS: 11.71
16:35:36.224 [INFO] (DIYexpert_prior.py:627) Total Episode:   427 Steps:   35258 Episode Steps:   107 Return:  4.0000 FPS: 16.29
16:35:42.917 [INFO] (DIYexpert_prior.py:627) Total Episode:   428 Steps:   35368 Episode Steps:   110 Return: -2.0000 FPS: 16.44
16:35:49.652 [INFO] (DIYexpert_prior.py:627) Total Episode:   429 Steps:   35479 Episode Steps:   111 Return: -2.0000 FPS: 16.49
16:35:51.620 [INFO] (DIYexpert_prior.py:627) Total Episode:   430 Steps:   35500 Episode Steps:    21 Return: -5.0000 FPS: 10.67
16:35:57.963 [INFO] (DIYexpert_prior.py:627) Total Episode:   431 Steps:   35604 Episode Steps:   104 Return:  4.0000 FPS: 16.40
16:36:04.765 [INFO] (DIYexpert_prior.py:627) Total Episode:   432 Steps:   35715 Episode Steps:   111 Return: -2.0000 FPS: 16.32
16:36:06.520 [INFO] (DIYexpert_prior.py:627) Total Episode:   433 Steps:   35735 Episode Steps:    20 Return: -5.0000 FPS: 11.41
16:36:08.287 [INFO] (DIYexpert_prior.py:627) Total Episode:   434 Steps:   35755 Episode Steps:    20 Return: -5.0000 FPS: 11.33
16:36:14.613 [INFO] (DIYexpert_prior.py:627) Total Episode:   435 Steps:   35858 Episode Steps:   103 Return:  4.0000 FPS: 16.28
16:36:20.939 [INFO] (DIYexpert_prior.py:627) Total Episode:   436 Steps:   35961 Episode Steps:   103 Return:  4.0000 FPS: 16.28
16:36:27.374 [INFO] (DIYexpert_prior.py:627) Total Episode:   437 Steps:   36066 Episode Steps:   105 Return:  4.0000 FPS: 16.32
16:36:29.347 [INFO] (DIYexpert_prior.py:627) Total Episode:   438 Steps:   36089 Episode Steps:    23 Return: -5.0000 FPS: 11.66
16:36:35.688 [INFO] (DIYexpert_prior.py:627) Total Episode:   439 Steps:   36191 Episode Steps:   102 Return:  4.0000 FPS: 16.09
16:36:37.614 [INFO] (DIYexpert_prior.py:627) Total Episode:   440 Steps:   36213 Episode Steps:    22 Return: -5.0000 FPS: 11.43
16:36:39.392 [INFO] (DIYexpert_prior.py:627) Total Episode:   441 Steps:   36233 Episode Steps:    20 Return: -5.0000 FPS: 11.26
16:36:41.174 [INFO] (DIYexpert_prior.py:627) Total Episode:   442 Steps:   36253 Episode Steps:    20 Return: -5.0000 FPS: 11.23
16:36:47.841 [INFO] (DIYexpert_prior.py:627) Total Episode:   443 Steps:   36357 Episode Steps:   104 Return:  4.0000 FPS: 15.60
16:36:50.437 [INFO] (DIYexpert_prior.py:627) Total Episode:   444 Steps:   36390 Episode Steps:    33 Return: -5.0000 FPS: 12.72
16:36:56.990 [INFO] (DIYexpert_prior.py:627) Total Episode:   445 Steps:   36494 Episode Steps:   104 Return:  4.0000 FPS: 15.87
16:37:00.412 [INFO] (DIYexpert_prior.py:627) Total Episode:   446 Steps:   36539 Episode Steps:    45 Return: -5.0000 FPS: 13.16
16:37:07.314 [INFO] (DIYexpert_prior.py:627) Total Episode:   447 Steps:   36646 Episode Steps:   107 Return:  4.0000 FPS: 15.51
16:37:14.308 [INFO] (DIYexpert_prior.py:627) Total Episode:   448 Steps:   36755 Episode Steps:   109 Return:  4.0000 FPS: 15.59
16:37:21.440 [INFO] (DIYexpert_prior.py:627) Total Episode:   449 Steps:   36866 Episode Steps:   111 Return:  4.0000 FPS: 15.57
16:37:29.094 [INFO] (DIYexpert_prior.py:627) Total Episode:   450 Steps:   36976 Episode Steps:   110 Return:  4.0000 FPS: 14.37
16:37:32.409 [INFO] (DIYexpert_prior.py:627) Total Episode:   451 Steps:   37020 Episode Steps:    44 Return: -5.0000 FPS: 13.28
16:37:40.339 [INFO] (DIYexpert_prior.py:627) Total Episode:   452 Steps:   37145 Episode Steps:   125 Return:  4.0000 FPS: 15.77
16:37:48.840 [INFO] (DIYexpert_prior.py:627) Total Episode:   453 Steps:   37281 Episode Steps:   136 Return:  4.0000 FPS: 16.00
16:38:11.318 [INFO] (DIYexpert_prior.py:627) Total Episode:   454 Steps:   37680 Episode Steps:   399 Return: -2.0000 FPS: 17.75
16:38:18.645 [INFO] (DIYexpert_prior.py:627) Total Episode:   455 Steps:   37797 Episode Steps:   117 Return: -2.0000 FPS: 15.97
16:38:25.801 [INFO] (DIYexpert_prior.py:627) Total Episode:   456 Steps:   37911 Episode Steps:   114 Return: -2.0000 FPS: 15.93
16:38:33.065 [INFO] (DIYexpert_prior.py:627) Total Episode:   457 Steps:   38026 Episode Steps:   115 Return: -2.0000 FPS: 15.84
16:38:35.288 [INFO] (DIYexpert_prior.py:627) Total Episode:   458 Steps:   38052 Episode Steps:    26 Return: -5.0000 FPS: 11.70
16:38:37.401 [INFO] (DIYexpert_prior.py:627) Total Episode:   459 Steps:   38076 Episode Steps:    24 Return: -5.0000 FPS: 11.36
16:38:44.629 [INFO] (DIYexpert_prior.py:627) Total Episode:   460 Steps:   38191 Episode Steps:   115 Return: -2.0000 FPS: 15.91
16:38:51.894 [INFO] (DIYexpert_prior.py:627) Total Episode:   461 Steps:   38306 Episode Steps:   115 Return: -2.0000 FPS: 15.83
16:38:59.225 [INFO] (DIYexpert_prior.py:627) Total Episode:   462 Steps:   38421 Episode Steps:   115 Return: -2.0000 FPS: 15.69
16:39:01.384 [INFO] (DIYexpert_prior.py:627) Total Episode:   463 Steps:   38445 Episode Steps:    24 Return: -5.0000 FPS: 11.12
16:39:03.535 [INFO] (DIYexpert_prior.py:627) Total Episode:   464 Steps:   38469 Episode Steps:    24 Return: -5.0000 FPS: 11.16
16:39:10.792 [INFO] (DIYexpert_prior.py:627) Total Episode:   465 Steps:   38584 Episode Steps:   115 Return: -2.0000 FPS: 15.85
16:39:18.051 [INFO] (DIYexpert_prior.py:627) Total Episode:   466 Steps:   38698 Episode Steps:   114 Return: -2.0000 FPS: 15.71
16:39:20.863 [INFO] (DIYexpert_prior.py:627) Total Episode:   467 Steps:   38733 Episode Steps:    35 Return: -5.0000 FPS: 12.45
16:39:28.077 [INFO] (DIYexpert_prior.py:627) Total Episode:   468 Steps:   38846 Episode Steps:   113 Return: -2.0000 FPS: 15.67
16:39:30.418 [INFO] (DIYexpert_prior.py:627) Total Episode:   469 Steps:   38870 Episode Steps:    24 Return: -5.0000 FPS: 10.26
16:39:37.643 [INFO] (DIYexpert_prior.py:627) Total Episode:   470 Steps:   38982 Episode Steps:   112 Return: -2.0000 FPS: 15.50
16:39:44.981 [INFO] (DIYexpert_prior.py:627) Total Episode:   471 Steps:   39095 Episode Steps:   113 Return: -2.0000 FPS: 15.40
16:39:52.264 [INFO] (DIYexpert_prior.py:627) Total Episode:   472 Steps:   39208 Episode Steps:   113 Return:  4.0000 FPS: 15.52
16:39:59.247 [INFO] (DIYexpert_prior.py:627) Total Episode:   473 Steps:   39315 Episode Steps:   107 Return:  4.0000 FPS: 15.32
16:40:06.194 [INFO] (DIYexpert_prior.py:627) Total Episode:   474 Steps:   39429 Episode Steps:   114 Return: -2.0000 FPS: 16.41
16:40:13.042 [INFO] (DIYexpert_prior.py:627) Total Episode:   475 Steps:   39541 Episode Steps:   112 Return: -2.0000 FPS: 16.36
16:40:15.576 [INFO] (DIYexpert_prior.py:627) Total Episode:   476 Steps:   39575 Episode Steps:    34 Return: -5.0000 FPS: 13.42
16:40:22.388 [INFO] (DIYexpert_prior.py:627) Total Episode:   477 Steps:   39687 Episode Steps:   112 Return: -2.0000 FPS: 16.44
16:40:29.344 [INFO] (DIYexpert_prior.py:627) Total Episode:   478 Steps:   39802 Episode Steps:   115 Return: -2.0000 FPS: 16.54
16:40:36.163 [INFO] (DIYexpert_prior.py:627) Total Episode:   479 Steps:   39914 Episode Steps:   112 Return: -2.0000 FPS: 16.43
16:40:38.312 [INFO] (DIYexpert_prior.py:627) Total Episode:   480 Steps:   39941 Episode Steps:    27 Return: -5.0000 FPS: 12.57
16:40:45.288 [INFO] (DIYexpert_prior.py:627) Total Episode:   481 Steps:   40054 Episode Steps:   113 Return: -2.0000 FPS: 16.20
16:40:47.262 [INFO] (DIYexpert_prior.py:627) Total Episode:   482 Steps:   40077 Episode Steps:    23 Return: -5.0000 FPS: 11.65
16:40:54.122 [INFO] (DIYexpert_prior.py:627) Total Episode:   483 Steps:   40189 Episode Steps:   112 Return: -2.0000 FPS: 16.33
16:41:00.993 [INFO] (DIYexpert_prior.py:627) Total Episode:   484 Steps:   40302 Episode Steps:   113 Return: -2.0000 FPS: 16.45
16:41:10.045 [INFO] (DIYexpert_prior.py:627) Total Episode:   485 Steps:   40457 Episode Steps:   155 Return: -2.0000 FPS: 17.13
16:41:12.349 [INFO] (DIYexpert_prior.py:627) Total Episode:   486 Steps:   40487 Episode Steps:    30 Return: -5.0000 FPS: 13.03
16:41:19.338 [INFO] (DIYexpert_prior.py:627) Total Episode:   487 Steps:   40601 Episode Steps:   114 Return: -2.0000 FPS: 16.31
16:41:27.065 [INFO] (DIYexpert_prior.py:627) Total Episode:   488 Steps:   40714 Episode Steps:   113 Return: -2.0000 FPS: 14.63
16:41:29.113 [INFO] (DIYexpert_prior.py:627) Total Episode:   489 Steps:   40737 Episode Steps:    23 Return: -5.0000 FPS: 11.24
16:41:39.006 [INFO] (DIYexpert_prior.py:627) Total Episode:   490 Steps:   40862 Episode Steps:   125 Return:  4.0000 FPS: 12.64
16:41:48.180 [INFO] (DIYexpert_prior.py:627) Total Episode:   491 Steps:   40977 Episode Steps:   115 Return: -2.0000 FPS: 12.54
16:41:57.443 [INFO] (DIYexpert_prior.py:627) Total Episode:   492 Steps:   41090 Episode Steps:   113 Return: -2.0000 FPS: 12.20
16:42:00.597 [INFO] (DIYexpert_prior.py:627) Total Episode:   493 Steps:   41118 Episode Steps:    28 Return: -5.0000 FPS:  8.88
16:42:04.351 [INFO] (DIYexpert_prior.py:627) Total Episode:   494 Steps:   41153 Episode Steps:    35 Return: -5.0000 FPS:  9.33
16:42:07.571 [INFO] (DIYexpert_prior.py:627) Total Episode:   495 Steps:   41183 Episode Steps:    30 Return: -5.0000 FPS:  9.32
16:42:16.792 [INFO] (DIYexpert_prior.py:627) Total Episode:   496 Steps:   41296 Episode Steps:   113 Return: -2.0000 FPS: 12.26
16:42:26.101 [INFO] (DIYexpert_prior.py:627) Total Episode:   497 Steps:   41409 Episode Steps:   113 Return: -2.0000 FPS: 12.14
16:42:35.532 [INFO] (DIYexpert_prior.py:627) Total Episode:   498 Steps:   41524 Episode Steps:   115 Return: -2.0000 FPS: 12.20
16:42:44.796 [INFO] (DIYexpert_prior.py:627) Total Episode:   499 Steps:   41638 Episode Steps:   114 Return: -2.0000 FPS: 12.31
16:42:54.464 [INFO] (DIYexpert_prior.py:627) Total Episode:   500 Steps:   41752 Episode Steps:   114 Return: -2.0000 FPS: 11.79
16:42:57.758 [INFO] (DIYexpert_prior.py:627) Total Episode:   501 Steps:   41780 Episode Steps:    28 Return: -5.0000 FPS:  8.51
16:43:06.880 [INFO] (DIYexpert_prior.py:627) Total Episode:   502 Steps:   41893 Episode Steps:   113 Return: -2.0000 FPS: 12.39
16:43:16.144 [INFO] (DIYexpert_prior.py:627) Total Episode:   503 Steps:   42006 Episode Steps:   113 Return: -2.0000 FPS: 12.20
16:43:26.405 [INFO] (DIYexpert_prior.py:627) Total Episode:   504 Steps:   42125 Episode Steps:   119 Return:  4.0000 FPS: 11.60
16:43:35.380 [INFO] (DIYexpert_prior.py:627) Total Episode:   505 Steps:   42237 Episode Steps:   112 Return: -2.0000 FPS: 12.48
16:43:44.801 [INFO] (DIYexpert_prior.py:627) Total Episode:   506 Steps:   42351 Episode Steps:   114 Return: -2.0000 FPS: 12.10
16:43:48.381 [INFO] (DIYexpert_prior.py:627) Total Episode:   507 Steps:   42384 Episode Steps:    33 Return: -5.0000 FPS:  9.22
16:43:52.223 [INFO] (DIYexpert_prior.py:627) Total Episode:   508 Steps:   42422 Episode Steps:    38 Return: -5.0000 FPS:  9.89
16:43:55.220 [INFO] (DIYexpert_prior.py:627) Total Episode:   509 Steps:   42447 Episode Steps:    25 Return: -5.0000 FPS:  8.35
16:43:58.270 [INFO] (DIYexpert_prior.py:627) Total Episode:   510 Steps:   42475 Episode Steps:    28 Return: -5.0000 FPS:  9.18
16:44:07.700 [INFO] (DIYexpert_prior.py:627) Total Episode:   511 Steps:   42588 Episode Steps:   113 Return: -2.0000 FPS: 11.98
16:44:10.771 [INFO] (DIYexpert_prior.py:627) Total Episode:   512 Steps:   42615 Episode Steps:    27 Return: -5.0000 FPS:  8.80
16:44:20.268 [INFO] (DIYexpert_prior.py:627) Total Episode:   513 Steps:   42728 Episode Steps:   113 Return: -2.0000 FPS: 11.90
16:44:22.956 [INFO] (DIYexpert_prior.py:627) Total Episode:   514 Steps:   42749 Episode Steps:    21 Return: -5.0000 FPS:  7.82
16:44:32.519 [INFO] (DIYexpert_prior.py:627) Total Episode:   515 Steps:   42864 Episode Steps:   115 Return: -2.0000 FPS: 12.03
16:44:35.974 [INFO] (DIYexpert_prior.py:627) Total Episode:   516 Steps:   42897 Episode Steps:    33 Return: -5.0000 FPS:  9.55
16:44:39.294 [INFO] (DIYexpert_prior.py:627) Total Episode:   517 Steps:   42925 Episode Steps:    28 Return: -5.0000 FPS:  8.44
16:44:48.033 [INFO] (DIYexpert_prior.py:627) Total Episode:   518 Steps:   43030 Episode Steps:   105 Return:  4.0000 FPS: 12.02
16:44:51.410 [INFO] (DIYexpert_prior.py:627) Total Episode:   519 Steps:   43058 Episode Steps:    28 Return: -5.0000 FPS:  8.29
16:44:54.970 [INFO] (DIYexpert_prior.py:627) Total Episode:   520 Steps:   43091 Episode Steps:    33 Return: -5.0000 FPS:  9.27
16:44:58.575 [INFO] (DIYexpert_prior.py:627) Total Episode:   521 Steps:   43124 Episode Steps:    33 Return: -5.0000 FPS:  9.16
16:45:07.719 [INFO] (DIYexpert_prior.py:627) Total Episode:   522 Steps:   43236 Episode Steps:   112 Return: -2.0000 FPS: 12.25
16:45:10.560 [INFO] (DIYexpert_prior.py:627) Total Episode:   523 Steps:   43258 Episode Steps:    22 Return: -5.0000 FPS:  7.75
16:45:19.729 [INFO] (DIYexpert_prior.py:627) Total Episode:   524 Steps:   43372 Episode Steps:   114 Return: -2.0000 FPS: 12.44
16:45:28.752 [INFO] (DIYexpert_prior.py:627) Total Episode:   525 Steps:   43478 Episode Steps:   106 Return:  4.0000 FPS: 11.75
16:45:32.062 [INFO] (DIYexpert_prior.py:627) Total Episode:   526 Steps:   43508 Episode Steps:    30 Return: -5.0000 FPS:  9.07
16:45:44.237 [INFO] (DIYexpert_prior.py:627) Total Episode:   527 Steps:   43663 Episode Steps:   155 Return: -2.0000 FPS: 12.73
16:45:52.210 [INFO] (DIYexpert_prior.py:627) Total Episode:   528 Steps:   43769 Episode Steps:   106 Return:  4.0000 FPS: 13.30
16:46:00.617 [INFO] (DIYexpert_prior.py:627) Total Episode:   529 Steps:   43881 Episode Steps:   112 Return: -2.0000 FPS: 13.32
16:46:02.876 [INFO] (DIYexpert_prior.py:627) Total Episode:   530 Steps:   43901 Episode Steps:    20 Return: -5.0000 FPS:  8.86
16:46:05.188 [INFO] (DIYexpert_prior.py:627) Total Episode:   531 Steps:   43922 Episode Steps:    21 Return: -5.0000 FPS:  9.09
16:46:13.530 [INFO] (DIYexpert_prior.py:627) Total Episode:   532 Steps:   44034 Episode Steps:   112 Return: -2.0000 FPS: 13.44
16:46:22.090 [INFO] (DIYexpert_prior.py:627) Total Episode:   533 Steps:   44147 Episode Steps:   113 Return: -2.0000 FPS: 13.20
16:46:30.398 [INFO] (DIYexpert_prior.py:627) Total Episode:   534 Steps:   44259 Episode Steps:   112 Return: -2.0000 FPS: 13.48
16:46:38.293 [INFO] (DIYexpert_prior.py:627) Total Episode:   535 Steps:   44365 Episode Steps:   106 Return:  4.0000 FPS: 13.43
16:46:40.874 [INFO] (DIYexpert_prior.py:627) Total Episode:   536 Steps:   44390 Episode Steps:    25 Return: -5.0000 FPS:  9.69
16:46:44.301 [INFO] (DIYexpert_prior.py:627) Total Episode:   537 Steps:   44427 Episode Steps:    37 Return: -5.0000 FPS: 10.80
16:46:49.851 [INFO] (DIYexpert_prior.py:627) Total Episode:   538 Steps:   44499 Episode Steps:    72 Return: -5.0000 FPS: 12.98
16:46:52.613 [INFO] (DIYexpert_prior.py:627) Total Episode:   539 Steps:   44526 Episode Steps:    27 Return: -5.0000 FPS:  9.78
16:47:00.493 [INFO] (DIYexpert_prior.py:627) Total Episode:   540 Steps:   44630 Episode Steps:   104 Return:  4.0000 FPS: 13.20
16:47:08.993 [INFO] (DIYexpert_prior.py:627) Total Episode:   541 Steps:   44743 Episode Steps:   113 Return: -2.0000 FPS: 13.30
16:47:11.425 [INFO] (DIYexpert_prior.py:627) Total Episode:   542 Steps:   44764 Episode Steps:    21 Return: -5.0000 FPS:  8.64
16:47:19.288 [INFO] (DIYexpert_prior.py:627) Total Episode:   543 Steps:   44868 Episode Steps:   104 Return:  4.0000 FPS: 13.23
16:47:21.655 [INFO] (DIYexpert_prior.py:627) Total Episode:   544 Steps:   44889 Episode Steps:    21 Return: -5.0000 FPS:  8.87
16:47:29.703 [INFO] (DIYexpert_prior.py:627) Total Episode:   545 Steps:   44994 Episode Steps:   105 Return:  4.0000 FPS: 13.05
16:47:37.867 [INFO] (DIYexpert_prior.py:627) Total Episode:   546 Steps:   45100 Episode Steps:   106 Return:  4.0000 FPS: 12.99
16:47:45.799 [INFO] (DIYexpert_prior.py:627) Total Episode:   547 Steps:   45203 Episode Steps:   103 Return:  4.0000 FPS: 12.99
16:47:53.677 [INFO] (DIYexpert_prior.py:627) Total Episode:   548 Steps:   45308 Episode Steps:   105 Return:  4.0000 FPS: 13.33
16:47:56.569 [INFO] (DIYexpert_prior.py:627) Total Episode:   549 Steps:   45337 Episode Steps:    29 Return: -5.0000 FPS: 10.03
16:48:05.203 [INFO] (DIYexpert_prior.py:627) Total Episode:   550 Steps:   45446 Episode Steps:   109 Return:  4.0000 FPS: 12.63
16:48:13.971 [INFO] (DIYexpert_prior.py:627) Total Episode:   551 Steps:   45559 Episode Steps:   113 Return: -2.0000 FPS: 12.89
16:48:16.683 [INFO] (DIYexpert_prior.py:627) Total Episode:   552 Steps:   45585 Episode Steps:    26 Return: -5.0000 FPS:  9.59
16:48:25.600 [INFO] (DIYexpert_prior.py:627) Total Episode:   553 Steps:   45698 Episode Steps:   113 Return: -2.0000 FPS: 12.67
16:48:33.578 [INFO] (DIYexpert_prior.py:627) Total Episode:   554 Steps:   45805 Episode Steps:   107 Return:  4.0000 FPS: 13.41
16:48:41.965 [INFO] (DIYexpert_prior.py:627) Total Episode:   555 Steps:   45918 Episode Steps:   113 Return: -2.0000 FPS: 13.48
16:48:50.608 [INFO] (DIYexpert_prior.py:627) Total Episode:   556 Steps:   46033 Episode Steps:   115 Return: -2.0000 FPS: 13.31
16:48:59.022 [INFO] (DIYexpert_prior.py:627) Total Episode:   557 Steps:   46147 Episode Steps:   114 Return: -2.0000 FPS: 13.55
16:49:01.945 [INFO] (DIYexpert_prior.py:627) Total Episode:   558 Steps:   46177 Episode Steps:    30 Return: -5.0000 FPS: 10.27
16:49:05.489 [INFO] (DIYexpert_prior.py:627) Total Episode:   559 Steps:   46215 Episode Steps:    38 Return: -5.0000 FPS: 10.73
16:49:07.957 [INFO] (DIYexpert_prior.py:627) Total Episode:   560 Steps:   46236 Episode Steps:    21 Return: -5.0000 FPS:  8.51
16:49:16.448 [INFO] (DIYexpert_prior.py:627) Total Episode:   561 Steps:   46349 Episode Steps:   113 Return: -2.0000 FPS: 13.31
16:49:24.788 [INFO] (DIYexpert_prior.py:627) Total Episode:   562 Steps:   46461 Episode Steps:   112 Return: -2.0000 FPS: 13.43
16:49:33.407 [INFO] (DIYexpert_prior.py:627) Total Episode:   563 Steps:   46576 Episode Steps:   115 Return: -2.0000 FPS: 13.34
16:49:41.904 [INFO] (DIYexpert_prior.py:627) Total Episode:   564 Steps:   46685 Episode Steps:   109 Return:  4.0000 FPS: 12.83
16:49:49.715 [INFO] (DIYexpert_prior.py:627) Total Episode:   565 Steps:   46789 Episode Steps:   104 Return:  4.0000 FPS: 13.32
16:49:58.220 [INFO] (DIYexpert_prior.py:627) Total Episode:   566 Steps:   46902 Episode Steps:   113 Return: -2.0000 FPS: 13.29
16:50:00.799 [INFO] (DIYexpert_prior.py:627) Total Episode:   567 Steps:   46929 Episode Steps:    27 Return: -5.0000 FPS: 10.51
16:50:09.412 [INFO] (DIYexpert_prior.py:627) Total Episode:   568 Steps:   47044 Episode Steps:   115 Return: -2.0000 FPS: 13.35
16:50:17.911 [INFO] (DIYexpert_prior.py:627) Total Episode:   569 Steps:   47159 Episode Steps:   115 Return: -2.0000 FPS: 13.53
16:51:04.013 [INFO] (DIYexpert_prior.py:627) Total Episode:   570 Steps:   47272 Episode Steps:   113 Return: -2.0000 FPS:  2.45
16:51:06.700 [INFO] (DIYexpert_prior.py:627) Total Episode:   571 Steps:   47298 Episode Steps:    26 Return: -5.0000 FPS:  9.76
16:51:12.101 [INFO] (DIYexpert_prior.py:627) Total Episode:   572 Steps:   47367 Episode Steps:    69 Return: -5.0000 FPS: 12.78
16:51:19.595 [INFO] (DIYexpert_prior.py:627) Total Episode:   573 Steps:   47479 Episode Steps:   112 Return: -2.0000 FPS: 14.95
16:51:23.439 [INFO] (DIYexpert_prior.py:627) Total Episode:   574 Steps:   47533 Episode Steps:    54 Return: -2.0000 FPS: 14.05
16:51:25.350 [INFO] (DIYexpert_prior.py:627) Total Episode:   575 Steps:   47555 Episode Steps:    22 Return: -5.0000 FPS: 11.52
16:51:32.401 [INFO] (DIYexpert_prior.py:627) Total Episode:   576 Steps:   47669 Episode Steps:   114 Return: -2.0000 FPS: 16.17
16:51:34.224 [INFO] (DIYexpert_prior.py:627) Total Episode:   577 Steps:   47690 Episode Steps:    21 Return: -5.0000 FPS: 11.53
16:51:38.485 [INFO] (DIYexpert_prior.py:627) Total Episode:   578 Steps:   47755 Episode Steps:    65 Return: -5.0000 FPS: 15.26
16:51:45.308 [INFO] (DIYexpert_prior.py:627) Total Episode:   579 Steps:   47867 Episode Steps:   112 Return: -2.0000 FPS: 16.42
16:51:52.239 [INFO] (DIYexpert_prior.py:627) Total Episode:   580 Steps:   47981 Episode Steps:   114 Return: -2.0000 FPS: 16.45
16:51:54.204 [INFO] (DIYexpert_prior.py:627) Total Episode:   581 Steps:   48003 Episode Steps:    22 Return: -5.0000 FPS: 11.20
16:51:56.225 [INFO] (DIYexpert_prior.py:627) Total Episode:   582 Steps:   48028 Episode Steps:    25 Return: -5.0000 FPS: 12.38
16:51:58.107 [INFO] (DIYexpert_prior.py:627) Total Episode:   583 Steps:   48050 Episode Steps:    22 Return: -5.0000 FPS: 11.70
16:52:00.136 [INFO] (DIYexpert_prior.py:627) Total Episode:   584 Steps:   48072 Episode Steps:    22 Return: -5.0000 FPS: 10.85
16:52:07.142 [INFO] (DIYexpert_prior.py:627) Total Episode:   585 Steps:   48187 Episode Steps:   115 Return: -2.0000 FPS: 16.42
16:52:13.923 [INFO] (DIYexpert_prior.py:627) Total Episode:   586 Steps:   48299 Episode Steps:   112 Return: -2.0000 FPS: 16.52
16:52:20.998 [INFO] (DIYexpert_prior.py:627) Total Episode:   587 Steps:   48415 Episode Steps:   116 Return: -2.0000 FPS: 16.40
16:52:27.937 [INFO] (DIYexpert_prior.py:627) Total Episode:   588 Steps:   48528 Episode Steps:   113 Return: -2.0000 FPS: 16.29
16:52:34.846 [INFO] (DIYexpert_prior.py:627) Total Episode:   589 Steps:   48642 Episode Steps:   114 Return: -2.0000 FPS: 16.50
16:52:58.374 [INFO] (DIYexpert_prior.py:627) Total Episode:   590 Steps:   49041 Episode Steps:   399 Return: -2.0000 FPS: 16.96
16:53:05.335 [INFO] (DIYexpert_prior.py:627) Total Episode:   591 Steps:   49154 Episode Steps:   113 Return: -2.0000 FPS: 16.24
16:53:12.225 [INFO] (DIYexpert_prior.py:627) Total Episode:   592 Steps:   49267 Episode Steps:   113 Return: -2.0000 FPS: 16.40
16:53:19.151 [INFO] (DIYexpert_prior.py:627) Total Episode:   593 Steps:   49380 Episode Steps:   113 Return: -2.0000 FPS: 16.32
16:53:26.111 [INFO] (DIYexpert_prior.py:627) Total Episode:   594 Steps:   49494 Episode Steps:   114 Return: -2.0000 FPS: 16.38
16:53:31.486 [INFO] (DIYexpert_prior.py:627) Total Episode:   595 Steps:   49579 Episode Steps:    85 Return: -5.0000 FPS: 15.82
16:53:33.880 [INFO] (DIYexpert_prior.py:627) Total Episode:   596 Steps:   49610 Episode Steps:    31 Return: -5.0000 FPS: 12.97
16:53:35.735 [INFO] (DIYexpert_prior.py:627) Total Episode:   597 Steps:   49632 Episode Steps:    22 Return: -5.0000 FPS: 11.86
16:53:37.684 [INFO] (DIYexpert_prior.py:627) Total Episode:   598 Steps:   49655 Episode Steps:    23 Return: -5.0000 FPS: 11.81
16:53:44.620 [INFO] (DIYexpert_prior.py:627) Total Episode:   599 Steps:   49768 Episode Steps:   113 Return: -2.0000 FPS: 16.29
16:53:47.136 [INFO] (DIYexpert_prior.py:627) Total Episode:   600 Steps:   49795 Episode Steps:    27 Return: -5.0000 FPS: 10.74
16:53:53.605 [INFO] (DIYexpert_prior.py:627) Total Episode:   601 Steps:   49900 Episode Steps:   105 Return:  4.0000 FPS: 16.24
16:54:00.603 [INFO] (DIYexpert_prior.py:627) Total Episode:   602 Steps:   50015 Episode Steps:   115 Return: -2.0000 FPS: 16.43
16:54:02.897 [INFO] (DIYexpert_prior.py:627) Total Episode:   603 Steps:   50040 Episode Steps:    25 Return: -5.0000 FPS: 10.91
16:54:04.767 [INFO] (DIYexpert_prior.py:627) Total Episode:   604 Steps:   50061 Episode Steps:    21 Return: -5.0000 FPS: 11.23
16:54:06.785 [INFO] (DIYexpert_prior.py:627) Total Episode:   605 Steps:   50086 Episode Steps:    25 Return: -5.0000 FPS: 12.40
16:54:13.352 [INFO] (DIYexpert_prior.py:627) Total Episode:   606 Steps:   50193 Episode Steps:   107 Return:  4.0000 FPS: 16.30
16:54:15.823 [INFO] (DIYexpert_prior.py:627) Total Episode:   607 Steps:   50226 Episode Steps:    33 Return: -5.0000 FPS: 13.36
16:54:22.771 [INFO] (DIYexpert_prior.py:627) Total Episode:   608 Steps:   50340 Episode Steps:   114 Return: -2.0000 FPS: 16.41
16:54:24.722 [INFO] (DIYexpert_prior.py:627) Total Episode:   609 Steps:   50363 Episode Steps:    23 Return: -5.0000 FPS: 11.80
16:54:26.622 [INFO] (DIYexpert_prior.py:627) Total Episode:   610 Steps:   50385 Episode Steps:    22 Return: -5.0000 FPS: 11.58
16:54:28.520 [INFO] (DIYexpert_prior.py:627) Total Episode:   611 Steps:   50407 Episode Steps:    22 Return: -5.0000 FPS: 11.60
16:54:31.177 [INFO] (DIYexpert_prior.py:627) Total Episode:   612 Steps:   50443 Episode Steps:    36 Return: -5.0000 FPS: 13.56
16:54:37.574 [INFO] (DIYexpert_prior.py:627) Total Episode:   613 Steps:   50548 Episode Steps:   105 Return:  4.0000 FPS: 16.42
16:54:44.131 [INFO] (DIYexpert_prior.py:627) Total Episode:   614 Steps:   50656 Episode Steps:   108 Return:  4.0000 FPS: 16.47
16:54:51.101 [INFO] (DIYexpert_prior.py:627) Total Episode:   615 Steps:   50770 Episode Steps:   114 Return: -2.0000 FPS: 16.36
16:54:58.009 [INFO] (DIYexpert_prior.py:627) Total Episode:   616 Steps:   50883 Episode Steps:   113 Return: -2.0000 FPS: 16.36
16:55:07.019 [INFO] (DIYexpert_prior.py:627) Total Episode:   617 Steps:   51037 Episode Steps:   154 Return: -2.0000 FPS: 17.09
16:55:13.581 [INFO] (DIYexpert_prior.py:627) Total Episode:   618 Steps:   51146 Episode Steps:   109 Return:  4.0000 FPS: 16.61
16:55:20.430 [INFO] (DIYexpert_prior.py:627) Total Episode:   619 Steps:   51259 Episode Steps:   113 Return: -2.0000 FPS: 16.50
16:55:25.399 [INFO] (DIYexpert_prior.py:627) Total Episode:   620 Steps:   51338 Episode Steps:    79 Return: -5.0000 FPS: 15.90
16:55:32.353 [INFO] (DIYexpert_prior.py:627) Total Episode:   621 Steps:   51452 Episode Steps:   114 Return: -2.0000 FPS: 16.40
16:55:34.374 [INFO] (DIYexpert_prior.py:627) Total Episode:   622 Steps:   51474 Episode Steps:    22 Return: -5.0000 FPS: 10.89
16:55:41.367 [INFO] (DIYexpert_prior.py:627) Total Episode:   623 Steps:   51590 Episode Steps:   116 Return: -2.0000 FPS: 16.59
16:55:43.323 [INFO] (DIYexpert_prior.py:627) Total Episode:   624 Steps:   51614 Episode Steps:    24 Return: -5.0000 FPS: 12.28
16:55:50.208 [INFO] (DIYexpert_prior.py:627) Total Episode:   625 Steps:   51728 Episode Steps:   114 Return: -2.0000 FPS: 16.56
16:55:57.328 [INFO] (DIYexpert_prior.py:627) Total Episode:   626 Steps:   51845 Episode Steps:   117 Return: -2.0000 FPS: 16.44
16:56:04.603 [INFO] (DIYexpert_prior.py:627) Total Episode:   627 Steps:   51966 Episode Steps:   121 Return: -2.0000 FPS: 16.63
16:56:11.579 [INFO] (DIYexpert_prior.py:627) Total Episode:   628 Steps:   52079 Episode Steps:   113 Return: -2.0000 FPS: 16.20
16:56:18.924 [INFO] (DIYexpert_prior.py:627) Total Episode:   629 Steps:   52199 Episode Steps:   120 Return: -2.0000 FPS: 16.34
16:56:26.060 [INFO] (DIYexpert_prior.py:627) Total Episode:   630 Steps:   52317 Episode Steps:   118 Return: -2.0000 FPS: 16.54
16:56:28.804 [INFO] (DIYexpert_prior.py:627) Total Episode:   631 Steps:   52355 Episode Steps:    38 Return: -5.0000 FPS: 13.85
16:56:31.897 [INFO] (DIYexpert_prior.py:627) Total Episode:   632 Steps:   52399 Episode Steps:    44 Return: -5.0000 FPS: 14.23
16:56:38.780 [INFO] (DIYexpert_prior.py:627) Total Episode:   633 Steps:   52513 Episode Steps:   114 Return: -5.0000 FPS: 16.57
16:56:40.820 [INFO] (DIYexpert_prior.py:627) Total Episode:   634 Steps:   52538 Episode Steps:    25 Return: -5.0000 FPS: 12.26
16:56:48.466 [INFO] (DIYexpert_prior.py:627) Total Episode:   635 Steps:   52665 Episode Steps:   127 Return: -2.0000 FPS: 16.61
16:56:50.536 [INFO] (DIYexpert_prior.py:627) Total Episode:   636 Steps:   52691 Episode Steps:    26 Return: -5.0000 FPS: 12.56
16:56:52.955 [INFO] (DIYexpert_prior.py:627) Total Episode:   637 Steps:   52723 Episode Steps:    32 Return: -5.0000 FPS: 13.24
16:57:00.514 [INFO] (DIYexpert_prior.py:627) Total Episode:   638 Steps:   52848 Episode Steps:   125 Return: -2.0000 FPS: 16.54
16:57:07.491 [INFO] (DIYexpert_prior.py:627) Total Episode:   639 Steps:   52963 Episode Steps:   115 Return:  4.0000 FPS: 16.49
16:57:09.859 [INFO] (DIYexpert_prior.py:627) Total Episode:   640 Steps:   52994 Episode Steps:    31 Return: -5.0000 FPS: 13.10
16:57:11.962 [INFO] (DIYexpert_prior.py:627) Total Episode:   641 Steps:   53021 Episode Steps:    27 Return: -5.0000 FPS: 12.84
16:57:18.879 [INFO] (DIYexpert_prior.py:627) Total Episode:   642 Steps:   53133 Episode Steps:   112 Return:  4.0000 FPS: 16.19
16:57:20.981 [INFO] (DIYexpert_prior.py:627) Total Episode:   643 Steps:   53159 Episode Steps:    26 Return: -5.0000 FPS: 12.37
16:57:28.839 [INFO] (DIYexpert_prior.py:627) Total Episode:   644 Steps:   53290 Episode Steps:   131 Return: -2.0000 FPS: 16.67
16:57:36.131 [INFO] (DIYexpert_prior.py:627) Total Episode:   645 Steps:   53408 Episode Steps:   118 Return:  4.0000 FPS: 16.18
16:57:38.454 [INFO] (DIYexpert_prior.py:627) Total Episode:   646 Steps:   53438 Episode Steps:    30 Return: -5.0000 FPS: 12.92
16:57:40.575 [INFO] (DIYexpert_prior.py:627) Total Episode:   647 Steps:   53464 Episode Steps:    26 Return: -5.0000 FPS: 12.27
16:57:47.905 [INFO] (DIYexpert_prior.py:627) Total Episode:   648 Steps:   53586 Episode Steps:   122 Return: -2.0000 FPS: 16.65
16:57:55.309 [INFO] (DIYexpert_prior.py:627) Total Episode:   649 Steps:   53709 Episode Steps:   123 Return: -2.0000 FPS: 16.61
16:58:02.651 [INFO] (DIYexpert_prior.py:627) Total Episode:   650 Steps:   53823 Episode Steps:   114 Return:  1.0000 FPS: 15.53
16:58:09.725 [INFO] (DIYexpert_prior.py:627) Total Episode:   651 Steps:   53939 Episode Steps:   116 Return:  4.0000 FPS: 16.40
16:58:17.512 [INFO] (DIYexpert_prior.py:627) Total Episode:   652 Steps:   54067 Episode Steps:   128 Return:  4.0000 FPS: 16.44
16:58:24.729 [INFO] (DIYexpert_prior.py:627) Total Episode:   653 Steps:   54186 Episode Steps:   119 Return:  4.0000 FPS: 16.49
16:58:27.133 [INFO] (DIYexpert_prior.py:627) Total Episode:   654 Steps:   54218 Episode Steps:    32 Return: -5.0000 FPS: 13.32
16:58:48.450 [INFO] (DIYexpert_prior.py:627) Total Episode:   655 Steps:   54617 Episode Steps:   399 Return: -2.0000 FPS: 18.72
16:58:51.361 [INFO] (DIYexpert_prior.py:627) Total Episode:   656 Steps:   54658 Episode Steps:    41 Return: -5.0000 FPS: 14.09
16:58:53.632 [INFO] (DIYexpert_prior.py:627) Total Episode:   657 Steps:   54687 Episode Steps:    29 Return: -5.0000 FPS: 12.77
16:58:56.046 [INFO] (DIYexpert_prior.py:627) Total Episode:   658 Steps:   54718 Episode Steps:    31 Return: -5.0000 FPS: 12.85
16:59:03.026 [INFO] (DIYexpert_prior.py:627) Total Episode:   659 Steps:   54834 Episode Steps:   116 Return:  4.0000 FPS: 16.62
16:59:08.159 [INFO] (DIYexpert_prior.py:627) Total Episode:   660 Steps:   54911 Episode Steps:    77 Return: -5.0000 FPS: 15.00
16:59:10.237 [INFO] (DIYexpert_prior.py:627) Total Episode:   661 Steps:   54937 Episode Steps:    26 Return: -5.0000 FPS: 12.52
16:59:17.355 [INFO] (DIYexpert_prior.py:627) Total Episode:   662 Steps:   55056 Episode Steps:   119 Return:  4.0000 FPS: 16.73
16:59:24.243 [INFO] (DIYexpert_prior.py:627) Total Episode:   663 Steps:   55169 Episode Steps:   113 Return: -5.0000 FPS: 16.41
16:59:26.973 [INFO] (DIYexpert_prior.py:627) Total Episode:   664 Steps:   55207 Episode Steps:    38 Return: -5.0000 FPS: 13.93
16:59:29.166 [INFO] (DIYexpert_prior.py:627) Total Episode:   665 Steps:   55235 Episode Steps:    28 Return: -5.0000 FPS: 12.77
16:59:37.429 [INFO] (DIYexpert_prior.py:627) Total Episode:   666 Steps:   55371 Episode Steps:   136 Return: -2.0000 FPS: 16.46
16:59:44.360 [INFO] (DIYexpert_prior.py:627) Total Episode:   667 Steps:   55484 Episode Steps:   113 Return:  4.0000 FPS: 16.31
17:00:05.919 [INFO] (DIYexpert_prior.py:627) Total Episode:   668 Steps:   55883 Episode Steps:   399 Return: -2.0000 FPS: 18.51
17:00:10.423 [INFO] (DIYexpert_prior.py:627) Total Episode:   669 Steps:   55951 Episode Steps:    68 Return: -5.0000 FPS: 15.10
17:00:17.890 [INFO] (DIYexpert_prior.py:627) Total Episode:   670 Steps:   56074 Episode Steps:   123 Return:  4.0000 FPS: 16.47
17:00:25.187 [INFO] (DIYexpert_prior.py:627) Total Episode:   671 Steps:   56193 Episode Steps:   119 Return: -2.0000 FPS: 16.31
17:00:27.914 [INFO] (DIYexpert_prior.py:627) Total Episode:   672 Steps:   56230 Episode Steps:    37 Return: -5.0000 FPS: 13.57
17:00:34.541 [INFO] (DIYexpert_prior.py:627) Total Episode:   673 Steps:   56339 Episode Steps:   109 Return:  4.0000 FPS: 16.45
17:00:42.681 [INFO] (DIYexpert_prior.py:627) Total Episode:   674 Steps:   56476 Episode Steps:   137 Return: -2.0000 FPS: 16.83
17:00:49.495 [INFO] (DIYexpert_prior.py:627) Total Episode:   675 Steps:   56588 Episode Steps:   112 Return:  4.0000 FPS: 16.44
17:00:51.493 [INFO] (DIYexpert_prior.py:627) Total Episode:   676 Steps:   56612 Episode Steps:    24 Return: -5.0000 FPS: 12.02
17:00:58.457 [INFO] (DIYexpert_prior.py:627) Total Episode:   677 Steps:   56727 Episode Steps:   115 Return:  4.0000 FPS: 16.51
17:01:05.841 [INFO] (DIYexpert_prior.py:627) Total Episode:   678 Steps:   56849 Episode Steps:   122 Return: -2.0000 FPS: 16.53
17:01:13.707 [INFO] (DIYexpert_prior.py:627) Total Episode:   679 Steps:   56978 Episode Steps:   129 Return: -2.0000 FPS: 16.40
17:01:15.690 [INFO] (DIYexpert_prior.py:627) Total Episode:   680 Steps:   57002 Episode Steps:    24 Return: -5.0000 FPS: 12.11
17:01:17.682 [INFO] (DIYexpert_prior.py:627) Total Episode:   681 Steps:   57026 Episode Steps:    24 Return: -5.0000 FPS: 12.06
17:01:25.957 [INFO] (DIYexpert_prior.py:627) Total Episode:   682 Steps:   57162 Episode Steps:   136 Return: -2.0000 FPS: 16.44
17:01:33.397 [INFO] (DIYexpert_prior.py:627) Total Episode:   683 Steps:   57286 Episode Steps:   124 Return:  4.0000 FPS: 16.67
17:01:35.448 [INFO] (DIYexpert_prior.py:627) Total Episode:   684 Steps:   57311 Episode Steps:    25 Return: -5.0000 FPS: 12.19
17:01:37.891 [INFO] (DIYexpert_prior.py:627) Total Episode:   685 Steps:   57343 Episode Steps:    32 Return: -5.0000 FPS: 13.10
17:01:45.743 [INFO] (DIYexpert_prior.py:627) Total Episode:   686 Steps:   57472 Episode Steps:   129 Return:  4.0000 FPS: 16.43
17:01:53.557 [INFO] (DIYexpert_prior.py:627) Total Episode:   687 Steps:   57602 Episode Steps:   130 Return: -2.0000 FPS: 16.64
17:02:01.075 [INFO] (DIYexpert_prior.py:627) Total Episode:   688 Steps:   57727 Episode Steps:   125 Return: -2.0000 FPS: 16.63
17:02:08.362 [INFO] (DIYexpert_prior.py:627) Total Episode:   689 Steps:   57845 Episode Steps:   118 Return:  4.0000 FPS: 16.19
17:02:30.181 [INFO] (DIYexpert_prior.py:627) Total Episode:   690 Steps:   58244 Episode Steps:   399 Return: -2.0000 FPS: 18.29
17:02:32.283 [INFO] (DIYexpert_prior.py:627) Total Episode:   691 Steps:   58270 Episode Steps:    26 Return: -5.0000 FPS: 12.38
17:02:40.729 [INFO] (DIYexpert_prior.py:627) Total Episode:   692 Steps:   58411 Episode Steps:   141 Return: -2.0000 FPS: 16.70
17:02:43.455 [INFO] (DIYexpert_prior.py:627) Total Episode:   693 Steps:   58448 Episode Steps:    37 Return: -5.0000 FPS: 13.58
17:02:50.756 [INFO] (DIYexpert_prior.py:627) Total Episode:   694 Steps:   58569 Episode Steps:   121 Return: -2.0000 FPS: 16.58
17:02:57.555 [INFO] (DIYexpert_prior.py:627) Total Episode:   695 Steps:   58679 Episode Steps:   110 Return:  4.0000 FPS: 16.18
17:03:04.528 [INFO] (DIYexpert_prior.py:627) Total Episode:   696 Steps:   58793 Episode Steps:   114 Return: -2.0000 FPS: 16.35
