15:57:23.338 [INFO] (DIYexpert_prior.py:623) Total Episode:     1 Steps:      25 Episode Steps:    25 Return: -1.0000 FPS:  4.26
15:57:24.526 [INFO] (DIYexpert_prior.py:623) Total Episode:     2 Steps:      56 Episode Steps:    31 Return: -1.0000 FPS: 26.15
15:57:25.628 [INFO] (DIYexpert_prior.py:623) Total Episode:     3 Steps:      85 Episode Steps:    29 Return: -1.0000 FPS: 26.34
15:57:27.150 [INFO] (DIYexpert_prior.py:623) Total Episode:     4 Steps:     140 Episode Steps:    55 Return: -1.0000 FPS: 36.17
15:57:28.642 [INFO] (DIYexpert_prior.py:623) Total Episode:     5 Steps:     190 Episode Steps:    50 Return: -1.0000 FPS: 33.52
15:57:32.579 [INFO] (DIYexpert_prior.py:623) Total Episode:     6 Steps:     388 Episode Steps:   198 Return:  1.0000 FPS: 50.31
15:57:33.749 [INFO] (DIYexpert_prior.py:623) Total Episode:     7 Steps:     422 Episode Steps:    34 Return: -1.0000 FPS: 29.10
15:57:34.711 [INFO] (DIYexpert_prior.py:623) Total Episode:     8 Steps:     444 Episode Steps:    22 Return: -1.0000 FPS: 22.88
15:57:38.504 [INFO] (DIYexpert_prior.py:623) Total Episode:     9 Steps:     632 Episode Steps:   188 Return:  1.0000 FPS: 49.58
15:57:39.543 [INFO] (DIYexpert_prior.py:623) Total Episode:    10 Steps:     656 Episode Steps:    24 Return: -1.0000 FPS: 23.13
15:57:41.356 [INFO] (DIYexpert_prior.py:623) Total Episode:    11 Steps:     719 Episode Steps:    63 Return: -1.0000 FPS: 34.77
15:57:45.108 [INFO] (DIYexpert_prior.py:623) Total Episode:    12 Steps:     910 Episode Steps:   191 Return:  0.0000 FPS: 50.98
15:57:46.457 [INFO] (DIYexpert_prior.py:623) Total Episode:    13 Steps:     956 Episode Steps:    46 Return: -1.0000 FPS: 34.13
15:57:50.777 [INFO] (DIYexpert_prior.py:623) Total Episode:    14 Steps:    1176 Episode Steps:   220 Return:  0.0000 FPS: 50.93
15:57:54.844 [INFO] (DIYexpert_prior.py:623) Total Episode:    15 Steps:    1382 Episode Steps:   206 Return:  1.0000 FPS: 50.67
15:57:56.128 [INFO] (DIYexpert_prior.py:623) Total Episode:    16 Steps:    1421 Episode Steps:    39 Return: -1.0000 FPS: 30.39
15:57:57.588 [INFO] (DIYexpert_prior.py:623) Total Episode:    17 Steps:    1471 Episode Steps:    50 Return: -1.0000 FPS: 34.26
15:58:01.079 [INFO] (DIYexpert_prior.py:623) Total Episode:    18 Steps:    1646 Episode Steps:   175 Return:  1.0000 FPS: 50.15
15:58:02.255 [INFO] (DIYexpert_prior.py:623) Total Episode:    19 Steps:    1678 Episode Steps:    32 Return: -1.0000 FPS: 27.24
15:58:03.311 [INFO] (DIYexpert_prior.py:623) Total Episode:    20 Steps:    1705 Episode Steps:    27 Return: -1.0000 FPS: 25.59
15:58:07.459 [INFO] (DIYexpert_prior.py:623) Total Episode:    21 Steps:    1913 Episode Steps:   208 Return:  0.0000 FPS: 50.15
15:58:08.842 [INFO] (DIYexpert_prior.py:623) Total Episode:    22 Steps:    1958 Episode Steps:    45 Return: -1.0000 FPS: 32.56
15:58:12.751 [INFO] (DIYexpert_prior.py:623) Total Episode:    23 Steps:    2155 Episode Steps:   197 Return:  0.0000 FPS: 50.41
15:58:16.942 [INFO] (DIYexpert_prior.py:623) Total Episode:    24 Steps:    2367 Episode Steps:   212 Return:  1.0000 FPS: 50.60
15:58:21.393 [INFO] (DIYexpert_prior.py:623) Total Episode:    25 Steps:    2582 Episode Steps:   215 Return:  0.0000 FPS: 48.32
15:58:22.741 [INFO] (DIYexpert_prior.py:623) Total Episode:    26 Steps:    2620 Episode Steps:    38 Return: -1.0000 FPS: 28.21
15:58:24.152 [INFO] (DIYexpert_prior.py:623) Total Episode:    27 Steps:    2668 Episode Steps:    48 Return: -1.0000 FPS: 34.05
15:58:25.735 [INFO] (DIYexpert_prior.py:623) Total Episode:    28 Steps:    2724 Episode Steps:    56 Return: -1.0000 FPS: 35.40
15:58:30.102 [INFO] (DIYexpert_prior.py:623) Total Episode:    29 Steps:    2940 Episode Steps:   216 Return:  1.0000 FPS: 49.47
15:58:31.496 [INFO] (DIYexpert_prior.py:623) Total Episode:    30 Steps:    2987 Episode Steps:    47 Return: -1.0000 FPS: 33.73
15:58:35.695 [INFO] (DIYexpert_prior.py:623) Total Episode:    31 Steps:    3198 Episode Steps:   211 Return:  0.0000 FPS: 50.27
15:58:36.766 [INFO] (DIYexpert_prior.py:623) Total Episode:    32 Steps:    3225 Episode Steps:    27 Return: -1.0000 FPS: 25.22
15:58:38.028 [INFO] (DIYexpert_prior.py:623) Total Episode:    33 Steps:    3260 Episode Steps:    35 Return: -1.0000 FPS: 27.76
15:58:41.779 [INFO] (DIYexpert_prior.py:623) Total Episode:    34 Steps:    3445 Episode Steps:   185 Return: -1.0000 FPS: 49.34
15:58:42.821 [INFO] (DIYexpert_prior.py:623) Total Episode:    35 Steps:    3468 Episode Steps:    23 Return: -1.0000 FPS: 22.09
15:58:44.112 [INFO] (DIYexpert_prior.py:623) Total Episode:    36 Steps:    3504 Episode Steps:    36 Return: -1.0000 FPS: 27.92
15:58:45.515 [INFO] (DIYexpert_prior.py:623) Total Episode:    37 Steps:    3546 Episode Steps:    42 Return: -1.0000 FPS: 29.94
15:58:49.525 [INFO] (DIYexpert_prior.py:623) Total Episode:    38 Steps:    3747 Episode Steps:   201 Return:  0.0000 FPS: 50.14
15:58:50.746 [INFO] (DIYexpert_prior.py:623) Total Episode:    39 Steps:    3782 Episode Steps:    35 Return: -1.0000 FPS: 28.69
15:58:51.819 [INFO] (DIYexpert_prior.py:623) Total Episode:    40 Steps:    3808 Episode Steps:    26 Return: -1.0000 FPS: 24.27
15:58:52.820 [INFO] (DIYexpert_prior.py:623) Total Episode:    41 Steps:    3831 Episode Steps:    23 Return: -1.0000 FPS: 22.99
15:58:54.113 [INFO] (DIYexpert_prior.py:623) Total Episode:    42 Steps:    3863 Episode Steps:    32 Return: -1.0000 FPS: 24.89
15:58:55.270 [INFO] (DIYexpert_prior.py:623) Total Episode:    43 Steps:    3895 Episode Steps:    32 Return: -1.0000 FPS: 27.67
15:58:56.314 [INFO] (DIYexpert_prior.py:623) Total Episode:    44 Steps:    3920 Episode Steps:    25 Return: -1.0000 FPS: 23.98
15:59:00.263 [INFO] (DIYexpert_prior.py:623) Total Episode:    45 Steps:    4121 Episode Steps:   201 Return:  0.0000 FPS: 50.92
15:59:04.323 [INFO] (DIYexpert_prior.py:623) Total Episode:    46 Steps:    4326 Episode Steps:   205 Return:  0.0000 FPS: 50.50
15:59:05.282 [INFO] (DIYexpert_prior.py:623) Total Episode:    47 Steps:    4347 Episode Steps:    21 Return: -1.0000 FPS: 21.91
15:59:08.590 [INFO] (DIYexpert_prior.py:623) Total Episode:    48 Steps:    4509 Episode Steps:   162 Return: -1.0000 FPS: 48.99
15:59:13.061 [INFO] (DIYexpert_prior.py:623) Total Episode:    49 Steps:    4742 Episode Steps:   233 Return:  1.0000 FPS: 52.13
15:59:23.251 [INFO] (DIYexpert_prior.py:623) Total Episode:    50 Steps:    5030 Episode Steps:   288 Return:  1.0000 FPS: 28.27
15:59:25.898 [INFO] (DIYexpert_prior.py:623) Total Episode:    51 Steps:    5065 Episode Steps:    35 Return: -1.0000 FPS: 13.23
15:59:27.768 [INFO] (DIYexpert_prior.py:623) Total Episode:    52 Steps:    5087 Episode Steps:    22 Return: -1.0000 FPS: 11.77
15:59:29.964 [INFO] (DIYexpert_prior.py:623) Total Episode:    53 Steps:    5115 Episode Steps:    28 Return: -1.0000 FPS: 12.76
15:59:37.565 [INFO] (DIYexpert_prior.py:623) Total Episode:    54 Steps:    5236 Episode Steps:   121 Return:  1.0000 FPS: 15.92
15:59:45.866 [INFO] (DIYexpert_prior.py:623) Total Episode:    55 Steps:    5368 Episode Steps:   132 Return:  1.0000 FPS: 15.90
15:59:47.303 [INFO] (DIYexpert_prior.py:623) Total Episode:    56 Steps:    5381 Episode Steps:    13 Return: -1.0000 FPS:  9.05
15:59:55.387 [INFO] (DIYexpert_prior.py:623) Total Episode:    57 Steps:    5511 Episode Steps:   130 Return:  0.0000 FPS: 16.08
16:00:03.690 [INFO] (DIYexpert_prior.py:623) Total Episode:    58 Steps:    5647 Episode Steps:   136 Return:  0.0000 FPS: 16.38
16:00:05.582 [INFO] (DIYexpert_prior.py:623) Total Episode:    59 Steps:    5669 Episode Steps:    22 Return: -1.0000 FPS: 11.64
16:00:13.863 [INFO] (DIYexpert_prior.py:623) Total Episode:    60 Steps:    5804 Episode Steps:   135 Return:  0.0000 FPS: 16.30
16:00:21.218 [INFO] (DIYexpert_prior.py:623) Total Episode:    61 Steps:    5923 Episode Steps:   119 Return:  1.0000 FPS: 16.18
16:00:28.410 [INFO] (DIYexpert_prior.py:623) Total Episode:    62 Steps:    6039 Episode Steps:   116 Return:  1.0000 FPS: 16.13
16:00:35.697 [INFO] (DIYexpert_prior.py:623) Total Episode:    63 Steps:    6156 Episode Steps:   117 Return:  1.0000 FPS: 16.06
16:00:43.039 [INFO] (DIYexpert_prior.py:623) Total Episode:    64 Steps:    6273 Episode Steps:   117 Return:  1.0000 FPS: 15.94
16:00:50.552 [INFO] (DIYexpert_prior.py:623) Total Episode:    65 Steps:    6393 Episode Steps:   120 Return:  1.0000 FPS: 15.97
16:00:57.946 [INFO] (DIYexpert_prior.py:623) Total Episode:    66 Steps:    6512 Episode Steps:   119 Return:  1.0000 FPS: 16.10
16:01:05.161 [INFO] (DIYexpert_prior.py:623) Total Episode:    67 Steps:    6628 Episode Steps:   116 Return:  1.0000 FPS: 16.08
16:01:12.365 [INFO] (DIYexpert_prior.py:623) Total Episode:    68 Steps:    6738 Episode Steps:   110 Return:  1.0000 FPS: 15.27
16:01:19.162 [INFO] (DIYexpert_prior.py:623) Total Episode:    69 Steps:    6848 Episode Steps:   110 Return:  1.0000 FPS: 16.19
16:01:21.540 [INFO] (DIYexpert_prior.py:623) Total Episode:    70 Steps:    6878 Episode Steps:    30 Return: -1.0000 FPS: 12.62
16:01:28.298 [INFO] (DIYexpert_prior.py:623) Total Episode:    71 Steps:    6986 Episode Steps:   108 Return:  1.0000 FPS: 15.98
16:01:30.187 [INFO] (DIYexpert_prior.py:623) Total Episode:    72 Steps:    7007 Episode Steps:    21 Return: -1.0000 FPS: 11.12
16:01:37.189 [INFO] (DIYexpert_prior.py:623) Total Episode:    73 Steps:    7118 Episode Steps:   111 Return:  1.0000 FPS: 15.86
16:01:44.046 [INFO] (DIYexpert_prior.py:623) Total Episode:    74 Steps:    7227 Episode Steps:   109 Return:  1.0000 FPS: 15.90
16:01:46.003 [INFO] (DIYexpert_prior.py:623) Total Episode:    75 Steps:    7249 Episode Steps:    22 Return: -1.0000 FPS: 11.24
16:01:48.608 [INFO] (DIYexpert_prior.py:623) Total Episode:    76 Steps:    7283 Episode Steps:    34 Return: -1.0000 FPS: 13.06
16:01:50.499 [INFO] (DIYexpert_prior.py:623) Total Episode:    77 Steps:    7305 Episode Steps:    22 Return: -1.0000 FPS: 11.64
16:02:00.639 [INFO] (DIYexpert_prior.py:623) Total Episode:    78 Steps:    7478 Episode Steps:   173 Return:  1.0000 FPS: 17.06
16:02:07.425 [INFO] (DIYexpert_prior.py:623) Total Episode:    79 Steps:    7586 Episode Steps:   108 Return:  1.0000 FPS: 15.92
16:02:09.637 [INFO] (DIYexpert_prior.py:623) Total Episode:    80 Steps:    7611 Episode Steps:    25 Return: -1.0000 FPS: 11.31
16:02:16.451 [INFO] (DIYexpert_prior.py:623) Total Episode:    81 Steps:    7721 Episode Steps:   110 Return:  1.0000 FPS: 16.15
16:02:26.456 [INFO] (DIYexpert_prior.py:623) Total Episode:    82 Steps:    7889 Episode Steps:   168 Return:  1.0000 FPS: 16.79
16:02:28.629 [INFO] (DIYexpert_prior.py:623) Total Episode:    83 Steps:    7916 Episode Steps:    27 Return: -1.0000 FPS: 12.43
16:02:35.331 [INFO] (DIYexpert_prior.py:623) Total Episode:    84 Steps:    8023 Episode Steps:   107 Return:  1.0000 FPS: 15.97
16:02:41.997 [INFO] (DIYexpert_prior.py:623) Total Episode:    85 Steps:    8132 Episode Steps:   109 Return:  1.0000 FPS: 16.35
16:02:44.237 [INFO] (DIYexpert_prior.py:623) Total Episode:    86 Steps:    8161 Episode Steps:    29 Return: -1.0000 FPS: 12.95
16:02:51.285 [INFO] (DIYexpert_prior.py:623) Total Episode:    87 Steps:    8271 Episode Steps:   110 Return:  1.0000 FPS: 15.61
16:02:53.236 [INFO] (DIYexpert_prior.py:623) Total Episode:    88 Steps:    8294 Episode Steps:    23 Return: -1.0000 FPS: 11.80
16:02:55.456 [INFO] (DIYexpert_prior.py:623) Total Episode:    89 Steps:    8323 Episode Steps:    29 Return: -1.0000 FPS: 13.07
16:03:02.319 [INFO] (DIYexpert_prior.py:623) Total Episode:    90 Steps:    8434 Episode Steps:   111 Return:  1.0000 FPS: 16.18
16:03:09.225 [INFO] (DIYexpert_prior.py:623) Total Episode:    91 Steps:    8544 Episode Steps:   110 Return:  1.0000 FPS: 15.93
16:03:11.089 [INFO] (DIYexpert_prior.py:623) Total Episode:    92 Steps:    8565 Episode Steps:    21 Return: -1.0000 FPS: 11.27
16:03:17.807 [INFO] (DIYexpert_prior.py:623) Total Episode:    93 Steps:    8673 Episode Steps:   108 Return:  1.0000 FPS: 16.08
16:03:24.882 [INFO] (DIYexpert_prior.py:623) Total Episode:    94 Steps:    8784 Episode Steps:   111 Return:  1.0000 FPS: 15.69
16:03:26.756 [INFO] (DIYexpert_prior.py:623) Total Episode:    95 Steps:    8805 Episode Steps:    21 Return: -1.0000 FPS: 11.21
16:03:29.201 [INFO] (DIYexpert_prior.py:623) Total Episode:    96 Steps:    8835 Episode Steps:    30 Return: -1.0000 FPS: 12.28
16:03:33.579 [INFO] (DIYexpert_prior.py:623) Total Episode:    97 Steps:    8900 Episode Steps:    65 Return: -1.0000 FPS: 14.85
16:03:35.780 [INFO] (DIYexpert_prior.py:623) Total Episode:    98 Steps:    8928 Episode Steps:    28 Return: -1.0000 FPS: 12.73
16:03:42.777 [INFO] (DIYexpert_prior.py:623) Total Episode:    99 Steps:    9041 Episode Steps:   113 Return:  1.0000 FPS: 16.15
16:03:49.642 [INFO] (DIYexpert_prior.py:623) Total Episode:   100 Steps:    9147 Episode Steps:   106 Return:  1.0000 FPS: 15.44
16:03:51.542 [INFO] (DIYexpert_prior.py:623) Total Episode:   101 Steps:    9169 Episode Steps:    22 Return: -1.0000 FPS: 11.59
16:03:58.267 [INFO] (DIYexpert_prior.py:623) Total Episode:   102 Steps:    9277 Episode Steps:   108 Return:  1.0000 FPS: 16.06
16:04:04.884 [INFO] (DIYexpert_prior.py:623) Total Episode:   103 Steps:    9385 Episode Steps:   108 Return:  1.0000 FPS: 16.32
16:04:06.865 [INFO] (DIYexpert_prior.py:623) Total Episode:   104 Steps:    9408 Episode Steps:    23 Return: -1.0000 FPS: 11.62
16:04:09.713 [INFO] (DIYexpert_prior.py:623) Total Episode:   105 Steps:    9447 Episode Steps:    39 Return: -1.0000 FPS: 13.70
16:04:12.714 [INFO] (DIYexpert_prior.py:623) Total Episode:   106 Steps:    9487 Episode Steps:    40 Return: -1.0000 FPS: 13.33
16:04:19.614 [INFO] (DIYexpert_prior.py:623) Total Episode:   107 Steps:    9598 Episode Steps:   111 Return:  1.0000 FPS: 16.09
16:04:21.842 [INFO] (DIYexpert_prior.py:623) Total Episode:   108 Steps:    9626 Episode Steps:    28 Return: -1.0000 FPS: 12.57
16:04:28.849 [INFO] (DIYexpert_prior.py:623) Total Episode:   109 Steps:    9738 Episode Steps:   112 Return:  1.0000 FPS: 15.99
16:04:35.796 [INFO] (DIYexpert_prior.py:623) Total Episode:   110 Steps:    9850 Episode Steps:   112 Return:  1.0000 FPS: 16.12
16:04:38.513 [INFO] (DIYexpert_prior.py:623) Total Episode:   111 Steps:    9884 Episode Steps:    34 Return: -1.0000 FPS: 12.52
16:04:45.256 [INFO] (DIYexpert_prior.py:623) Total Episode:   112 Steps:    9993 Episode Steps:   109 Return:  1.0000 FPS: 16.17
16:04:52.050 [INFO] (DIYexpert_prior.py:623) Total Episode:   113 Steps:   10099 Episode Steps:   106 Return:  1.0000 FPS: 15.61
16:04:54.691 [INFO] (DIYexpert_prior.py:623) Total Episode:   114 Steps:   10134 Episode Steps:    35 Return: -1.0000 FPS: 13.26
16:04:56.793 [INFO] (DIYexpert_prior.py:623) Total Episode:   115 Steps:   10160 Episode Steps:    26 Return: -1.0000 FPS: 12.37
16:05:03.858 [INFO] (DIYexpert_prior.py:623) Total Episode:   116 Steps:   10273 Episode Steps:   113 Return:  1.0000 FPS: 16.00
16:05:10.700 [INFO] (DIYexpert_prior.py:623) Total Episode:   117 Steps:   10383 Episode Steps:   110 Return:  1.0000 FPS: 16.08
16:05:12.873 [INFO] (DIYexpert_prior.py:623) Total Episode:   118 Steps:   10410 Episode Steps:    27 Return: -1.0000 FPS: 12.43
16:05:14.853 [INFO] (DIYexpert_prior.py:623) Total Episode:   119 Steps:   10433 Episode Steps:    23 Return: -1.0000 FPS: 11.62
16:05:28.146 [INFO] (DIYexpert_prior.py:623) Total Episode:   120 Steps:   10658 Episode Steps:   225 Return:  1.0000 FPS: 16.93
16:05:30.526 [INFO] (DIYexpert_prior.py:623) Total Episode:   121 Steps:   10687 Episode Steps:    29 Return: -1.0000 FPS: 12.19
16:05:37.348 [INFO] (DIYexpert_prior.py:623) Total Episode:   122 Steps:   10797 Episode Steps:   110 Return:  1.0000 FPS: 16.13
16:05:43.878 [INFO] (DIYexpert_prior.py:623) Total Episode:   123 Steps:   10903 Episode Steps:   106 Return:  1.0000 FPS: 16.24
16:05:50.439 [INFO] (DIYexpert_prior.py:623) Total Episode:   124 Steps:   11009 Episode Steps:   106 Return:  1.0000 FPS: 16.16
16:05:52.517 [INFO] (DIYexpert_prior.py:623) Total Episode:   125 Steps:   11031 Episode Steps:    22 Return: -1.0000 FPS: 10.59
16:05:59.022 [INFO] (DIYexpert_prior.py:623) Total Episode:   126 Steps:   11135 Episode Steps:   104 Return:  1.0000 FPS: 15.99
16:06:05.906 [INFO] (DIYexpert_prior.py:623) Total Episode:   127 Steps:   11246 Episode Steps:   111 Return:  1.0000 FPS: 16.13
16:06:13.338 [INFO] (DIYexpert_prior.py:623) Total Episode:   128 Steps:   11367 Episode Steps:   121 Return: -1.0000 FPS: 16.28
16:06:20.252 [INFO] (DIYexpert_prior.py:623) Total Episode:   129 Steps:   11477 Episode Steps:   110 Return:  1.0000 FPS: 15.91
16:06:27.071 [INFO] (DIYexpert_prior.py:623) Total Episode:   130 Steps:   11587 Episode Steps:   110 Return:  1.0000 FPS: 16.13
16:06:33.880 [INFO] (DIYexpert_prior.py:623) Total Episode:   131 Steps:   11697 Episode Steps:   110 Return:  1.0000 FPS: 16.16
16:06:36.340 [INFO] (DIYexpert_prior.py:623) Total Episode:   132 Steps:   11729 Episode Steps:    32 Return: -1.0000 FPS: 13.01
16:06:43.364 [INFO] (DIYexpert_prior.py:623) Total Episode:   133 Steps:   11841 Episode Steps:   112 Return:  1.0000 FPS: 15.95
16:06:50.201 [INFO] (DIYexpert_prior.py:623) Total Episode:   134 Steps:   11951 Episode Steps:   110 Return:  1.0000 FPS: 16.09
16:06:56.548 [INFO] (DIYexpert_prior.py:623) Total Episode:   135 Steps:   12050 Episode Steps:    99 Return: -1.0000 FPS: 15.60
16:06:58.786 [INFO] (DIYexpert_prior.py:623) Total Episode:   136 Steps:   12078 Episode Steps:    28 Return: -1.0000 FPS: 12.52
16:07:05.413 [INFO] (DIYexpert_prior.py:623) Total Episode:   137 Steps:   12185 Episode Steps:   107 Return:  1.0000 FPS: 16.15
16:07:12.372 [INFO] (DIYexpert_prior.py:623) Total Episode:   138 Steps:   12296 Episode Steps:   111 Return:  1.0000 FPS: 15.95
16:07:19.316 [INFO] (DIYexpert_prior.py:623) Total Episode:   139 Steps:   12408 Episode Steps:   112 Return:  1.0000 FPS: 16.13
16:07:26.018 [INFO] (DIYexpert_prior.py:623) Total Episode:   140 Steps:   12516 Episode Steps:   108 Return:  1.0000 FPS: 16.12
16:07:27.950 [INFO] (DIYexpert_prior.py:623) Total Episode:   141 Steps:   12539 Episode Steps:    23 Return: -1.0000 FPS: 11.92
16:07:29.923 [INFO] (DIYexpert_prior.py:623) Total Episode:   142 Steps:   12562 Episode Steps:    23 Return: -1.0000 FPS: 11.66
16:07:36.642 [INFO] (DIYexpert_prior.py:623) Total Episode:   143 Steps:   12668 Episode Steps:   106 Return:  1.0000 FPS: 15.78
16:07:39.101 [INFO] (DIYexpert_prior.py:623) Total Episode:   144 Steps:   12698 Episode Steps:    30 Return: -1.0000 FPS: 12.21
16:07:45.838 [INFO] (DIYexpert_prior.py:623) Total Episode:   145 Steps:   12807 Episode Steps:   109 Return:  1.0000 FPS: 16.18
16:07:48.184 [INFO] (DIYexpert_prior.py:623) Total Episode:   146 Steps:   12837 Episode Steps:    30 Return: -1.0000 FPS: 12.79
16:07:50.336 [INFO] (DIYexpert_prior.py:623) Total Episode:   147 Steps:   12864 Episode Steps:    27 Return: -1.0000 FPS: 12.55
16:07:57.350 [INFO] (DIYexpert_prior.py:623) Total Episode:   148 Steps:   12976 Episode Steps:   112 Return:  1.0000 FPS: 15.97
16:08:04.016 [INFO] (DIYexpert_prior.py:623) Total Episode:   149 Steps:   13083 Episode Steps:   107 Return:  1.0000 FPS: 16.05
16:08:10.988 [INFO] (DIYexpert_prior.py:623) Total Episode:   150 Steps:   13191 Episode Steps:   108 Return:  1.0000 FPS: 15.49
16:08:17.850 [INFO] (DIYexpert_prior.py:623) Total Episode:   151 Steps:   13300 Episode Steps:   109 Return:  1.0000 FPS: 15.89
16:08:21.083 [INFO] (DIYexpert_prior.py:623) Total Episode:   152 Steps:   13344 Episode Steps:    44 Return: -1.0000 FPS: 13.61
16:08:25.680 [INFO] (DIYexpert_prior.py:623) Total Episode:   153 Steps:   13414 Episode Steps:    70 Return: -1.0000 FPS: 15.23
16:08:27.889 [INFO] (DIYexpert_prior.py:623) Total Episode:   154 Steps:   13442 Episode Steps:    28 Return: -1.0000 FPS: 12.68
16:08:32.457 [INFO] (DIYexpert_prior.py:623) Total Episode:   155 Steps:   13512 Episode Steps:    70 Return: -1.0000 FPS: 15.33
16:08:39.408 [INFO] (DIYexpert_prior.py:623) Total Episode:   156 Steps:   13623 Episode Steps:   111 Return:  1.0000 FPS: 15.97
16:08:46.296 [INFO] (DIYexpert_prior.py:623) Total Episode:   157 Steps:   13729 Episode Steps:   106 Return:  1.0000 FPS: 15.39
16:08:53.091 [INFO] (DIYexpert_prior.py:623) Total Episode:   158 Steps:   13837 Episode Steps:   108 Return:  1.0000 FPS: 15.90
16:08:55.018 [INFO] (DIYexpert_prior.py:623) Total Episode:   159 Steps:   13860 Episode Steps:    23 Return: -1.0000 FPS: 11.94
16:09:01.811 [INFO] (DIYexpert_prior.py:623) Total Episode:   160 Steps:   13967 Episode Steps:   107 Return:  1.0000 FPS: 15.75
16:09:04.153 [INFO] (DIYexpert_prior.py:623) Total Episode:   161 Steps:   13997 Episode Steps:    30 Return: -1.0000 FPS: 12.82
16:09:10.967 [INFO] (DIYexpert_prior.py:623) Total Episode:   162 Steps:   14108 Episode Steps:   111 Return:  1.0000 FPS: 16.29
16:09:17.887 [INFO] (DIYexpert_prior.py:623) Total Episode:   163 Steps:   14216 Episode Steps:   108 Return:  1.0000 FPS: 15.61
16:09:24.808 [INFO] (DIYexpert_prior.py:623) Total Episode:   164 Steps:   14325 Episode Steps:   109 Return:  1.0000 FPS: 15.75
16:09:31.586 [INFO] (DIYexpert_prior.py:623) Total Episode:   165 Steps:   14433 Episode Steps:   108 Return:  1.0000 FPS: 15.94
16:09:38.548 [INFO] (DIYexpert_prior.py:623) Total Episode:   166 Steps:   14544 Episode Steps:   111 Return:  1.0000 FPS: 15.95
16:09:41.139 [INFO] (DIYexpert_prior.py:623) Total Episode:   167 Steps:   14578 Episode Steps:    34 Return: -1.0000 FPS: 13.13
16:09:43.187 [INFO] (DIYexpert_prior.py:623) Total Episode:   168 Steps:   14603 Episode Steps:    25 Return: -1.0000 FPS: 12.22
16:09:50.161 [INFO] (DIYexpert_prior.py:623) Total Episode:   169 Steps:   14715 Episode Steps:   112 Return:  1.0000 FPS: 16.06
16:09:57.056 [INFO] (DIYexpert_prior.py:623) Total Episode:   170 Steps:   14824 Episode Steps:   109 Return:  1.0000 FPS: 15.81
16:09:59.254 [INFO] (DIYexpert_prior.py:623) Total Episode:   171 Steps:   14852 Episode Steps:    28 Return: -1.0000 FPS: 12.74
16:10:08.109 [INFO] (DIYexpert_prior.py:623) Total Episode:   172 Steps:   14999 Episode Steps:   147 Return: -1.0000 FPS: 16.60
16:10:14.794 [INFO] (DIYexpert_prior.py:623) Total Episode:   173 Steps:   15106 Episode Steps:   107 Return:  1.0000 FPS: 16.01
16:10:21.646 [INFO] (DIYexpert_prior.py:623) Total Episode:   174 Steps:   15214 Episode Steps:   108 Return:  1.0000 FPS: 15.76
16:10:28.474 [INFO] (DIYexpert_prior.py:623) Total Episode:   175 Steps:   15325 Episode Steps:   111 Return:  1.0000 FPS: 16.26
16:10:35.400 [INFO] (DIYexpert_prior.py:623) Total Episode:   176 Steps:   15434 Episode Steps:   109 Return:  1.0000 FPS: 15.74
16:10:37.705 [INFO] (DIYexpert_prior.py:623) Total Episode:   177 Steps:   15462 Episode Steps:    28 Return: -1.0000 FPS: 12.15
16:10:39.672 [INFO] (DIYexpert_prior.py:623) Total Episode:   178 Steps:   15485 Episode Steps:    23 Return: -1.0000 FPS: 11.70
16:10:46.473 [INFO] (DIYexpert_prior.py:623) Total Episode:   179 Steps:   15594 Episode Steps:   109 Return:  1.0000 FPS: 16.03
16:10:53.225 [INFO] (DIYexpert_prior.py:623) Total Episode:   180 Steps:   15704 Episode Steps:   110 Return:  1.0000 FPS: 16.30
16:10:55.326 [INFO] (DIYexpert_prior.py:623) Total Episode:   181 Steps:   15727 Episode Steps:    23 Return: -1.0000 FPS: 10.95
16:11:01.870 [INFO] (DIYexpert_prior.py:623) Total Episode:   182 Steps:   15833 Episode Steps:   106 Return:  1.0000 FPS: 16.20
16:11:04.522 [INFO] (DIYexpert_prior.py:623) Total Episode:   183 Steps:   15869 Episode Steps:    36 Return: -1.0000 FPS: 13.58
16:11:06.530 [INFO] (DIYexpert_prior.py:623) Total Episode:   184 Steps:   15892 Episode Steps:    23 Return: -1.0000 FPS: 11.46
16:11:13.736 [INFO] (DIYexpert_prior.py:623) Total Episode:   185 Steps:   16006 Episode Steps:   114 Return:  1.0000 FPS: 15.82
16:11:15.651 [INFO] (DIYexpert_prior.py:623) Total Episode:   186 Steps:   16028 Episode Steps:    22 Return: -1.0000 FPS: 11.50
16:11:22.420 [INFO] (DIYexpert_prior.py:623) Total Episode:   187 Steps:   16137 Episode Steps:   109 Return:  1.0000 FPS: 16.11
16:11:29.607 [INFO] (DIYexpert_prior.py:623) Total Episode:   188 Steps:   16252 Episode Steps:   115 Return:  1.0000 FPS: 16.00
16:11:36.294 [INFO] (DIYexpert_prior.py:623) Total Episode:   189 Steps:   16359 Episode Steps:   107 Return:  1.0000 FPS: 16.00
16:11:43.219 [INFO] (DIYexpert_prior.py:623) Total Episode:   190 Steps:   16470 Episode Steps:   111 Return:  1.0000 FPS: 16.03
16:11:47.820 [INFO] (DIYexpert_prior.py:623) Total Episode:   191 Steps:   16539 Episode Steps:    69 Return: -1.0000 FPS: 15.00
16:11:49.626 [INFO] (DIYexpert_prior.py:623) Total Episode:   192 Steps:   16560 Episode Steps:    21 Return: -1.0000 FPS: 11.63
16:11:56.401 [INFO] (DIYexpert_prior.py:623) Total Episode:   193 Steps:   16667 Episode Steps:   107 Return:  1.0000 FPS: 15.80
16:12:03.247 [INFO] (DIYexpert_prior.py:623) Total Episode:   194 Steps:   16777 Episode Steps:   110 Return:  1.0000 FPS: 16.07
16:12:05.307 [INFO] (DIYexpert_prior.py:623) Total Episode:   195 Steps:   16801 Episode Steps:    24 Return: -1.0000 FPS: 11.66
16:12:12.202 [INFO] (DIYexpert_prior.py:623) Total Episode:   196 Steps:   16911 Episode Steps:   110 Return:  1.0000 FPS: 15.96
16:12:18.984 [INFO] (DIYexpert_prior.py:623) Total Episode:   197 Steps:   17018 Episode Steps:   107 Return:  1.0000 FPS: 15.78
16:12:25.721 [INFO] (DIYexpert_prior.py:623) Total Episode:   198 Steps:   17126 Episode Steps:   108 Return:  1.0000 FPS: 16.03
16:12:32.422 [INFO] (DIYexpert_prior.py:623) Total Episode:   199 Steps:   17232 Episode Steps:   106 Return:  1.0000 FPS: 15.82
16:12:34.936 [INFO] (DIYexpert_prior.py:623) Total Episode:   200 Steps:   17254 Episode Steps:    22 Return: -1.0000 FPS:  8.75
16:12:41.761 [INFO] (DIYexpert_prior.py:623) Total Episode:   201 Steps:   17359 Episode Steps:   105 Return:  1.0000 FPS: 15.39
16:12:48.662 [INFO] (DIYexpert_prior.py:623) Total Episode:   202 Steps:   17468 Episode Steps:   109 Return:  1.0000 FPS: 15.80
16:12:55.538 [INFO] (DIYexpert_prior.py:623) Total Episode:   203 Steps:   17578 Episode Steps:   110 Return:  1.0000 FPS: 16.00
16:12:57.617 [INFO] (DIYexpert_prior.py:623) Total Episode:   204 Steps:   17602 Episode Steps:    24 Return: -1.0000 FPS: 11.55
16:12:59.667 [INFO] (DIYexpert_prior.py:623) Total Episode:   205 Steps:   17626 Episode Steps:    24 Return: -1.0000 FPS: 11.71
16:13:01.948 [INFO] (DIYexpert_prior.py:623) Total Episode:   206 Steps:   17655 Episode Steps:    29 Return: -1.0000 FPS: 12.72
16:13:04.005 [INFO] (DIYexpert_prior.py:623) Total Episode:   207 Steps:   17680 Episode Steps:    25 Return: -1.0000 FPS: 12.16
16:13:10.924 [INFO] (DIYexpert_prior.py:623) Total Episode:   208 Steps:   17790 Episode Steps:   110 Return:  1.0000 FPS: 15.90
16:13:17.521 [INFO] (DIYexpert_prior.py:623) Total Episode:   209 Steps:   17897 Episode Steps:   107 Return:  1.0000 FPS: 16.22
16:13:19.507 [INFO] (DIYexpert_prior.py:623) Total Episode:   210 Steps:   17920 Episode Steps:    23 Return: -1.0000 FPS: 11.59
16:13:23.978 [INFO] (DIYexpert_prior.py:623) Total Episode:   211 Steps:   17987 Episode Steps:    67 Return: -1.0000 FPS: 14.99
16:13:42.148 [INFO] (DIYexpert_prior.py:623) Total Episode:   212 Steps:   18295 Episode Steps:   308 Return:  1.0000 FPS: 16.95
16:13:48.939 [INFO] (DIYexpert_prior.py:623) Total Episode:   213 Steps:   18404 Episode Steps:   109 Return:  1.0000 FPS: 16.05
16:13:55.861 [INFO] (DIYexpert_prior.py:623) Total Episode:   214 Steps:   18512 Episode Steps:   108 Return:  1.0000 FPS: 15.61
16:14:03.322 [INFO] (DIYexpert_prior.py:623) Total Episode:   215 Steps:   18630 Episode Steps:   118 Return:  1.0000 FPS: 15.82
16:14:17.990 [INFO] (DIYexpert_prior.py:623) Total Episode:   216 Steps:   18881 Episode Steps:   251 Return:  1.0000 FPS: 17.11
16:14:24.670 [INFO] (DIYexpert_prior.py:623) Total Episode:   217 Steps:   18988 Episode Steps:   107 Return:  1.0000 FPS: 16.02
16:14:31.702 [INFO] (DIYexpert_prior.py:623) Total Episode:   218 Steps:   19099 Episode Steps:   111 Return:  1.0000 FPS: 15.79
16:14:38.509 [INFO] (DIYexpert_prior.py:623) Total Episode:   219 Steps:   19208 Episode Steps:   109 Return:  1.0000 FPS: 16.02
16:14:40.520 [INFO] (DIYexpert_prior.py:623) Total Episode:   220 Steps:   19232 Episode Steps:    24 Return: -1.0000 FPS: 11.94
16:14:44.362 [INFO] (DIYexpert_prior.py:623) Total Episode:   221 Steps:   19286 Episode Steps:    54 Return: -1.0000 FPS: 14.06
16:14:51.314 [INFO] (DIYexpert_prior.py:623) Total Episode:   222 Steps:   19398 Episode Steps:   112 Return:  1.0000 FPS: 16.11
16:14:53.645 [INFO] (DIYexpert_prior.py:623) Total Episode:   223 Steps:   19428 Episode Steps:    30 Return: -1.0000 FPS: 12.88
16:15:00.291 [INFO] (DIYexpert_prior.py:623) Total Episode:   224 Steps:   19534 Episode Steps:   106 Return:  1.0000 FPS: 15.95
16:15:06.917 [INFO] (DIYexpert_prior.py:623) Total Episode:   225 Steps:   19639 Episode Steps:   105 Return:  1.0000 FPS: 15.85
16:15:13.644 [INFO] (DIYexpert_prior.py:623) Total Episode:   226 Steps:   19746 Episode Steps:   107 Return:  1.0000 FPS: 15.91
16:15:15.736 [INFO] (DIYexpert_prior.py:623) Total Episode:   227 Steps:   19771 Episode Steps:    25 Return: -1.0000 FPS: 11.96
16:15:22.320 [INFO] (DIYexpert_prior.py:623) Total Episode:   228 Steps:   19876 Episode Steps:   105 Return:  1.0000 FPS: 15.95
16:15:29.222 [INFO] (DIYexpert_prior.py:623) Total Episode:   229 Steps:   19983 Episode Steps:   107 Return:  1.0000 FPS: 15.51
16:15:31.286 [INFO] (DIYexpert_prior.py:623) Total Episode:   230 Steps:   20008 Episode Steps:    25 Return: -1.0000 FPS: 12.12
16:15:34.000 [INFO] (DIYexpert_prior.py:623) Total Episode:   231 Steps:   20045 Episode Steps:    37 Return: -1.0000 FPS: 13.64
16:15:40.720 [INFO] (DIYexpert_prior.py:623) Total Episode:   232 Steps:   20152 Episode Steps:   107 Return:  1.0000 FPS: 15.92
16:15:47.695 [INFO] (DIYexpert_prior.py:623) Total Episode:   233 Steps:   20264 Episode Steps:   112 Return:  1.0000 FPS: 16.06
16:15:54.372 [INFO] (DIYexpert_prior.py:623) Total Episode:   234 Steps:   20370 Episode Steps:   106 Return:  1.0000 FPS: 15.88
16:15:56.365 [INFO] (DIYexpert_prior.py:623) Total Episode:   235 Steps:   20394 Episode Steps:    24 Return: -1.0000 FPS: 12.05
16:16:03.081 [INFO] (DIYexpert_prior.py:623) Total Episode:   236 Steps:   20502 Episode Steps:   108 Return:  1.0000 FPS: 16.08
16:16:05.423 [INFO] (DIYexpert_prior.py:623) Total Episode:   237 Steps:   20529 Episode Steps:    27 Return: -1.0000 FPS: 11.53
16:16:12.133 [INFO] (DIYexpert_prior.py:623) Total Episode:   238 Steps:   20637 Episode Steps:   108 Return:  1.0000 FPS: 16.10
16:16:18.918 [INFO] (DIYexpert_prior.py:623) Total Episode:   239 Steps:   20743 Episode Steps:   106 Return:  1.0000 FPS: 15.63
16:16:25.879 [INFO] (DIYexpert_prior.py:623) Total Episode:   240 Steps:   20857 Episode Steps:   114 Return:  1.0000 FPS: 16.38
16:16:27.919 [INFO] (DIYexpert_prior.py:623) Total Episode:   241 Steps:   20882 Episode Steps:    25 Return: -1.0000 FPS: 12.26
16:16:34.890 [INFO] (DIYexpert_prior.py:623) Total Episode:   242 Steps:   20990 Episode Steps:   108 Return:  1.0000 FPS: 15.50
16:16:41.929 [INFO] (DIYexpert_prior.py:623) Total Episode:   243 Steps:   21102 Episode Steps:   112 Return:  1.0000 FPS: 15.91
16:16:48.606 [INFO] (DIYexpert_prior.py:623) Total Episode:   244 Steps:   21208 Episode Steps:   106 Return:  1.0000 FPS: 15.88
16:16:55.349 [INFO] (DIYexpert_prior.py:623) Total Episode:   245 Steps:   21316 Episode Steps:   108 Return:  1.0000 FPS: 16.02
16:16:57.346 [INFO] (DIYexpert_prior.py:623) Total Episode:   246 Steps:   21340 Episode Steps:    24 Return: -1.0000 FPS: 12.03
16:16:59.357 [INFO] (DIYexpert_prior.py:623) Total Episode:   247 Steps:   21364 Episode Steps:    24 Return: -1.0000 FPS: 11.94
16:17:06.098 [INFO] (DIYexpert_prior.py:623) Total Episode:   248 Steps:   21473 Episode Steps:   109 Return:  1.0000 FPS: 16.17
16:17:08.111 [INFO] (DIYexpert_prior.py:623) Total Episode:   249 Steps:   21497 Episode Steps:    24 Return: -1.0000 FPS: 11.93
16:17:10.881 [INFO] (DIYexpert_prior.py:623) Total Episode:   250 Steps:   21528 Episode Steps:    31 Return: -1.0000 FPS: 11.20
16:17:17.663 [INFO] (DIYexpert_prior.py:623) Total Episode:   251 Steps:   21636 Episode Steps:   108 Return:  1.0000 FPS: 15.93
16:17:24.425 [INFO] (DIYexpert_prior.py:623) Total Episode:   252 Steps:   21742 Episode Steps:   106 Return:  1.0000 FPS: 15.68
16:17:27.503 [INFO] (DIYexpert_prior.py:623) Total Episode:   253 Steps:   21784 Episode Steps:    42 Return: -1.0000 FPS: 13.65
16:17:34.254 [INFO] (DIYexpert_prior.py:623) Total Episode:   254 Steps:   21890 Episode Steps:   106 Return:  1.0000 FPS: 15.70
16:17:36.183 [INFO] (DIYexpert_prior.py:623) Total Episode:   255 Steps:   21913 Episode Steps:    23 Return: -1.0000 FPS: 11.93
16:17:43.254 [INFO] (DIYexpert_prior.py:623) Total Episode:   256 Steps:   22023 Episode Steps:   110 Return:  1.0000 FPS: 15.56
16:17:45.447 [INFO] (DIYexpert_prior.py:623) Total Episode:   257 Steps:   22050 Episode Steps:    27 Return: -1.0000 FPS: 12.32
16:17:52.184 [INFO] (DIYexpert_prior.py:623) Total Episode:   258 Steps:   22157 Episode Steps:   107 Return:  1.0000 FPS: 15.88
16:17:58.926 [INFO] (DIYexpert_prior.py:623) Total Episode:   259 Steps:   22265 Episode Steps:   108 Return:  1.0000 FPS: 16.02
16:18:01.884 [INFO] (DIYexpert_prior.py:623) Total Episode:   260 Steps:   22304 Episode Steps:    39 Return: -1.0000 FPS: 13.19
16:18:17.197 [INFO] (DIYexpert_prior.py:623) Total Episode:   261 Steps:   22567 Episode Steps:   263 Return:  1.0000 FPS: 17.18
16:18:23.849 [INFO] (DIYexpert_prior.py:623) Total Episode:   262 Steps:   22672 Episode Steps:   105 Return:  1.0000 FPS: 15.79
16:18:31.347 [INFO] (DIYexpert_prior.py:623) Total Episode:   263 Steps:   22789 Episode Steps:   117 Return:  1.0000 FPS: 15.61
16:18:33.692 [INFO] (DIYexpert_prior.py:623) Total Episode:   264 Steps:   22818 Episode Steps:    29 Return: -1.0000 FPS: 12.37
16:18:55.723 [INFO] (DIYexpert_prior.py:623) Total Episode:   265 Steps:   23200 Episode Steps:   382 Return: -1.0000 FPS: 17.34
16:19:02.386 [INFO] (DIYexpert_prior.py:623) Total Episode:   266 Steps:   23306 Episode Steps:   106 Return:  1.0000 FPS: 15.91
16:19:09.121 [INFO] (DIYexpert_prior.py:623) Total Episode:   267 Steps:   23414 Episode Steps:   108 Return:  1.0000 FPS: 16.04
16:19:16.000 [INFO] (DIYexpert_prior.py:623) Total Episode:   268 Steps:   23525 Episode Steps:   111 Return:  1.0000 FPS: 16.14
16:19:17.894 [INFO] (DIYexpert_prior.py:623) Total Episode:   269 Steps:   23547 Episode Steps:    22 Return: -1.0000 FPS: 11.62
16:19:24.683 [INFO] (DIYexpert_prior.py:623) Total Episode:   270 Steps:   23656 Episode Steps:   109 Return:  1.0000 FPS: 16.06
16:19:31.934 [INFO] (DIYexpert_prior.py:623) Total Episode:   271 Steps:   23772 Episode Steps:   116 Return:  1.0000 FPS: 16.00
16:19:34.206 [INFO] (DIYexpert_prior.py:623) Total Episode:   272 Steps:   23801 Episode Steps:    29 Return: -1.0000 FPS: 12.77
16:19:41.629 [INFO] (DIYexpert_prior.py:623) Total Episode:   273 Steps:   23920 Episode Steps:   119 Return:  1.0000 FPS: 16.03
16:19:48.397 [INFO] (DIYexpert_prior.py:623) Total Episode:   274 Steps:   24025 Episode Steps:   105 Return:  1.0000 FPS: 15.52
16:19:55.214 [INFO] (DIYexpert_prior.py:623) Total Episode:   275 Steps:   24131 Episode Steps:   106 Return:  1.0000 FPS: 15.55
16:19:57.203 [INFO] (DIYexpert_prior.py:623) Total Episode:   276 Steps:   24154 Episode Steps:    23 Return: -1.0000 FPS: 11.58
16:20:01.537 [INFO] (DIYexpert_prior.py:623) Total Episode:   277 Steps:   24219 Episode Steps:    65 Return: -1.0000 FPS: 15.00
16:20:08.654 [INFO] (DIYexpert_prior.py:623) Total Episode:   278 Steps:   24330 Episode Steps:   111 Return:  1.0000 FPS: 15.60
16:20:11.474 [INFO] (DIYexpert_prior.py:623) Total Episode:   279 Steps:   24369 Episode Steps:    39 Return: -1.0000 FPS: 13.83
16:20:14.607 [INFO] (DIYexpert_prior.py:623) Total Episode:   280 Steps:   24412 Episode Steps:    43 Return: -1.0000 FPS: 13.73
16:20:21.439 [INFO] (DIYexpert_prior.py:623) Total Episode:   281 Steps:   24519 Episode Steps:   107 Return:  1.0000 FPS: 15.67
16:20:28.170 [INFO] (DIYexpert_prior.py:623) Total Episode:   282 Steps:   24625 Episode Steps:   106 Return:  1.0000 FPS: 15.75
16:20:34.968 [INFO] (DIYexpert_prior.py:623) Total Episode:   283 Steps:   24732 Episode Steps:   107 Return:  1.0000 FPS: 15.74
16:20:41.679 [INFO] (DIYexpert_prior.py:623) Total Episode:   284 Steps:   24839 Episode Steps:   107 Return:  1.0000 FPS: 15.95
16:20:44.236 [INFO] (DIYexpert_prior.py:623) Total Episode:   285 Steps:   24873 Episode Steps:    34 Return: -1.0000 FPS: 13.30
16:20:46.790 [INFO] (DIYexpert_prior.py:623) Total Episode:   286 Steps:   24905 Episode Steps:    32 Return: -1.0000 FPS: 12.53
16:20:53.351 [INFO] (DIYexpert_prior.py:623) Total Episode:   287 Steps:   25011 Episode Steps:   106 Return:  1.0000 FPS: 16.16
16:21:00.006 [INFO] (DIYexpert_prior.py:623) Total Episode:   288 Steps:   25115 Episode Steps:   104 Return:  1.0000 FPS: 15.63
16:21:02.042 [INFO] (DIYexpert_prior.py:623) Total Episode:   289 Steps:   25139 Episode Steps:    24 Return: -1.0000 FPS: 11.80
16:21:08.642 [INFO] (DIYexpert_prior.py:623) Total Episode:   290 Steps:   25244 Episode Steps:   105 Return:  1.0000 FPS: 15.91
16:21:15.467 [INFO] (DIYexpert_prior.py:623) Total Episode:   291 Steps:   25353 Episode Steps:   109 Return:  1.0000 FPS: 15.97
16:21:22.011 [INFO] (DIYexpert_prior.py:623) Total Episode:   292 Steps:   25457 Episode Steps:   104 Return:  1.0000 FPS: 15.90
16:21:24.898 [INFO] (DIYexpert_prior.py:623) Total Episode:   293 Steps:   25494 Episode Steps:    37 Return: -1.0000 FPS: 12.82
16:21:27.328 [INFO] (DIYexpert_prior.py:623) Total Episode:   294 Steps:   25526 Episode Steps:    32 Return: -1.0000 FPS: 13.18
16:21:34.106 [INFO] (DIYexpert_prior.py:623) Total Episode:   295 Steps:   25633 Episode Steps:   107 Return:  1.0000 FPS: 15.79
16:21:40.753 [INFO] (DIYexpert_prior.py:623) Total Episode:   296 Steps:   25739 Episode Steps:   106 Return:  1.0000 FPS: 15.95
16:21:46.218 [INFO] (DIYexpert_prior.py:623) Total Episode:   297 Steps:   25824 Episode Steps:    85 Return: -1.0000 FPS: 15.56
16:21:53.056 [INFO] (DIYexpert_prior.py:623) Total Episode:   298 Steps:   25935 Episode Steps:   111 Return:  1.0000 FPS: 16.23
16:21:55.644 [INFO] (DIYexpert_prior.py:623) Total Episode:   299 Steps:   25970 Episode Steps:    35 Return: -1.0000 FPS: 13.53
16:22:02.591 [INFO] (DIYexpert_prior.py:623) Total Episode:   300 Steps:   26077 Episode Steps:   107 Return:  1.0000 FPS: 15.41
16:22:09.733 [INFO] (DIYexpert_prior.py:623) Total Episode:   301 Steps:   26191 Episode Steps:   114 Return:  1.0000 FPS: 15.97
16:22:16.476 [INFO] (DIYexpert_prior.py:623) Total Episode:   302 Steps:   26301 Episode Steps:   110 Return:  1.0000 FPS: 16.32
16:22:23.151 [INFO] (DIYexpert_prior.py:623) Total Episode:   303 Steps:   26408 Episode Steps:   107 Return:  1.0000 FPS: 16.03
16:22:25.663 [INFO] (DIYexpert_prior.py:623) Total Episode:   304 Steps:   26441 Episode Steps:    33 Return: -1.0000 FPS: 13.14
16:22:32.232 [INFO] (DIYexpert_prior.py:623) Total Episode:   305 Steps:   26546 Episode Steps:   105 Return:  1.0000 FPS: 15.99
16:22:39.036 [INFO] (DIYexpert_prior.py:623) Total Episode:   306 Steps:   26656 Episode Steps:   110 Return:  1.0000 FPS: 16.17
16:22:45.694 [INFO] (DIYexpert_prior.py:623) Total Episode:   307 Steps:   26763 Episode Steps:   107 Return:  1.0000 FPS: 16.07
16:22:52.337 [INFO] (DIYexpert_prior.py:623) Total Episode:   308 Steps:   26871 Episode Steps:   108 Return:  1.0000 FPS: 16.26
16:22:58.902 [INFO] (DIYexpert_prior.py:623) Total Episode:   309 Steps:   26975 Episode Steps:   104 Return:  1.0000 FPS: 15.85
16:23:05.667 [INFO] (DIYexpert_prior.py:623) Total Episode:   310 Steps:   27083 Episode Steps:   108 Return:  1.0000 FPS: 15.97
16:23:12.238 [INFO] (DIYexpert_prior.py:623) Total Episode:   311 Steps:   27184 Episode Steps:   101 Return: -1.0000 FPS: 15.37
16:23:14.820 [INFO] (DIYexpert_prior.py:623) Total Episode:   312 Steps:   27215 Episode Steps:    31 Return: -1.0000 FPS: 12.01
16:23:21.748 [INFO] (DIYexpert_prior.py:623) Total Episode:   313 Steps:   27326 Episode Steps:   111 Return:  1.0000 FPS: 16.02
16:23:28.746 [INFO] (DIYexpert_prior.py:623) Total Episode:   314 Steps:   27439 Episode Steps:   113 Return:  1.0000 FPS: 16.15
16:23:35.388 [INFO] (DIYexpert_prior.py:623) Total Episode:   315 Steps:   27544 Episode Steps:   105 Return:  1.0000 FPS: 15.81
16:23:37.992 [INFO] (DIYexpert_prior.py:623) Total Episode:   316 Steps:   27577 Episode Steps:    33 Return: -1.0000 FPS: 12.67
16:23:44.851 [INFO] (DIYexpert_prior.py:623) Total Episode:   317 Steps:   27683 Episode Steps:   106 Return:  1.0000 FPS: 15.46
16:23:52.121 [INFO] (DIYexpert_prior.py:623) Total Episode:   318 Steps:   27789 Episode Steps:   106 Return:  1.0000 FPS: 14.58
16:23:59.433 [INFO] (DIYexpert_prior.py:623) Total Episode:   319 Steps:   27902 Episode Steps:   113 Return:  1.0000 FPS: 15.46
16:24:06.401 [INFO] (DIYexpert_prior.py:623) Total Episode:   320 Steps:   28011 Episode Steps:   109 Return:  1.0000 FPS: 15.65
16:24:13.197 [INFO] (DIYexpert_prior.py:623) Total Episode:   321 Steps:   28118 Episode Steps:   107 Return:  1.0000 FPS: 15.75
16:24:20.051 [INFO] (DIYexpert_prior.py:623) Total Episode:   322 Steps:   28226 Episode Steps:   108 Return:  1.0000 FPS: 15.76
16:24:26.840 [INFO] (DIYexpert_prior.py:623) Total Episode:   323 Steps:   28332 Episode Steps:   106 Return:  1.0000 FPS: 15.62
16:24:29.210 [INFO] (DIYexpert_prior.py:623) Total Episode:   324 Steps:   28361 Episode Steps:    29 Return: -1.0000 FPS: 12.24
16:24:36.194 [INFO] (DIYexpert_prior.py:623) Total Episode:   325 Steps:   28471 Episode Steps:   110 Return:  1.0000 FPS: 15.75
16:24:42.954 [INFO] (DIYexpert_prior.py:623) Total Episode:   326 Steps:   28578 Episode Steps:   107 Return:  1.0000 FPS: 15.83
16:24:49.907 [INFO] (DIYexpert_prior.py:623) Total Episode:   327 Steps:   28688 Episode Steps:   110 Return:  1.0000 FPS: 15.82
16:24:56.854 [INFO] (DIYexpert_prior.py:623) Total Episode:   328 Steps:   28799 Episode Steps:   111 Return:  1.0000 FPS: 15.98
