15:48:19.210 [INFO] (DIYexpert_prior.py:623) Total Episode:     1 Steps:      25 Episode Steps:    25 Return: -1.0000 FPS:  4.24
15:48:20.385 [INFO] (DIYexpert_prior.py:623) Total Episode:     2 Steps:      53 Episode Steps:    28 Return: -1.0000 FPS: 23.87
15:48:21.501 [INFO] (DIYexpert_prior.py:623) Total Episode:     3 Steps:      79 Episode Steps:    26 Return: -1.0000 FPS: 23.32
15:48:25.767 [INFO] (DIYexpert_prior.py:623) Total Episode:     4 Steps:     294 Episode Steps:   215 Return:  0.0000 FPS: 50.41
15:48:29.700 [INFO] (DIYexpert_prior.py:623) Total Episode:     5 Steps:     496 Episode Steps:   202 Return:  0.0000 FPS: 51.37
15:48:33.636 [INFO] (DIYexpert_prior.py:623) Total Episode:     6 Steps:     692 Episode Steps:   196 Return:  1.0000 FPS: 49.81
15:48:37.386 [INFO] (DIYexpert_prior.py:623) Total Episode:     7 Steps:     882 Episode Steps:   190 Return:  1.0000 FPS: 50.68
15:48:38.928 [INFO] (DIYexpert_prior.py:623) Total Episode:     8 Steps:     939 Episode Steps:    57 Return: -1.0000 FPS: 36.98
15:48:43.411 [INFO] (DIYexpert_prior.py:623) Total Episode:     9 Steps:    1167 Episode Steps:   228 Return:  0.0000 FPS: 50.87
15:48:47.623 [INFO] (DIYexpert_prior.py:623) Total Episode:    10 Steps:    1368 Episode Steps:   201 Return:  0.0000 FPS: 47.74
15:48:51.650 [INFO] (DIYexpert_prior.py:623) Total Episode:    11 Steps:    1563 Episode Steps:   195 Return:  1.0000 FPS: 48.43
15:48:53.224 [INFO] (DIYexpert_prior.py:623) Total Episode:    12 Steps:    1616 Episode Steps:    53 Return: -1.0000 FPS: 33.69
15:48:54.620 [INFO] (DIYexpert_prior.py:623) Total Episode:    13 Steps:    1663 Episode Steps:    47 Return: -1.0000 FPS: 33.69
15:48:59.028 [INFO] (DIYexpert_prior.py:623) Total Episode:    14 Steps:    1871 Episode Steps:   208 Return:  0.0000 FPS: 47.20
15:49:02.866 [INFO] (DIYexpert_prior.py:623) Total Episode:    15 Steps:    2060 Episode Steps:   189 Return:  1.0000 FPS: 49.26
15:49:03.960 [INFO] (DIYexpert_prior.py:623) Total Episode:    16 Steps:    2089 Episode Steps:    29 Return: -1.0000 FPS: 26.54
15:49:05.248 [INFO] (DIYexpert_prior.py:623) Total Episode:    17 Steps:    2124 Episode Steps:    35 Return: -1.0000 FPS: 27.19
15:49:06.579 [INFO] (DIYexpert_prior.py:623) Total Episode:    18 Steps:    2163 Episode Steps:    39 Return: -1.0000 FPS: 29.33
15:49:07.692 [INFO] (DIYexpert_prior.py:623) Total Episode:    19 Steps:    2192 Episode Steps:    29 Return: -1.0000 FPS: 26.08
15:49:12.000 [INFO] (DIYexpert_prior.py:623) Total Episode:    20 Steps:    2409 Episode Steps:   217 Return:  1.0000 FPS: 50.39
15:49:16.110 [INFO] (DIYexpert_prior.py:623) Total Episode:    21 Steps:    2618 Episode Steps:   209 Return:  0.0000 FPS: 50.86
15:49:21.291 [INFO] (DIYexpert_prior.py:623) Total Episode:    22 Steps:    2902 Episode Steps:   284 Return:  1.0000 FPS: 54.82
15:49:22.739 [INFO] (DIYexpert_prior.py:623) Total Episode:    23 Steps:    2945 Episode Steps:    43 Return: -1.0000 FPS: 29.72
15:49:23.979 [INFO] (DIYexpert_prior.py:623) Total Episode:    24 Steps:    2971 Episode Steps:    26 Return: -1.0000 FPS: 20.99
15:49:28.502 [INFO] (DIYexpert_prior.py:623) Total Episode:    25 Steps:    3184 Episode Steps:   213 Return:  1.0000 FPS: 47.10
15:49:32.913 [INFO] (DIYexpert_prior.py:623) Total Episode:    26 Steps:    3399 Episode Steps:   215 Return:  1.0000 FPS: 48.75
15:49:34.163 [INFO] (DIYexpert_prior.py:623) Total Episode:    27 Steps:    3431 Episode Steps:    32 Return: -1.0000 FPS: 25.64
15:49:35.256 [INFO] (DIYexpert_prior.py:623) Total Episode:    28 Steps:    3458 Episode Steps:    27 Return: -1.0000 FPS: 24.71
15:49:36.283 [INFO] (DIYexpert_prior.py:623) Total Episode:    29 Steps:    3481 Episode Steps:    23 Return: -1.0000 FPS: 22.41
15:49:41.796 [INFO] (DIYexpert_prior.py:623) Total Episode:    30 Steps:    3777 Episode Steps:   296 Return:  1.0000 FPS: 53.71
15:49:46.164 [INFO] (DIYexpert_prior.py:623) Total Episode:    31 Steps:    3998 Episode Steps:   221 Return:  0.0000 FPS: 50.61
15:49:50.328 [INFO] (DIYexpert_prior.py:623) Total Episode:    32 Steps:    4204 Episode Steps:   206 Return:  0.0000 FPS: 49.49
15:49:54.703 [INFO] (DIYexpert_prior.py:623) Total Episode:    33 Steps:    4424 Episode Steps:   220 Return:  0.0000 FPS: 50.29
15:49:56.032 [INFO] (DIYexpert_prior.py:623) Total Episode:    34 Steps:    4464 Episode Steps:    40 Return: -1.0000 FPS: 30.14
15:49:57.105 [INFO] (DIYexpert_prior.py:623) Total Episode:    35 Steps:    4492 Episode Steps:    28 Return: -1.0000 FPS: 26.13
15:50:01.321 [INFO] (DIYexpert_prior.py:623) Total Episode:    36 Steps:    4702 Episode Steps:   210 Return:  1.0000 FPS: 49.82
15:50:02.366 [INFO] (DIYexpert_prior.py:623) Total Episode:    37 Steps:    4728 Episode Steps:    26 Return: -1.0000 FPS: 24.91
15:50:06.409 [INFO] (DIYexpert_prior.py:623) Total Episode:    38 Steps:    4922 Episode Steps:   194 Return:  1.0000 FPS: 47.99
