14:37:46.446 [INFO] (DIYexpert_prior.py:668) Total Episode:     1 Steps:      25 Episode Steps:    25 Return: -10.0000 FPS:  4.30
14:37:50.448 [INFO] (DIYexpert_prior.py:668) Total Episode:     2 Steps:     222 Episode Steps:   197 Return:  0.0000 FPS: 49.25
14:37:51.739 [INFO] (DIYexpert_prior.py:668) Total Episode:     3 Steps:     264 Episode Steps:    42 Return: -10.0000 FPS: 32.54
14:37:55.842 [INFO] (DIYexpert_prior.py:668) Total Episode:     4 Steps:     468 Episode Steps:   204 Return:  1.0000 FPS: 49.74
14:38:00.246 [INFO] (DIYexpert_prior.py:668) Total Episode:     5 Steps:     683 Episode Steps:   215 Return:  0.0000 FPS: 48.84
14:38:04.457 [INFO] (DIYexpert_prior.py:668) Total Episode:     6 Steps:     891 Episode Steps:   208 Return:  1.0000 FPS: 49.41
14:38:05.508 [INFO] (DIYexpert_prior.py:668) Total Episode:     7 Steps:     915 Episode Steps:    24 Return: -10.0000 FPS: 22.85
14:38:09.782 [INFO] (DIYexpert_prior.py:668) Total Episode:     8 Steps:    1126 Episode Steps:   211 Return:  1.0000 FPS: 49.39
14:38:13.809 [INFO] (DIYexpert_prior.py:668) Total Episode:     9 Steps:    1323 Episode Steps:   197 Return:  1.0000 FPS: 48.93
14:38:15.193 [INFO] (DIYexpert_prior.py:668) Total Episode:    10 Steps:    1371 Episode Steps:    48 Return: -10.0000 FPS: 34.69
14:38:19.511 [INFO] (DIYexpert_prior.py:668) Total Episode:    11 Steps:    1585 Episode Steps:   214 Return:  1.0000 FPS: 49.57
14:38:20.639 [INFO] (DIYexpert_prior.py:668) Total Episode:    12 Steps:    1617 Episode Steps:    32 Return: -10.0000 FPS: 28.40
14:38:24.508 [INFO] (DIYexpert_prior.py:668) Total Episode:    13 Steps:    1808 Episode Steps:   191 Return:  0.0000 FPS: 49.38
14:38:25.917 [INFO] (DIYexpert_prior.py:668) Total Episode:    14 Steps:    1855 Episode Steps:    47 Return: -10.0000 FPS: 33.36
14:38:30.578 [INFO] (DIYexpert_prior.py:668) Total Episode:    15 Steps:    2068 Episode Steps:   213 Return:  0.0000 FPS: 45.71
14:38:33.340 [INFO] (DIYexpert_prior.py:668) Total Episode:    16 Steps:    2200 Episode Steps:   132 Return: -10.0000 FPS: 47.82
14:38:34.728 [INFO] (DIYexpert_prior.py:668) Total Episode:    17 Steps:    2243 Episode Steps:    43 Return: -10.0000 FPS: 31.01
14:38:40.129 [INFO] (DIYexpert_prior.py:668) Total Episode:    18 Steps:    2541 Episode Steps:   298 Return:  0.0000 FPS: 55.19
14:38:41.484 [INFO] (DIYexpert_prior.py:668) Total Episode:    19 Steps:    2582 Episode Steps:    41 Return: -10.0000 FPS: 30.28
14:38:42.535 [INFO] (DIYexpert_prior.py:668) Total Episode:    20 Steps:    2607 Episode Steps:    25 Return: -10.0000 FPS: 23.81
14:38:46.490 [INFO] (DIYexpert_prior.py:668) Total Episode:    21 Steps:    2802 Episode Steps:   195 Return:  1.0000 FPS: 49.32
14:38:47.633 [INFO] (DIYexpert_prior.py:668) Total Episode:    22 Steps:    2831 Episode Steps:    29 Return: -10.0000 FPS: 25.38
