10:19:25.095 [INFO] (trainer.py:160) Total Episode:     1 Steps:      28 Episode Steps:    28 Return: -0.8110 FPS:  5.13
10:19:26.283 [INFO] (trainer.py:160) Total Episode:     2 Steps:      56 Episode Steps:    28 Return: -0.8125 FPS: 23.60
10:19:27.453 [INFO] (trainer.py:160) Total Episode:     3 Steps:      85 Episode Steps:    29 Return: -0.8139 FPS: 24.80
10:19:31.959 [INFO] (trainer.py:160) Total Episode:     4 Steps:     300 Episode Steps:   215 Return:  1.0220 FPS: 47.73
10:19:33.205 [INFO] (trainer.py:160) Total Episode:     5 Steps:     332 Episode Steps:    32 Return: -0.7765 FPS: 25.71
10:19:37.284 [INFO] (trainer.py:160) Total Episode:     6 Steps:     528 Episode Steps:   196 Return:  1.9606 FPS: 48.06
10:19:41.422 [INFO] (trainer.py:160) Total Episode:     7 Steps:     732 Episode Steps:   204 Return:  1.0186 FPS: 49.32
10:19:42.937 [INFO] (trainer.py:160) Total Episode:     8 Steps:     777 Episode Steps:    45 Return: -0.7332 FPS: 29.73
10:19:47.337 [INFO] (trainer.py:160) Total Episode:     9 Steps:     985 Episode Steps:   208 Return:  1.0211 FPS: 47.28
10:19:51.226 [INFO] (trainer.py:160) Total Episode:    10 Steps:    1178 Episode Steps:   193 Return:  1.9618 FPS: 49.64
10:19:52.287 [INFO] (trainer.py:160) Total Episode:    11 Steps:    1202 Episode Steps:    24 Return: -0.8090 FPS: 22.66
10:19:53.605 [INFO] (trainer.py:160) Total Episode:    12 Steps:    1243 Episode Steps:    41 Return: -0.7454 FPS: 31.13
10:19:57.984 [INFO] (trainer.py:160) Total Episode:    13 Steps:    1457 Episode Steps:   214 Return:  1.9629 FPS: 48.88
10:19:59.345 [INFO] (trainer.py:160) Total Episode:    14 Steps:    1497 Episode Steps:    40 Return: -0.7485 FPS: 29.42
10:20:03.746 [INFO] (trainer.py:160) Total Episode:    15 Steps:    1707 Episode Steps:   210 Return:  1.9592 FPS: 47.73
10:20:04.766 [INFO] (trainer.py:160) Total Episode:    16 Steps:    1728 Episode Steps:    21 Return: -0.8097 FPS: 20.62
10:20:06.341 [INFO] (trainer.py:160) Total Episode:    17 Steps:    1780 Episode Steps:    52 Return: -0.7391 FPS: 33.04
10:20:10.119 [INFO] (trainer.py:160) Total Episode:    18 Steps:    1955 Episode Steps:   175 Return:  1.9646 FPS: 46.33
10:20:11.497 [INFO] (trainer.py:160) Total Episode:    19 Steps:    1996 Episode Steps:    41 Return: -0.7792 FPS: 29.78
10:20:12.936 [INFO] (trainer.py:160) Total Episode:    20 Steps:    2040 Episode Steps:    44 Return: -0.7383 FPS: 30.61
10:20:18.049 [INFO] (trainer.py:160) Total Episode:    21 Steps:    2307 Episode Steps:   267 Return:  2.3444 FPS: 52.23
10:20:22.548 [INFO] (trainer.py:160) Total Episode:    22 Steps:    2520 Episode Steps:   213 Return:  1.0188 FPS: 47.36
10:20:27.324 [INFO] (trainer.py:160) Total Episode:    23 Steps:    2757 Episode Steps:   237 Return:  1.0184 FPS: 49.64
10:20:31.651 [INFO] (trainer.py:160) Total Episode:    24 Steps:    2967 Episode Steps:   210 Return:  1.0183 FPS: 48.54
10:20:35.865 [INFO] (trainer.py:160) Total Episode:    25 Steps:    3173 Episode Steps:   206 Return:  1.9653 FPS: 48.90
10:20:37.316 [INFO] (trainer.py:160) Total Episode:    26 Steps:    3219 Episode Steps:    46 Return: -0.7808 FPS: 31.72
10:20:41.731 [INFO] (trainer.py:160) Total Episode:    27 Steps:    3436 Episode Steps:   217 Return:  1.0196 FPS: 49.16
10:20:46.070 [INFO] (trainer.py:160) Total Episode:    28 Steps:    3644 Episode Steps:   208 Return:  1.9621 FPS: 47.95
10:20:50.382 [INFO] (trainer.py:160) Total Episode:    29 Steps:    3847 Episode Steps:   203 Return:  1.9704 FPS: 47.10
10:20:54.289 [INFO] (trainer.py:160) Total Episode:    30 Steps:    4042 Episode Steps:   195 Return:  1.9642 FPS: 49.92
10:20:55.358 [INFO] (trainer.py:160) Total Episode:    31 Steps:    4067 Episode Steps:    25 Return: -0.8105 FPS: 23.41
10:20:59.866 [INFO] (trainer.py:160) Total Episode:    32 Steps:    4295 Episode Steps:   228 Return:  1.9607 FPS: 50.59
10:21:04.269 [INFO] (trainer.py:160) Total Episode:    33 Steps:    4510 Episode Steps:   215 Return:  1.0161 FPS: 48.84
10:21:08.449 [INFO] (trainer.py:160) Total Episode:    34 Steps:    4708 Episode Steps:   198 Return:  1.0162 FPS: 47.38
10:21:10.052 [INFO] (trainer.py:160) Total Episode:    35 Steps:    4757 Episode Steps:    49 Return: -0.7449 FPS: 30.59
10:21:11.218 [INFO] (trainer.py:160) Total Episode:    36 Steps:    4788 Episode Steps:    31 Return: -0.7814 FPS: 26.61
10:21:15.370 [INFO] (trainer.py:160) Total Episode:    37 Steps:    4988 Episode Steps:   200 Return:  1.0234 FPS: 48.19
10:21:18.301 [INFO] (trainer.py:160) Total Episode:    38 Steps:    5013 Episode Steps:    25 Return: -0.8105 FPS:  8.53
10:21:20.514 [INFO] (trainer.py:160) Total Episode:    39 Steps:    5045 Episode Steps:    32 Return: -0.8055 FPS: 14.46
10:21:23.024 [INFO] (trainer.py:160) Total Episode:    40 Steps:    5079 Episode Steps:    34 Return: -0.7796 FPS: 13.55
10:21:33.911 [INFO] (trainer.py:160) Total Episode:    41 Steps:    5283 Episode Steps:   204 Return:  1.0177 FPS: 18.74
10:21:37.233 [INFO] (trainer.py:160) Total Episode:    42 Steps:    5337 Episode Steps:    54 Return: -0.7811 FPS: 16.26
10:21:47.380 [INFO] (trainer.py:160) Total Episode:    43 Steps:    5534 Episode Steps:   197 Return:  1.9606 FPS: 19.42
10:21:54.929 [INFO] (trainer.py:160) Total Episode:    44 Steps:    5676 Episode Steps:   142 Return: -0.3634 FPS: 18.81
10:21:56.779 [INFO] (trainer.py:160) Total Episode:    45 Steps:    5700 Episode Steps:    24 Return: -0.8091 FPS: 12.99
10:22:07.046 [INFO] (trainer.py:160) Total Episode:    46 Steps:    5896 Episode Steps:   196 Return:  1.0164 FPS: 19.09
10:22:17.788 [INFO] (trainer.py:160) Total Episode:    47 Steps:    6098 Episode Steps:   202 Return:  1.9612 FPS: 18.81
10:22:28.394 [INFO] (trainer.py:160) Total Episode:    48 Steps:    6300 Episode Steps:   202 Return:  1.0190 FPS: 19.05
10:22:37.957 [INFO] (trainer.py:160) Total Episode:    49 Steps:    6481 Episode Steps:   181 Return:  1.9633 FPS: 18.93
10:22:41.259 [INFO] (trainer.py:160) Total Episode:    50 Steps:    6530 Episode Steps:    49 Return: -0.7335 FPS: 14.84
10:22:51.428 [INFO] (trainer.py:160) Total Episode:    51 Steps:    6722 Episode Steps:   192 Return:  1.9602 FPS: 18.88
10:22:53.313 [INFO] (trainer.py:160) Total Episode:    52 Steps:    6747 Episode Steps:    25 Return: -0.8120 FPS: 13.27
10:22:55.387 [INFO] (trainer.py:160) Total Episode:    53 Steps:    6776 Episode Steps:    29 Return: -0.7778 FPS: 13.99
10:23:04.418 [INFO] (trainer.py:160) Total Episode:    54 Steps:    6941 Episode Steps:   165 Return:  1.9588 FPS: 18.27
10:23:15.946 [INFO] (trainer.py:160) Total Episode:    55 Steps:    7149 Episode Steps:   208 Return:  1.9664 FPS: 18.04
10:23:28.882 [INFO] (trainer.py:160) Total Episode:    56 Steps:    7382 Episode Steps:   233 Return:  1.0211 FPS: 18.01
10:23:31.012 [INFO] (trainer.py:160) Total Episode:    57 Steps:    7408 Episode Steps:    26 Return: -0.8106 FPS: 12.21
10:23:33.625 [INFO] (trainer.py:160) Total Episode:    58 Steps:    7440 Episode Steps:    32 Return: -0.7790 FPS: 12.25
10:23:35.750 [INFO] (trainer.py:160) Total Episode:    59 Steps:    7467 Episode Steps:    27 Return: -0.7939 FPS: 12.71
10:23:38.734 [INFO] (trainer.py:160) Total Episode:    60 Steps:    7512 Episode Steps:    45 Return: -0.7259 FPS: 15.09
10:23:40.809 [INFO] (trainer.py:160) Total Episode:    61 Steps:    7538 Episode Steps:    26 Return: -0.8113 FPS: 12.54
10:23:51.560 [INFO] (trainer.py:160) Total Episode:    62 Steps:    7737 Episode Steps:   199 Return:  1.0165 FPS: 18.51
10:24:02.351 [INFO] (trainer.py:160) Total Episode:    63 Steps:    7936 Episode Steps:   199 Return:  1.0268 FPS: 18.44
10:24:05.308 [INFO] (trainer.py:160) Total Episode:    64 Steps:    7983 Episode Steps:    47 Return: -0.7421 FPS: 15.90
10:24:08.982 [INFO] (trainer.py:160) Total Episode:    65 Steps:    8044 Episode Steps:    61 Return: -0.6799 FPS: 16.61
10:24:19.661 [INFO] (trainer.py:160) Total Episode:    66 Steps:    8246 Episode Steps:   202 Return:  1.9622 FPS: 18.92
10:24:22.577 [INFO] (trainer.py:160) Total Episode:    67 Steps:    8293 Episode Steps:    47 Return: -0.7485 FPS: 16.12
10:24:32.008 [INFO] (trainer.py:160) Total Episode:    68 Steps:    8472 Episode Steps:   179 Return:  1.0158 FPS: 18.98
10:24:43.539 [INFO] (trainer.py:160) Total Episode:    69 Steps:    8695 Episode Steps:   223 Return:  1.9641 FPS: 19.34
10:24:53.840 [INFO] (trainer.py:160) Total Episode:    70 Steps:    8891 Episode Steps:   196 Return:  1.9613 FPS: 19.03
10:24:56.113 [INFO] (trainer.py:160) Total Episode:    71 Steps:    8921 Episode Steps:    30 Return: -0.7797 FPS: 13.20
10:25:06.364 [INFO] (trainer.py:160) Total Episode:    72 Steps:    9111 Episode Steps:   190 Return:  1.9603 FPS: 18.54
