18:50:43.097 [INFO] (DIYexpert_prior.py:628) Total Episode:     1 Steps:      28 Episode Steps:    28 Return: -1.0000 FPS:  4.78
18:50:44.198 [INFO] (DIYexpert_prior.py:628) Total Episode:     2 Steps:      57 Episode Steps:    29 Return: -1.0000 FPS: 26.38
18:50:45.243 [INFO] (DIYexpert_prior.py:628) Total Episode:     3 Steps:      85 Episode Steps:    28 Return: -1.0000 FPS: 26.81
18:50:46.761 [INFO] (DIYexpert_prior.py:628) Total Episode:     4 Steps:     141 Episode Steps:    56 Return: -1.0000 FPS: 36.91
18:50:50.683 [INFO] (DIYexpert_prior.py:628) Total Episode:     5 Steps:     333 Episode Steps:   192 Return:  0.0000 FPS: 48.98
18:50:52.194 [INFO] (DIYexpert_prior.py:628) Total Episode:     6 Steps:     380 Episode Steps:    47 Return: -1.0000 FPS: 31.14
18:50:53.634 [INFO] (DIYexpert_prior.py:628) Total Episode:     7 Steps:     431 Episode Steps:    51 Return: -1.0000 FPS: 35.44
18:50:57.543 [INFO] (DIYexpert_prior.py:628) Total Episode:     8 Steps:     623 Episode Steps:   192 Return:  0.0000 FPS: 49.13
18:51:01.564 [INFO] (DIYexpert_prior.py:628) Total Episode:     9 Steps:     818 Episode Steps:   195 Return:  0.0000 FPS: 48.50
18:51:05.843 [INFO] (DIYexpert_prior.py:628) Total Episode:    10 Steps:    1028 Episode Steps:   210 Return:  0.0000 FPS: 49.10
18:51:09.971 [INFO] (DIYexpert_prior.py:628) Total Episode:    11 Steps:    1227 Episode Steps:   199 Return:  1.0000 FPS: 48.22
18:51:13.755 [INFO] (DIYexpert_prior.py:628) Total Episode:    12 Steps:    1415 Episode Steps:   188 Return:  1.0000 FPS: 49.69
18:51:18.043 [INFO] (DIYexpert_prior.py:628) Total Episode:    13 Steps:    1631 Episode Steps:   216 Return:  0.0000 FPS: 50.39
18:51:21.863 [INFO] (DIYexpert_prior.py:628) Total Episode:    14 Steps:    1812 Episode Steps:   181 Return:  1.0000 FPS: 47.39
18:51:26.524 [INFO] (DIYexpert_prior.py:628) Total Episode:    15 Steps:    2031 Episode Steps:   219 Return:  1.0000 FPS: 47.00
18:51:28.019 [INFO] (DIYexpert_prior.py:628) Total Episode:    16 Steps:    2074 Episode Steps:    43 Return: -1.0000 FPS: 28.78
18:51:32.138 [INFO] (DIYexpert_prior.py:628) Total Episode:    17 Steps:    2271 Episode Steps:   197 Return:  1.0000 FPS: 47.84
18:51:36.213 [INFO] (DIYexpert_prior.py:628) Total Episode:    18 Steps:    2465 Episode Steps:   194 Return:  1.0000 FPS: 47.63
18:51:40.357 [INFO] (DIYexpert_prior.py:628) Total Episode:    19 Steps:    2662 Episode Steps:   197 Return:  1.0000 FPS: 47.55
18:51:45.150 [INFO] (DIYexpert_prior.py:628) Total Episode:    20 Steps:    2899 Episode Steps:   237 Return:  0.0000 FPS: 49.46
18:51:49.667 [INFO] (DIYexpert_prior.py:628) Total Episode:    21 Steps:    3110 Episode Steps:   211 Return:  0.0000 FPS: 46.73
18:51:50.665 [INFO] (DIYexpert_prior.py:628) Total Episode:    22 Steps:    3134 Episode Steps:    24 Return: -1.0000 FPS: 24.05
18:51:52.236 [INFO] (DIYexpert_prior.py:628) Total Episode:    23 Steps:    3181 Episode Steps:    47 Return: -1.0000 FPS: 29.95
18:51:53.403 [INFO] (DIYexpert_prior.py:628) Total Episode:    24 Steps:    3208 Episode Steps:    27 Return: -1.0000 FPS: 23.16
18:51:54.629 [INFO] (DIYexpert_prior.py:628) Total Episode:    25 Steps:    3238 Episode Steps:    30 Return: -1.0000 FPS: 24.47
