05:04:25.583 [INFO] (DIYexpert_prior.py:628) Total Episode:     1 Steps:      27 Episode Steps:    27 Return: -1.0000 FPS:  4.72
05:04:26.682 [INFO] (DIYexpert_prior.py:628) Total Episode:     2 Steps:      55 Episode Steps:    28 Return: -1.0000 FPS: 25.53
05:04:31.181 [INFO] (DIYexpert_prior.py:628) Total Episode:     3 Steps:     272 Episode Steps:   217 Return:  0.0000 FPS: 48.25
05:04:35.387 [INFO] (DIYexpert_prior.py:628) Total Episode:     4 Steps:     468 Episode Steps:   196 Return:  0.0000 FPS: 46.61
05:04:39.806 [INFO] (DIYexpert_prior.py:628) Total Episode:     5 Steps:     684 Episode Steps:   216 Return:  1.0000 FPS: 48.90
05:04:41.424 [INFO] (DIYexpert_prior.py:628) Total Episode:     6 Steps:     745 Episode Steps:    61 Return: -1.0000 FPS: 37.73
05:04:42.455 [INFO] (DIYexpert_prior.py:628) Total Episode:     7 Steps:     772 Episode Steps:    27 Return: -1.0000 FPS: 26.20
05:04:43.476 [INFO] (DIYexpert_prior.py:628) Total Episode:     8 Steps:     799 Episode Steps:    27 Return: -1.0000 FPS: 26.47
05:04:45.367 [INFO] (DIYexpert_prior.py:628) Total Episode:     9 Steps:     871 Episode Steps:    72 Return: -1.0000 FPS: 38.12
05:04:46.474 [INFO] (DIYexpert_prior.py:628) Total Episode:    10 Steps:     899 Episode Steps:    28 Return: -1.0000 FPS: 25.31
05:04:50.499 [INFO] (DIYexpert_prior.py:628) Total Episode:    11 Steps:    1093 Episode Steps:   194 Return:  0.0000 FPS: 48.21
05:04:54.698 [INFO] (DIYexpert_prior.py:628) Total Episode:    12 Steps:    1287 Episode Steps:   194 Return:  1.0000 FPS: 46.21
05:04:55.952 [INFO] (DIYexpert_prior.py:628) Total Episode:    13 Steps:    1324 Episode Steps:    37 Return: -1.0000 FPS: 29.55
05:05:00.508 [INFO] (DIYexpert_prior.py:628) Total Episode:    14 Steps:    1539 Episode Steps:   215 Return:  0.0000 FPS: 47.20
05:05:03.387 [INFO] (DIYexpert_prior.py:628) Total Episode:    15 Steps:    1659 Episode Steps:   120 Return: -1.0000 FPS: 41.70
05:05:07.536 [INFO] (DIYexpert_prior.py:628) Total Episode:    16 Steps:    1861 Episode Steps:   202 Return:  0.0000 FPS: 48.70
05:05:12.042 [INFO] (DIYexpert_prior.py:628) Total Episode:    17 Steps:    2075 Episode Steps:   214 Return:  0.0000 FPS: 47.51
05:05:16.243 [INFO] (DIYexpert_prior.py:628) Total Episode:    18 Steps:    2277 Episode Steps:   202 Return:  1.0000 FPS: 48.09
05:05:17.341 [INFO] (DIYexpert_prior.py:628) Total Episode:    19 Steps:    2303 Episode Steps:    26 Return: -1.0000 FPS: 23.71
05:05:21.978 [INFO] (DIYexpert_prior.py:628) Total Episode:    20 Steps:    2523 Episode Steps:   220 Return:  0.0000 FPS: 47.45
05:05:22.966 [INFO] (DIYexpert_prior.py:628) Total Episode:    21 Steps:    2547 Episode Steps:    24 Return: -1.0000 FPS: 24.31
05:05:24.188 [INFO] (DIYexpert_prior.py:628) Total Episode:    22 Steps:    2580 Episode Steps:    33 Return: -1.0000 FPS: 27.03
05:05:25.232 [INFO] (DIYexpert_prior.py:628) Total Episode:    23 Steps:    2604 Episode Steps:    24 Return: -1.0000 FPS: 23.02
05:05:29.395 [INFO] (DIYexpert_prior.py:628) Total Episode:    24 Steps:    2803 Episode Steps:   199 Return:  0.0000 FPS: 47.81
05:05:33.600 [INFO] (DIYexpert_prior.py:628) Total Episode:    25 Steps:    2997 Episode Steps:   194 Return:  1.0000 FPS: 46.15
05:05:38.287 [INFO] (DIYexpert_prior.py:628) Total Episode:    26 Steps:    3212 Episode Steps:   215 Return:  1.0000 FPS: 45.88
05:05:39.530 [INFO] (DIYexpert_prior.py:628) Total Episode:    27 Steps:    3245 Episode Steps:    33 Return: -1.0000 FPS: 26.57
05:05:43.656 [INFO] (DIYexpert_prior.py:628) Total Episode:    28 Steps:    3444 Episode Steps:   199 Return:  1.0000 FPS: 48.24
05:05:44.810 [INFO] (DIYexpert_prior.py:628) Total Episode:    29 Steps:    3473 Episode Steps:    29 Return: -1.0000 FPS: 25.17
05:05:49.092 [INFO] (DIYexpert_prior.py:628) Total Episode:    30 Steps:    3681 Episode Steps:   208 Return:  0.0000 FPS: 48.59
05:05:53.440 [INFO] (DIYexpert_prior.py:628) Total Episode:    31 Steps:    3898 Episode Steps:   217 Return:  0.0000 FPS: 49.91
05:05:56.992 [INFO] (DIYexpert_prior.py:628) Total Episode:    32 Steps:    4077 Episode Steps:   179 Return:  0.0000 FPS: 50.41
05:05:58.156 [INFO] (DIYexpert_prior.py:628) Total Episode:    33 Steps:    4113 Episode Steps:    36 Return: -1.0000 FPS: 30.98
05:05:59.332 [INFO] (DIYexpert_prior.py:628) Total Episode:    34 Steps:    4143 Episode Steps:    30 Return: -1.0000 FPS: 25.51
05:06:03.195 [INFO] (DIYexpert_prior.py:628) Total Episode:    35 Steps:    4329 Episode Steps:   186 Return:  1.0000 FPS: 48.17
05:06:04.338 [INFO] (DIYexpert_prior.py:628) Total Episode:    36 Steps:    4357 Episode Steps:    28 Return: -1.0000 FPS: 24.53
05:06:10.200 [INFO] (DIYexpert_prior.py:628) Total Episode:    37 Steps:    4656 Episode Steps:   299 Return:  1.0000 FPS: 51.02
05:06:14.227 [INFO] (DIYexpert_prior.py:628) Total Episode:    38 Steps:    4847 Episode Steps:   191 Return:  0.0000 FPS: 47.45
05:06:23.023 [INFO] (DIYexpert_prior.py:628) Total Episode:    39 Steps:    5044 Episode Steps:   197 Return:  0.0000 FPS: 22.40
05:06:30.392 [INFO] (DIYexpert_prior.py:628) Total Episode:    40 Steps:    5164 Episode Steps:   120 Return:  0.0000 FPS: 16.29
05:06:37.787 [INFO] (DIYexpert_prior.py:628) Total Episode:    41 Steps:    5283 Episode Steps:   119 Return:  0.0000 FPS: 16.09
05:06:39.951 [INFO] (DIYexpert_prior.py:628) Total Episode:    42 Steps:    5309 Episode Steps:    26 Return: -1.0000 FPS: 12.02
05:06:47.387 [INFO] (DIYexpert_prior.py:628) Total Episode:    43 Steps:    5431 Episode Steps:   122 Return:  0.0000 FPS: 16.41
05:06:49.540 [INFO] (DIYexpert_prior.py:628) Total Episode:    44 Steps:    5456 Episode Steps:    25 Return: -1.0000 FPS: 11.62
05:06:52.136 [INFO] (DIYexpert_prior.py:628) Total Episode:    45 Steps:    5490 Episode Steps:    34 Return: -1.0000 FPS: 13.10
05:06:59.136 [INFO] (DIYexpert_prior.py:628) Total Episode:    46 Steps:    5609 Episode Steps:   119 Return:  0.0000 FPS: 17.00
05:07:05.870 [INFO] (DIYexpert_prior.py:628) Total Episode:    47 Steps:    5717 Episode Steps:   108 Return:  1.0000 FPS: 16.04
05:07:08.402 [INFO] (DIYexpert_prior.py:628) Total Episode:    48 Steps:    5752 Episode Steps:    35 Return: -1.0000 FPS: 13.83
05:07:15.430 [INFO] (DIYexpert_prior.py:628) Total Episode:    49 Steps:    5869 Episode Steps:   117 Return:  0.0000 FPS: 16.65
05:07:21.089 [INFO] (DIYexpert_prior.py:628) Total Episode:    50 Steps:    5956 Episode Steps:    87 Return: -1.0000 FPS: 15.38
05:07:27.892 [INFO] (DIYexpert_prior.py:628) Total Episode:    51 Steps:    6070 Episode Steps:   114 Return:  1.0000 FPS: 16.76
05:07:29.725 [INFO] (DIYexpert_prior.py:628) Total Episode:    52 Steps:    6092 Episode Steps:    22 Return: -1.0000 FPS: 12.01
05:07:31.989 [INFO] (DIYexpert_prior.py:628) Total Episode:    53 Steps:    6122 Episode Steps:    30 Return: -1.0000 FPS: 13.26
05:07:38.909 [INFO] (DIYexpert_prior.py:628) Total Episode:    54 Steps:    6234 Episode Steps:   112 Return:  1.0000 FPS: 16.19
05:07:40.983 [INFO] (DIYexpert_prior.py:628) Total Episode:    55 Steps:    6261 Episode Steps:    27 Return: -1.0000 FPS: 13.02
05:07:48.489 [INFO] (DIYexpert_prior.py:628) Total Episode:    56 Steps:    6386 Episode Steps:   125 Return:  1.0000 FPS: 16.66
05:07:50.708 [INFO] (DIYexpert_prior.py:628) Total Episode:    57 Steps:    6415 Episode Steps:    29 Return: -1.0000 FPS: 13.08
05:07:52.606 [INFO] (DIYexpert_prior.py:628) Total Episode:    58 Steps:    6438 Episode Steps:    23 Return: -1.0000 FPS: 12.12
05:07:59.896 [INFO] (DIYexpert_prior.py:628) Total Episode:    59 Steps:    6559 Episode Steps:   121 Return:  0.0000 FPS: 16.60
05:08:06.588 [INFO] (DIYexpert_prior.py:628) Total Episode:    60 Steps:    6669 Episode Steps:   110 Return:  1.0000 FPS: 16.44
05:08:08.411 [INFO] (DIYexpert_prior.py:628) Total Episode:    61 Steps:    6691 Episode Steps:    22 Return: -1.0000 FPS: 12.08
05:08:15.503 [INFO] (DIYexpert_prior.py:628) Total Episode:    62 Steps:    6810 Episode Steps:   119 Return:  0.0000 FPS: 16.78
05:08:17.690 [INFO] (DIYexpert_prior.py:628) Total Episode:    63 Steps:    6838 Episode Steps:    28 Return: -1.0000 FPS: 12.81
05:08:20.363 [INFO] (DIYexpert_prior.py:628) Total Episode:    64 Steps:    6875 Episode Steps:    37 Return: -1.0000 FPS: 13.85
05:08:22.548 [INFO] (DIYexpert_prior.py:628) Total Episode:    65 Steps:    6904 Episode Steps:    29 Return: -1.0000 FPS: 13.28
05:08:30.086 [INFO] (DIYexpert_prior.py:628) Total Episode:    66 Steps:    7026 Episode Steps:   122 Return:  0.0000 FPS: 16.19
05:08:36.652 [INFO] (DIYexpert_prior.py:628) Total Episode:    67 Steps:    7135 Episode Steps:   109 Return:  1.0000 FPS: 16.60
05:08:43.307 [INFO] (DIYexpert_prior.py:628) Total Episode:    68 Steps:    7245 Episode Steps:   110 Return:  1.0000 FPS: 16.53
05:08:45.359 [INFO] (DIYexpert_prior.py:628) Total Episode:    69 Steps:    7271 Episode Steps:    26 Return: -1.0000 FPS: 12.68
05:08:52.401 [INFO] (DIYexpert_prior.py:628) Total Episode:    70 Steps:    7381 Episode Steps:   110 Return:  1.0000 FPS: 15.62
05:08:59.127 [INFO] (DIYexpert_prior.py:628) Total Episode:    71 Steps:    7491 Episode Steps:   110 Return:  1.0000 FPS: 16.36
05:09:01.155 [INFO] (DIYexpert_prior.py:628) Total Episode:    72 Steps:    7517 Episode Steps:    26 Return: -1.0000 FPS: 12.83
05:09:03.166 [INFO] (DIYexpert_prior.py:628) Total Episode:    73 Steps:    7540 Episode Steps:    23 Return: -1.0000 FPS: 11.44
05:09:09.759 [INFO] (DIYexpert_prior.py:628) Total Episode:    74 Steps:    7647 Episode Steps:   107 Return:  1.0000 FPS: 16.23
05:09:16.518 [INFO] (DIYexpert_prior.py:628) Total Episode:    75 Steps:    7757 Episode Steps:   110 Return:  1.0000 FPS: 16.28
05:09:23.833 [INFO] (DIYexpert_prior.py:628) Total Episode:    76 Steps:    7876 Episode Steps:   119 Return:  1.0000 FPS: 16.27
05:09:30.351 [INFO] (DIYexpert_prior.py:628) Total Episode:    77 Steps:    7982 Episode Steps:   106 Return:  1.0000 FPS: 16.26
05:09:36.878 [INFO] (DIYexpert_prior.py:628) Total Episode:    78 Steps:    8088 Episode Steps:   106 Return:  1.0000 FPS: 16.24
05:09:39.486 [INFO] (DIYexpert_prior.py:628) Total Episode:    79 Steps:    8121 Episode Steps:    33 Return: -1.0000 FPS: 12.66
05:09:41.306 [INFO] (DIYexpert_prior.py:628) Total Episode:    80 Steps:    8143 Episode Steps:    22 Return: -1.0000 FPS: 12.10
05:09:47.880 [INFO] (DIYexpert_prior.py:628) Total Episode:    81 Steps:    8250 Episode Steps:   107 Return:  1.0000 FPS: 16.28
05:09:54.552 [INFO] (DIYexpert_prior.py:628) Total Episode:    82 Steps:    8360 Episode Steps:   110 Return:  1.0000 FPS: 16.49
05:10:01.321 [INFO] (DIYexpert_prior.py:628) Total Episode:    83 Steps:    8469 Episode Steps:   109 Return:  1.0000 FPS: 16.10
05:10:08.055 [INFO] (DIYexpert_prior.py:628) Total Episode:    84 Steps:    8579 Episode Steps:   110 Return:  1.0000 FPS: 16.34
05:10:14.687 [INFO] (DIYexpert_prior.py:628) Total Episode:    85 Steps:    8684 Episode Steps:   105 Return:  1.0000 FPS: 15.84
05:10:21.258 [INFO] (DIYexpert_prior.py:628) Total Episode:    86 Steps:    8792 Episode Steps:   108 Return:  1.0000 FPS: 16.44
05:10:23.170 [INFO] (DIYexpert_prior.py:628) Total Episode:    87 Steps:    8814 Episode Steps:    22 Return: -1.0000 FPS: 11.51
05:10:25.084 [INFO] (DIYexpert_prior.py:628) Total Episode:    88 Steps:    8837 Episode Steps:    23 Return: -1.0000 FPS: 12.02
05:10:26.953 [INFO] (DIYexpert_prior.py:628) Total Episode:    89 Steps:    8860 Episode Steps:    23 Return: -1.0000 FPS: 12.31
05:10:33.793 [INFO] (DIYexpert_prior.py:628) Total Episode:    90 Steps:    8971 Episode Steps:   111 Return:  1.0000 FPS: 16.23
05:10:40.263 [INFO] (DIYexpert_prior.py:628) Total Episode:    91 Steps:    9079 Episode Steps:   108 Return:  1.0000 FPS: 16.70
05:10:43.013 [INFO] (DIYexpert_prior.py:628) Total Episode:    92 Steps:    9118 Episode Steps:    39 Return: -1.0000 FPS: 14.19
05:10:49.694 [INFO] (DIYexpert_prior.py:628) Total Episode:    93 Steps:    9226 Episode Steps:   108 Return:  1.0000 FPS: 16.17
05:10:52.398 [INFO] (DIYexpert_prior.py:628) Total Episode:    94 Steps:    9264 Episode Steps:    38 Return: -1.0000 FPS: 14.06
05:10:59.356 [INFO] (DIYexpert_prior.py:628) Total Episode:    95 Steps:    9378 Episode Steps:   114 Return:  1.0000 FPS: 16.39
05:11:05.848 [INFO] (DIYexpert_prior.py:628) Total Episode:    96 Steps:    9486 Episode Steps:   108 Return:  1.0000 FPS: 16.64
05:11:12.549 [INFO] (DIYexpert_prior.py:628) Total Episode:    97 Steps:    9596 Episode Steps:   110 Return:  1.0000 FPS: 16.42
05:11:14.417 [INFO] (DIYexpert_prior.py:628) Total Episode:    98 Steps:    9619 Episode Steps:    23 Return: -1.0000 FPS: 12.32
05:11:16.536 [INFO] (DIYexpert_prior.py:628) Total Episode:    99 Steps:    9646 Episode Steps:    27 Return: -1.0000 FPS: 12.75
05:11:19.540 [INFO] (DIYexpert_prior.py:628) Total Episode:   100 Steps:    9684 Episode Steps:    38 Return: -1.0000 FPS: 12.65
05:11:26.528 [INFO] (DIYexpert_prior.py:628) Total Episode:   101 Steps:    9802 Episode Steps:   118 Return:  1.0000 FPS: 16.89
05:11:28.975 [INFO] (DIYexpert_prior.py:628) Total Episode:   102 Steps:    9836 Episode Steps:    34 Return: -1.0000 FPS: 13.90
05:11:35.712 [INFO] (DIYexpert_prior.py:628) Total Episode:   103 Steps:    9943 Episode Steps:   107 Return:  1.0000 FPS: 15.89
05:11:37.956 [INFO] (DIYexpert_prior.py:628) Total Episode:   104 Steps:    9972 Episode Steps:    29 Return: -1.0000 FPS: 12.93
05:11:39.822 [INFO] (DIYexpert_prior.py:628) Total Episode:   105 Steps:    9995 Episode Steps:    23 Return: -1.0000 FPS: 12.33
05:11:46.542 [INFO] (DIYexpert_prior.py:628) Total Episode:   106 Steps:   10106 Episode Steps:   111 Return:  1.0000 FPS: 16.52
05:11:53.435 [INFO] (DIYexpert_prior.py:628) Total Episode:   107 Steps:   10218 Episode Steps:   112 Return:  1.0000 FPS: 16.26
05:12:00.330 [INFO] (DIYexpert_prior.py:628) Total Episode:   108 Steps:   10330 Episode Steps:   112 Return:  1.0000 FPS: 16.25
05:12:06.864 [INFO] (DIYexpert_prior.py:628) Total Episode:   109 Steps:   10437 Episode Steps:   107 Return:  1.0000 FPS: 16.38
05:12:09.145 [INFO] (DIYexpert_prior.py:628) Total Episode:   110 Steps:   10467 Episode Steps:    30 Return: -1.0000 FPS: 13.16
05:12:20.525 [INFO] (DIYexpert_prior.py:628) Total Episode:   111 Steps:   10664 Episode Steps:   197 Return:  1.0000 FPS: 17.31
05:12:27.601 [INFO] (DIYexpert_prior.py:628) Total Episode:   112 Steps:   10780 Episode Steps:   116 Return:  1.0000 FPS: 16.40
05:12:34.503 [INFO] (DIYexpert_prior.py:628) Total Episode:   113 Steps:   10892 Episode Steps:   112 Return:  1.0000 FPS: 16.23
05:12:41.338 [INFO] (DIYexpert_prior.py:628) Total Episode:   114 Steps:   11005 Episode Steps:   113 Return:  1.0000 FPS: 16.54
05:12:43.534 [INFO] (DIYexpert_prior.py:628) Total Episode:   115 Steps:   11034 Episode Steps:    29 Return: -1.0000 FPS: 13.22
05:12:50.263 [INFO] (DIYexpert_prior.py:628) Total Episode:   116 Steps:   11143 Episode Steps:   109 Return:  1.0000 FPS: 16.20
05:12:56.748 [INFO] (DIYexpert_prior.py:628) Total Episode:   117 Steps:   11248 Episode Steps:   105 Return:  1.0000 FPS: 16.19
05:12:58.719 [INFO] (DIYexpert_prior.py:628) Total Episode:   118 Steps:   11272 Episode Steps:    24 Return: -1.0000 FPS: 12.18
05:13:05.942 [INFO] (DIYexpert_prior.py:628) Total Episode:   119 Steps:   11394 Episode Steps:   122 Return: -1.0000 FPS: 16.89
05:13:12.332 [INFO] (DIYexpert_prior.py:628) Total Episode:   120 Steps:   11500 Episode Steps:   106 Return:  1.0000 FPS: 16.59
05:13:14.497 [INFO] (DIYexpert_prior.py:628) Total Episode:   121 Steps:   11528 Episode Steps:    28 Return: -1.0000 FPS: 12.94
05:13:21.079 [INFO] (DIYexpert_prior.py:628) Total Episode:   122 Steps:   11635 Episode Steps:   107 Return:  1.0000 FPS: 16.26
05:13:27.441 [INFO] (DIYexpert_prior.py:628) Total Episode:   123 Steps:   11740 Episode Steps:   105 Return:  1.0000 FPS: 16.51
05:13:29.732 [INFO] (DIYexpert_prior.py:628) Total Episode:   124 Steps:   11769 Episode Steps:    29 Return: -1.0000 FPS: 12.67
05:13:34.512 [INFO] (DIYexpert_prior.py:628) Total Episode:   125 Steps:   11844 Episode Steps:    75 Return: -1.0000 FPS: 15.69
05:13:41.372 [INFO] (DIYexpert_prior.py:628) Total Episode:   126 Steps:   11956 Episode Steps:   112 Return:  1.0000 FPS: 16.33
05:13:47.866 [INFO] (DIYexpert_prior.py:628) Total Episode:   127 Steps:   12062 Episode Steps:   106 Return:  1.0000 FPS: 16.33
05:13:49.637 [INFO] (DIYexpert_prior.py:628) Total Episode:   128 Steps:   12083 Episode Steps:    21 Return: -1.0000 FPS: 11.87
05:13:56.120 [INFO] (DIYexpert_prior.py:628) Total Episode:   129 Steps:   12191 Episode Steps:   108 Return:  1.0000 FPS: 16.66
05:14:02.618 [INFO] (DIYexpert_prior.py:628) Total Episode:   130 Steps:   12298 Episode Steps:   107 Return:  1.0000 FPS: 16.47
05:14:04.464 [INFO] (DIYexpert_prior.py:628) Total Episode:   131 Steps:   12320 Episode Steps:    22 Return: -1.0000 FPS: 11.93
05:14:10.811 [INFO] (DIYexpert_prior.py:628) Total Episode:   132 Steps:   12425 Episode Steps:   105 Return:  1.0000 FPS: 16.55
05:14:13.228 [INFO] (DIYexpert_prior.py:628) Total Episode:   133 Steps:   12458 Episode Steps:    33 Return: -1.0000 FPS: 13.66
05:14:19.721 [INFO] (DIYexpert_prior.py:628) Total Episode:   134 Steps:   12565 Episode Steps:   107 Return:  1.0000 FPS: 16.48
05:14:26.389 [INFO] (DIYexpert_prior.py:628) Total Episode:   135 Steps:   12674 Episode Steps:   109 Return:  1.0000 FPS: 16.35
05:14:32.701 [INFO] (DIYexpert_prior.py:628) Total Episode:   136 Steps:   12779 Episode Steps:   105 Return:  1.0000 FPS: 16.64
05:14:39.118 [INFO] (DIYexpert_prior.py:628) Total Episode:   137 Steps:   12884 Episode Steps:   105 Return:  1.0000 FPS: 16.36
05:14:45.144 [INFO] (DIYexpert_prior.py:628) Total Episode:   138 Steps:   12981 Episode Steps:    97 Return: -1.0000 FPS: 16.10
05:14:51.905 [INFO] (DIYexpert_prior.py:628) Total Episode:   139 Steps:   13091 Episode Steps:   110 Return:  1.0000 FPS: 16.27
05:14:58.730 [INFO] (DIYexpert_prior.py:628) Total Episode:   140 Steps:   13200 Episode Steps:   109 Return:  1.0000 FPS: 15.97
05:15:05.214 [INFO] (DIYexpert_prior.py:628) Total Episode:   141 Steps:   13306 Episode Steps:   106 Return:  1.0000 FPS: 16.35
05:15:12.326 [INFO] (DIYexpert_prior.py:628) Total Episode:   142 Steps:   13424 Episode Steps:   118 Return:  1.0000 FPS: 16.59
05:15:14.540 [INFO] (DIYexpert_prior.py:628) Total Episode:   143 Steps:   13453 Episode Steps:    29 Return: -1.0000 FPS: 13.11
05:15:16.563 [INFO] (DIYexpert_prior.py:628) Total Episode:   144 Steps:   13478 Episode Steps:    25 Return: -1.0000 FPS: 12.36
05:15:23.228 [INFO] (DIYexpert_prior.py:628) Total Episode:   145 Steps:   13587 Episode Steps:   109 Return:  1.0000 FPS: 16.36
05:15:25.132 [INFO] (DIYexpert_prior.py:628) Total Episode:   146 Steps:   13609 Episode Steps:    22 Return: -1.0000 FPS: 11.56
05:15:31.580 [INFO] (DIYexpert_prior.py:628) Total Episode:   147 Steps:   13714 Episode Steps:   105 Return:  1.0000 FPS: 16.29
05:15:33.348 [INFO] (DIYexpert_prior.py:628) Total Episode:   148 Steps:   13735 Episode Steps:    21 Return: -1.0000 FPS: 11.88
05:15:40.079 [INFO] (DIYexpert_prior.py:628) Total Episode:   149 Steps:   13845 Episode Steps:   110 Return:  1.0000 FPS: 16.35
05:15:46.809 [INFO] (DIYexpert_prior.py:628) Total Episode:   150 Steps:   13953 Episode Steps:   108 Return:  1.0000 FPS: 16.05
05:15:53.204 [INFO] (DIYexpert_prior.py:628) Total Episode:   151 Steps:   14061 Episode Steps:   108 Return:  1.0000 FPS: 16.89
05:15:59.603 [INFO] (DIYexpert_prior.py:628) Total Episode:   152 Steps:   14167 Episode Steps:   106 Return:  1.0000 FPS: 16.57
05:16:06.132 [INFO] (DIYexpert_prior.py:628) Total Episode:   153 Steps:   14274 Episode Steps:   107 Return:  1.0000 FPS: 16.39
05:16:12.962 [INFO] (DIYexpert_prior.py:628) Total Episode:   154 Steps:   14384 Episode Steps:   110 Return:  1.0000 FPS: 16.11
05:16:15.006 [INFO] (DIYexpert_prior.py:628) Total Episode:   155 Steps:   14408 Episode Steps:    24 Return: -1.0000 FPS: 11.75
05:16:16.696 [INFO] (DIYexpert_prior.py:628) Total Episode:   156 Steps:   14427 Episode Steps:    19 Return: -1.0000 FPS: 11.25
05:16:18.769 [INFO] (DIYexpert_prior.py:628) Total Episode:   157 Steps:   14453 Episode Steps:    26 Return: -1.0000 FPS: 12.55
05:16:25.295 [INFO] (DIYexpert_prior.py:628) Total Episode:   158 Steps:   14561 Episode Steps:   108 Return:  1.0000 FPS: 16.55
05:16:31.820 [INFO] (DIYexpert_prior.py:628) Total Episode:   159 Steps:   14667 Episode Steps:   106 Return:  1.0000 FPS: 16.25
05:16:38.384 [INFO] (DIYexpert_prior.py:628) Total Episode:   160 Steps:   14771 Episode Steps:   104 Return:  1.0000 FPS: 15.85
05:16:44.867 [INFO] (DIYexpert_prior.py:628) Total Episode:   161 Steps:   14877 Episode Steps:   106 Return:  1.0000 FPS: 16.35
05:16:51.480 [INFO] (DIYexpert_prior.py:628) Total Episode:   162 Steps:   14985 Episode Steps:   108 Return:  1.0000 FPS: 16.33
05:16:57.688 [INFO] (DIYexpert_prior.py:628) Total Episode:   163 Steps:   15088 Episode Steps:   103 Return:  1.0000 FPS: 16.59
05:16:59.701 [INFO] (DIYexpert_prior.py:628) Total Episode:   164 Steps:   15114 Episode Steps:    26 Return: -1.0000 FPS: 12.93
05:17:04.084 [INFO] (DIYexpert_prior.py:628) Total Episode:   165 Steps:   15181 Episode Steps:    67 Return: -1.0000 FPS: 15.29
05:17:10.479 [INFO] (DIYexpert_prior.py:628) Total Episode:   166 Steps:   15287 Episode Steps:   106 Return:  1.0000 FPS: 16.58
05:17:16.962 [INFO] (DIYexpert_prior.py:628) Total Episode:   167 Steps:   15393 Episode Steps:   106 Return:  1.0000 FPS: 16.35
05:17:23.408 [INFO] (DIYexpert_prior.py:628) Total Episode:   168 Steps:   15499 Episode Steps:   106 Return:  1.0000 FPS: 16.45
05:17:26.773 [INFO] (DIYexpert_prior.py:628) Total Episode:   169 Steps:   15548 Episode Steps:    49 Return: -1.0000 FPS: 14.57
05:17:29.028 [INFO] (DIYexpert_prior.py:628) Total Episode:   170 Steps:   15578 Episode Steps:    30 Return: -1.0000 FPS: 13.31
05:17:31.322 [INFO] (DIYexpert_prior.py:628) Total Episode:   171 Steps:   15607 Episode Steps:    29 Return: -1.0000 FPS: 12.64
05:17:33.496 [INFO] (DIYexpert_prior.py:628) Total Episode:   172 Steps:   15634 Episode Steps:    27 Return: -1.0000 FPS: 12.43
05:17:35.226 [INFO] (DIYexpert_prior.py:628) Total Episode:   173 Steps:   15654 Episode Steps:    20 Return: -1.0000 FPS: 11.57
05:17:37.299 [INFO] (DIYexpert_prior.py:628) Total Episode:   174 Steps:   15680 Episode Steps:    26 Return: -1.0000 FPS: 12.55
05:17:43.915 [INFO] (DIYexpert_prior.py:628) Total Episode:   175 Steps:   15789 Episode Steps:   109 Return:  1.0000 FPS: 16.48
05:17:45.680 [INFO] (DIYexpert_prior.py:628) Total Episode:   176 Steps:   15810 Episode Steps:    21 Return: -1.0000 FPS: 11.91
05:17:52.238 [INFO] (DIYexpert_prior.py:628) Total Episode:   177 Steps:   15917 Episode Steps:   107 Return:  1.0000 FPS: 16.32
05:17:54.261 [INFO] (DIYexpert_prior.py:628) Total Episode:   178 Steps:   15943 Episode Steps:    26 Return: -1.0000 FPS: 12.86
05:17:56.365 [INFO] (DIYexpert_prior.py:628) Total Episode:   179 Steps:   15967 Episode Steps:    24 Return: -1.0000 FPS: 11.41
05:17:58.200 [INFO] (DIYexpert_prior.py:628) Total Episode:   180 Steps:   15989 Episode Steps:    22 Return: -1.0000 FPS: 11.99
05:18:04.699 [INFO] (DIYexpert_prior.py:628) Total Episode:   181 Steps:   16094 Episode Steps:   105 Return:  1.0000 FPS: 16.16
05:18:11.387 [INFO] (DIYexpert_prior.py:628) Total Episode:   182 Steps:   16204 Episode Steps:   110 Return:  1.0000 FPS: 16.45
05:18:17.943 [INFO] (DIYexpert_prior.py:628) Total Episode:   183 Steps:   16310 Episode Steps:   106 Return:  1.0000 FPS: 16.17
05:18:20.043 [INFO] (DIYexpert_prior.py:628) Total Episode:   184 Steps:   16337 Episode Steps:    27 Return: -1.0000 FPS: 12.87
05:18:21.965 [INFO] (DIYexpert_prior.py:628) Total Episode:   185 Steps:   16359 Episode Steps:    22 Return: -1.0000 FPS: 11.45
05:18:28.865 [INFO] (DIYexpert_prior.py:628) Total Episode:   186 Steps:   16470 Episode Steps:   111 Return:  1.0000 FPS: 16.09
05:18:35.387 [INFO] (DIYexpert_prior.py:628) Total Episode:   187 Steps:   16577 Episode Steps:   107 Return:  1.0000 FPS: 16.41
05:18:37.907 [INFO] (DIYexpert_prior.py:628) Total Episode:   188 Steps:   16612 Episode Steps:    35 Return: -1.0000 FPS: 13.90
05:18:44.597 [INFO] (DIYexpert_prior.py:628) Total Episode:   189 Steps:   16721 Episode Steps:   109 Return:  1.0000 FPS: 16.30
05:18:51.298 [INFO] (DIYexpert_prior.py:628) Total Episode:   190 Steps:   16831 Episode Steps:   110 Return:  1.0000 FPS: 16.42
05:18:57.878 [INFO] (DIYexpert_prior.py:628) Total Episode:   191 Steps:   16939 Episode Steps:   108 Return:  1.0000 FPS: 16.42
05:18:59.674 [INFO] (DIYexpert_prior.py:628) Total Episode:   192 Steps:   16960 Episode Steps:    21 Return: -1.0000 FPS: 11.70
05:19:01.565 [INFO] (DIYexpert_prior.py:628) Total Episode:   193 Steps:   16983 Episode Steps:    23 Return: -1.0000 FPS: 12.17
05:19:08.316 [INFO] (DIYexpert_prior.py:628) Total Episode:   194 Steps:   17096 Episode Steps:   113 Return:  1.0000 FPS: 16.74
05:19:14.849 [INFO] (DIYexpert_prior.py:628) Total Episode:   195 Steps:   17202 Episode Steps:   106 Return:  1.0000 FPS: 16.23
05:19:21.650 [INFO] (DIYexpert_prior.py:628) Total Episode:   196 Steps:   17311 Episode Steps:   109 Return:  1.0000 FPS: 16.03
05:19:28.580 [INFO] (DIYexpert_prior.py:628) Total Episode:   197 Steps:   17422 Episode Steps:   111 Return:  1.0000 FPS: 16.02
05:19:30.511 [INFO] (DIYexpert_prior.py:628) Total Episode:   198 Steps:   17443 Episode Steps:    21 Return: -1.0000 FPS: 10.88
05:19:37.286 [INFO] (DIYexpert_prior.py:628) Total Episode:   199 Steps:   17554 Episode Steps:   111 Return:  1.0000 FPS: 16.39
05:19:39.906 [INFO] (DIYexpert_prior.py:628) Total Episode:   200 Steps:   17585 Episode Steps:    31 Return: -1.0000 FPS: 11.84
05:19:46.519 [INFO] (DIYexpert_prior.py:628) Total Episode:   201 Steps:   17694 Episode Steps:   109 Return:  1.0000 FPS: 16.49
05:19:48.326 [INFO] (DIYexpert_prior.py:628) Total Episode:   202 Steps:   17715 Episode Steps:    21 Return: -1.0000 FPS: 11.63
05:19:54.852 [INFO] (DIYexpert_prior.py:628) Total Episode:   203 Steps:   17822 Episode Steps:   107 Return:  1.0000 FPS: 16.40
05:20:01.686 [INFO] (DIYexpert_prior.py:628) Total Episode:   204 Steps:   17933 Episode Steps:   111 Return:  1.0000 FPS: 16.24
05:20:08.370 [INFO] (DIYexpert_prior.py:628) Total Episode:   205 Steps:   18041 Episode Steps:   108 Return:  1.0000 FPS: 16.16
05:20:15.024 [INFO] (DIYexpert_prior.py:628) Total Episode:   206 Steps:   18149 Episode Steps:   108 Return:  1.0000 FPS: 16.23
05:20:17.759 [INFO] (DIYexpert_prior.py:628) Total Episode:   207 Steps:   18187 Episode Steps:    38 Return: -1.0000 FPS: 13.90
05:20:24.424 [INFO] (DIYexpert_prior.py:628) Total Episode:   208 Steps:   18295 Episode Steps:   108 Return:  1.0000 FPS: 16.21
05:20:31.157 [INFO] (DIYexpert_prior.py:628) Total Episode:   209 Steps:   18404 Episode Steps:   109 Return:  1.0000 FPS: 16.19
05:20:33.153 [INFO] (DIYexpert_prior.py:628) Total Episode:   210 Steps:   18429 Episode Steps:    25 Return: -1.0000 FPS: 12.53
05:20:35.111 [INFO] (DIYexpert_prior.py:628) Total Episode:   211 Steps:   18453 Episode Steps:    24 Return: -1.0000 FPS: 12.27
05:20:41.720 [INFO] (DIYexpert_prior.py:628) Total Episode:   212 Steps:   18563 Episode Steps:   110 Return:  1.0000 FPS: 16.65
05:20:48.468 [INFO] (DIYexpert_prior.py:628) Total Episode:   213 Steps:   18672 Episode Steps:   109 Return:  1.0000 FPS: 16.15
05:20:51.326 [INFO] (DIYexpert_prior.py:628) Total Episode:   214 Steps:   18711 Episode Steps:    39 Return: -1.0000 FPS: 13.65
05:20:55.667 [INFO] (DIYexpert_prior.py:628) Total Episode:   215 Steps:   18778 Episode Steps:    67 Return: -1.0000 FPS: 15.44
05:20:57.435 [INFO] (DIYexpert_prior.py:628) Total Episode:   216 Steps:   18799 Episode Steps:    21 Return: -1.0000 FPS: 11.89
05:20:59.342 [INFO] (DIYexpert_prior.py:628) Total Episode:   217 Steps:   18822 Episode Steps:    23 Return: -1.0000 FPS: 12.07
05:21:06.002 [INFO] (DIYexpert_prior.py:628) Total Episode:   218 Steps:   18929 Episode Steps:   107 Return:  1.0000 FPS: 16.07
05:21:12.477 [INFO] (DIYexpert_prior.py:628) Total Episode:   219 Steps:   19036 Episode Steps:   107 Return:  1.0000 FPS: 16.53
05:21:18.948 [INFO] (DIYexpert_prior.py:628) Total Episode:   220 Steps:   19142 Episode Steps:   106 Return:  1.0000 FPS: 16.39
05:21:25.810 [INFO] (DIYexpert_prior.py:628) Total Episode:   221 Steps:   19253 Episode Steps:   111 Return:  1.0000 FPS: 16.18
05:21:32.366 [INFO] (DIYexpert_prior.py:628) Total Episode:   222 Steps:   19359 Episode Steps:   106 Return:  1.0000 FPS: 16.17
05:21:39.168 [INFO] (DIYexpert_prior.py:628) Total Episode:   223 Steps:   19471 Episode Steps:   112 Return:  1.0000 FPS: 16.47
05:21:41.473 [INFO] (DIYexpert_prior.py:628) Total Episode:   224 Steps:   19501 Episode Steps:    30 Return: -1.0000 FPS: 13.02
05:21:43.969 [INFO] (DIYexpert_prior.py:628) Total Episode:   225 Steps:   19535 Episode Steps:    34 Return: -1.0000 FPS: 13.63
05:21:50.470 [INFO] (DIYexpert_prior.py:628) Total Episode:   226 Steps:   19639 Episode Steps:   104 Return:  1.0000 FPS: 16.00
05:21:57.062 [INFO] (DIYexpert_prior.py:628) Total Episode:   227 Steps:   19746 Episode Steps:   107 Return:  1.0000 FPS: 16.24
05:22:01.395 [INFO] (DIYexpert_prior.py:628) Total Episode:   228 Steps:   19811 Episode Steps:    65 Return: -1.0000 FPS: 15.00
05:22:07.998 [INFO] (DIYexpert_prior.py:628) Total Episode:   229 Steps:   19918 Episode Steps:   107 Return:  1.0000 FPS: 16.22
05:22:14.384 [INFO] (DIYexpert_prior.py:628) Total Episode:   230 Steps:   20023 Episode Steps:   105 Return:  1.0000 FPS: 16.45
05:22:20.815 [INFO] (DIYexpert_prior.py:628) Total Episode:   231 Steps:   20129 Episode Steps:   106 Return:  1.0000 FPS: 16.48
05:22:27.806 [INFO] (DIYexpert_prior.py:628) Total Episode:   232 Steps:   20245 Episode Steps:   116 Return:  1.0000 FPS: 16.60
05:22:34.676 [INFO] (DIYexpert_prior.py:628) Total Episode:   233 Steps:   20357 Episode Steps:   112 Return:  1.0000 FPS: 16.31
05:22:36.667 [INFO] (DIYexpert_prior.py:628) Total Episode:   234 Steps:   20383 Episode Steps:    26 Return: -1.0000 FPS: 13.06
05:22:42.996 [INFO] (DIYexpert_prior.py:628) Total Episode:   235 Steps:   20489 Episode Steps:   106 Return:  1.0000 FPS: 16.75
05:22:49.754 [INFO] (DIYexpert_prior.py:628) Total Episode:   236 Steps:   20596 Episode Steps:   107 Return:  1.0000 FPS: 15.84
05:22:51.758 [INFO] (DIYexpert_prior.py:628) Total Episode:   237 Steps:   20619 Episode Steps:    23 Return: -1.0000 FPS: 11.48
05:22:58.280 [INFO] (DIYexpert_prior.py:628) Total Episode:   238 Steps:   20725 Episode Steps:   106 Return:  1.0000 FPS: 16.26
05:23:05.342 [INFO] (DIYexpert_prior.py:628) Total Episode:   239 Steps:   20837 Episode Steps:   112 Return:  1.0000 FPS: 15.86
05:23:12.061 [INFO] (DIYexpert_prior.py:628) Total Episode:   240 Steps:   20945 Episode Steps:   108 Return:  1.0000 FPS: 16.08
05:23:14.708 [INFO] (DIYexpert_prior.py:628) Total Episode:   241 Steps:   20980 Episode Steps:    35 Return: -1.0000 FPS: 13.23
05:23:16.539 [INFO] (DIYexpert_prior.py:628) Total Episode:   242 Steps:   21002 Episode Steps:    22 Return: -1.0000 FPS: 12.02
05:23:18.636 [INFO] (DIYexpert_prior.py:628) Total Episode:   243 Steps:   21028 Episode Steps:    26 Return: -1.0000 FPS: 12.41
05:23:25.038 [INFO] (DIYexpert_prior.py:628) Total Episode:   244 Steps:   21132 Episode Steps:   104 Return:  1.0000 FPS: 16.25
05:23:31.334 [INFO] (DIYexpert_prior.py:628) Total Episode:   245 Steps:   21236 Episode Steps:   104 Return:  1.0000 FPS: 16.52
05:23:34.124 [INFO] (DIYexpert_prior.py:628) Total Episode:   246 Steps:   21275 Episode Steps:    39 Return: -1.0000 FPS: 13.98
05:23:36.042 [INFO] (DIYexpert_prior.py:628) Total Episode:   247 Steps:   21299 Episode Steps:    24 Return: -1.0000 FPS: 12.52
05:23:42.519 [INFO] (DIYexpert_prior.py:628) Total Episode:   248 Steps:   21406 Episode Steps:   107 Return:  1.0000 FPS: 16.52
05:23:45.334 [INFO] (DIYexpert_prior.py:628) Total Episode:   249 Steps:   21444 Episode Steps:    38 Return: -1.0000 FPS: 13.50
05:23:52.280 [INFO] (DIYexpert_prior.py:628) Total Episode:   250 Steps:   21552 Episode Steps:   108 Return:  1.0000 FPS: 15.55
05:23:58.836 [INFO] (DIYexpert_prior.py:628) Total Episode:   251 Steps:   21659 Episode Steps:   107 Return:  1.0000 FPS: 16.33
05:24:05.528 [INFO] (DIYexpert_prior.py:628) Total Episode:   252 Steps:   21769 Episode Steps:   110 Return:  1.0000 FPS: 16.44
05:24:12.001 [INFO] (DIYexpert_prior.py:628) Total Episode:   253 Steps:   21877 Episode Steps:   108 Return:  1.0000 FPS: 16.69
05:24:18.734 [INFO] (DIYexpert_prior.py:628) Total Episode:   254 Steps:   21986 Episode Steps:   109 Return:  1.0000 FPS: 16.19
05:24:20.927 [INFO] (DIYexpert_prior.py:628) Total Episode:   255 Steps:   22015 Episode Steps:    29 Return: -1.0000 FPS: 13.23
05:24:27.588 [INFO] (DIYexpert_prior.py:628) Total Episode:   256 Steps:   22123 Episode Steps:   108 Return:  1.0000 FPS: 16.22
05:24:29.542 [INFO] (DIYexpert_prior.py:628) Total Episode:   257 Steps:   22147 Episode Steps:    24 Return: -1.0000 FPS: 12.29
05:24:36.047 [INFO] (DIYexpert_prior.py:628) Total Episode:   258 Steps:   22255 Episode Steps:   108 Return:  1.0000 FPS: 16.61
05:24:42.763 [INFO] (DIYexpert_prior.py:628) Total Episode:   259 Steps:   22364 Episode Steps:   109 Return:  1.0000 FPS: 16.23
05:24:44.885 [INFO] (DIYexpert_prior.py:628) Total Episode:   260 Steps:   22391 Episode Steps:    27 Return: -1.0000 FPS: 12.73
05:24:51.552 [INFO] (DIYexpert_prior.py:628) Total Episode:   261 Steps:   22500 Episode Steps:   109 Return:  1.0000 FPS: 16.35
05:24:57.902 [INFO] (DIYexpert_prior.py:628) Total Episode:   262 Steps:   22606 Episode Steps:   106 Return:  1.0000 FPS: 16.70
05:24:59.813 [INFO] (DIYexpert_prior.py:628) Total Episode:   263 Steps:   22630 Episode Steps:    24 Return: -1.0000 FPS: 12.57
05:25:06.241 [INFO] (DIYexpert_prior.py:628) Total Episode:   264 Steps:   22734 Episode Steps:   104 Return:  1.0000 FPS: 16.18
05:25:12.875 [INFO] (DIYexpert_prior.py:628) Total Episode:   265 Steps:   22841 Episode Steps:   107 Return:  1.0000 FPS: 16.13
05:25:15.035 [INFO] (DIYexpert_prior.py:628) Total Episode:   266 Steps:   22869 Episode Steps:    28 Return: -1.0000 FPS: 12.97
05:25:17.016 [INFO] (DIYexpert_prior.py:628) Total Episode:   267 Steps:   22894 Episode Steps:    25 Return: -1.0000 FPS: 12.63
05:25:23.898 [INFO] (DIYexpert_prior.py:628) Total Episode:   268 Steps:   23008 Episode Steps:   114 Return:  1.0000 FPS: 16.57
05:25:30.592 [INFO] (DIYexpert_prior.py:628) Total Episode:   269 Steps:   23118 Episode Steps:   110 Return:  1.0000 FPS: 16.44
05:25:33.398 [INFO] (DIYexpert_prior.py:628) Total Episode:   270 Steps:   23157 Episode Steps:    39 Return: -1.0000 FPS: 13.90
05:25:35.729 [INFO] (DIYexpert_prior.py:628) Total Episode:   271 Steps:   23189 Episode Steps:    32 Return: -1.0000 FPS: 13.73
05:25:37.545 [INFO] (DIYexpert_prior.py:628) Total Episode:   272 Steps:   23211 Episode Steps:    22 Return: -1.0000 FPS: 12.12
05:25:44.066 [INFO] (DIYexpert_prior.py:628) Total Episode:   273 Steps:   23318 Episode Steps:   107 Return:  1.0000 FPS: 16.41
05:25:46.700 [INFO] (DIYexpert_prior.py:628) Total Episode:   274 Steps:   23353 Episode Steps:    35 Return: -1.0000 FPS: 13.30
05:25:53.302 [INFO] (DIYexpert_prior.py:628) Total Episode:   275 Steps:   23463 Episode Steps:   110 Return:  1.0000 FPS: 16.66
05:25:59.808 [INFO] (DIYexpert_prior.py:628) Total Episode:   276 Steps:   23570 Episode Steps:   107 Return:  1.0000 FPS: 16.45
05:26:01.694 [INFO] (DIYexpert_prior.py:628) Total Episode:   277 Steps:   23593 Episode Steps:    23 Return: -1.0000 FPS: 12.20
05:26:08.181 [INFO] (DIYexpert_prior.py:628) Total Episode:   278 Steps:   23698 Episode Steps:   105 Return:  1.0000 FPS: 16.19
05:26:15.160 [INFO] (DIYexpert_prior.py:628) Total Episode:   279 Steps:   23809 Episode Steps:   111 Return:  1.0000 FPS: 15.91
05:26:17.415 [INFO] (DIYexpert_prior.py:628) Total Episode:   280 Steps:   23839 Episode Steps:    30 Return: -1.0000 FPS: 13.31
05:26:19.359 [INFO] (DIYexpert_prior.py:628) Total Episode:   281 Steps:   23863 Episode Steps:    24 Return: -1.0000 FPS: 12.36
05:26:26.045 [INFO] (DIYexpert_prior.py:628) Total Episode:   282 Steps:   23971 Episode Steps:   108 Return:  1.0000 FPS: 16.15
05:26:28.513 [INFO] (DIYexpert_prior.py:628) Total Episode:   283 Steps:   24004 Episode Steps:    33 Return: -1.0000 FPS: 13.38
05:26:35.058 [INFO] (DIYexpert_prior.py:628) Total Episode:   284 Steps:   24111 Episode Steps:   107 Return:  1.0000 FPS: 16.35
05:26:41.394 [INFO] (DIYexpert_prior.py:628) Total Episode:   285 Steps:   24215 Episode Steps:   104 Return:  1.0000 FPS: 16.42
05:26:48.242 [INFO] (DIYexpert_prior.py:628) Total Episode:   286 Steps:   24328 Episode Steps:   113 Return:  1.0000 FPS: 16.50
05:26:54.640 [INFO] (DIYexpert_prior.py:628) Total Episode:   287 Steps:   24433 Episode Steps:   105 Return:  1.0000 FPS: 16.41
05:27:01.358 [INFO] (DIYexpert_prior.py:628) Total Episode:   288 Steps:   24545 Episode Steps:   112 Return:  1.0000 FPS: 16.68
05:27:21.268 [INFO] (DIYexpert_prior.py:628) Total Episode:   289 Steps:   24899 Episode Steps:   354 Return:  1.0000 FPS: 17.78
05:27:23.327 [INFO] (DIYexpert_prior.py:628) Total Episode:   290 Steps:   24925 Episode Steps:    26 Return: -1.0000 FPS: 12.63
05:27:29.736 [INFO] (DIYexpert_prior.py:628) Total Episode:   291 Steps:   25032 Episode Steps:   107 Return:  1.0000 FPS: 16.70
05:27:36.788 [INFO] (DIYexpert_prior.py:628) Total Episode:   292 Steps:   25146 Episode Steps:   114 Return:  1.0000 FPS: 16.17
05:27:38.924 [INFO] (DIYexpert_prior.py:628) Total Episode:   293 Steps:   25172 Episode Steps:    26 Return: -1.0000 FPS: 12.18
05:27:40.876 [INFO] (DIYexpert_prior.py:628) Total Episode:   294 Steps:   25196 Episode Steps:    24 Return: -1.0000 FPS: 12.30
05:27:47.526 [INFO] (DIYexpert_prior.py:628) Total Episode:   295 Steps:   25304 Episode Steps:   108 Return:  1.0000 FPS: 16.24
05:27:49.455 [INFO] (DIYexpert_prior.py:628) Total Episode:   296 Steps:   25328 Episode Steps:    24 Return: -1.0000 FPS: 12.45
05:27:51.421 [INFO] (DIYexpert_prior.py:628) Total Episode:   297 Steps:   25352 Episode Steps:    24 Return: -1.0000 FPS: 12.21
05:27:55.834 [INFO] (DIYexpert_prior.py:628) Total Episode:   298 Steps:   25421 Episode Steps:    69 Return: -1.0000 FPS: 15.64
05:28:02.399 [INFO] (DIYexpert_prior.py:628) Total Episode:   299 Steps:   25528 Episode Steps:   107 Return:  1.0000 FPS: 16.30
05:28:04.917 [INFO] (DIYexpert_prior.py:628) Total Episode:   300 Steps:   25557 Episode Steps:    29 Return: -1.0000 FPS: 11.52
05:28:11.368 [INFO] (DIYexpert_prior.py:628) Total Episode:   301 Steps:   25664 Episode Steps:   107 Return:  1.0000 FPS: 16.59
05:28:18.058 [INFO] (DIYexpert_prior.py:628) Total Episode:   302 Steps:   25774 Episode Steps:   110 Return:  1.0000 FPS: 16.45
05:28:24.247 [INFO] (DIYexpert_prior.py:628) Total Episode:   303 Steps:   25871 Episode Steps:    97 Return: -1.0000 FPS: 15.68
05:28:30.611 [INFO] (DIYexpert_prior.py:628) Total Episode:   304 Steps:   25975 Episode Steps:   104 Return:  1.0000 FPS: 16.34
05:28:32.823 [INFO] (DIYexpert_prior.py:628) Total Episode:   305 Steps:   26004 Episode Steps:    29 Return: -1.0000 FPS: 13.12
05:28:39.375 [INFO] (DIYexpert_prior.py:628) Total Episode:   306 Steps:   26112 Episode Steps:   108 Return:  1.0000 FPS: 16.49
05:28:41.335 [INFO] (DIYexpert_prior.py:628) Total Episode:   307 Steps:   26136 Episode Steps:    24 Return: -1.0000 FPS: 12.25
05:28:47.958 [INFO] (DIYexpert_prior.py:628) Total Episode:   308 Steps:   26244 Episode Steps:   108 Return:  1.0000 FPS: 16.31
05:28:54.296 [INFO] (DIYexpert_prior.py:628) Total Episode:   309 Steps:   26350 Episode Steps:   106 Return:  1.0000 FPS: 16.73
05:28:56.329 [INFO] (DIYexpert_prior.py:628) Total Episode:   310 Steps:   26374 Episode Steps:    24 Return: -1.0000 FPS: 11.81
05:29:02.757 [INFO] (DIYexpert_prior.py:628) Total Episode:   311 Steps:   26480 Episode Steps:   106 Return:  1.0000 FPS: 16.49
05:29:25.403 [INFO] (DIYexpert_prior.py:628) Total Episode:   312 Steps:   26879 Episode Steps:   399 Return:  0.0000 FPS: 17.62
05:29:31.947 [INFO] (DIYexpert_prior.py:628) Total Episode:   313 Steps:   26986 Episode Steps:   107 Return:  1.0000 FPS: 16.35
05:29:38.695 [INFO] (DIYexpert_prior.py:628) Total Episode:   314 Steps:   27100 Episode Steps:   114 Return:  1.0000 FPS: 16.90
05:29:40.944 [INFO] (DIYexpert_prior.py:628) Total Episode:   315 Steps:   27129 Episode Steps:    29 Return: -1.0000 FPS: 12.90
05:29:43.175 [INFO] (DIYexpert_prior.py:628) Total Episode:   316 Steps:   27159 Episode Steps:    30 Return: -1.0000 FPS: 13.45
05:29:49.868 [INFO] (DIYexpert_prior.py:628) Total Episode:   317 Steps:   27269 Episode Steps:   110 Return:  1.0000 FPS: 16.44
05:29:56.659 [INFO] (DIYexpert_prior.py:628) Total Episode:   318 Steps:   27379 Episode Steps:   110 Return:  1.0000 FPS: 16.20
05:29:59.307 [INFO] (DIYexpert_prior.py:628) Total Episode:   319 Steps:   27417 Episode Steps:    38 Return: -1.0000 FPS: 14.36
05:30:01.660 [INFO] (DIYexpert_prior.py:628) Total Episode:   320 Steps:   27449 Episode Steps:    32 Return: -1.0000 FPS: 13.61
05:30:08.089 [INFO] (DIYexpert_prior.py:628) Total Episode:   321 Steps:   27555 Episode Steps:   106 Return:  1.0000 FPS: 16.49
05:30:14.740 [INFO] (DIYexpert_prior.py:628) Total Episode:   322 Steps:   27661 Episode Steps:   106 Return:  1.0000 FPS: 15.94
05:30:21.347 [INFO] (DIYexpert_prior.py:628) Total Episode:   323 Steps:   27769 Episode Steps:   108 Return:  1.0000 FPS: 16.35
05:30:27.745 [INFO] (DIYexpert_prior.py:628) Total Episode:   324 Steps:   27875 Episode Steps:   106 Return:  1.0000 FPS: 16.57
05:30:34.419 [INFO] (DIYexpert_prior.py:628) Total Episode:   325 Steps:   27983 Episode Steps:   108 Return:  1.0000 FPS: 16.19
05:30:36.197 [INFO] (DIYexpert_prior.py:628) Total Episode:   326 Steps:   28004 Episode Steps:    21 Return: -1.0000 FPS: 11.82
05:30:42.523 [INFO] (DIYexpert_prior.py:628) Total Episode:   327 Steps:   28110 Episode Steps:   106 Return:  1.0000 FPS: 16.76
05:30:49.012 [INFO] (DIYexpert_prior.py:628) Total Episode:   328 Steps:   28215 Episode Steps:   105 Return:  1.0000 FPS: 16.18
05:30:50.967 [INFO] (DIYexpert_prior.py:628) Total Episode:   329 Steps:   28239 Episode Steps:    24 Return: -1.0000 FPS: 12.28
05:30:53.432 [INFO] (DIYexpert_prior.py:628) Total Episode:   330 Steps:   28269 Episode Steps:    30 Return: -1.0000 FPS: 12.17
05:30:55.458 [INFO] (DIYexpert_prior.py:628) Total Episode:   331 Steps:   28294 Episode Steps:    25 Return: -1.0000 FPS: 12.35
05:31:02.212 [INFO] (DIYexpert_prior.py:628) Total Episode:   332 Steps:   28405 Episode Steps:   111 Return:  1.0000 FPS: 16.44
05:31:04.135 [INFO] (DIYexpert_prior.py:628) Total Episode:   333 Steps:   28428 Episode Steps:    23 Return: -1.0000 FPS: 11.97
05:31:11.024 [INFO] (DIYexpert_prior.py:628) Total Episode:   334 Steps:   28541 Episode Steps:   113 Return:  1.0000 FPS: 16.41
05:31:13.096 [INFO] (DIYexpert_prior.py:628) Total Episode:   335 Steps:   28567 Episode Steps:    26 Return: -1.0000 FPS: 12.56
05:31:15.367 [INFO] (DIYexpert_prior.py:628) Total Episode:   336 Steps:   28597 Episode Steps:    30 Return: -1.0000 FPS: 13.22
05:31:21.744 [INFO] (DIYexpert_prior.py:628) Total Episode:   337 Steps:   28702 Episode Steps:   105 Return:  1.0000 FPS: 16.47
05:31:28.272 [INFO] (DIYexpert_prior.py:628) Total Episode:   338 Steps:   28809 Episode Steps:   107 Return:  1.0000 FPS: 16.39
05:31:30.062 [INFO] (DIYexpert_prior.py:628) Total Episode:   339 Steps:   28831 Episode Steps:    22 Return: -1.0000 FPS: 12.30
05:31:36.652 [INFO] (DIYexpert_prior.py:628) Total Episode:   340 Steps:   28940 Episode Steps:   109 Return:  1.0000 FPS: 16.54
05:31:50.547 [INFO] (DIYexpert_prior.py:628) Total Episode:   341 Steps:   29185 Episode Steps:   245 Return: -1.0000 FPS: 17.63
05:31:53.479 [INFO] (DIYexpert_prior.py:628) Total Episode:   342 Steps:   29226 Episode Steps:    41 Return: -1.0000 FPS: 13.99
05:32:00.001 [INFO] (DIYexpert_prior.py:628) Total Episode:   343 Steps:   29334 Episode Steps:   108 Return:  1.0000 FPS: 16.56
05:32:02.415 [INFO] (DIYexpert_prior.py:628) Total Episode:   344 Steps:   29366 Episode Steps:    32 Return: -1.0000 FPS: 13.26
05:32:04.355 [INFO] (DIYexpert_prior.py:628) Total Episode:   345 Steps:   29389 Episode Steps:    23 Return: -1.0000 FPS: 11.86
05:32:06.413 [INFO] (DIYexpert_prior.py:628) Total Episode:   346 Steps:   29414 Episode Steps:    25 Return: -1.0000 FPS: 12.15
05:32:08.219 [INFO] (DIYexpert_prior.py:628) Total Episode:   347 Steps:   29436 Episode Steps:    22 Return: -1.0000 FPS: 12.19
05:32:15.297 [INFO] (DIYexpert_prior.py:628) Total Episode:   348 Steps:   29553 Episode Steps:   117 Return:  1.0000 FPS: 16.53
05:32:21.670 [INFO] (DIYexpert_prior.py:628) Total Episode:   349 Steps:   29657 Episode Steps:   104 Return:  1.0000 FPS: 16.32
05:32:28.584 [INFO] (DIYexpert_prior.py:628) Total Episode:   350 Steps:   29764 Episode Steps:   107 Return:  1.0000 FPS: 15.48
05:32:34.947 [INFO] (DIYexpert_prior.py:628) Total Episode:   351 Steps:   29869 Episode Steps:   105 Return:  1.0000 FPS: 16.50
05:32:41.247 [INFO] (DIYexpert_prior.py:628) Total Episode:   352 Steps:   29972 Episode Steps:   103 Return:  1.0000 FPS: 16.35
05:32:43.224 [INFO] (DIYexpert_prior.py:628) Total Episode:   353 Steps:   29994 Episode Steps:    22 Return: -1.0000 FPS: 11.13
05:32:44.963 [INFO] (DIYexpert_prior.py:628) Total Episode:   354 Steps:   30014 Episode Steps:    20 Return: -1.0000 FPS: 11.51
05:32:46.761 [INFO] (DIYexpert_prior.py:628) Total Episode:   355 Steps:   30035 Episode Steps:    21 Return: -1.0000 FPS: 11.69
05:32:53.280 [INFO] (DIYexpert_prior.py:628) Total Episode:   356 Steps:   30141 Episode Steps:   106 Return:  1.0000 FPS: 16.26
05:33:00.067 [INFO] (DIYexpert_prior.py:628) Total Episode:   357 Steps:   30248 Episode Steps:   107 Return:  1.0000 FPS: 15.77
05:33:02.022 [INFO] (DIYexpert_prior.py:628) Total Episode:   358 Steps:   30272 Episode Steps:    24 Return: -1.0000 FPS: 12.29
05:33:03.773 [INFO] (DIYexpert_prior.py:628) Total Episode:   359 Steps:   30293 Episode Steps:    21 Return: -1.0000 FPS: 12.00
05:33:10.072 [INFO] (DIYexpert_prior.py:628) Total Episode:   360 Steps:   30397 Episode Steps:   104 Return:  1.0000 FPS: 16.51
05:33:16.590 [INFO] (DIYexpert_prior.py:628) Total Episode:   361 Steps:   30504 Episode Steps:   107 Return:  1.0000 FPS: 16.42
05:33:22.932 [INFO] (DIYexpert_prior.py:628) Total Episode:   362 Steps:   30610 Episode Steps:   106 Return:  1.0000 FPS: 16.72
05:33:35.571 [INFO] (DIYexpert_prior.py:628) Total Episode:   363 Steps:   30831 Episode Steps:   221 Return:  1.0000 FPS: 17.49
05:33:42.231 [INFO] (DIYexpert_prior.py:628) Total Episode:   364 Steps:   30940 Episode Steps:   109 Return:  1.0000 FPS: 16.37
05:33:44.501 [INFO] (DIYexpert_prior.py:628) Total Episode:   365 Steps:   30970 Episode Steps:    30 Return: -1.0000 FPS: 13.25
05:33:47.843 [INFO] (DIYexpert_prior.py:628) Total Episode:   366 Steps:   31020 Episode Steps:    50 Return: -1.0000 FPS: 14.97
05:33:54.272 [INFO] (DIYexpert_prior.py:628) Total Episode:   367 Steps:   31128 Episode Steps:   108 Return:  1.0000 FPS: 16.80
05:33:56.068 [INFO] (DIYexpert_prior.py:628) Total Episode:   368 Steps:   31149 Episode Steps:    21 Return: -1.0000 FPS: 11.69
05:34:02.633 [INFO] (DIYexpert_prior.py:628) Total Episode:   369 Steps:   31254 Episode Steps:   105 Return:  1.0000 FPS: 16.00
05:34:04.751 [INFO] (DIYexpert_prior.py:628) Total Episode:   370 Steps:   31281 Episode Steps:    27 Return: -1.0000 FPS: 12.75
05:34:11.243 [INFO] (DIYexpert_prior.py:628) Total Episode:   371 Steps:   31387 Episode Steps:   106 Return:  1.0000 FPS: 16.33
05:34:17.935 [INFO] (DIYexpert_prior.py:628) Total Episode:   372 Steps:   31497 Episode Steps:   110 Return:  1.0000 FPS: 16.44
05:34:20.527 [INFO] (DIYexpert_prior.py:628) Total Episode:   373 Steps:   31533 Episode Steps:    36 Return: -1.0000 FPS: 13.90
05:34:22.924 [INFO] (DIYexpert_prior.py:628) Total Episode:   374 Steps:   31566 Episode Steps:    33 Return: -1.0000 FPS: 13.77
05:34:24.902 [INFO] (DIYexpert_prior.py:628) Total Episode:   375 Steps:   31591 Episode Steps:    25 Return: -1.0000 FPS: 12.64
05:34:31.287 [INFO] (DIYexpert_prior.py:628) Total Episode:   376 Steps:   31696 Episode Steps:   105 Return:  1.0000 FPS: 16.45
05:34:37.827 [INFO] (DIYexpert_prior.py:628) Total Episode:   377 Steps:   31804 Episode Steps:   108 Return:  1.0000 FPS: 16.52
05:34:44.212 [INFO] (DIYexpert_prior.py:628) Total Episode:   378 Steps:   31909 Episode Steps:   105 Return:  1.0000 FPS: 16.45
05:34:50.792 [INFO] (DIYexpert_prior.py:628) Total Episode:   379 Steps:   32017 Episode Steps:   108 Return:  1.0000 FPS: 16.42
05:34:57.305 [INFO] (DIYexpert_prior.py:628) Total Episode:   380 Steps:   32123 Episode Steps:   106 Return:  1.0000 FPS: 16.28
05:34:59.192 [INFO] (DIYexpert_prior.py:628) Total Episode:   381 Steps:   32145 Episode Steps:    22 Return: -1.0000 FPS: 11.67
05:35:01.220 [INFO] (DIYexpert_prior.py:628) Total Episode:   382 Steps:   32171 Episode Steps:    26 Return: -1.0000 FPS: 12.82
05:35:07.567 [INFO] (DIYexpert_prior.py:628) Total Episode:   383 Steps:   32275 Episode Steps:   104 Return:  1.0000 FPS: 16.39
05:35:13.992 [INFO] (DIYexpert_prior.py:628) Total Episode:   384 Steps:   32381 Episode Steps:   106 Return:  1.0000 FPS: 16.50
05:35:20.314 [INFO] (DIYexpert_prior.py:628) Total Episode:   385 Steps:   32485 Episode Steps:   104 Return:  1.0000 FPS: 16.45
05:35:22.049 [INFO] (DIYexpert_prior.py:628) Total Episode:   386 Steps:   32505 Episode Steps:    20 Return: -1.0000 FPS: 11.53
05:35:24.200 [INFO] (DIYexpert_prior.py:628) Total Episode:   387 Steps:   32533 Episode Steps:    28 Return: -1.0000 FPS: 13.02
05:35:30.616 [INFO] (DIYexpert_prior.py:628) Total Episode:   388 Steps:   32638 Episode Steps:   105 Return:  1.0000 FPS: 16.37
05:35:32.417 [INFO] (DIYexpert_prior.py:628) Total Episode:   389 Steps:   32660 Episode Steps:    22 Return: -1.0000 FPS: 12.22
05:35:34.503 [INFO] (DIYexpert_prior.py:628) Total Episode:   390 Steps:   32685 Episode Steps:    25 Return: -1.0000 FPS: 11.99
05:35:40.988 [INFO] (DIYexpert_prior.py:628) Total Episode:   391 Steps:   32791 Episode Steps:   106 Return:  1.0000 FPS: 16.35
05:35:43.514 [INFO] (DIYexpert_prior.py:628) Total Episode:   392 Steps:   32827 Episode Steps:    36 Return: -1.0000 FPS: 14.26
05:35:48.881 [INFO] (DIYexpert_prior.py:628) Total Episode:   393 Steps:   32912 Episode Steps:    85 Return: -1.0000 FPS: 15.84
05:35:55.558 [INFO] (DIYexpert_prior.py:628) Total Episode:   394 Steps:   33021 Episode Steps:   109 Return:  1.0000 FPS: 16.33
05:36:02.256 [INFO] (DIYexpert_prior.py:628) Total Episode:   395 Steps:   33130 Episode Steps:   109 Return:  1.0000 FPS: 16.28
05:36:09.063 [INFO] (DIYexpert_prior.py:628) Total Episode:   396 Steps:   33241 Episode Steps:   111 Return:  1.0000 FPS: 16.31
05:36:10.845 [INFO] (DIYexpert_prior.py:628) Total Episode:   397 Steps:   33263 Episode Steps:    22 Return: -1.0000 FPS: 12.35
05:36:17.332 [INFO] (DIYexpert_prior.py:628) Total Episode:   398 Steps:   33370 Episode Steps:   107 Return:  1.0000 FPS: 16.50
05:36:23.838 [INFO] (DIYexpert_prior.py:628) Total Episode:   399 Steps:   33477 Episode Steps:   107 Return:  1.0000 FPS: 16.45
05:36:30.493 [INFO] (DIYexpert_prior.py:628) Total Episode:   400 Steps:   33583 Episode Steps:   106 Return:  1.0000 FPS: 15.93
05:36:32.584 [INFO] (DIYexpert_prior.py:628) Total Episode:   401 Steps:   33609 Episode Steps:    26 Return: -1.0000 FPS: 12.44
05:36:34.671 [INFO] (DIYexpert_prior.py:628) Total Episode:   402 Steps:   33636 Episode Steps:    27 Return: -1.0000 FPS: 12.94
05:36:40.983 [INFO] (DIYexpert_prior.py:628) Total Episode:   403 Steps:   33740 Episode Steps:   104 Return:  1.0000 FPS: 16.48
05:36:47.379 [INFO] (DIYexpert_prior.py:628) Total Episode:   404 Steps:   33845 Episode Steps:   105 Return:  1.0000 FPS: 16.42
05:36:54.270 [INFO] (DIYexpert_prior.py:628) Total Episode:   405 Steps:   33957 Episode Steps:   112 Return:  1.0000 FPS: 16.26
05:37:00.875 [INFO] (DIYexpert_prior.py:628) Total Episode:   406 Steps:   34065 Episode Steps:   108 Return:  1.0000 FPS: 16.35
05:37:07.388 [INFO] (DIYexpert_prior.py:628) Total Episode:   407 Steps:   34171 Episode Steps:   106 Return:  1.0000 FPS: 16.28
05:37:14.088 [INFO] (DIYexpert_prior.py:628) Total Episode:   408 Steps:   34280 Episode Steps:   109 Return:  1.0000 FPS: 16.27
05:37:20.408 [INFO] (DIYexpert_prior.py:628) Total Episode:   409 Steps:   34385 Episode Steps:   105 Return:  1.0000 FPS: 16.62
05:37:27.117 [INFO] (DIYexpert_prior.py:628) Total Episode:   410 Steps:   34497 Episode Steps:   112 Return:  1.0000 FPS: 16.71
05:37:29.230 [INFO] (DIYexpert_prior.py:628) Total Episode:   411 Steps:   34520 Episode Steps:    23 Return: -1.0000 FPS: 10.89
05:37:36.275 [INFO] (DIYexpert_prior.py:628) Total Episode:   412 Steps:   34634 Episode Steps:   114 Return:  1.0000 FPS: 16.19
05:37:42.646 [INFO] (DIYexpert_prior.py:628) Total Episode:   413 Steps:   34739 Episode Steps:   105 Return:  1.0000 FPS: 16.48
05:37:45.208 [INFO] (DIYexpert_prior.py:628) Total Episode:   414 Steps:   34772 Episode Steps:    33 Return: -1.0000 FPS: 12.89
05:37:47.264 [INFO] (DIYexpert_prior.py:628) Total Episode:   415 Steps:   34798 Episode Steps:    26 Return: -1.0000 FPS: 12.65
05:37:49.607 [INFO] (DIYexpert_prior.py:628) Total Episode:   416 Steps:   34830 Episode Steps:    32 Return: -1.0000 FPS: 13.66
05:37:51.457 [INFO] (DIYexpert_prior.py:628) Total Episode:   417 Steps:   34852 Episode Steps:    22 Return: -1.0000 FPS: 11.90
05:37:53.325 [INFO] (DIYexpert_prior.py:628) Total Episode:   418 Steps:   34875 Episode Steps:    23 Return: -1.0000 FPS: 12.32
05:37:55.483 [INFO] (DIYexpert_prior.py:628) Total Episode:   419 Steps:   34903 Episode Steps:    28 Return: -1.0000 FPS: 12.98
05:37:57.243 [INFO] (DIYexpert_prior.py:628) Total Episode:   420 Steps:   34924 Episode Steps:    21 Return: -1.0000 FPS: 11.94
05:38:03.837 [INFO] (DIYexpert_prior.py:628) Total Episode:   421 Steps:   35034 Episode Steps:   110 Return:  1.0000 FPS: 16.68
05:38:10.293 [INFO] (DIYexpert_prior.py:628) Total Episode:   422 Steps:   35139 Episode Steps:   105 Return:  1.0000 FPS: 16.27
05:38:26.186 [INFO] (DIYexpert_prior.py:628) Total Episode:   423 Steps:   35418 Episode Steps:   279 Return:  1.0000 FPS: 17.56
05:38:38.559 [INFO] (DIYexpert_prior.py:628) Total Episode:   424 Steps:   35634 Episode Steps:   216 Return: -1.0000 FPS: 17.46
05:38:44.895 [INFO] (DIYexpert_prior.py:628) Total Episode:   425 Steps:   35740 Episode Steps:   106 Return:  1.0000 FPS: 16.73
05:38:51.490 [INFO] (DIYexpert_prior.py:628) Total Episode:   426 Steps:   35845 Episode Steps:   105 Return:  1.0000 FPS: 15.92
05:38:54.228 [INFO] (DIYexpert_prior.py:628) Total Episode:   427 Steps:   35884 Episode Steps:    39 Return: -1.0000 FPS: 14.25
05:39:00.785 [INFO] (DIYexpert_prior.py:628) Total Episode:   428 Steps:   35992 Episode Steps:   108 Return:  1.0000 FPS: 16.47
05:39:02.630 [INFO] (DIYexpert_prior.py:628) Total Episode:   429 Steps:   36014 Episode Steps:    22 Return: -1.0000 FPS: 11.93
05:39:04.510 [INFO] (DIYexpert_prior.py:628) Total Episode:   430 Steps:   36036 Episode Steps:    22 Return: -1.0000 FPS: 11.71
05:39:24.231 [INFO] (DIYexpert_prior.py:628) Total Episode:   431 Steps:   36384 Episode Steps:   348 Return: -1.0000 FPS: 17.65
05:39:26.496 [INFO] (DIYexpert_prior.py:628) Total Episode:   432 Steps:   36413 Episode Steps:    29 Return: -1.0000 FPS: 12.81
05:39:32.980 [INFO] (DIYexpert_prior.py:628) Total Episode:   433 Steps:   36520 Episode Steps:   107 Return:  1.0000 FPS: 16.51
05:39:39.488 [INFO] (DIYexpert_prior.py:628) Total Episode:   434 Steps:   36626 Episode Steps:   106 Return:  1.0000 FPS: 16.29
05:39:46.049 [INFO] (DIYexpert_prior.py:628) Total Episode:   435 Steps:   36733 Episode Steps:   107 Return:  1.0000 FPS: 16.31
05:39:48.270 [INFO] (DIYexpert_prior.py:628) Total Episode:   436 Steps:   36762 Episode Steps:    29 Return: -1.0000 FPS: 13.06
05:39:54.788 [INFO] (DIYexpert_prior.py:628) Total Episode:   437 Steps:   36868 Episode Steps:   106 Return:  1.0000 FPS: 16.26
05:40:01.748 [INFO] (DIYexpert_prior.py:628) Total Episode:   438 Steps:   36980 Episode Steps:   112 Return:  1.0000 FPS: 16.10
05:40:08.200 [INFO] (DIYexpert_prior.py:628) Total Episode:   439 Steps:   37086 Episode Steps:   106 Return:  1.0000 FPS: 16.43
05:40:10.146 [INFO] (DIYexpert_prior.py:628) Total Episode:   440 Steps:   37110 Episode Steps:    24 Return: -1.0000 FPS: 12.34
05:40:16.828 [INFO] (DIYexpert_prior.py:628) Total Episode:   441 Steps:   37218 Episode Steps:   108 Return:  1.0000 FPS: 16.17
05:40:23.244 [INFO] (DIYexpert_prior.py:628) Total Episode:   442 Steps:   37323 Episode Steps:   105 Return:  1.0000 FPS: 16.37
05:40:29.707 [INFO] (DIYexpert_prior.py:628) Total Episode:   443 Steps:   37429 Episode Steps:   106 Return:  1.0000 FPS: 16.41
05:40:31.900 [INFO] (DIYexpert_prior.py:628) Total Episode:   444 Steps:   37457 Episode Steps:    28 Return: -1.0000 FPS: 12.77
05:40:38.479 [INFO] (DIYexpert_prior.py:628) Total Episode:   445 Steps:   37562 Episode Steps:   105 Return:  1.0000 FPS: 15.96
05:40:44.929 [INFO] (DIYexpert_prior.py:628) Total Episode:   446 Steps:   37667 Episode Steps:   105 Return:  1.0000 FPS: 16.28
05:40:47.023 [INFO] (DIYexpert_prior.py:628) Total Episode:   447 Steps:   37694 Episode Steps:    27 Return: -1.0000 FPS: 12.90
05:40:49.056 [INFO] (DIYexpert_prior.py:628) Total Episode:   448 Steps:   37719 Episode Steps:    25 Return: -1.0000 FPS: 12.30
05:40:55.606 [INFO] (DIYexpert_prior.py:628) Total Episode:   449 Steps:   37826 Episode Steps:   107 Return:  1.0000 FPS: 16.34
05:41:02.324 [INFO] (DIYexpert_prior.py:628) Total Episode:   450 Steps:   37932 Episode Steps:   106 Return:  1.0000 FPS: 15.78
05:41:05.101 [INFO] (DIYexpert_prior.py:628) Total Episode:   451 Steps:   37971 Episode Steps:    39 Return: -1.0000 FPS: 14.05
05:41:11.521 [INFO] (DIYexpert_prior.py:628) Total Episode:   452 Steps:   38076 Episode Steps:   105 Return:  1.0000 FPS: 16.36
05:41:18.416 [INFO] (DIYexpert_prior.py:628) Total Episode:   453 Steps:   38187 Episode Steps:   111 Return:  1.0000 FPS: 16.10
05:41:20.224 [INFO] (DIYexpert_prior.py:628) Total Episode:   454 Steps:   38208 Episode Steps:    21 Return: -1.0000 FPS: 11.62
05:41:27.013 [INFO] (DIYexpert_prior.py:628) Total Episode:   455 Steps:   38318 Episode Steps:   110 Return:  1.0000 FPS: 16.20
05:41:33.583 [INFO] (DIYexpert_prior.py:628) Total Episode:   456 Steps:   38424 Episode Steps:   106 Return:  1.0000 FPS: 16.14
05:41:39.908 [INFO] (DIYexpert_prior.py:628) Total Episode:   457 Steps:   38530 Episode Steps:   106 Return:  1.0000 FPS: 16.76
05:41:55.100 [INFO] (DIYexpert_prior.py:628) Total Episode:   458 Steps:   38794 Episode Steps:   264 Return:  1.0000 FPS: 17.38
05:42:01.774 [INFO] (DIYexpert_prior.py:628) Total Episode:   459 Steps:   38902 Episode Steps:   108 Return:  1.0000 FPS: 16.19
05:42:08.135 [INFO] (DIYexpert_prior.py:628) Total Episode:   460 Steps:   39007 Episode Steps:   105 Return:  1.0000 FPS: 16.51
05:42:14.506 [INFO] (DIYexpert_prior.py:628) Total Episode:   461 Steps:   39112 Episode Steps:   105 Return:  1.0000 FPS: 16.49
05:42:18.611 [INFO] (DIYexpert_prior.py:628) Total Episode:   462 Steps:   39172 Episode Steps:    60 Return: -1.0000 FPS: 14.62
05:42:25.382 [INFO] (DIYexpert_prior.py:628) Total Episode:   463 Steps:   39284 Episode Steps:   112 Return:  1.0000 FPS: 16.54
05:42:27.241 [INFO] (DIYexpert_prior.py:628) Total Episode:   464 Steps:   39305 Episode Steps:    21 Return: -1.0000 FPS: 11.30
05:42:33.901 [INFO] (DIYexpert_prior.py:628) Total Episode:   465 Steps:   39416 Episode Steps:   111 Return:  1.0000 FPS: 16.67
05:42:35.893 [INFO] (DIYexpert_prior.py:628) Total Episode:   466 Steps:   39440 Episode Steps:    24 Return: -1.0000 FPS: 12.06
05:42:42.771 [INFO] (DIYexpert_prior.py:628) Total Episode:   467 Steps:   39553 Episode Steps:   113 Return:  1.0000 FPS: 16.43
05:42:49.216 [INFO] (DIYexpert_prior.py:628) Total Episode:   468 Steps:   39659 Episode Steps:   106 Return:  1.0000 FPS: 16.45
05:42:55.707 [INFO] (DIYexpert_prior.py:628) Total Episode:   469 Steps:   39764 Episode Steps:   105 Return:  1.0000 FPS: 16.18
05:43:02.128 [INFO] (DIYexpert_prior.py:628) Total Episode:   470 Steps:   39870 Episode Steps:   106 Return:  1.0000 FPS: 16.51
05:43:08.722 [INFO] (DIYexpert_prior.py:628) Total Episode:   471 Steps:   39978 Episode Steps:   108 Return:  1.0000 FPS: 16.38
05:43:10.586 [INFO] (DIYexpert_prior.py:628) Total Episode:   472 Steps:   39999 Episode Steps:    21 Return: -1.0000 FPS: 11.28
05:43:17.091 [INFO] (DIYexpert_prior.py:628) Total Episode:   473 Steps:   40105 Episode Steps:   106 Return:  1.0000 FPS: 16.30
05:43:19.284 [INFO] (DIYexpert_prior.py:628) Total Episode:   474 Steps:   40134 Episode Steps:    29 Return: -1.0000 FPS: 13.23
05:43:21.419 [INFO] (DIYexpert_prior.py:628) Total Episode:   475 Steps:   40162 Episode Steps:    28 Return: -1.0000 FPS: 13.12
05:43:27.826 [INFO] (DIYexpert_prior.py:628) Total Episode:   476 Steps:   40267 Episode Steps:   105 Return:  1.0000 FPS: 16.39
05:43:34.445 [INFO] (DIYexpert_prior.py:628) Total Episode:   477 Steps:   40376 Episode Steps:   109 Return:  1.0000 FPS: 16.47
05:43:36.867 [INFO] (DIYexpert_prior.py:628) Total Episode:   478 Steps:   40408 Episode Steps:    32 Return: -1.0000 FPS: 13.22
05:43:43.462 [INFO] (DIYexpert_prior.py:628) Total Episode:   479 Steps:   40517 Episode Steps:   109 Return:  1.0000 FPS: 16.53
05:43:45.446 [INFO] (DIYexpert_prior.py:628) Total Episode:   480 Steps:   40542 Episode Steps:    25 Return: -1.0000 FPS: 12.61
05:43:47.420 [INFO] (DIYexpert_prior.py:628) Total Episode:   481 Steps:   40565 Episode Steps:    23 Return: -1.0000 FPS: 11.66
05:43:50.287 [INFO] (DIYexpert_prior.py:628) Total Episode:   482 Steps:   40603 Episode Steps:    38 Return: -1.0000 FPS: 13.26
05:43:52.168 [INFO] (DIYexpert_prior.py:628) Total Episode:   483 Steps:   40626 Episode Steps:    23 Return: -1.0000 FPS: 12.24
05:43:54.339 [INFO] (DIYexpert_prior.py:628) Total Episode:   484 Steps:   40654 Episode Steps:    28 Return: -1.0000 FPS: 12.90
05:43:56.080 [INFO] (DIYexpert_prior.py:628) Total Episode:   485 Steps:   40674 Episode Steps:    20 Return: -1.0000 FPS: 11.50
05:44:02.803 [INFO] (DIYexpert_prior.py:628) Total Episode:   486 Steps:   40785 Episode Steps:   111 Return:  1.0000 FPS: 16.51
05:44:09.803 [INFO] (DIYexpert_prior.py:628) Total Episode:   487 Steps:   40901 Episode Steps:   116 Return:  0.0000 FPS: 16.57
05:44:16.138 [INFO] (DIYexpert_prior.py:628) Total Episode:   488 Steps:   41006 Episode Steps:   105 Return:  1.0000 FPS: 16.58
05:44:18.284 [INFO] (DIYexpert_prior.py:628) Total Episode:   489 Steps:   41034 Episode Steps:    28 Return: -1.0000 FPS: 13.05
05:44:20.615 [INFO] (DIYexpert_prior.py:628) Total Episode:   490 Steps:   41065 Episode Steps:    31 Return: -1.0000 FPS: 13.31
05:44:27.094 [INFO] (DIYexpert_prior.py:628) Total Episode:   491 Steps:   41171 Episode Steps:   106 Return:  1.0000 FPS: 16.36
05:44:29.488 [INFO] (DIYexpert_prior.py:628) Total Episode:   492 Steps:   41203 Episode Steps:    32 Return: -1.0000 FPS: 13.37
05:44:35.966 [INFO] (DIYexpert_prior.py:628) Total Episode:   493 Steps:   41310 Episode Steps:   107 Return:  1.0000 FPS: 16.52
05:44:42.449 [INFO] (DIYexpert_prior.py:628) Total Episode:   494 Steps:   41418 Episode Steps:   108 Return:  1.0000 FPS: 16.66
05:44:48.896 [INFO] (DIYexpert_prior.py:628) Total Episode:   495 Steps:   41524 Episode Steps:   106 Return:  1.0000 FPS: 16.45
05:44:51.359 [INFO] (DIYexpert_prior.py:628) Total Episode:   496 Steps:   41557 Episode Steps:    33 Return: -1.0000 FPS: 13.40
05:44:57.875 [INFO] (DIYexpert_prior.py:628) Total Episode:   497 Steps:   41663 Episode Steps:   106 Return:  1.0000 FPS: 16.28
05:45:04.251 [INFO] (DIYexpert_prior.py:628) Total Episode:   498 Steps:   41770 Episode Steps:   107 Return:  1.0000 FPS: 16.78
05:45:06.394 [INFO] (DIYexpert_prior.py:628) Total Episode:   499 Steps:   41797 Episode Steps:    27 Return: -1.0000 FPS: 12.61
05:45:08.959 [INFO] (DIYexpert_prior.py:628) Total Episode:   500 Steps:   41827 Episode Steps:    30 Return: -1.0000 FPS: 11.70
05:45:11.284 [INFO] (DIYexpert_prior.py:628) Total Episode:   501 Steps:   41851 Episode Steps:    24 Return: -1.0000 FPS: 10.33
05:45:13.334 [INFO] (DIYexpert_prior.py:628) Total Episode:   502 Steps:   41874 Episode Steps:    23 Return: -1.0000 FPS: 11.22
05:45:20.707 [INFO] (DIYexpert_prior.py:628) Total Episode:   503 Steps:   41986 Episode Steps:   112 Return:  1.0000 FPS: 15.19
05:45:27.365 [INFO] (DIYexpert_prior.py:628) Total Episode:   504 Steps:   42094 Episode Steps:   108 Return:  1.0000 FPS: 16.23
