18:55:43.083 [INFO] (DIYexpert_prior.py:628) Total Episode:     1 Steps:      25 Episode Steps:    25 Return: -1.0000 FPS:  4.32 Sucess_rate: 0.000
18:55:44.205 [INFO] (DIYexpert_prior.py:628) Total Episode:     2 Steps:      54 Episode Steps:    29 Return: -1.0000 FPS: 25.89 Sucess_rate: 0.000
18:55:45.300 [INFO] (DIYexpert_prior.py:628) Total Episode:     3 Steps:      79 Episode Steps:    25 Return: -1.0000 FPS: 22.85 Sucess_rate: 0.000
18:55:49.989 [INFO] (DIYexpert_prior.py:628) Total Episode:     4 Steps:     315 Episode Steps:   236 Return:  0.0000 FPS: 50.34 Sucess_rate: 0.000
18:55:54.014 [INFO] (DIYexpert_prior.py:628) Total Episode:     5 Steps:     514 Episode Steps:   199 Return:  1.0000 FPS: 49.46 Sucess_rate: 0.050
18:55:58.349 [INFO] (DIYexpert_prior.py:628) Total Episode:     6 Steps:     732 Episode Steps:   218 Return:  1.0000 FPS: 50.31 Sucess_rate: 0.100
18:55:59.459 [INFO] (DIYexpert_prior.py:628) Total Episode:     7 Steps:     763 Episode Steps:    31 Return: -1.0000 FPS: 27.96 Sucess_rate: 0.100
18:56:03.095 [INFO] (DIYexpert_prior.py:628) Total Episode:     8 Steps:     935 Episode Steps:   172 Return:  1.0000 FPS: 47.32 Sucess_rate: 0.150
18:56:07.771 [INFO] (DIYexpert_prior.py:628) Total Episode:     9 Steps:    1160 Episode Steps:   225 Return:  0.0000 FPS: 48.13 Sucess_rate: 0.150
18:56:11.906 [INFO] (DIYexpert_prior.py:628) Total Episode:    10 Steps:    1362 Episode Steps:   202 Return:  1.0000 FPS: 48.87 Sucess_rate: 0.200
18:56:16.294 [INFO] (DIYexpert_prior.py:628) Total Episode:    11 Steps:    1575 Episode Steps:   213 Return:  0.0000 FPS: 48.55 Sucess_rate: 0.200
18:56:20.715 [INFO] (DIYexpert_prior.py:628) Total Episode:    12 Steps:    1799 Episode Steps:   224 Return:  0.0000 FPS: 50.68 Sucess_rate: 0.200
18:56:22.257 [INFO] (DIYexpert_prior.py:628) Total Episode:    13 Steps:    1850 Episode Steps:    51 Return: -1.0000 FPS: 33.10 Sucess_rate: 0.200
18:56:23.371 [INFO] (DIYexpert_prior.py:628) Total Episode:    14 Steps:    1881 Episode Steps:    31 Return: -1.0000 FPS: 27.84 Sucess_rate: 0.200
18:56:27.616 [INFO] (DIYexpert_prior.py:628) Total Episode:    15 Steps:    2093 Episode Steps:   212 Return:  1.0000 FPS: 49.96 Sucess_rate: 0.250
18:56:33.045 [INFO] (DIYexpert_prior.py:628) Total Episode:    16 Steps:    2378 Episode Steps:   285 Return:  1.0000 FPS: 52.50 Sucess_rate: 0.300
18:56:37.753 [INFO] (DIYexpert_prior.py:628) Total Episode:    17 Steps:    2616 Episode Steps:   238 Return:  0.0000 FPS: 50.57 Sucess_rate: 0.300
18:56:42.319 [INFO] (DIYexpert_prior.py:628) Total Episode:    18 Steps:    2847 Episode Steps:   231 Return:  0.0000 FPS: 50.60 Sucess_rate: 0.300
18:56:46.709 [INFO] (DIYexpert_prior.py:628) Total Episode:    19 Steps:    3065 Episode Steps:   218 Return:  0.0000 FPS: 49.67 Sucess_rate: 0.300
18:56:47.820 [INFO] (DIYexpert_prior.py:628) Total Episode:    20 Steps:    3094 Episode Steps:    29 Return: -1.0000 FPS: 26.13 Sucess_rate: 0.300
18:56:51.896 [INFO] (DIYexpert_prior.py:628) Total Episode:    21 Steps:    3295 Episode Steps:   201 Return:  1.0000 FPS: 49.33 Sucess_rate: 0.350
18:56:53.059 [INFO] (DIYexpert_prior.py:628) Total Episode:    22 Steps:    3323 Episode Steps:    28 Return: -1.0000 FPS: 24.10 Sucess_rate: 0.350
18:56:57.138 [INFO] (DIYexpert_prior.py:628) Total Episode:    23 Steps:    3525 Episode Steps:   202 Return:  1.0000 FPS: 49.53 Sucess_rate: 0.400
18:57:01.159 [INFO] (DIYexpert_prior.py:628) Total Episode:    24 Steps:    3723 Episode Steps:   198 Return:  0.0000 FPS: 49.26 Sucess_rate: 0.400
18:57:05.583 [INFO] (DIYexpert_prior.py:628) Total Episode:    25 Steps:    3953 Episode Steps:   230 Return:  0.0000 FPS: 52.00 Sucess_rate: 0.350
18:57:09.500 [INFO] (DIYexpert_prior.py:628) Total Episode:    26 Steps:    4141 Episode Steps:   188 Return:  0.0000 FPS: 48.00 Sucess_rate: 0.300
18:57:13.684 [INFO] (DIYexpert_prior.py:628) Total Episode:    27 Steps:    4338 Episode Steps:   197 Return:  1.0000 FPS: 47.10 Sucess_rate: 0.350
18:57:15.088 [INFO] (DIYexpert_prior.py:628) Total Episode:    28 Steps:    4384 Episode Steps:    46 Return: -1.0000 FPS: 32.81 Sucess_rate: 0.300
18:57:19.362 [INFO] (DIYexpert_prior.py:628) Total Episode:    29 Steps:    4592 Episode Steps:   208 Return:  1.0000 FPS: 48.67 Sucess_rate: 0.350
18:57:23.677 [INFO] (DIYexpert_prior.py:628) Total Episode:    30 Steps:    4797 Episode Steps:   205 Return:  0.0000 FPS: 47.52 Sucess_rate: 0.300
18:57:24.779 [INFO] (DIYexpert_prior.py:628) Total Episode:    31 Steps:    4828 Episode Steps:    31 Return: -1.0000 FPS: 28.17 Sucess_rate: 0.300
18:57:28.961 [INFO] (DIYexpert_prior.py:628) Total Episode:    32 Steps:    5036 Episode Steps:   208 Return:  0.0000 FPS: 49.75 Sucess_rate: 0.300
18:57:33.238 [INFO] (DIYexpert_prior.py:628) Total Episode:    33 Steps:    5249 Episode Steps:   213 Return:  1.0000 FPS: 49.81 Sucess_rate: 0.350
18:57:37.192 [INFO] (DIYexpert_prior.py:628) Total Episode:    34 Steps:    5448 Episode Steps:   199 Return:  0.0000 FPS: 50.34 Sucess_rate: 0.350
18:57:41.329 [INFO] (DIYexpert_prior.py:628) Total Episode:    35 Steps:    5653 Episode Steps:   205 Return:  0.0000 FPS: 49.56 Sucess_rate: 0.300
18:57:45.606 [INFO] (DIYexpert_prior.py:628) Total Episode:    36 Steps:    5867 Episode Steps:   214 Return:  0.0000 FPS: 50.05 Sucess_rate: 0.250
18:57:49.835 [INFO] (DIYexpert_prior.py:628) Total Episode:    37 Steps:    6080 Episode Steps:   213 Return:  1.0000 FPS: 50.38 Sucess_rate: 0.300
18:57:51.381 [INFO] (DIYexpert_prior.py:628) Total Episode:    38 Steps:    6129 Episode Steps:    49 Return: -1.0000 FPS: 31.73 Sucess_rate: 0.300
18:57:55.468 [INFO] (DIYexpert_prior.py:628) Total Episode:    39 Steps:    6335 Episode Steps:   206 Return:  0.0000 FPS: 50.41 Sucess_rate: 0.300
18:57:57.358 [INFO] (DIYexpert_prior.py:628) Total Episode:    40 Steps:    6415 Episode Steps:    80 Return: -1.0000 FPS: 42.35 Sucess_rate: 0.300
18:57:58.586 [INFO] (DIYexpert_prior.py:628) Total Episode:    41 Steps:    6452 Episode Steps:    37 Return: -1.0000 FPS: 30.16 Sucess_rate: 0.250
18:58:02.652 [INFO] (DIYexpert_prior.py:628) Total Episode:    42 Steps:    6652 Episode Steps:   200 Return:  0.0000 FPS: 49.20 Sucess_rate: 0.250
18:58:07.119 [INFO] (DIYexpert_prior.py:628) Total Episode:    43 Steps:    6864 Episode Steps:   212 Return:  0.0000 FPS: 47.47 Sucess_rate: 0.200
18:58:08.681 [INFO] (DIYexpert_prior.py:628) Total Episode:    44 Steps:    6925 Episode Steps:    61 Return: -1.0000 FPS: 39.07 Sucess_rate: 0.200
18:58:09.808 [INFO] (DIYexpert_prior.py:628) Total Episode:    45 Steps:    6951 Episode Steps:    26 Return: -1.0000 FPS: 23.08 Sucess_rate: 0.200
18:58:10.945 [INFO] (DIYexpert_prior.py:628) Total Episode:    46 Steps:    6977 Episode Steps:    26 Return: -1.0000 FPS: 22.89 Sucess_rate: 0.200
18:58:16.004 [INFO] (DIYexpert_prior.py:628) Total Episode:    47 Steps:    7014 Episode Steps:    37 Return: -1.0000 FPS:  7.32 Sucess_rate: 0.150
18:58:23.388 [INFO] (DIYexpert_prior.py:628) Total Episode:    48 Steps:    7139 Episode Steps:   125 Return:  0.0000 FPS: 16.93 Sucess_rate: 0.150
18:58:25.246 [INFO] (DIYexpert_prior.py:628) Total Episode:    49 Steps:    7162 Episode Steps:    23 Return: -1.0000 FPS: 12.39 Sucess_rate: 0.100
18:58:27.332 [INFO] (DIYexpert_prior.py:628) Total Episode:    50 Steps:    7184 Episode Steps:    22 Return: -1.0000 FPS: 10.55 Sucess_rate: 0.100
18:58:34.238 [INFO] (DIYexpert_prior.py:628) Total Episode:    51 Steps:    7299 Episode Steps:   115 Return:  1.0000 FPS: 16.66 Sucess_rate: 0.150
18:58:40.969 [INFO] (DIYexpert_prior.py:628) Total Episode:    52 Steps:    7412 Episode Steps:   113 Return:  1.0000 FPS: 16.79 Sucess_rate: 0.200
18:58:43.036 [INFO] (DIYexpert_prior.py:628) Total Episode:    53 Steps:    7438 Episode Steps:    26 Return: -1.0000 FPS: 12.58 Sucess_rate: 0.150
18:58:49.634 [INFO] (DIYexpert_prior.py:628) Total Episode:    54 Steps:    7549 Episode Steps:   111 Return:  1.0000 FPS: 16.83 Sucess_rate: 0.200
18:58:52.214 [INFO] (DIYexpert_prior.py:628) Total Episode:    55 Steps:    7585 Episode Steps:    36 Return: -1.0000 FPS: 13.96 Sucess_rate: 0.200
18:58:55.030 [INFO] (DIYexpert_prior.py:628) Total Episode:    56 Steps:    7626 Episode Steps:    41 Return: -1.0000 FPS: 14.57 Sucess_rate: 0.200
18:59:01.720 [INFO] (DIYexpert_prior.py:628) Total Episode:    57 Steps:    7736 Episode Steps:   110 Return:  1.0000 FPS: 16.45 Sucess_rate: 0.200
18:59:03.500 [INFO] (DIYexpert_prior.py:628) Total Episode:    58 Steps:    7758 Episode Steps:    22 Return: -1.0000 FPS: 12.37 Sucess_rate: 0.200
18:59:06.135 [INFO] (DIYexpert_prior.py:628) Total Episode:    59 Steps:    7796 Episode Steps:    38 Return: -1.0000 FPS: 14.43 Sucess_rate: 0.200
18:59:08.012 [INFO] (DIYexpert_prior.py:628) Total Episode:    60 Steps:    7819 Episode Steps:    23 Return: -1.0000 FPS: 12.26 Sucess_rate: 0.200
18:59:14.932 [INFO] (DIYexpert_prior.py:628) Total Episode:    61 Steps:    7934 Episode Steps:   115 Return:  1.0000 FPS: 16.62 Sucess_rate: 0.250
18:59:21.769 [INFO] (DIYexpert_prior.py:628) Total Episode:    62 Steps:    8045 Episode Steps:   111 Return:  1.0000 FPS: 16.24 Sucess_rate: 0.300
18:59:24.040 [INFO] (DIYexpert_prior.py:628) Total Episode:    63 Steps:    8074 Episode Steps:    29 Return: -1.0000 FPS: 12.78 Sucess_rate: 0.300
18:59:30.961 [INFO] (DIYexpert_prior.py:628) Total Episode:    64 Steps:    8188 Episode Steps:   114 Return:  1.0000 FPS: 16.47 Sucess_rate: 0.350
18:59:38.103 [INFO] (DIYexpert_prior.py:628) Total Episode:    65 Steps:    8308 Episode Steps:   120 Return: -1.0000 FPS: 16.80 Sucess_rate: 0.350
18:59:40.791 [INFO] (DIYexpert_prior.py:628) Total Episode:    66 Steps:    8344 Episode Steps:    36 Return: -1.0000 FPS: 13.40 Sucess_rate: 0.350
18:59:42.693 [INFO] (DIYexpert_prior.py:628) Total Episode:    67 Steps:    8367 Episode Steps:    23 Return: -1.0000 FPS: 12.10 Sucess_rate: 0.350
18:59:49.632 [INFO] (DIYexpert_prior.py:628) Total Episode:    68 Steps:    8481 Episode Steps:   114 Return:  1.0000 FPS: 16.43 Sucess_rate: 0.400
18:59:56.219 [INFO] (DIYexpert_prior.py:628) Total Episode:    69 Steps:    8591 Episode Steps:   110 Return:  1.0000 FPS: 16.70 Sucess_rate: 0.450
19:00:03.283 [INFO] (DIYexpert_prior.py:628) Total Episode:    70 Steps:    8708 Episode Steps:   117 Return:  1.0000 FPS: 16.57 Sucess_rate: 0.500
19:00:10.329 [INFO] (DIYexpert_prior.py:628) Total Episode:    71 Steps:    8824 Episode Steps:   116 Return:  1.0000 FPS: 16.47 Sucess_rate: 0.500
19:00:17.279 [INFO] (DIYexpert_prior.py:628) Total Episode:    72 Steps:    8934 Episode Steps:   110 Return:  1.0000 FPS: 15.83 Sucess_rate: 0.500
19:00:23.933 [INFO] (DIYexpert_prior.py:628) Total Episode:    73 Steps:    9043 Episode Steps:   109 Return:  1.0000 FPS: 16.38 Sucess_rate: 0.550
19:00:31.703 [INFO] (DIYexpert_prior.py:628) Total Episode:    74 Steps:    9167 Episode Steps:   124 Return:  1.0000 FPS: 15.96 Sucess_rate: 0.550
19:00:33.740 [INFO] (DIYexpert_prior.py:628) Total Episode:    75 Steps:    9190 Episode Steps:    23 Return: -1.0000 FPS: 11.30 Sucess_rate: 0.550
19:00:36.111 [INFO] (DIYexpert_prior.py:628) Total Episode:    76 Steps:    9219 Episode Steps:    29 Return: -1.0000 FPS: 12.23 Sucess_rate: 0.550
19:00:42.780 [INFO] (DIYexpert_prior.py:628) Total Episode:    77 Steps:    9328 Episode Steps:   109 Return:  1.0000 FPS: 16.35 Sucess_rate: 0.550
19:00:49.503 [INFO] (DIYexpert_prior.py:628) Total Episode:    78 Steps:    9438 Episode Steps:   110 Return:  1.0000 FPS: 16.37 Sucess_rate: 0.600
19:00:51.637 [INFO] (DIYexpert_prior.py:628) Total Episode:    79 Steps:    9464 Episode Steps:    26 Return: -1.0000 FPS: 12.19 Sucess_rate: 0.600
19:00:54.288 [INFO] (DIYexpert_prior.py:628) Total Episode:    80 Steps:    9499 Episode Steps:    35 Return: -1.0000 FPS: 13.21 Sucess_rate: 0.600
19:01:01.249 [INFO] (DIYexpert_prior.py:628) Total Episode:    81 Steps:    9609 Episode Steps:   110 Return:  1.0000 FPS: 15.80 Sucess_rate: 0.600
19:01:03.604 [INFO] (DIYexpert_prior.py:628) Total Episode:    82 Steps:    9640 Episode Steps:    31 Return: -1.0000 FPS: 13.16 Sucess_rate: 0.550
19:01:10.307 [INFO] (DIYexpert_prior.py:628) Total Episode:    83 Steps:    9751 Episode Steps:   111 Return:  1.0000 FPS: 16.56 Sucess_rate: 0.600
19:01:12.126 [INFO] (DIYexpert_prior.py:628) Total Episode:    84 Steps:    9772 Episode Steps:    21 Return: -1.0000 FPS: 11.55 Sucess_rate: 0.550
19:01:14.202 [INFO] (DIYexpert_prior.py:628) Total Episode:    85 Steps:    9796 Episode Steps:    24 Return: -1.0000 FPS: 11.57 Sucess_rate: 0.550
19:01:15.988 [INFO] (DIYexpert_prior.py:628) Total Episode:    86 Steps:    9818 Episode Steps:    22 Return: -1.0000 FPS: 12.32 Sucess_rate: 0.550
19:01:17.916 [INFO] (DIYexpert_prior.py:628) Total Episode:    87 Steps:    9842 Episode Steps:    24 Return: -1.0000 FPS: 12.46 Sucess_rate: 0.550
19:01:24.819 [INFO] (DIYexpert_prior.py:628) Total Episode:    88 Steps:    9952 Episode Steps:   110 Return:  1.0000 FPS: 15.94 Sucess_rate: 0.550
19:01:26.886 [INFO] (DIYexpert_prior.py:628) Total Episode:    89 Steps:    9976 Episode Steps:    24 Return: -1.0000 FPS: 11.62 Sucess_rate: 0.500
19:01:28.910 [INFO] (DIYexpert_prior.py:628) Total Episode:    90 Steps:    9999 Episode Steps:    23 Return: -1.0000 FPS: 11.37 Sucess_rate: 0.450
19:01:35.846 [INFO] (DIYexpert_prior.py:628) Total Episode:    91 Steps:   10113 Episode Steps:   114 Return:  1.0000 FPS: 16.44 Sucess_rate: 0.450
19:01:42.402 [INFO] (DIYexpert_prior.py:628) Total Episode:    92 Steps:   10220 Episode Steps:   107 Return:  1.0000 FPS: 16.32 Sucess_rate: 0.450
19:01:44.204 [INFO] (DIYexpert_prior.py:628) Total Episode:    93 Steps:   10242 Episode Steps:    22 Return: -1.0000 FPS: 12.22 Sucess_rate: 0.400
19:01:48.803 [INFO] (DIYexpert_prior.py:628) Total Episode:    94 Steps:   10314 Episode Steps:    72 Return: -1.0000 FPS: 15.66 Sucess_rate: 0.350
19:01:55.470 [INFO] (DIYexpert_prior.py:628) Total Episode:    95 Steps:   10423 Episode Steps:   109 Return:  1.0000 FPS: 16.35 Sucess_rate: 0.400
19:02:02.032 [INFO] (DIYexpert_prior.py:628) Total Episode:    96 Steps:   10533 Episode Steps:   110 Return:  1.0000 FPS: 16.76 Sucess_rate: 0.450
19:02:08.893 [INFO] (DIYexpert_prior.py:628) Total Episode:    97 Steps:   10646 Episode Steps:   113 Return:  1.0000 FPS: 16.47 Sucess_rate: 0.450
19:02:10.840 [INFO] (DIYexpert_prior.py:628) Total Episode:    98 Steps:   10669 Episode Steps:    23 Return: -1.0000 FPS: 11.82 Sucess_rate: 0.400
19:02:12.770 [INFO] (DIYexpert_prior.py:628) Total Episode:    99 Steps:   10692 Episode Steps:    23 Return: -1.0000 FPS: 11.93 Sucess_rate: 0.400
19:02:15.522 [INFO] (DIYexpert_prior.py:628) Total Episode:   100 Steps:   10725 Episode Steps:    33 Return: -1.0000 FPS: 12.00 Sucess_rate: 0.400
19:02:17.924 [INFO] (DIYexpert_prior.py:628) Total Episode:   101 Steps:   10757 Episode Steps:    32 Return: -1.0000 FPS: 13.33 Sucess_rate: 0.350
19:02:25.088 [INFO] (DIYexpert_prior.py:628) Total Episode:   102 Steps:   10867 Episode Steps:   110 Return:  1.0000 FPS: 15.36 Sucess_rate: 0.400
19:02:27.445 [INFO] (DIYexpert_prior.py:628) Total Episode:   103 Steps:   10897 Episode Steps:    30 Return: -1.0000 FPS: 12.74 Sucess_rate: 0.350
19:02:34.421 [INFO] (DIYexpert_prior.py:628) Total Episode:   104 Steps:   11007 Episode Steps:   110 Return:  1.0000 FPS: 15.77 Sucess_rate: 0.400
19:02:41.345 [INFO] (DIYexpert_prior.py:628) Total Episode:   105 Steps:   11118 Episode Steps:   111 Return:  1.0000 FPS: 16.03 Sucess_rate: 0.450
19:02:48.305 [INFO] (DIYexpert_prior.py:628) Total Episode:   106 Steps:   11226 Episode Steps:   108 Return:  1.0000 FPS: 15.52 Sucess_rate: 0.500
19:02:55.297 [INFO] (DIYexpert_prior.py:628) Total Episode:   107 Steps:   11334 Episode Steps:   108 Return:  1.0000 FPS: 15.45 Sucess_rate: 0.550
