16:03:53.859 [INFO] (trainer.py:160) Total Episode:     1 Steps:      47 Episode Steps:    47 Return: -0.7209 FPS:  8.02
16:03:57.993 [INFO] (trainer.py:160) Total Episode:     2 Steps:     258 Episode Steps:   211 Return:  1.0164 FPS: 51.06
16:04:01.682 [INFO] (trainer.py:160) Total Episode:     3 Steps:     445 Episode Steps:   187 Return:  1.9624 FPS: 50.71
16:04:03.003 [INFO] (trainer.py:160) Total Episode:     4 Steps:     485 Episode Steps:    40 Return: -0.7479 FPS: 30.29
16:04:06.753 [INFO] (trainer.py:160) Total Episode:     5 Steps:     675 Episode Steps:   190 Return:  1.9588 FPS: 50.69
16:04:08.355 [INFO] (trainer.py:160) Total Episode:     6 Steps:     736 Episode Steps:    61 Return: -0.7207 FPS: 38.10
16:04:12.169 [INFO] (trainer.py:160) Total Episode:     7 Steps:     943 Episode Steps:   207 Return:  1.0192 FPS: 54.28
16:04:16.501 [INFO] (trainer.py:160) Total Episode:     8 Steps:    1165 Episode Steps:   222 Return:  1.0157 FPS: 51.27
16:04:17.617 [INFO] (trainer.py:160) Total Episode:     9 Steps:    1198 Episode Steps:    33 Return: -0.7776 FPS: 29.59
16:04:21.935 [INFO] (trainer.py:160) Total Episode:    10 Steps:    1427 Episode Steps:   229 Return:  1.0234 FPS: 53.04
16:04:25.699 [INFO] (trainer.py:160) Total Episode:    11 Steps:    1619 Episode Steps:   192 Return:  1.9620 FPS: 51.02
16:04:29.722 [INFO] (trainer.py:160) Total Episode:    12 Steps:    1819 Episode Steps:   200 Return:  1.0256 FPS: 49.74
16:04:33.322 [INFO] (trainer.py:160) Total Episode:    13 Steps:    1995 Episode Steps:   176 Return:  1.9609 FPS: 48.89
16:04:34.689 [INFO] (trainer.py:160) Total Episode:    14 Steps:    2037 Episode Steps:    42 Return: -0.7463 FPS: 30.74
16:04:36.003 [INFO] (trainer.py:160) Total Episode:    15 Steps:    2078 Episode Steps:    41 Return: -0.7487 FPS: 31.24
16:04:37.188 [INFO] (trainer.py:160) Total Episode:    16 Steps:    2112 Episode Steps:    34 Return: -0.7732 FPS: 28.71
16:04:38.280 [INFO] (trainer.py:160) Total Episode:    17 Steps:    2140 Episode Steps:    28 Return: -0.7869 FPS: 25.66
16:04:39.611 [INFO] (trainer.py:160) Total Episode:    18 Steps:    2185 Episode Steps:    45 Return: -0.7495 FPS: 33.84
16:04:40.911 [INFO] (trainer.py:160) Total Episode:    19 Steps:    2223 Episode Steps:    38 Return: -0.7416 FPS: 29.25
16:04:45.590 [INFO] (trainer.py:160) Total Episode:    20 Steps:    2455 Episode Steps:   232 Return:  1.0210 FPS: 49.60
16:04:48.837 [INFO] (trainer.py:160) Total Episode:    21 Steps:    2620 Episode Steps:   165 Return:  1.9372 FPS: 50.83
16:04:52.697 [INFO] (trainer.py:160) Total Episode:    22 Steps:    2816 Episode Steps:   196 Return:  1.0164 FPS: 50.79
16:04:53.904 [INFO] (trainer.py:160) Total Episode:    23 Steps:    2851 Episode Steps:    35 Return: -0.7788 FPS: 29.02
16:04:55.505 [INFO] (trainer.py:160) Total Episode:    24 Steps:    2908 Episode Steps:    57 Return: -0.7214 FPS: 35.63
