04:07:52.376 [INFO] (trainer.py:160) Total Episode:     1 Steps:     212 Episode Steps:   212 Return:  1.0169 FPS: 22.48
04:07:56.523 [INFO] (trainer.py:160) Total Episode:     2 Steps:     422 Episode Steps:   210 Return:  1.0184 FPS: 50.66
04:08:00.341 [INFO] (trainer.py:160) Total Episode:     3 Steps:     620 Episode Steps:   198 Return:  1.9624 FPS: 51.86
04:08:04.614 [INFO] (trainer.py:160) Total Episode:     4 Steps:     838 Episode Steps:   218 Return:  1.9618 FPS: 51.04
04:08:08.888 [INFO] (trainer.py:160) Total Episode:     5 Steps:    1057 Episode Steps:   219 Return:  1.9599 FPS: 51.25
04:08:10.179 [INFO] (trainer.py:160) Total Episode:     6 Steps:    1090 Episode Steps:    33 Return: -0.7701 FPS: 25.58
04:08:11.350 [INFO] (trainer.py:160) Total Episode:     7 Steps:    1116 Episode Steps:    26 Return: -0.7983 FPS: 22.23
04:08:15.476 [INFO] (trainer.py:160) Total Episode:     8 Steps:    1324 Episode Steps:   208 Return:  1.0198 FPS: 50.43
04:08:19.761 [INFO] (trainer.py:160) Total Episode:     9 Steps:    1543 Episode Steps:   219 Return:  1.9613 FPS: 51.12
04:08:23.538 [INFO] (trainer.py:160) Total Episode:    10 Steps:    1734 Episode Steps:   191 Return:  1.9698 FPS: 50.58
04:08:27.889 [INFO] (trainer.py:160) Total Episode:    11 Steps:    1951 Episode Steps:   217 Return:  1.9599 FPS: 49.88
04:08:31.868 [INFO] (trainer.py:160) Total Episode:    12 Steps:    2155 Episode Steps:   204 Return:  1.9647 FPS: 51.29
04:08:35.680 [INFO] (trainer.py:160) Total Episode:    13 Steps:    2350 Episode Steps:   195 Return:  1.9641 FPS: 51.16
04:08:36.881 [INFO] (trainer.py:160) Total Episode:    14 Steps:    2376 Episode Steps:    26 Return: -0.8117 FPS: 21.67
04:08:40.565 [INFO] (trainer.py:160) Total Episode:    15 Steps:    2563 Episode Steps:   187 Return:  1.9630 FPS: 50.78
04:08:44.380 [INFO] (trainer.py:160) Total Episode:    16 Steps:    2754 Episode Steps:   191 Return:  1.0257 FPS: 50.07
04:08:48.635 [INFO] (trainer.py:160) Total Episode:    17 Steps:    2974 Episode Steps:   220 Return:  1.0229 FPS: 51.72
04:08:52.875 [INFO] (trainer.py:160) Total Episode:    18 Steps:    3193 Episode Steps:   219 Return:  1.0217 FPS: 51.67
04:08:56.894 [INFO] (trainer.py:160) Total Episode:    19 Steps:    3397 Episode Steps:   204 Return:  1.9622 FPS: 50.77
04:09:00.552 [INFO] (trainer.py:160) Total Episode:    20 Steps:    3580 Episode Steps:   183 Return:  1.9638 FPS: 50.05
04:09:04.115 [INFO] (trainer.py:160) Total Episode:    21 Steps:    3758 Episode Steps:   178 Return:  1.9624 FPS: 49.98
04:09:08.148 [INFO] (trainer.py:160) Total Episode:    22 Steps:    3961 Episode Steps:   203 Return:  1.9639 FPS: 50.34
04:09:12.373 [INFO] (trainer.py:160) Total Episode:    23 Steps:    4177 Episode Steps:   216 Return:  1.9635 FPS: 51.15
04:09:16.191 [INFO] (trainer.py:160) Total Episode:    24 Steps:    4373 Episode Steps:   196 Return:  1.0217 FPS: 51.35
04:09:17.466 [INFO] (trainer.py:160) Total Episode:    25 Steps:    4406 Episode Steps:    33 Return: -0.7788 FPS: 25.90
04:09:21.652 [INFO] (trainer.py:160) Total Episode:    26 Steps:    4617 Episode Steps:   211 Return:  1.0200 FPS: 50.42
04:09:22.855 [INFO] (trainer.py:160) Total Episode:    27 Steps:    4645 Episode Steps:    28 Return: -0.8105 FPS: 23.29
04:09:26.743 [INFO] (trainer.py:160) Total Episode:    28 Steps:    4842 Episode Steps:   197 Return:  1.0155 FPS: 50.68
04:09:35.907 [INFO] (trainer.py:160) Total Episode:    29 Steps:    5029 Episode Steps:   187 Return:  1.9620 FPS: 20.41
04:09:40.867 [INFO] (trainer.py:160) Total Episode:    30 Steps:    5055 Episode Steps:    26 Return: -0.8084 FPS:  5.24
04:09:46.349 [INFO] (trainer.py:160) Total Episode:    31 Steps:    5084 Episode Steps:    29 Return: -0.8128 FPS:  5.29
04:09:51.184 [INFO] (trainer.py:160) Total Episode:    32 Steps:    5109 Episode Steps:    25 Return: -0.8104 FPS:  5.17
04:10:27.590 [INFO] (trainer.py:160) Total Episode:    33 Steps:    5317 Episode Steps:   208 Return:  1.9618 FPS:  5.71
04:11:02.666 [INFO] (trainer.py:160) Total Episode:    34 Steps:    5518 Episode Steps:   201 Return:  1.0188 FPS:  5.73
04:11:46.835 [INFO] (trainer.py:160) Total Episode:    35 Steps:    5773 Episode Steps:   255 Return:  1.0199 FPS:  5.77
04:12:23.369 [INFO] (trainer.py:160) Total Episode:    36 Steps:    5982 Episode Steps:   209 Return:  1.0204 FPS:  5.72
04:13:00.568 [INFO] (trainer.py:160) Total Episode:    37 Steps:    6195 Episode Steps:   213 Return:  1.9655 FPS:  5.73
04:13:38.162 [INFO] (trainer.py:160) Total Episode:    38 Steps:    6411 Episode Steps:   216 Return:  1.0209 FPS:  5.75
04:13:44.225 [INFO] (trainer.py:160) Total Episode:    39 Steps:    6442 Episode Steps:    31 Return: -0.8135 FPS:  5.11
04:14:13.843 [INFO] (trainer.py:160) Total Episode:    40 Steps:    6611 Episode Steps:   169 Return:  1.9657 FPS:  5.71
04:14:19.214 [INFO] (trainer.py:160) Total Episode:    41 Steps:    6638 Episode Steps:    27 Return: -0.8095 FPS:  5.03
04:14:53.008 [INFO] (trainer.py:160) Total Episode:    42 Steps:    6832 Episode Steps:   194 Return:  1.0205 FPS:  5.74
04:15:30.436 [INFO] (trainer.py:160) Total Episode:    43 Steps:    7047 Episode Steps:   215 Return:  1.9628 FPS:  5.74
04:16:04.545 [INFO] (trainer.py:160) Total Episode:    44 Steps:    7243 Episode Steps:   196 Return:  1.9599 FPS:  5.75
04:16:49.979 [INFO] (trainer.py:160) Total Episode:    45 Steps:    7505 Episode Steps:   262 Return:  1.0234 FPS:  5.77
04:17:24.137 [INFO] (trainer.py:160) Total Episode:    46 Steps:    7701 Episode Steps:   196 Return:  1.0213 FPS:  5.74
04:17:56.334 [INFO] (trainer.py:160) Total Episode:    47 Steps:    7885 Episode Steps:   184 Return:  1.0506 FPS:  5.72
04:18:03.038 [INFO] (trainer.py:160) Total Episode:    48 Steps:    7920 Episode Steps:    35 Return: -0.7812 FPS:  5.22
04:18:39.190 [INFO] (trainer.py:160) Total Episode:    49 Steps:    8127 Episode Steps:   207 Return:  1.0172 FPS:  5.73
04:19:15.892 [INFO] (trainer.py:160) Total Episode:    50 Steps:    8336 Episode Steps:   209 Return:  1.0195 FPS:  5.69
04:19:25.848 [INFO] (trainer.py:160) Total Episode:    51 Steps:    8390 Episode Steps:    54 Return: -0.7466 FPS:  5.43
04:20:03.440 [INFO] (trainer.py:160) Total Episode:    52 Steps:    8606 Episode Steps:   216 Return:  1.0207 FPS:  5.75
04:20:40.553 [INFO] (trainer.py:160) Total Episode:    53 Steps:    8819 Episode Steps:   213 Return:  1.0210 FPS:  5.74
04:21:12.308 [INFO] (trainer.py:160) Total Episode:    54 Steps:    9001 Episode Steps:   182 Return:  1.9606 FPS:  5.73
04:21:48.023 [INFO] (trainer.py:160) Total Episode:    55 Steps:    9206 Episode Steps:   205 Return:  1.9635 FPS:  5.74
04:21:52.732 [INFO] (trainer.py:160) Total Episode:    56 Steps:    9229 Episode Steps:    23 Return: -0.8081 FPS:  4.88
04:21:57.895 [INFO] (trainer.py:160) Total Episode:    57 Steps:    9255 Episode Steps:    26 Return: -0.8030 FPS:  5.04
04:22:03.056 [INFO] (trainer.py:160) Total Episode:    58 Steps:    9281 Episode Steps:    26 Return: -0.8127 FPS:  5.04
04:22:08.103 [INFO] (trainer.py:160) Total Episode:    59 Steps:    9306 Episode Steps:    25 Return: -0.8096 FPS:  4.95
04:22:48.132 [INFO] (trainer.py:160) Total Episode:    60 Steps:    9536 Episode Steps:   230 Return:  1.0157 FPS:  5.75
04:22:54.209 [INFO] (trainer.py:160) Total Episode:    61 Steps:    9567 Episode Steps:    31 Return: -0.8056 FPS:  5.10
04:23:29.531 [INFO] (trainer.py:160) Total Episode:    62 Steps:    9770 Episode Steps:   203 Return:  1.9614 FPS:  5.75
04:23:35.070 [INFO] (trainer.py:160) Total Episode:    63 Steps:    9798 Episode Steps:    28 Return: -0.7791 FPS:  5.06
04:24:09.436 [INFO] (trainer.py:160) Total Episode:    64 Steps:    9996 Episode Steps:   198 Return:  1.9628 FPS:  5.76
04:24:50.099 [INFO] (trainer.py:160) Total Episode:    65 Steps:   10230 Episode Steps:   234 Return:  1.9676 FPS:  5.75
04:25:21.593 [INFO] (trainer.py:160) Total Episode:    66 Steps:   10410 Episode Steps:   180 Return:  1.9626 FPS:  5.72
04:26:00.746 [INFO] (trainer.py:160) Total Episode:    67 Steps:   10635 Episode Steps:   225 Return:  1.9589 FPS:  5.75
04:26:34.157 [INFO] (trainer.py:160) Total Episode:    68 Steps:   10827 Episode Steps:   192 Return:  1.9585 FPS:  5.75
04:27:10.143 [INFO] (trainer.py:160) Total Episode:    69 Steps:   11034 Episode Steps:   207 Return:  1.0186 FPS:  5.75
04:27:50.792 [INFO] (trainer.py:160) Total Episode:    70 Steps:   11268 Episode Steps:   234 Return:  1.0533 FPS:  5.76
04:28:23.524 [INFO] (trainer.py:160) Total Episode:    71 Steps:   11456 Episode Steps:   188 Return:  1.0164 FPS:  5.74
04:29:00.646 [INFO] (trainer.py:160) Total Episode:    72 Steps:   11669 Episode Steps:   213 Return:  1.0470 FPS:  5.74
04:29:06.817 [INFO] (trainer.py:160) Total Episode:    73 Steps:   11701 Episode Steps:    32 Return: -0.8135 FPS:  5.19
04:29:44.619 [INFO] (trainer.py:160) Total Episode:    74 Steps:   11918 Episode Steps:   217 Return:  1.9619 FPS:  5.74
04:30:19.067 [INFO] (trainer.py:160) Total Episode:    75 Steps:   12115 Episode Steps:   197 Return:  1.0228 FPS:  5.72
04:30:54.500 [INFO] (trainer.py:160) Total Episode:    76 Steps:   12319 Episode Steps:   204 Return:  1.0189 FPS:  5.76
04:31:30.664 [INFO] (trainer.py:160) Total Episode:    77 Steps:   12527 Episode Steps:   208 Return:  1.0193 FPS:  5.75
04:31:38.053 [INFO] (trainer.py:160) Total Episode:    78 Steps:   12566 Episode Steps:    39 Return: -0.7805 FPS:  5.28
04:32:14.288 [INFO] (trainer.py:160) Total Episode:    79 Steps:   12774 Episode Steps:   208 Return:  1.9613 FPS:  5.74
04:32:20.501 [INFO] (trainer.py:160) Total Episode:    80 Steps:   12806 Episode Steps:    32 Return: -0.7892 FPS:  5.15
04:32:25.887 [INFO] (trainer.py:160) Total Episode:    81 Steps:   12833 Episode Steps:    27 Return: -0.8091 FPS:  5.01
04:32:56.451 [INFO] (trainer.py:160) Total Episode:    82 Steps:   13008 Episode Steps:   175 Return:  1.9618 FPS:  5.73
04:33:30.934 [INFO] (trainer.py:160) Total Episode:    83 Steps:   13205 Episode Steps:   197 Return:  1.9639 FPS:  5.71
04:33:38.493 [INFO] (trainer.py:160) Total Episode:    84 Steps:   13245 Episode Steps:    40 Return: -0.7804 FPS:  5.29
04:33:44.568 [INFO] (trainer.py:160) Total Episode:    85 Steps:   13276 Episode Steps:    31 Return: -0.7839 FPS:  5.11
04:34:20.133 [INFO] (trainer.py:160) Total Episode:    86 Steps:   13480 Episode Steps:   204 Return:  1.9662 FPS:  5.74
04:34:25.125 [INFO] (trainer.py:160) Total Episode:    87 Steps:   13505 Episode Steps:    25 Return: -0.8123 FPS:  5.01
04:35:03.618 [INFO] (trainer.py:160) Total Episode:    88 Steps:   13726 Episode Steps:   221 Return:  1.0213 FPS:  5.74
04:35:41.342 [INFO] (trainer.py:160) Total Episode:    89 Steps:   13943 Episode Steps:   217 Return:  1.9585 FPS:  5.75
04:36:16.600 [INFO] (trainer.py:160) Total Episode:    90 Steps:   14146 Episode Steps:   203 Return:  1.9627 FPS:  5.76
04:37:06.479 [INFO] (trainer.py:160) Total Episode:    91 Steps:   14436 Episode Steps:   290 Return:  2.3238 FPS:  5.81
04:37:40.483 [INFO] (trainer.py:160) Total Episode:    92 Steps:   14631 Episode Steps:   195 Return:  1.9611 FPS:  5.73
04:38:22.307 [INFO] (trainer.py:160) Total Episode:    93 Steps:   14872 Episode Steps:   241 Return:  1.0220 FPS:  5.76
04:38:27.333 [INFO] (trainer.py:160) Total Episode:    94 Steps:   14897 Episode Steps:    25 Return: -0.8104 FPS:  4.98
04:39:07.301 [INFO] (trainer.py:160) Total Episode:    95 Steps:   15128 Episode Steps:   231 Return:  1.0207 FPS:  5.78
04:39:48.745 [INFO] (trainer.py:160) Total Episode:    96 Steps:   15367 Episode Steps:   239 Return:  1.9613 FPS:  5.77
04:40:33.694 [INFO] (trainer.py:160) Total Episode:    97 Steps:   15627 Episode Steps:   260 Return:  1.0164 FPS:  5.78
04:41:10.388 [INFO] (trainer.py:160) Total Episode:    98 Steps:   15838 Episode Steps:   211 Return:  1.9601 FPS:  5.75
04:41:52.629 [INFO] (trainer.py:160) Total Episode:    99 Steps:   16081 Episode Steps:   243 Return:  1.9622 FPS:  5.75
04:42:36.296 [INFO] (trainer.py:160) Total Episode:   100 Steps:   16331 Episode Steps:   250 Return:  1.9600 FPS:  5.73
04:43:24.696 [INFO] (trainer.py:160) Total Episode:   101 Steps:   16611 Episode Steps:   280 Return:  1.0293 FPS:  5.79
04:43:59.292 [INFO] (trainer.py:160) Total Episode:   102 Steps:   16810 Episode Steps:   199 Return:  1.0199 FPS:  5.75
04:44:34.114 [INFO] (trainer.py:160) Total Episode:   103 Steps:   17010 Episode Steps:   200 Return:  1.9669 FPS:  5.74
04:45:08.031 [INFO] (trainer.py:160) Total Episode:   104 Steps:   17205 Episode Steps:   195 Return:  1.0186 FPS:  5.75
04:45:46.676 [INFO] (trainer.py:160) Total Episode:   105 Steps:   17427 Episode Steps:   222 Return:  1.0199 FPS:  5.74
04:46:23.661 [INFO] (trainer.py:160) Total Episode:   106 Steps:   17640 Episode Steps:   213 Return:  1.9636 FPS:  5.76
04:46:56.057 [INFO] (trainer.py:160) Total Episode:   107 Steps:   17826 Episode Steps:   186 Return:  1.9609 FPS:  5.74
04:47:29.354 [INFO] (trainer.py:160) Total Episode:   108 Steps:   18018 Episode Steps:   192 Return:  1.9621 FPS:  5.77
04:48:19.123 [INFO] (trainer.py:160) Total Episode:   109 Steps:   18306 Episode Steps:   288 Return:  1.0244 FPS:  5.79
04:49:01.742 [INFO] (trainer.py:160) Total Episode:   110 Steps:   18552 Episode Steps:   246 Return:  1.9623 FPS:  5.77
04:49:07.757 [INFO] (trainer.py:160) Total Episode:   111 Steps:   18583 Episode Steps:    31 Return: -0.7791 FPS:  5.16
04:49:43.085 [INFO] (trainer.py:160) Total Episode:   112 Steps:   18786 Episode Steps:   203 Return:  1.9609 FPS:  5.75
04:50:27.443 [INFO] (trainer.py:160) Total Episode:   113 Steps:   19042 Episode Steps:   256 Return:  1.0208 FPS:  5.77
04:51:13.054 [INFO] (trainer.py:160) Total Episode:   114 Steps:   19305 Episode Steps:   263 Return:  2.3465 FPS:  5.77
04:51:49.244 [INFO] (trainer.py:160) Total Episode:   115 Steps:   19513 Episode Steps:   208 Return:  1.9668 FPS:  5.75
04:52:34.544 [INFO] (trainer.py:160) Total Episode:   116 Steps:   19775 Episode Steps:   262 Return:  2.3429 FPS:  5.78
04:53:14.376 [INFO] (trainer.py:160) Total Episode:   117 Steps:   20005 Episode Steps:   230 Return:  1.9676 FPS:  5.77
04:53:54.830 [INFO] (trainer.py:160) Total Episode:   118 Steps:   20239 Episode Steps:   234 Return:  1.9729 FPS:  5.78
04:54:30.950 [INFO] (trainer.py:160) Total Episode:   119 Steps:   20447 Episode Steps:   208 Return:  1.0239 FPS:  5.76
04:54:54.266 [INFO] (trainer.py:160) Total Episode:   120 Steps:   20580 Episode Steps:   133 Return: -0.1476 FPS:  5.70
04:55:47.862 [INFO] (trainer.py:160) Total Episode:   121 Steps:   20890 Episode Steps:   310 Return:  1.9648 FPS:  5.78
04:56:20.041 [INFO] (trainer.py:160) Total Episode:   122 Steps:   21075 Episode Steps:   185 Return:  1.9650 FPS:  5.75
04:56:45.461 [INFO] (trainer.py:160) Total Episode:   123 Steps:   21220 Episode Steps:   145 Return:  1.9692 FPS:  5.70
04:56:57.432 [INFO] (trainer.py:160) Total Episode:   124 Steps:   21286 Episode Steps:    66 Return: -0.7809 FPS:  5.51
04:57:31.049 [INFO] (trainer.py:160) Total Episode:   125 Steps:   21479 Episode Steps:   193 Return:  1.0232 FPS:  5.74
04:58:15.428 [INFO] (trainer.py:160) Total Episode:   126 Steps:   21736 Episode Steps:   257 Return:  1.0194 FPS:  5.79
04:58:39.347 [INFO] (trainer.py:160) Total Episode:   127 Steps:   21872 Episode Steps:   136 Return:  1.9622 FPS:  5.69
04:59:08.180 [INFO] (trainer.py:160) Total Episode:   128 Steps:   22036 Episode Steps:   164 Return:  1.9649 FPS:  5.69
04:59:39.939 [INFO] (trainer.py:160) Total Episode:   129 Steps:   22219 Episode Steps:   183 Return: -0.3889 FPS:  5.76
05:00:14.667 [INFO] (trainer.py:160) Total Episode:   130 Steps:   22419 Episode Steps:   200 Return:  1.0188 FPS:  5.76
05:01:08.678 [INFO] (trainer.py:160) Total Episode:   131 Steps:   22732 Episode Steps:   313 Return:  1.9683 FPS:  5.80
05:01:44.336 [INFO] (trainer.py:160) Total Episode:   132 Steps:   22937 Episode Steps:   205 Return:  1.9666 FPS:  5.75
05:02:26.799 [INFO] (trainer.py:160) Total Episode:   133 Steps:   23182 Episode Steps:   245 Return:  1.9654 FPS:  5.77
05:02:56.845 [INFO] (trainer.py:160) Total Episode:   134 Steps:   23354 Episode Steps:   172 Return:  1.0182 FPS:  5.72
05:03:36.815 [INFO] (trainer.py:160) Total Episode:   135 Steps:   23584 Episode Steps:   230 Return:  1.9666 FPS:  5.75
05:04:11.166 [INFO] (trainer.py:160) Total Episode:   136 Steps:   23782 Episode Steps:   198 Return:  1.0205 FPS:  5.76
05:04:47.329 [INFO] (trainer.py:160) Total Episode:   137 Steps:   23990 Episode Steps:   208 Return:  1.0212 FPS:  5.75
05:05:13.814 [INFO] (trainer.py:160) Total Episode:   138 Steps:   24141 Episode Steps:   151 Return:  1.0233 FPS:  5.70
05:05:42.643 [INFO] (trainer.py:160) Total Episode:   139 Steps:   24306 Episode Steps:   165 Return:  1.9705 FPS:  5.72
05:06:45.967 [INFO] (trainer.py:160) Total Episode:   140 Steps:   24673 Episode Steps:   367 Return:  1.0254 FPS:  5.80
05:07:24.600 [INFO] (trainer.py:160) Total Episode:   141 Steps:   24896 Episode Steps:   223 Return:  1.0181 FPS:  5.77
05:07:55.482 [INFO] (trainer.py:160) Total Episode:   142 Steps:   25073 Episode Steps:   177 Return:  1.9610 FPS:  5.73
05:08:28.851 [INFO] (trainer.py:160) Total Episode:   143 Steps:   25265 Episode Steps:   192 Return:  1.9588 FPS:  5.75
05:08:54.430 [INFO] (trainer.py:160) Total Episode:   144 Steps:   25410 Episode Steps:   145 Return:  1.9658 FPS:  5.67
05:09:19.654 [INFO] (trainer.py:160) Total Episode:   145 Steps:   25554 Episode Steps:   144 Return:  1.0170 FPS:  5.71
05:09:59.483 [INFO] (trainer.py:160) Total Episode:   146 Steps:   25782 Episode Steps:   228 Return:  1.9615 FPS:  5.72
05:10:38.636 [INFO] (trainer.py:160) Total Episode:   147 Steps:   26005 Episode Steps:   223 Return:  1.9714 FPS:  5.70
05:11:20.384 [INFO] (trainer.py:160) Total Episode:   148 Steps:   26244 Episode Steps:   239 Return:  1.9571 FPS:  5.73
05:12:03.257 [INFO] (trainer.py:160) Total Episode:   149 Steps:   26486 Episode Steps:   242 Return:  1.9680 FPS:  5.64
05:12:54.011 [INFO] (trainer.py:160) Total Episode:   150 Steps:   26768 Episode Steps:   282 Return:  2.3105 FPS:  5.56
05:13:24.789 [INFO] (trainer.py:160) Total Episode:   151 Steps:   26942 Episode Steps:   174 Return: -0.7158 FPS:  5.65
05:13:56.843 [INFO] (trainer.py:160) Total Episode:   152 Steps:   27123 Episode Steps:   181 Return:  1.9680 FPS:  5.65
05:14:27.291 [INFO] (trainer.py:160) Total Episode:   153 Steps:   27295 Episode Steps:   172 Return:  1.0166 FPS:  5.65
05:15:36.800 [INFO] (trainer.py:160) Total Episode:   154 Steps:   27694 Episode Steps:   399 Return:  0.9964 FPS:  5.74
05:16:05.578 [INFO] (trainer.py:160) Total Episode:   155 Steps:   27857 Episode Steps:   163 Return:  1.9615 FPS:  5.66
05:16:38.319 [INFO] (trainer.py:160) Total Episode:   156 Steps:   28043 Episode Steps:   186 Return:  1.9675 FPS:  5.68
05:17:39.067 [INFO] (trainer.py:160) Total Episode:   157 Steps:   28392 Episode Steps:   349 Return:  2.3273 FPS:  5.75
05:17:49.853 [INFO] (trainer.py:160) Total Episode:   158 Steps:   28450 Episode Steps:    58 Return: -0.7475 FPS:  5.38
05:18:21.090 [INFO] (trainer.py:160) Total Episode:   159 Steps:   28626 Episode Steps:   176 Return:  1.0158 FPS:  5.63
05:18:51.432 [INFO] (trainer.py:160) Total Episode:   160 Steps:   28798 Episode Steps:   172 Return:  1.9627 FPS:  5.67
05:19:19.768 [INFO] (trainer.py:160) Total Episode:   161 Steps:   28958 Episode Steps:   160 Return:  1.0162 FPS:  5.65
05:19:55.513 [INFO] (trainer.py:160) Total Episode:   162 Steps:   29161 Episode Steps:   203 Return:  1.9699 FPS:  5.68
05:20:22.618 [INFO] (trainer.py:160) Total Episode:   163 Steps:   29314 Episode Steps:   153 Return:  1.9679 FPS:  5.64
05:21:02.534 [INFO] (trainer.py:160) Total Episode:   164 Steps:   29541 Episode Steps:   227 Return:  1.9778 FPS:  5.69
05:21:26.844 [INFO] (trainer.py:160) Total Episode:   165 Steps:   29678 Episode Steps:   137 Return:  1.9604 FPS:  5.64
05:21:50.733 [INFO] (trainer.py:160) Total Episode:   166 Steps:   29812 Episode Steps:   134 Return:  1.9608 FPS:  5.61
05:22:18.529 [INFO] (trainer.py:160) Total Episode:   167 Steps:   29969 Episode Steps:   157 Return:  1.0163 FPS:  5.65
05:22:52.217 [INFO] (trainer.py:160) Total Episode:   168 Steps:   30160 Episode Steps:   191 Return:  1.9654 FPS:  5.67
05:23:17.290 [INFO] (trainer.py:160) Total Episode:   169 Steps:   30301 Episode Steps:   141 Return:  1.9611 FPS:  5.62
05:23:19.955 [INFO] (trainer.py:160) Total Episode:   170 Steps:   30312 Episode Steps:    11 Return: -0.8927 FPS:  4.13
05:23:22.620 [INFO] (trainer.py:160) Total Episode:   171 Steps:   30323 Episode Steps:    11 Return: -0.8964 FPS:  4.13
05:23:25.129 [INFO] (trainer.py:160) Total Episode:   172 Steps:   30333 Episode Steps:    10 Return: -0.8885 FPS:  3.99
05:23:27.810 [INFO] (trainer.py:160) Total Episode:   173 Steps:   30344 Episode Steps:    11 Return: -0.8963 FPS:  4.10
05:23:30.506 [INFO] (trainer.py:160) Total Episode:   174 Steps:   30355 Episode Steps:    11 Return: -0.8938 FPS:  4.08
05:23:33.182 [INFO] (trainer.py:160) Total Episode:   175 Steps:   30366 Episode Steps:    11 Return: -0.8915 FPS:  4.11
05:24:02.955 [INFO] (trainer.py:160) Total Episode:   176 Steps:   30534 Episode Steps:   168 Return:  1.0179 FPS:  5.64
05:24:27.649 [INFO] (trainer.py:160) Total Episode:   177 Steps:   30673 Episode Steps:   139 Return:  1.9651 FPS:  5.63
05:24:56.130 [INFO] (trainer.py:160) Total Episode:   178 Steps:   30833 Episode Steps:   160 Return:  1.0134 FPS:  5.62
05:25:28.137 [INFO] (trainer.py:160) Total Episode:   179 Steps:   31014 Episode Steps:   181 Return:  1.0212 FPS:  5.66
05:25:52.484 [INFO] (trainer.py:160) Total Episode:   180 Steps:   31151 Episode Steps:   137 Return:  1.9580 FPS:  5.63
05:26:24.394 [INFO] (trainer.py:160) Total Episode:   181 Steps:   31332 Episode Steps:   181 Return:  1.0144 FPS:  5.67
05:26:52.279 [INFO] (trainer.py:160) Total Episode:   182 Steps:   31489 Episode Steps:   157 Return:  1.9632 FPS:  5.63
05:27:31.263 [INFO] (trainer.py:160) Total Episode:   183 Steps:   31710 Episode Steps:   221 Return:  1.0156 FPS:  5.67
05:27:58.945 [INFO] (trainer.py:160) Total Episode:   184 Steps:   31866 Episode Steps:   156 Return:  1.0188 FPS:  5.64
05:28:21.703 [INFO] (trainer.py:160) Total Episode:   185 Steps:   31994 Episode Steps:   128 Return:  1.9577 FPS:  5.62
05:28:46.183 [INFO] (trainer.py:160) Total Episode:   186 Steps:   32132 Episode Steps:   138 Return:  1.9634 FPS:  5.64
05:29:10.687 [INFO] (trainer.py:160) Total Episode:   187 Steps:   32270 Episode Steps:   138 Return:  1.9657 FPS:  5.63
05:29:36.039 [INFO] (trainer.py:160) Total Episode:   188 Steps:   32413 Episode Steps:   143 Return:  1.9482 FPS:  5.64
05:30:05.353 [INFO] (trainer.py:160) Total Episode:   189 Steps:   32579 Episode Steps:   166 Return:  1.0170 FPS:  5.66
05:30:41.778 [INFO] (trainer.py:160) Total Episode:   190 Steps:   32786 Episode Steps:   207 Return:  1.9511 FPS:  5.68
05:31:11.622 [INFO] (trainer.py:160) Total Episode:   191 Steps:   32955 Episode Steps:   169 Return:  1.0155 FPS:  5.66
05:31:53.529 [INFO] (trainer.py:160) Total Episode:   192 Steps:   33193 Episode Steps:   238 Return:  1.9515 FPS:  5.68
05:32:20.718 [INFO] (trainer.py:160) Total Episode:   193 Steps:   33346 Episode Steps:   153 Return:  1.9416 FPS:  5.63
05:32:43.905 [INFO] (trainer.py:160) Total Episode:   194 Steps:   33476 Episode Steps:   130 Return:  1.9619 FPS:  5.61
05:32:56.755 [INFO] (trainer.py:160) Total Episode:   195 Steps:   33546 Episode Steps:    70 Return: -0.7843 FPS:  5.45
05:33:25.911 [INFO] (trainer.py:160) Total Episode:   196 Steps:   33711 Episode Steps:   165 Return:  1.0152 FPS:  5.66
05:33:56.989 [INFO] (trainer.py:160) Total Episode:   197 Steps:   33887 Episode Steps:   176 Return:  1.0151 FPS:  5.66
05:34:35.062 [INFO] (trainer.py:160) Total Episode:   198 Steps:   34103 Episode Steps:   216 Return:  1.0171 FPS:  5.67
05:35:06.742 [INFO] (trainer.py:160) Total Episode:   199 Steps:   34282 Episode Steps:   179 Return:  1.9458 FPS:  5.65
05:35:42.273 [INFO] (trainer.py:160) Total Episode:   200 Steps:   34482 Episode Steps:   200 Return:  1.0192 FPS:  5.63
05:36:06.684 [INFO] (trainer.py:160) Total Episode:   201 Steps:   34619 Episode Steps:   137 Return:  1.9474 FPS:  5.61
05:36:37.697 [INFO] (trainer.py:160) Total Episode:   202 Steps:   34794 Episode Steps:   175 Return:  1.0175 FPS:  5.64
05:36:43.856 [INFO] (trainer.py:160) Total Episode:   203 Steps:   34825 Episode Steps:    31 Return: -0.7772 FPS:  5.03
05:37:10.192 [INFO] (trainer.py:160) Total Episode:   204 Steps:   34973 Episode Steps:   148 Return:  1.9433 FPS:  5.62
05:37:34.132 [INFO] (trainer.py:160) Total Episode:   205 Steps:   35107 Episode Steps:   134 Return:  1.9438 FPS:  5.60
05:38:04.652 [INFO] (trainer.py:160) Total Episode:   206 Steps:   35279 Episode Steps:   172 Return:  1.9457 FPS:  5.64
05:38:31.126 [INFO] (trainer.py:160) Total Episode:   207 Steps:   35428 Episode Steps:   149 Return:  1.9477 FPS:  5.63
05:38:57.263 [INFO] (trainer.py:160) Total Episode:   208 Steps:   35574 Episode Steps:   146 Return:  1.0147 FPS:  5.59
05:39:22.441 [INFO] (trainer.py:160) Total Episode:   209 Steps:   35715 Episode Steps:   141 Return:  1.0194 FPS:  5.60
05:39:45.793 [INFO] (trainer.py:160) Total Episode:   210 Steps:   35846 Episode Steps:   131 Return:  1.9439 FPS:  5.61
05:40:10.761 [INFO] (trainer.py:160) Total Episode:   211 Steps:   35986 Episode Steps:   140 Return:  1.0160 FPS:  5.61
05:40:34.701 [INFO] (trainer.py:160) Total Episode:   212 Steps:   36120 Episode Steps:   134 Return:  1.9508 FPS:  5.60
05:40:59.124 [INFO] (trainer.py:160) Total Episode:   213 Steps:   36257 Episode Steps:   137 Return:  1.9480 FPS:  5.61
05:41:07.134 [INFO] (trainer.py:160) Total Episode:   214 Steps:   36299 Episode Steps:    42 Return: -0.7429 FPS:  5.24
05:42:10.647 [INFO] (trainer.py:160) Total Episode:   215 Steps:   36661 Episode Steps:   362 Return:  1.0248 FPS:  5.70
05:42:43.872 [INFO] (trainer.py:160) Total Episode:   216 Steps:   36848 Episode Steps:   187 Return:  1.9637 FPS:  5.63
05:43:14.089 [INFO] (trainer.py:160) Total Episode:   217 Steps:   37018 Episode Steps:   170 Return:  1.9454 FPS:  5.63
05:43:22.183 [INFO] (trainer.py:160) Total Episode:   218 Steps:   37060 Episode Steps:    42 Return: -0.8086 FPS:  5.19
05:43:49.446 [INFO] (trainer.py:160) Total Episode:   219 Steps:   37213 Episode Steps:   153 Return:  1.0193 FPS:  5.61
05:44:22.993 [INFO] (trainer.py:160) Total Episode:   220 Steps:   37402 Episode Steps:   189 Return:  1.9491 FPS:  5.63
05:44:45.263 [INFO] (trainer.py:160) Total Episode:   221 Steps:   37526 Episode Steps:   124 Return:  1.9512 FPS:  5.57
05:45:10.340 [INFO] (trainer.py:160) Total Episode:   222 Steps:   37667 Episode Steps:   141 Return:  1.9433 FPS:  5.62
05:45:37.738 [INFO] (trainer.py:160) Total Episode:   223 Steps:   37821 Episode Steps:   154 Return:  1.9407 FPS:  5.62
05:46:06.655 [INFO] (trainer.py:160) Total Episode:   224 Steps:   37980 Episode Steps:   159 Return:  1.9432 FPS:  5.50
05:46:14.921 [INFO] (trainer.py:160) Total Episode:   225 Steps:   38019 Episode Steps:    39 Return: -0.7720 FPS:  4.72
05:46:36.742 [INFO] (trainer.py:160) Total Episode:   226 Steps:   38137 Episode Steps:   118 Return:  1.9671 FPS:  5.41
05:47:03.703 [INFO] (trainer.py:160) Total Episode:   227 Steps:   38285 Episode Steps:   148 Return:  1.9337 FPS:  5.49
05:47:36.478 [INFO] (trainer.py:160) Total Episode:   228 Steps:   38465 Episode Steps:   180 Return:  1.9489 FPS:  5.49
05:48:07.028 [INFO] (trainer.py:160) Total Episode:   229 Steps:   38633 Episode Steps:   168 Return:  1.9421 FPS:  5.50
05:48:09.786 [INFO] (trainer.py:160) Total Episode:   230 Steps:   38644 Episode Steps:    11 Return: -0.8902 FPS:  3.99
05:48:30.562 [INFO] (trainer.py:160) Total Episode:   231 Steps:   38757 Episode Steps:   113 Return:  1.9670 FPS:  5.44
05:48:52.410 [INFO] (trainer.py:160) Total Episode:   232 Steps:   38876 Episode Steps:   119 Return:  1.9619 FPS:  5.45
05:49:16.716 [INFO] (trainer.py:160) Total Episode:   233 Steps:   39009 Episode Steps:   133 Return:  1.9709 FPS:  5.47
05:49:40.277 [INFO] (trainer.py:160) Total Episode:   234 Steps:   39138 Episode Steps:   129 Return:  1.9636 FPS:  5.48
05:50:05.748 [INFO] (trainer.py:160) Total Episode:   235 Steps:   39277 Episode Steps:   139 Return: -0.0204 FPS:  5.46
05:50:34.401 [INFO] (trainer.py:160) Total Episode:   236 Steps:   39434 Episode Steps:   157 Return:  1.9534 FPS:  5.48
05:51:01.175 [INFO] (trainer.py:160) Total Episode:   237 Steps:   39581 Episode Steps:   147 Return:  1.9669 FPS:  5.49
05:51:26.373 [INFO] (trainer.py:160) Total Episode:   238 Steps:   39718 Episode Steps:   137 Return:  1.9398 FPS:  5.44
05:51:33.151 [INFO] (trainer.py:160) Total Episode:   239 Steps:   39752 Episode Steps:    34 Return: -0.8137 FPS:  5.02
05:51:39.448 [INFO] (trainer.py:160) Total Episode:   240 Steps:   39783 Episode Steps:    31 Return: -0.8132 FPS:  4.92
05:52:02.089 [INFO] (trainer.py:160) Total Episode:   241 Steps:   39906 Episode Steps:   123 Return:  1.9323 FPS:  5.43
05:52:23.453 [INFO] (trainer.py:160) Total Episode:   242 Steps:   40022 Episode Steps:   116 Return:  1.9359 FPS:  5.43
05:52:37.922 [INFO] (trainer.py:160) Total Episode:   243 Steps:   40099 Episode Steps:    77 Return: -0.4887 FPS:  5.32
05:53:01.541 [INFO] (trainer.py:160) Total Episode:   244 Steps:   40228 Episode Steps:   129 Return:  0.9464 FPS:  5.46
05:53:26.352 [INFO] (trainer.py:160) Total Episode:   245 Steps:   40363 Episode Steps:   135 Return:  1.9483 FPS:  5.44
05:53:49.314 [INFO] (trainer.py:160) Total Episode:   246 Steps:   40488 Episode Steps:   125 Return:  1.0214 FPS:  5.44
05:54:12.738 [INFO] (trainer.py:160) Total Episode:   247 Steps:   40616 Episode Steps:   128 Return:  1.9663 FPS:  5.46
05:55:20.735 [INFO] (trainer.py:160) Total Episode:   248 Steps:   40995 Episode Steps:   379 Return:  1.0306 FPS:  5.57
05:55:27.445 [INFO] (trainer.py:160) Total Episode:   249 Steps:   41028 Episode Steps:    33 Return: -0.8086 FPS:  4.92
05:56:00.336 [INFO] (trainer.py:160) Total Episode:   250 Steps:   41207 Episode Steps:   179 Return:  1.9552 FPS:  5.44
05:56:23.254 [INFO] (trainer.py:160) Total Episode:   251 Steps:   41332 Episode Steps:   125 Return:  1.9550 FPS:  5.45
05:56:47.920 [INFO] (trainer.py:160) Total Episode:   252 Steps:   41467 Episode Steps:   135 Return:  1.9657 FPS:  5.47
05:57:14.204 [INFO] (trainer.py:160) Total Episode:   253 Steps:   41611 Episode Steps:   144 Return:  1.9681 FPS:  5.48
05:57:36.117 [INFO] (trainer.py:160) Total Episode:   254 Steps:   41731 Episode Steps:   120 Return:  1.9631 FPS:  5.48
05:58:04.759 [INFO] (trainer.py:160) Total Episode:   255 Steps:   41888 Episode Steps:   157 Return:  1.9424 FPS:  5.48
05:58:28.514 [INFO] (trainer.py:160) Total Episode:   256 Steps:   42018 Episode Steps:   130 Return:  1.9553 FPS:  5.47
05:58:54.382 [INFO] (trainer.py:160) Total Episode:   257 Steps:   42160 Episode Steps:   142 Return:  1.9453 FPS:  5.49
05:59:19.119 [INFO] (trainer.py:160) Total Episode:   258 Steps:   42294 Episode Steps:   134 Return:  1.9493 FPS:  5.42
05:59:41.576 [INFO] (trainer.py:160) Total Episode:   259 Steps:   42414 Episode Steps:   120 Return:  1.9424 FPS:  5.34
06:00:05.363 [INFO] (trainer.py:160) Total Episode:   260 Steps:   42542 Episode Steps:   128 Return:  1.9402 FPS:  5.38
06:00:28.087 [INFO] (trainer.py:160) Total Episode:   261 Steps:   42663 Episode Steps:   121 Return:  1.9690 FPS:  5.33
06:00:50.565 [INFO] (trainer.py:160) Total Episode:   262 Steps:   42784 Episode Steps:   121 Return:  1.9442 FPS:  5.38
06:01:14.032 [INFO] (trainer.py:160) Total Episode:   263 Steps:   42912 Episode Steps:   128 Return:  1.9657 FPS:  5.45
06:01:38.176 [INFO] (trainer.py:160) Total Episode:   264 Steps:   43042 Episode Steps:   130 Return:  1.9437 FPS:  5.38
06:02:00.716 [INFO] (trainer.py:160) Total Episode:   265 Steps:   43165 Episode Steps:   123 Return:  1.9396 FPS:  5.46
06:02:22.566 [INFO] (trainer.py:160) Total Episode:   266 Steps:   43284 Episode Steps:   119 Return:  1.9390 FPS:  5.45
06:02:44.587 [INFO] (trainer.py:160) Total Episode:   267 Steps:   43405 Episode Steps:   121 Return:  1.9667 FPS:  5.49
06:03:04.833 [INFO] (trainer.py:160) Total Episode:   268 Steps:   43513 Episode Steps:   108 Return:  1.9355 FPS:  5.33
06:03:12.238 [INFO] (trainer.py:160) Total Episode:   269 Steps:   43550 Episode Steps:    37 Return: -0.8116 FPS:  5.00
06:03:34.419 [INFO] (trainer.py:160) Total Episode:   270 Steps:   43669 Episode Steps:   119 Return:  1.9425 FPS:  5.37
06:03:57.475 [INFO] (trainer.py:160) Total Episode:   271 Steps:   43792 Episode Steps:   123 Return:  1.9376 FPS:  5.34
06:04:19.230 [INFO] (trainer.py:160) Total Episode:   272 Steps:   43908 Episode Steps:   116 Return:  1.9642 FPS:  5.33
06:04:39.898 [INFO] (trainer.py:160) Total Episode:   273 Steps:   44018 Episode Steps:   110 Return:  1.9393 FPS:  5.32
06:04:59.950 [INFO] (trainer.py:160) Total Episode:   274 Steps:   44125 Episode Steps:   107 Return:  1.9380 FPS:  5.34
06:05:05.097 [INFO] (trainer.py:160) Total Episode:   275 Steps:   44148 Episode Steps:    23 Return: -0.8123 FPS:  4.47
06:05:25.049 [INFO] (trainer.py:160) Total Episode:   276 Steps:   44257 Episode Steps:   109 Return:  1.9341 FPS:  5.46
06:05:46.482 [INFO] (trainer.py:160) Total Episode:   277 Steps:   44374 Episode Steps:   117 Return:  1.9410 FPS:  5.46
06:06:07.949 [INFO] (trainer.py:160) Total Episode:   278 Steps:   44489 Episode Steps:   115 Return:  1.9560 FPS:  5.36
06:06:28.688 [INFO] (trainer.py:160) Total Episode:   279 Steps:   44604 Episode Steps:   115 Return:  1.9383 FPS:  5.55
06:06:49.073 [INFO] (trainer.py:160) Total Episode:   280 Steps:   44717 Episode Steps:   113 Return:  1.9447 FPS:  5.54
06:07:12.780 [INFO] (trainer.py:160) Total Episode:   281 Steps:   44849 Episode Steps:   132 Return:  1.9409 FPS:  5.57
06:07:24.169 [INFO] (trainer.py:160) Total Episode:   282 Steps:   44910 Episode Steps:    61 Return: -0.5866 FPS:  5.36
06:07:45.782 [INFO] (trainer.py:160) Total Episode:   283 Steps:   45030 Episode Steps:   120 Return:  1.9590 FPS:  5.55
06:08:07.100 [INFO] (trainer.py:160) Total Episode:   284 Steps:   45149 Episode Steps:   119 Return:  1.9422 FPS:  5.58
06:08:21.486 [INFO] (trainer.py:160) Total Episode:   285 Steps:   45228 Episode Steps:    79 Return: -0.4289 FPS:  5.49
06:08:42.562 [INFO] (trainer.py:160) Total Episode:   286 Steps:   45345 Episode Steps:   117 Return:  1.9393 FPS:  5.55
06:08:50.476 [INFO] (trainer.py:160) Total Episode:   287 Steps:   45386 Episode Steps:    41 Return: -0.7798 FPS:  5.18
06:09:19.017 [INFO] (trainer.py:160) Total Episode:   288 Steps:   45546 Episode Steps:   160 Return:  2.2911 FPS:  5.61
06:09:39.798 [INFO] (trainer.py:160) Total Episode:   289 Steps:   45661 Episode Steps:   115 Return:  1.9400 FPS:  5.53
06:09:59.752 [INFO] (trainer.py:160) Total Episode:   290 Steps:   45771 Episode Steps:   110 Return:  1.9440 FPS:  5.51
06:10:21.338 [INFO] (trainer.py:160) Total Episode:   291 Steps:   45890 Episode Steps:   119 Return:  1.9417 FPS:  5.51
06:10:40.787 [INFO] (trainer.py:160) Total Episode:   292 Steps:   45998 Episode Steps:   108 Return:  1.9330 FPS:  5.55
06:11:01.925 [INFO] (trainer.py:160) Total Episode:   293 Steps:   46115 Episode Steps:   117 Return:  1.9403 FPS:  5.54
06:11:22.111 [INFO] (trainer.py:160) Total Episode:   294 Steps:   46227 Episode Steps:   112 Return:  1.9393 FPS:  5.55
06:11:44.962 [INFO] (trainer.py:160) Total Episode:   295 Steps:   46354 Episode Steps:   127 Return:  1.9418 FPS:  5.56
06:12:05.370 [INFO] (trainer.py:160) Total Episode:   296 Steps:   46467 Episode Steps:   113 Return:  1.9478 FPS:  5.54
06:12:27.992 [INFO] (trainer.py:160) Total Episode:   297 Steps:   46593 Episode Steps:   126 Return:  1.9666 FPS:  5.57
06:12:50.694 [INFO] (trainer.py:160) Total Episode:   298 Steps:   46719 Episode Steps:   126 Return:  1.9374 FPS:  5.55
06:13:12.715 [INFO] (trainer.py:160) Total Episode:   299 Steps:   46842 Episode Steps:   123 Return:  1.9419 FPS:  5.59
06:13:21.233 [INFO] (trainer.py:160) Total Episode:   300 Steps:   46885 Episode Steps:    43 Return: -0.7555 FPS:  5.05
06:13:42.710 [INFO] (trainer.py:160) Total Episode:   301 Steps:   47004 Episode Steps:   119 Return:  1.9616 FPS:  5.54
06:14:04.038 [INFO] (trainer.py:160) Total Episode:   302 Steps:   47123 Episode Steps:   119 Return:  1.9430 FPS:  5.58
06:14:23.811 [INFO] (trainer.py:160) Total Episode:   303 Steps:   47232 Episode Steps:   109 Return:  1.9361 FPS:  5.51
06:14:43.199 [INFO] (trainer.py:160) Total Episode:   304 Steps:   47339 Episode Steps:   107 Return:  1.9337 FPS:  5.52
06:15:03.477 [INFO] (trainer.py:160) Total Episode:   305 Steps:   47452 Episode Steps:   113 Return:  1.9597 FPS:  5.57
06:15:23.707 [INFO] (trainer.py:160) Total Episode:   306 Steps:   47564 Episode Steps:   112 Return:  1.9431 FPS:  5.54
06:15:33.719 [INFO] (trainer.py:160) Total Episode:   307 Steps:   47617 Episode Steps:    53 Return: -0.7075 FPS:  5.29
06:15:53.520 [INFO] (trainer.py:160) Total Episode:   308 Steps:   47727 Episode Steps:   110 Return:  1.9387 FPS:  5.56
06:16:13.928 [INFO] (trainer.py:160) Total Episode:   309 Steps:   47839 Episode Steps:   112 Return:  1.9407 FPS:  5.49
06:16:36.250 [INFO] (trainer.py:160) Total Episode:   310 Steps:   47963 Episode Steps:   124 Return:  1.9606 FPS:  5.56
06:16:56.780 [INFO] (trainer.py:160) Total Episode:   311 Steps:   48076 Episode Steps:   113 Return:  1.9431 FPS:  5.50
06:17:19.941 [INFO] (trainer.py:160) Total Episode:   312 Steps:   48204 Episode Steps:   128 Return:  1.9325 FPS:  5.53
06:17:39.616 [INFO] (trainer.py:160) Total Episode:   313 Steps:   48313 Episode Steps:   109 Return:  1.9411 FPS:  5.54
06:17:59.844 [INFO] (trainer.py:160) Total Episode:   314 Steps:   48425 Episode Steps:   112 Return:  1.9315 FPS:  5.54
06:18:26.083 [INFO] (trainer.py:160) Total Episode:   315 Steps:   48571 Episode Steps:   146 Return:  1.9371 FPS:  5.56
06:18:49.920 [INFO] (trainer.py:160) Total Episode:   316 Steps:   48703 Episode Steps:   132 Return:  1.9325 FPS:  5.54
06:19:10.139 [INFO] (trainer.py:160) Total Episode:   317 Steps:   48815 Episode Steps:   112 Return:  1.9432 FPS:  5.54
06:19:30.574 [INFO] (trainer.py:160) Total Episode:   318 Steps:   48928 Episode Steps:   113 Return:  1.9410 FPS:  5.53
06:19:51.176 [INFO] (trainer.py:160) Total Episode:   319 Steps:   49043 Episode Steps:   115 Return:  1.9668 FPS:  5.58
06:20:13.078 [INFO] (trainer.py:160) Total Episode:   320 Steps:   49165 Episode Steps:   122 Return:  1.9402 FPS:  5.57
06:20:33.704 [INFO] (trainer.py:160) Total Episode:   321 Steps:   49279 Episode Steps:   114 Return:  1.9662 FPS:  5.53
06:20:59.829 [INFO] (trainer.py:160) Total Episode:   322 Steps:   49422 Episode Steps:   143 Return:  1.9365 FPS:  5.47
06:21:21.053 [INFO] (trainer.py:160) Total Episode:   323 Steps:   49538 Episode Steps:   116 Return:  1.9605 FPS:  5.47
06:21:28.248 [INFO] (trainer.py:160) Total Episode:   324 Steps:   49573 Episode Steps:    35 Return: -0.7490 FPS:  4.87
06:21:54.780 [INFO] (trainer.py:160) Total Episode:   325 Steps:   49713 Episode Steps:   140 Return:  0.8643 FPS:  5.28
06:22:19.218 [INFO] (trainer.py:160) Total Episode:   326 Steps:   49844 Episode Steps:   131 Return:  1.9720 FPS:  5.36
06:22:39.617 [INFO] (trainer.py:160) Total Episode:   327 Steps:   49956 Episode Steps:   112 Return:  1.9372 FPS:  5.49
06:23:01.029 [INFO] (trainer.py:160) Total Episode:   328 Steps:   50074 Episode Steps:   118 Return:  1.9485 FPS:  5.51
06:23:24.037 [INFO] (trainer.py:160) Total Episode:   329 Steps:   50200 Episode Steps:   126 Return:  1.9658 FPS:  5.48
06:23:52.473 [INFO] (trainer.py:160) Total Episode:   330 Steps:   50356 Episode Steps:   156 Return:  2.2754 FPS:  5.49
06:24:03.681 [INFO] (trainer.py:160) Total Episode:   331 Steps:   50416 Episode Steps:    60 Return: -0.6030 FPS:  5.35
06:24:24.644 [INFO] (trainer.py:160) Total Episode:   332 Steps:   50532 Episode Steps:   116 Return:  1.9403 FPS:  5.53
06:24:45.807 [INFO] (trainer.py:160) Total Episode:   333 Steps:   50649 Episode Steps:   117 Return:  1.9690 FPS:  5.53
06:25:07.558 [INFO] (trainer.py:160) Total Episode:   334 Steps:   50768 Episode Steps:   119 Return:  1.9606 FPS:  5.47
06:25:30.688 [INFO] (trainer.py:160) Total Episode:   335 Steps:   50892 Episode Steps:   124 Return:  1.9642 FPS:  5.36
06:25:52.472 [INFO] (trainer.py:160) Total Episode:   336 Steps:   51009 Episode Steps:   117 Return:  1.9467 FPS:  5.37
06:26:14.099 [INFO] (trainer.py:160) Total Episode:   337 Steps:   51120 Episode Steps:   111 Return:  1.9337 FPS:  5.13
06:26:36.741 [INFO] (trainer.py:160) Total Episode:   338 Steps:   51239 Episode Steps:   119 Return:  1.9598 FPS:  5.26
06:26:59.341 [INFO] (trainer.py:160) Total Episode:   339 Steps:   51355 Episode Steps:   116 Return:  1.9373 FPS:  5.13
06:27:22.075 [INFO] (trainer.py:160) Total Episode:   340 Steps:   51471 Episode Steps:   116 Return:  1.9673 FPS:  5.10
06:27:46.081 [INFO] (trainer.py:160) Total Episode:   341 Steps:   51594 Episode Steps:   123 Return:  1.9345 FPS:  5.12
06:27:53.942 [INFO] (trainer.py:160) Total Episode:   342 Steps:   51631 Episode Steps:    37 Return: -0.7839 FPS:  4.71
06:28:17.527 [INFO] (trainer.py:160) Total Episode:   343 Steps:   51752 Episode Steps:   121 Return:  1.9399 FPS:  5.13
06:28:39.818 [INFO] (trainer.py:160) Total Episode:   344 Steps:   51867 Episode Steps:   115 Return:  1.9609 FPS:  5.16
06:28:52.039 [INFO] (trainer.py:160) Total Episode:   345 Steps:   51927 Episode Steps:    60 Return: -0.5536 FPS:  4.91
06:29:14.736 [INFO] (trainer.py:160) Total Episode:   346 Steps:   52043 Episode Steps:   116 Return:  1.9419 FPS:  5.11
06:29:48.511 [INFO] (trainer.py:160) Total Episode:   347 Steps:   52220 Episode Steps:   177 Return:  2.3178 FPS:  5.24
06:30:10.347 [INFO] (trainer.py:160) Total Episode:   348 Steps:   52331 Episode Steps:   111 Return:  1.9365 FPS:  5.08
06:30:31.637 [INFO] (trainer.py:160) Total Episode:   349 Steps:   52445 Episode Steps:   114 Return:  1.9649 FPS:  5.35
06:30:53.264 [INFO] (trainer.py:160) Total Episode:   350 Steps:   52561 Episode Steps:   116 Return:  1.9682 FPS:  5.36
06:31:14.741 [INFO] (trainer.py:160) Total Episode:   351 Steps:   52673 Episode Steps:   112 Return:  1.9377 FPS:  5.22
06:31:23.863 [INFO] (trainer.py:160) Total Episode:   352 Steps:   52718 Episode Steps:    45 Return: -0.7367 FPS:  4.93
06:31:47.468 [INFO] (trainer.py:160) Total Episode:   353 Steps:   52843 Episode Steps:   125 Return:  1.9594 FPS:  5.30
06:32:21.525 [INFO] (trainer.py:160) Total Episode:   354 Steps:   53026 Episode Steps:   183 Return:  2.3274 FPS:  5.37
06:32:46.338 [INFO] (trainer.py:160) Total Episode:   355 Steps:   53157 Episode Steps:   131 Return:  1.9653 FPS:  5.28
06:33:09.454 [INFO] (trainer.py:160) Total Episode:   356 Steps:   53284 Episode Steps:   127 Return:  1.9692 FPS:  5.49
06:33:33.134 [INFO] (trainer.py:160) Total Episode:   357 Steps:   53415 Episode Steps:   131 Return:  1.9686 FPS:  5.53
06:33:56.357 [INFO] (trainer.py:160) Total Episode:   358 Steps:   53543 Episode Steps:   128 Return:  1.9684 FPS:  5.51
06:34:22.582 [INFO] (trainer.py:160) Total Episode:   359 Steps:   53689 Episode Steps:   146 Return:  1.9755 FPS:  5.57
06:34:42.907 [INFO] (trainer.py:160) Total Episode:   360 Steps:   53801 Episode Steps:   112 Return:  1.9436 FPS:  5.51
06:35:02.998 [INFO] (trainer.py:160) Total Episode:   361 Steps:   53912 Episode Steps:   111 Return:  1.9384 FPS:  5.53
06:35:23.108 [INFO] (trainer.py:160) Total Episode:   362 Steps:   54023 Episode Steps:   111 Return:  1.9325 FPS:  5.52
06:35:42.993 [INFO] (trainer.py:160) Total Episode:   363 Steps:   54132 Episode Steps:   109 Return:  1.9369 FPS:  5.48
06:36:03.983 [INFO] (trainer.py:160) Total Episode:   364 Steps:   54248 Episode Steps:   116 Return:  1.9428 FPS:  5.53
06:36:23.799 [INFO] (trainer.py:160) Total Episode:   365 Steps:   54357 Episode Steps:   109 Return:  1.9325 FPS:  5.50
06:36:44.963 [INFO] (trainer.py:160) Total Episode:   366 Steps:   54474 Episode Steps:   117 Return:  1.9400 FPS:  5.53
06:37:05.413 [INFO] (trainer.py:160) Total Episode:   367 Steps:   54587 Episode Steps:   113 Return:  1.9394 FPS:  5.53
06:37:29.634 [INFO] (trainer.py:160) Total Episode:   368 Steps:   54721 Episode Steps:   134 Return:  1.9456 FPS:  5.53
06:37:36.353 [INFO] (trainer.py:160) Total Episode:   369 Steps:   54755 Episode Steps:    34 Return: -0.7814 FPS:  5.06
06:37:59.142 [INFO] (trainer.py:160) Total Episode:   370 Steps:   54881 Episode Steps:   126 Return:  1.9353 FPS:  5.53
06:38:21.397 [INFO] (trainer.py:160) Total Episode:   371 Steps:   55005 Episode Steps:   124 Return:  1.9449 FPS:  5.57
06:38:41.272 [INFO] (trainer.py:160) Total Episode:   372 Steps:   55115 Episode Steps:   110 Return:  1.9333 FPS:  5.53
06:39:01.038 [INFO] (trainer.py:160) Total Episode:   373 Steps:   55224 Episode Steps:   109 Return:  1.9422 FPS:  5.51
06:39:22.425 [INFO] (trainer.py:160) Total Episode:   374 Steps:   55342 Episode Steps:   118 Return:  1.9379 FPS:  5.52
06:39:45.129 [INFO] (trainer.py:160) Total Episode:   375 Steps:   55464 Episode Steps:   122 Return:  1.9713 FPS:  5.37
06:40:04.767 [INFO] (trainer.py:160) Total Episode:   376 Steps:   55572 Episode Steps:   108 Return:  1.9369 FPS:  5.50
