13:40:06.132 [INFO] (trainer.py:161) Total Episode:     1 Steps:      48 Episode Steps:    48 Return: -1.0000 FPS:  8.28
13:40:07.514 [INFO] (trainer.py:161) Total Episode:     2 Steps:      93 Episode Steps:    45 Return: -1.0000 FPS: 32.62
13:40:11.849 [INFO] (trainer.py:161) Total Episode:     3 Steps:     302 Episode Steps:   209 Return:  0.0000 FPS: 48.21
13:40:16.116 [INFO] (trainer.py:161) Total Episode:     4 Steps:     515 Episode Steps:   213 Return:  0.0000 FPS: 49.94
13:40:19.860 [INFO] (trainer.py:161) Total Episode:     5 Steps:     702 Episode Steps:   187 Return:  1.0000 FPS: 49.95
13:40:24.104 [INFO] (trainer.py:161) Total Episode:     6 Steps:     912 Episode Steps:   210 Return:  1.0000 FPS: 49.50
13:40:28.538 [INFO] (trainer.py:161) Total Episode:     7 Steps:    1140 Episode Steps:   228 Return:  0.0000 FPS: 51.43
13:40:30.048 [INFO] (trainer.py:161) Total Episode:     8 Steps:    1187 Episode Steps:    47 Return: -1.0000 FPS: 31.16
13:40:31.168 [INFO] (trainer.py:161) Total Episode:     9 Steps:    1218 Episode Steps:    31 Return: -1.0000 FPS: 27.69
13:40:32.641 [INFO] (trainer.py:161) Total Episode:    10 Steps:    1258 Episode Steps:    40 Return: -1.0000 FPS: 27.18
13:40:33.699 [INFO] (trainer.py:161) Total Episode:    11 Steps:    1282 Episode Steps:    24 Return: -1.0000 FPS: 22.72
13:40:37.621 [INFO] (trainer.py:161) Total Episode:    12 Steps:    1477 Episode Steps:   195 Return:  0.0000 FPS: 49.73
13:40:38.979 [INFO] (trainer.py:161) Total Episode:    13 Steps:    1519 Episode Steps:    42 Return: -1.0000 FPS: 30.96
13:40:39.985 [INFO] (trainer.py:161) Total Episode:    14 Steps:    1541 Episode Steps:    22 Return: -1.0000 FPS: 21.87
13:40:44.463 [INFO] (trainer.py:161) Total Episode:    15 Steps:    1767 Episode Steps:   226 Return:  0.0000 FPS: 50.48
13:40:45.560 [INFO] (trainer.py:161) Total Episode:    16 Steps:    1795 Episode Steps:    28 Return: -1.0000 FPS: 25.56
13:40:46.630 [INFO] (trainer.py:161) Total Episode:    17 Steps:    1821 Episode Steps:    26 Return: -1.0000 FPS: 24.31
13:40:47.937 [INFO] (trainer.py:161) Total Episode:    18 Steps:    1862 Episode Steps:    41 Return: -1.0000 FPS: 31.41
13:40:52.046 [INFO] (trainer.py:161) Total Episode:    19 Steps:    2064 Episode Steps:   202 Return:  1.0000 FPS: 49.17
13:40:56.013 [INFO] (trainer.py:161) Total Episode:    20 Steps:    2259 Episode Steps:   195 Return:  0.0000 FPS: 49.18
13:40:59.982 [INFO] (trainer.py:161) Total Episode:    21 Steps:    2459 Episode Steps:   200 Return:  0.0000 FPS: 50.40
13:41:04.473 [INFO] (trainer.py:161) Total Episode:    22 Steps:    2674 Episode Steps:   215 Return:  1.0000 FPS: 47.89
13:41:08.266 [INFO] (trainer.py:161) Total Episode:    23 Steps:    2859 Episode Steps:   185 Return:  1.0000 FPS: 48.78
13:41:12.862 [INFO] (trainer.py:161) Total Episode:    24 Steps:    3096 Episode Steps:   237 Return:  0.0000 FPS: 51.59
13:41:14.039 [INFO] (trainer.py:161) Total Episode:    25 Steps:    3122 Episode Steps:    26 Return: -1.0000 FPS: 22.11
13:41:15.414 [INFO] (trainer.py:161) Total Episode:    26 Steps:    3162 Episode Steps:    40 Return: -1.0000 FPS: 29.12
13:41:16.385 [INFO] (trainer.py:161) Total Episode:    27 Steps:    3184 Episode Steps:    22 Return: -1.0000 FPS: 22.67
13:41:17.673 [INFO] (trainer.py:161) Total Episode:    28 Steps:    3223 Episode Steps:    39 Return: -1.0000 FPS: 30.32
13:41:22.050 [INFO] (trainer.py:161) Total Episode:    29 Steps:    3443 Episode Steps:   220 Return:  0.0000 FPS: 50.27
13:41:26.210 [INFO] (trainer.py:161) Total Episode:    30 Steps:    3644 Episode Steps:   201 Return:  1.0000 FPS: 48.33
13:41:27.217 [INFO] (trainer.py:161) Total Episode:    31 Steps:    3669 Episode Steps:    25 Return: -1.0000 FPS: 24.84
13:41:31.788 [INFO] (trainer.py:161) Total Episode:    32 Steps:    3892 Episode Steps:   223 Return:  0.0000 FPS: 48.80
13:41:36.108 [INFO] (trainer.py:161) Total Episode:    33 Steps:    4108 Episode Steps:   216 Return:  0.0000 FPS: 50.02
13:41:39.857 [INFO] (trainer.py:161) Total Episode:    34 Steps:    4299 Episode Steps:   191 Return:  1.0000 FPS: 50.95
13:41:44.366 [INFO] (trainer.py:161) Total Episode:    35 Steps:    4525 Episode Steps:   226 Return:  0.0000 FPS: 50.14
13:41:48.231 [INFO] (trainer.py:161) Total Episode:    36 Steps:    4715 Episode Steps:   190 Return:  1.0000 FPS: 49.17
13:41:49.518 [INFO] (trainer.py:161) Total Episode:    37 Steps:    4756 Episode Steps:    41 Return: -1.0000 FPS: 31.89
13:41:50.924 [INFO] (trainer.py:161) Total Episode:    38 Steps:    4802 Episode Steps:    46 Return: -1.0000 FPS: 32.87
13:41:52.111 [INFO] (trainer.py:161) Total Episode:    39 Steps:    4833 Episode Steps:    31 Return: -1.0000 FPS: 26.14
13:42:01.037 [INFO] (trainer.py:161) Total Episode:    40 Steps:    5036 Episode Steps:   203 Return:  0.0000 FPS: 22.75
13:42:08.320 [INFO] (trainer.py:161) Total Episode:    41 Steps:    5156 Episode Steps:   120 Return:  0.0000 FPS: 16.48
13:42:15.359 [INFO] (trainer.py:161) Total Episode:    42 Steps:    5266 Episode Steps:   110 Return:  1.0000 FPS: 15.63
13:42:23.574 [INFO] (trainer.py:161) Total Episode:    43 Steps:    5390 Episode Steps:   124 Return:  0.0000 FPS: 15.10
13:42:25.426 [INFO] (trainer.py:161) Total Episode:    44 Steps:    5411 Episode Steps:    21 Return: -1.0000 FPS: 11.34
13:42:27.323 [INFO] (trainer.py:161) Total Episode:    45 Steps:    5434 Episode Steps:    23 Return: -1.0000 FPS: 12.13
13:42:34.435 [INFO] (trainer.py:161) Total Episode:    46 Steps:    5542 Episode Steps:   108 Return:  1.0000 FPS: 15.19
13:42:41.613 [INFO] (trainer.py:161) Total Episode:    47 Steps:    5651 Episode Steps:   109 Return:  1.0000 FPS: 15.19
13:42:43.961 [INFO] (trainer.py:161) Total Episode:    48 Steps:    5680 Episode Steps:    29 Return: -1.0000 FPS: 12.36
13:42:51.394 [INFO] (trainer.py:161) Total Episode:    49 Steps:    5794 Episode Steps:   114 Return:  1.0000 FPS: 15.34
13:42:54.269 [INFO] (trainer.py:161) Total Episode:    50 Steps:    5826 Episode Steps:    32 Return: -1.0000 FPS: 11.13
13:42:56.291 [INFO] (trainer.py:161) Total Episode:    51 Steps:    5849 Episode Steps:    23 Return: -1.0000 FPS: 11.39
13:43:03.803 [INFO] (trainer.py:161) Total Episode:    52 Steps:    5967 Episode Steps:   118 Return:  0.0000 FPS: 15.71
13:43:10.753 [INFO] (trainer.py:161) Total Episode:    53 Steps:    6075 Episode Steps:   108 Return:  1.0000 FPS: 15.54
13:43:18.233 [INFO] (trainer.py:161) Total Episode:    54 Steps:    6192 Episode Steps:   117 Return:  0.0000 FPS: 15.64
13:43:20.698 [INFO] (trainer.py:161) Total Episode:    55 Steps:    6224 Episode Steps:    32 Return: -1.0000 FPS: 12.99
13:43:28.367 [INFO] (trainer.py:161) Total Episode:    56 Steps:    6348 Episode Steps:   124 Return:  0.0000 FPS: 16.17
13:43:35.222 [INFO] (trainer.py:161) Total Episode:    57 Steps:    6457 Episode Steps:   109 Return:  1.0000 FPS: 15.90
13:43:37.520 [INFO] (trainer.py:161) Total Episode:    58 Steps:    6485 Episode Steps:    28 Return: -1.0000 FPS: 12.19
13:43:45.160 [INFO] (trainer.py:161) Total Episode:    59 Steps:    6605 Episode Steps:   120 Return:  0.0000 FPS: 15.71
13:43:47.437 [INFO] (trainer.py:161) Total Episode:    60 Steps:    6632 Episode Steps:    27 Return: -1.0000 FPS: 11.87
13:43:49.318 [INFO] (trainer.py:161) Total Episode:    61 Steps:    6653 Episode Steps:    21 Return: -1.0000 FPS: 11.17
13:43:51.301 [INFO] (trainer.py:161) Total Episode:    62 Steps:    6677 Episode Steps:    24 Return: -1.0000 FPS: 12.11
13:43:58.254 [INFO] (trainer.py:161) Total Episode:    63 Steps:    6787 Episode Steps:   110 Return:  1.0000 FPS: 15.82
13:44:05.319 [INFO] (trainer.py:161) Total Episode:    64 Steps:    6898 Episode Steps:   111 Return:  1.0000 FPS: 15.71
13:44:11.994 [INFO] (trainer.py:161) Total Episode:    65 Steps:    7007 Episode Steps:   109 Return:  1.0000 FPS: 16.33
13:44:14.082 [INFO] (trainer.py:161) Total Episode:    66 Steps:    7031 Episode Steps:    24 Return: -1.0000 FPS: 11.50
13:44:20.772 [INFO] (trainer.py:161) Total Episode:    67 Steps:    7139 Episode Steps:   108 Return:  1.0000 FPS: 16.15
13:44:27.742 [INFO] (trainer.py:161) Total Episode:    68 Steps:    7251 Episode Steps:   112 Return:  1.0000 FPS: 16.07
13:44:34.697 [INFO] (trainer.py:161) Total Episode:    69 Steps:    7358 Episode Steps:   107 Return:  1.0000 FPS: 15.39
13:44:41.832 [INFO] (trainer.py:161) Total Episode:    70 Steps:    7467 Episode Steps:   109 Return:  1.0000 FPS: 15.28
13:44:43.934 [INFO] (trainer.py:161) Total Episode:    71 Steps:    7490 Episode Steps:    23 Return: -1.0000 FPS: 10.95
13:44:46.171 [INFO] (trainer.py:161) Total Episode:    72 Steps:    7513 Episode Steps:    23 Return: -1.0000 FPS: 10.29
13:44:53.527 [INFO] (trainer.py:161) Total Episode:    73 Steps:    7623 Episode Steps:   110 Return:  1.0000 FPS: 14.95
13:44:55.482 [INFO] (trainer.py:161) Total Episode:    74 Steps:    7646 Episode Steps:    23 Return: -1.0000 FPS: 11.77
13:45:02.539 [INFO] (trainer.py:161) Total Episode:    75 Steps:    7754 Episode Steps:   108 Return:  1.0000 FPS: 15.31
13:45:04.964 [INFO] (trainer.py:161) Total Episode:    76 Steps:    7784 Episode Steps:    30 Return: -1.0000 FPS: 12.38
13:45:11.943 [INFO] (trainer.py:161) Total Episode:    77 Steps:    7895 Episode Steps:   111 Return:  1.0000 FPS: 15.91
13:45:14.082 [INFO] (trainer.py:161) Total Episode:    78 Steps:    7923 Episode Steps:    28 Return: -1.0000 FPS: 13.10
13:45:16.148 [INFO] (trainer.py:161) Total Episode:    79 Steps:    7948 Episode Steps:    25 Return: -1.0000 FPS: 12.11
13:45:18.072 [INFO] (trainer.py:161) Total Episode:    80 Steps:    7971 Episode Steps:    23 Return: -1.0000 FPS: 11.96
13:45:23.102 [INFO] (trainer.py:161) Total Episode:    81 Steps:    8049 Episode Steps:    78 Return: -1.0000 FPS: 15.51
13:45:30.090 [INFO] (trainer.py:161) Total Episode:    82 Steps:    8158 Episode Steps:   109 Return:  1.0000 FPS: 15.60
13:45:32.554 [INFO] (trainer.py:161) Total Episode:    83 Steps:    8188 Episode Steps:    30 Return: -1.0000 FPS: 12.18
13:45:39.393 [INFO] (trainer.py:161) Total Episode:    84 Steps:    8297 Episode Steps:   109 Return:  1.0000 FPS: 15.94
13:45:42.104 [INFO] (trainer.py:161) Total Episode:    85 Steps:    8336 Episode Steps:    39 Return: -1.0000 FPS: 14.39
13:45:46.896 [INFO] (trainer.py:161) Total Episode:    86 Steps:    8410 Episode Steps:    74 Return: -1.0000 FPS: 15.44
13:45:53.601 [INFO] (trainer.py:161) Total Episode:    87 Steps:    8521 Episode Steps:   111 Return:  1.0000 FPS: 16.56
13:45:56.008 [INFO] (trainer.py:161) Total Episode:    88 Steps:    8553 Episode Steps:    32 Return: -1.0000 FPS: 13.30
13:46:02.511 [INFO] (trainer.py:161) Total Episode:    89 Steps:    8661 Episode Steps:   108 Return:  1.0000 FPS: 16.61
13:46:09.569 [INFO] (trainer.py:161) Total Episode:    90 Steps:    8769 Episode Steps:   108 Return:  1.0000 FPS: 15.30
13:46:11.533 [INFO] (trainer.py:161) Total Episode:    91 Steps:    8793 Episode Steps:    24 Return: -1.0000 FPS: 12.22
13:46:14.265 [INFO] (trainer.py:161) Total Episode:    92 Steps:    8830 Episode Steps:    37 Return: -1.0000 FPS: 13.55
13:46:16.138 [INFO] (trainer.py:161) Total Episode:    93 Steps:    8852 Episode Steps:    22 Return: -1.0000 FPS: 11.75
13:46:18.086 [INFO] (trainer.py:161) Total Episode:    94 Steps:    8875 Episode Steps:    23 Return: -1.0000 FPS: 11.81
13:46:25.822 [INFO] (trainer.py:161) Total Episode:    95 Steps:    9005 Episode Steps:   130 Return: -1.0000 FPS: 16.81
13:46:32.387 [INFO] (trainer.py:161) Total Episode:    96 Steps:    9113 Episode Steps:   108 Return:  1.0000 FPS: 16.45
13:46:34.487 [INFO] (trainer.py:161) Total Episode:    97 Steps:    9136 Episode Steps:    23 Return: -1.0000 FPS: 10.96
13:46:41.333 [INFO] (trainer.py:161) Total Episode:    98 Steps:    9245 Episode Steps:   109 Return:  1.0000 FPS: 15.92
13:46:47.884 [INFO] (trainer.py:161) Total Episode:    99 Steps:    9352 Episode Steps:   107 Return:  1.0000 FPS: 16.34
13:46:55.259 [INFO] (trainer.py:161) Total Episode:   100 Steps:    9465 Episode Steps:   113 Return:  1.0000 FPS: 15.33
13:47:02.032 [INFO] (trainer.py:161) Total Episode:   101 Steps:    9573 Episode Steps:   108 Return:  1.0000 FPS: 15.95
13:47:09.190 [INFO] (trainer.py:161) Total Episode:   102 Steps:    9685 Episode Steps:   112 Return:  1.0000 FPS: 15.65
13:47:10.994 [INFO] (trainer.py:161) Total Episode:   103 Steps:    9706 Episode Steps:    21 Return: -1.0000 FPS: 11.65
13:47:12.960 [INFO] (trainer.py:161) Total Episode:   104 Steps:    9730 Episode Steps:    24 Return: -1.0000 FPS: 12.21
13:47:19.625 [INFO] (trainer.py:161) Total Episode:   105 Steps:    9839 Episode Steps:   109 Return:  1.0000 FPS: 16.36
13:47:26.376 [INFO] (trainer.py:161) Total Episode:   106 Steps:    9948 Episode Steps:   109 Return:  1.0000 FPS: 16.15
13:47:33.178 [INFO] (trainer.py:161) Total Episode:   107 Steps:   10056 Episode Steps:   108 Return:  1.0000 FPS: 15.88
13:47:35.591 [INFO] (trainer.py:161) Total Episode:   108 Steps:   10085 Episode Steps:    29 Return: -1.0000 FPS: 12.03
13:47:42.856 [INFO] (trainer.py:161) Total Episode:   109 Steps:   10195 Episode Steps:   110 Return:  1.0000 FPS: 15.14
13:47:49.671 [INFO] (trainer.py:161) Total Episode:   110 Steps:   10301 Episode Steps:   106 Return:  1.0000 FPS: 15.56
13:47:51.830 [INFO] (trainer.py:161) Total Episode:   111 Steps:   10325 Episode Steps:    24 Return: -1.0000 FPS: 11.12
13:47:53.813 [INFO] (trainer.py:161) Total Episode:   112 Steps:   10348 Episode Steps:    23 Return: -1.0000 FPS: 11.61
13:48:00.853 [INFO] (trainer.py:161) Total Episode:   113 Steps:   10461 Episode Steps:   113 Return:  1.0000 FPS: 16.05
13:48:07.596 [INFO] (trainer.py:161) Total Episode:   114 Steps:   10566 Episode Steps:   105 Return:  1.0000 FPS: 15.57
13:48:09.631 [INFO] (trainer.py:161) Total Episode:   115 Steps:   10589 Episode Steps:    23 Return: -1.0000 FPS: 11.31
13:48:11.846 [INFO] (trainer.py:161) Total Episode:   116 Steps:   10615 Episode Steps:    26 Return: -1.0000 FPS: 11.74
13:48:14.395 [INFO] (trainer.py:161) Total Episode:   117 Steps:   10650 Episode Steps:    35 Return: -1.0000 FPS: 13.74
13:48:21.005 [INFO] (trainer.py:161) Total Episode:   118 Steps:   10756 Episode Steps:   106 Return:  1.0000 FPS: 16.04
13:48:27.698 [INFO] (trainer.py:161) Total Episode:   119 Steps:   10862 Episode Steps:   106 Return:  1.0000 FPS: 15.84
13:48:34.424 [INFO] (trainer.py:161) Total Episode:   120 Steps:   10967 Episode Steps:   105 Return:  1.0000 FPS: 15.61
13:48:36.657 [INFO] (trainer.py:161) Total Episode:   121 Steps:   10992 Episode Steps:    25 Return: -1.0000 FPS: 11.20
13:48:39.288 [INFO] (trainer.py:161) Total Episode:   122 Steps:   11023 Episode Steps:    31 Return: -1.0000 FPS: 11.78
13:48:46.199 [INFO] (trainer.py:161) Total Episode:   123 Steps:   11130 Episode Steps:   107 Return:  1.0000 FPS: 15.49
13:48:52.963 [INFO] (trainer.py:161) Total Episode:   124 Steps:   11238 Episode Steps:   108 Return:  1.0000 FPS: 15.97
13:48:59.986 [INFO] (trainer.py:161) Total Episode:   125 Steps:   11351 Episode Steps:   113 Return:  1.0000 FPS: 16.09
13:49:06.735 [INFO] (trainer.py:161) Total Episode:   126 Steps:   11461 Episode Steps:   110 Return:  1.0000 FPS: 16.30
13:49:09.033 [INFO] (trainer.py:161) Total Episode:   127 Steps:   11489 Episode Steps:    28 Return: -1.0000 FPS: 12.19
13:49:13.103 [INFO] (trainer.py:161) Total Episode:   128 Steps:   11551 Episode Steps:    62 Return: -1.0000 FPS: 15.24
13:49:17.868 [INFO] (trainer.py:161) Total Episode:   129 Steps:   11624 Episode Steps:    73 Return: -1.0000 FPS: 15.32
13:49:20.313 [INFO] (trainer.py:161) Total Episode:   130 Steps:   11657 Episode Steps:    33 Return: -1.0000 FPS: 13.50
13:49:27.186 [INFO] (trainer.py:161) Total Episode:   131 Steps:   11765 Episode Steps:   108 Return:  1.0000 FPS: 15.72
13:49:29.195 [INFO] (trainer.py:161) Total Episode:   132 Steps:   11787 Episode Steps:    22 Return: -1.0000 FPS: 10.96
13:49:31.267 [INFO] (trainer.py:161) Total Episode:   133 Steps:   11812 Episode Steps:    25 Return: -1.0000 FPS: 12.07
13:49:37.061 [INFO] (trainer.py:161) Total Episode:   134 Steps:   11901 Episode Steps:    89 Return: -1.0000 FPS: 15.36
13:49:52.895 [INFO] (trainer.py:161) Total Episode:   135 Steps:   12165 Episode Steps:   264 Return:  1.0000 FPS: 16.67
13:50:00.189 [INFO] (trainer.py:161) Total Episode:   136 Steps:   12279 Episode Steps:   114 Return:  1.0000 FPS: 15.63
13:50:02.357 [INFO] (trainer.py:161) Total Episode:   137 Steps:   12307 Episode Steps:    28 Return: -1.0000 FPS: 12.92
13:50:06.809 [INFO] (trainer.py:161) Total Episode:   138 Steps:   12370 Episode Steps:    63 Return: -1.0000 FPS: 14.15
13:50:14.159 [INFO] (trainer.py:161) Total Episode:   139 Steps:   12481 Episode Steps:   111 Return:  1.0000 FPS: 15.10
13:50:20.992 [INFO] (trainer.py:161) Total Episode:   140 Steps:   12590 Episode Steps:   109 Return:  1.0000 FPS: 15.96
13:50:27.558 [INFO] (trainer.py:161) Total Episode:   141 Steps:   12695 Episode Steps:   105 Return:  1.0000 FPS: 15.99
13:50:29.604 [INFO] (trainer.py:161) Total Episode:   142 Steps:   12719 Episode Steps:    24 Return: -1.0000 FPS: 11.74
13:50:31.647 [INFO] (trainer.py:161) Total Episode:   143 Steps:   12742 Episode Steps:    23 Return: -1.0000 FPS: 11.26
13:50:38.325 [INFO] (trainer.py:161) Total Episode:   144 Steps:   12849 Episode Steps:   107 Return:  1.0000 FPS: 16.02
13:50:40.274 [INFO] (trainer.py:161) Total Episode:   145 Steps:   12872 Episode Steps:    23 Return: -1.0000 FPS: 11.81
13:50:42.784 [INFO] (trainer.py:161) Total Episode:   146 Steps:   12899 Episode Steps:    27 Return: -1.0000 FPS: 10.76
13:50:45.172 [INFO] (trainer.py:161) Total Episode:   147 Steps:   12924 Episode Steps:    25 Return: -1.0000 FPS: 10.47
13:50:52.198 [INFO] (trainer.py:161) Total Episode:   148 Steps:   13034 Episode Steps:   110 Return:  1.0000 FPS: 15.66
13:50:59.221 [INFO] (trainer.py:161) Total Episode:   149 Steps:   13145 Episode Steps:   111 Return:  1.0000 FPS: 15.81
13:51:06.294 [INFO] (trainer.py:161) Total Episode:   150 Steps:   13254 Episode Steps:   109 Return:  1.0000 FPS: 15.41
13:51:13.238 [INFO] (trainer.py:161) Total Episode:   151 Steps:   13364 Episode Steps:   110 Return:  1.0000 FPS: 15.84
13:51:20.243 [INFO] (trainer.py:161) Total Episode:   152 Steps:   13475 Episode Steps:   111 Return:  1.0000 FPS: 15.85
13:51:27.398 [INFO] (trainer.py:161) Total Episode:   153 Steps:   13585 Episode Steps:   110 Return:  1.0000 FPS: 15.38
13:51:30.057 [INFO] (trainer.py:161) Total Episode:   154 Steps:   13618 Episode Steps:    33 Return: -1.0000 FPS: 12.42
13:51:37.229 [INFO] (trainer.py:161) Total Episode:   155 Steps:   13728 Episode Steps:   110 Return:  1.0000 FPS: 15.34
13:51:39.824 [INFO] (trainer.py:161) Total Episode:   156 Steps:   13762 Episode Steps:    34 Return: -1.0000 FPS: 13.11
13:51:43.054 [INFO] (trainer.py:161) Total Episode:   157 Steps:   13804 Episode Steps:    42 Return: -1.0000 FPS: 13.01
13:51:45.420 [INFO] (trainer.py:161) Total Episode:   158 Steps:   13834 Episode Steps:    30 Return: -1.0000 FPS: 12.69
13:51:52.444 [INFO] (trainer.py:161) Total Episode:   159 Steps:   13943 Episode Steps:   109 Return:  1.0000 FPS: 15.52
13:51:59.253 [INFO] (trainer.py:161) Total Episode:   160 Steps:   14050 Episode Steps:   107 Return:  1.0000 FPS: 15.72
13:52:06.348 [INFO] (trainer.py:161) Total Episode:   161 Steps:   14159 Episode Steps:   109 Return:  1.0000 FPS: 15.37
13:52:13.671 [INFO] (trainer.py:161) Total Episode:   162 Steps:   14266 Episode Steps:   107 Return:  1.0000 FPS: 14.61
13:52:16.629 [INFO] (trainer.py:161) Total Episode:   163 Steps:   14306 Episode Steps:    40 Return: -1.0000 FPS: 13.53
13:52:18.750 [INFO] (trainer.py:161) Total Episode:   164 Steps:   14329 Episode Steps:    23 Return: -1.0000 FPS: 10.85
13:52:20.727 [INFO] (trainer.py:161) Total Episode:   165 Steps:   14351 Episode Steps:    22 Return: -1.0000 FPS: 11.13
13:52:27.816 [INFO] (trainer.py:161) Total Episode:   166 Steps:   14458 Episode Steps:   107 Return:  1.0000 FPS: 15.10
13:52:34.843 [INFO] (trainer.py:161) Total Episode:   167 Steps:   14567 Episode Steps:   109 Return:  1.0000 FPS: 15.51
13:52:39.867 [INFO] (trainer.py:161) Total Episode:   168 Steps:   14637 Episode Steps:    70 Return: -1.0000 FPS: 13.94
13:52:41.819 [INFO] (trainer.py:161) Total Episode:   169 Steps:   14660 Episode Steps:    23 Return: -1.0000 FPS: 11.79
13:52:48.698 [INFO] (trainer.py:161) Total Episode:   170 Steps:   14771 Episode Steps:   111 Return:  1.0000 FPS: 16.14
13:52:51.444 [INFO] (trainer.py:161) Total Episode:   171 Steps:   14803 Episode Steps:    32 Return: -1.0000 FPS: 11.66
13:52:58.345 [INFO] (trainer.py:161) Total Episode:   172 Steps:   14907 Episode Steps:   104 Return:  1.0000 FPS: 15.07
13:53:05.449 [INFO] (trainer.py:161) Total Episode:   173 Steps:   15016 Episode Steps:   109 Return:  1.0000 FPS: 15.34
13:53:07.521 [INFO] (trainer.py:161) Total Episode:   174 Steps:   15038 Episode Steps:    22 Return: -1.0000 FPS: 10.62
13:53:14.422 [INFO] (trainer.py:161) Total Episode:   175 Steps:   15144 Episode Steps:   106 Return:  1.0000 FPS: 15.36
13:53:20.820 [INFO] (trainer.py:161) Total Episode:   176 Steps:   15249 Episode Steps:   105 Return:  1.0000 FPS: 16.41
13:53:27.492 [INFO] (trainer.py:161) Total Episode:   177 Steps:   15356 Episode Steps:   107 Return:  1.0000 FPS: 16.04
13:53:34.377 [INFO] (trainer.py:161) Total Episode:   178 Steps:   15463 Episode Steps:   107 Return:  1.0000 FPS: 15.54
13:53:41.425 [INFO] (trainer.py:161) Total Episode:   179 Steps:   15573 Episode Steps:   110 Return:  1.0000 FPS: 15.61
13:53:48.401 [INFO] (trainer.py:161) Total Episode:   180 Steps:   15679 Episode Steps:   106 Return:  1.0000 FPS: 15.20
13:53:55.104 [INFO] (trainer.py:161) Total Episode:   181 Steps:   15786 Episode Steps:   107 Return:  1.0000 FPS: 15.97
13:54:02.777 [INFO] (trainer.py:161) Total Episode:   182 Steps:   15906 Episode Steps:   120 Return:  1.0000 FPS: 15.64
13:54:09.543 [INFO] (trainer.py:161) Total Episode:   183 Steps:   16014 Episode Steps:   108 Return:  1.0000 FPS: 15.97
13:54:11.612 [INFO] (trainer.py:161) Total Episode:   184 Steps:   16037 Episode Steps:    23 Return: -1.0000 FPS: 11.12
13:54:30.070 [INFO] (trainer.py:161) Total Episode:   185 Steps:   16351 Episode Steps:   314 Return:  1.0000 FPS: 17.01
13:54:36.812 [INFO] (trainer.py:161) Total Episode:   186 Steps:   16457 Episode Steps:   106 Return:  1.0000 FPS: 15.72
13:54:41.179 [INFO] (trainer.py:161) Total Episode:   187 Steps:   16522 Episode Steps:    65 Return: -1.0000 FPS: 14.89
13:54:47.953 [INFO] (trainer.py:161) Total Episode:   188 Steps:   16628 Episode Steps:   106 Return:  1.0000 FPS: 15.65
13:54:55.123 [INFO] (trainer.py:161) Total Episode:   189 Steps:   16733 Episode Steps:   105 Return:  1.0000 FPS: 14.65
13:55:01.956 [INFO] (trainer.py:161) Total Episode:   190 Steps:   16842 Episode Steps:   109 Return:  1.0000 FPS: 15.95
13:55:03.946 [INFO] (trainer.py:161) Total Episode:   191 Steps:   16865 Episode Steps:    23 Return: -1.0000 FPS: 11.57
13:55:10.615 [INFO] (trainer.py:161) Total Episode:   192 Steps:   16972 Episode Steps:   107 Return:  1.0000 FPS: 16.05
13:55:12.975 [INFO] (trainer.py:161) Total Episode:   193 Steps:   17001 Episode Steps:    29 Return: -1.0000 FPS: 12.29
13:55:19.752 [INFO] (trainer.py:161) Total Episode:   194 Steps:   17110 Episode Steps:   109 Return:  1.0000 FPS: 16.09
13:55:22.061 [INFO] (trainer.py:161) Total Episode:   195 Steps:   17137 Episode Steps:    27 Return: -1.0000 FPS: 11.70
13:55:29.101 [INFO] (trainer.py:161) Total Episode:   196 Steps:   17250 Episode Steps:   113 Return:  1.0000 FPS: 16.05
13:55:35.720 [INFO] (trainer.py:161) Total Episode:   197 Steps:   17357 Episode Steps:   107 Return:  1.0000 FPS: 16.17
13:55:42.289 [INFO] (trainer.py:161) Total Episode:   198 Steps:   17461 Episode Steps:   104 Return:  1.0000 FPS: 15.83
13:55:49.217 [INFO] (trainer.py:161) Total Episode:   199 Steps:   17570 Episode Steps:   109 Return:  1.0000 FPS: 15.74
13:56:04.273 [INFO] (trainer.py:161) Total Episode:   200 Steps:   17818 Episode Steps:   248 Return: -1.0000 FPS: 16.47
13:56:11.078 [INFO] (trainer.py:161) Total Episode:   201 Steps:   17924 Episode Steps:   106 Return:  1.0000 FPS: 15.58
13:56:17.594 [INFO] (trainer.py:161) Total Episode:   202 Steps:   18029 Episode Steps:   105 Return:  1.0000 FPS: 16.12
13:56:24.252 [INFO] (trainer.py:161) Total Episode:   203 Steps:   18134 Episode Steps:   105 Return:  1.0000 FPS: 15.77
13:56:31.093 [INFO] (trainer.py:161) Total Episode:   204 Steps:   18239 Episode Steps:   105 Return:  1.0000 FPS: 15.35
13:56:37.854 [INFO] (trainer.py:161) Total Episode:   205 Steps:   18347 Episode Steps:   108 Return:  1.0000 FPS: 15.98
13:56:44.374 [INFO] (trainer.py:161) Total Episode:   206 Steps:   18453 Episode Steps:   106 Return:  1.0000 FPS: 16.26
13:56:51.027 [INFO] (trainer.py:161) Total Episode:   207 Steps:   18559 Episode Steps:   106 Return:  1.0000 FPS: 15.93
13:56:57.819 [INFO] (trainer.py:161) Total Episode:   208 Steps:   18667 Episode Steps:   108 Return:  1.0000 FPS: 15.90
13:57:04.430 [INFO] (trainer.py:161) Total Episode:   209 Steps:   18772 Episode Steps:   105 Return:  1.0000 FPS: 15.89
13:57:11.026 [INFO] (trainer.py:161) Total Episode:   210 Steps:   18877 Episode Steps:   105 Return:  1.0000 FPS: 15.92
13:57:17.859 [INFO] (trainer.py:161) Total Episode:   211 Steps:   18986 Episode Steps:   109 Return:  1.0000 FPS: 15.95
13:57:19.937 [INFO] (trainer.py:161) Total Episode:   212 Steps:   19009 Episode Steps:    23 Return: -1.0000 FPS: 11.08
13:57:26.726 [INFO] (trainer.py:161) Total Episode:   213 Steps:   19116 Episode Steps:   107 Return:  1.0000 FPS: 15.76
13:57:33.824 [INFO] (trainer.py:161) Total Episode:   214 Steps:   19228 Episode Steps:   112 Return:  1.0000 FPS: 15.78
13:57:40.671 [INFO] (trainer.py:161) Total Episode:   215 Steps:   19336 Episode Steps:   108 Return:  1.0000 FPS: 15.78
13:57:43.154 [INFO] (trainer.py:161) Total Episode:   216 Steps:   19368 Episode Steps:    32 Return: -1.0000 FPS: 12.90
13:57:45.209 [INFO] (trainer.py:161) Total Episode:   217 Steps:   19392 Episode Steps:    24 Return: -1.0000 FPS: 11.68
13:57:47.961 [INFO] (trainer.py:161) Total Episode:   218 Steps:   19430 Episode Steps:    38 Return: -1.0000 FPS: 13.81
13:57:54.488 [INFO] (trainer.py:161) Total Episode:   219 Steps:   19536 Episode Steps:   106 Return:  1.0000 FPS: 16.24
13:58:01.278 [INFO] (trainer.py:161) Total Episode:   220 Steps:   19642 Episode Steps:   106 Return:  1.0000 FPS: 15.61
13:58:03.755 [INFO] (trainer.py:161) Total Episode:   221 Steps:   19672 Episode Steps:    30 Return: -1.0000 FPS: 12.11
13:58:10.359 [INFO] (trainer.py:161) Total Episode:   222 Steps:   19779 Episode Steps:   107 Return:  1.0000 FPS: 16.20
13:58:17.115 [INFO] (trainer.py:161) Total Episode:   223 Steps:   19886 Episode Steps:   107 Return:  1.0000 FPS: 15.84
13:58:23.959 [INFO] (trainer.py:161) Total Episode:   224 Steps:   19992 Episode Steps:   106 Return:  1.0000 FPS: 15.49
13:58:30.824 [INFO] (trainer.py:161) Total Episode:   225 Steps:   20101 Episode Steps:   109 Return:  1.0000 FPS: 15.88
13:58:37.797 [INFO] (trainer.py:161) Total Episode:   226 Steps:   20214 Episode Steps:   113 Return:  1.0000 FPS: 16.21
13:58:44.532 [INFO] (trainer.py:161) Total Episode:   227 Steps:   20322 Episode Steps:   108 Return:  1.0000 FPS: 16.04
13:58:46.604 [INFO] (trainer.py:161) Total Episode:   228 Steps:   20348 Episode Steps:    26 Return: -1.0000 FPS: 12.55
13:58:48.604 [INFO] (trainer.py:161) Total Episode:   229 Steps:   20371 Episode Steps:    23 Return: -1.0000 FPS: 11.51
13:58:50.563 [INFO] (trainer.py:161) Total Episode:   230 Steps:   20394 Episode Steps:    23 Return: -1.0000 FPS: 11.74
13:58:57.087 [INFO] (trainer.py:161) Total Episode:   231 Steps:   20501 Episode Steps:   107 Return:  1.0000 FPS: 16.40
13:59:03.781 [INFO] (trainer.py:161) Total Episode:   232 Steps:   20607 Episode Steps:   106 Return:  1.0000 FPS: 15.84
13:59:05.657 [INFO] (trainer.py:161) Total Episode:   233 Steps:   20629 Episode Steps:    22 Return: -1.0000 FPS: 11.74
13:59:12.312 [INFO] (trainer.py:161) Total Episode:   234 Steps:   20735 Episode Steps:   106 Return:  1.0000 FPS: 15.93
13:59:18.838 [INFO] (trainer.py:161) Total Episode:   235 Steps:   20840 Episode Steps:   105 Return:  1.0000 FPS: 16.09
13:59:25.600 [INFO] (trainer.py:161) Total Episode:   236 Steps:   20951 Episode Steps:   111 Return:  1.0000 FPS: 16.42
13:59:32.095 [INFO] (trainer.py:161) Total Episode:   237 Steps:   21056 Episode Steps:   105 Return:  1.0000 FPS: 16.17
13:59:34.393 [INFO] (trainer.py:161) Total Episode:   238 Steps:   21086 Episode Steps:    30 Return: -1.0000 FPS: 13.06
13:59:37.200 [INFO] (trainer.py:161) Total Episode:   239 Steps:   21126 Episode Steps:    40 Return: -1.0000 FPS: 14.25
13:59:44.195 [INFO] (trainer.py:161) Total Episode:   240 Steps:   21233 Episode Steps:   107 Return:  1.0000 FPS: 15.30
13:59:51.138 [INFO] (trainer.py:161) Total Episode:   241 Steps:   21339 Episode Steps:   106 Return:  1.0000 FPS: 15.27
13:59:53.493 [INFO] (trainer.py:161) Total Episode:   242 Steps:   21366 Episode Steps:    27 Return: -1.0000 FPS: 11.47
13:59:59.973 [INFO] (trainer.py:161) Total Episode:   243 Steps:   21469 Episode Steps:   103 Return:  1.0000 FPS: 15.90
14:00:01.818 [INFO] (trainer.py:161) Total Episode:   244 Steps:   21491 Episode Steps:    22 Return: -1.0000 FPS: 11.93
14:00:08.375 [INFO] (trainer.py:161) Total Episode:   245 Steps:   21598 Episode Steps:   107 Return:  1.0000 FPS: 16.32
14:00:15.073 [INFO] (trainer.py:161) Total Episode:   246 Steps:   21704 Episode Steps:   106 Return:  1.0000 FPS: 15.83
14:00:17.774 [INFO] (trainer.py:161) Total Episode:   247 Steps:   21741 Episode Steps:    37 Return: -1.0000 FPS: 13.70
14:00:32.146 [INFO] (trainer.py:161) Total Episode:   248 Steps:   21991 Episode Steps:   250 Return:  1.0000 FPS: 17.40
14:00:33.933 [INFO] (trainer.py:161) Total Episode:   249 Steps:   22012 Episode Steps:    21 Return: -1.0000 FPS: 11.76
14:00:40.779 [INFO] (trainer.py:161) Total Episode:   250 Steps:   22119 Episode Steps:   107 Return:  1.0000 FPS: 15.63
14:00:43.228 [INFO] (trainer.py:161) Total Episode:   251 Steps:   22147 Episode Steps:    28 Return: -1.0000 FPS: 11.44
14:00:50.092 [INFO] (trainer.py:161) Total Episode:   252 Steps:   22253 Episode Steps:   106 Return:  1.0000 FPS: 15.45
14:00:57.041 [INFO] (trainer.py:161) Total Episode:   253 Steps:   22359 Episode Steps:   106 Return:  1.0000 FPS: 15.26
14:01:03.427 [INFO] (trainer.py:161) Total Episode:   254 Steps:   22462 Episode Steps:   103 Return:  1.0000 FPS: 16.13
14:01:05.142 [INFO] (trainer.py:161) Total Episode:   255 Steps:   22482 Episode Steps:    20 Return: -1.0000 FPS: 11.67
14:01:07.230 [INFO] (trainer.py:161) Total Episode:   256 Steps:   22508 Episode Steps:    26 Return: -1.0000 FPS: 12.46
14:01:13.878 [INFO] (trainer.py:161) Total Episode:   257 Steps:   22615 Episode Steps:   107 Return:  1.0000 FPS: 16.10
14:01:20.520 [INFO] (trainer.py:161) Total Episode:   258 Steps:   22722 Episode Steps:   107 Return:  1.0000 FPS: 16.11
14:01:27.019 [INFO] (trainer.py:161) Total Episode:   259 Steps:   22828 Episode Steps:   106 Return:  1.0000 FPS: 16.31
14:01:33.561 [INFO] (trainer.py:161) Total Episode:   260 Steps:   22933 Episode Steps:   105 Return:  1.0000 FPS: 16.05
14:01:40.111 [INFO] (trainer.py:161) Total Episode:   261 Steps:   23040 Episode Steps:   107 Return:  1.0000 FPS: 16.34
14:01:47.251 [INFO] (trainer.py:161) Total Episode:   262 Steps:   23158 Episode Steps:   118 Return:  0.0000 FPS: 16.53
14:01:49.781 [INFO] (trainer.py:161) Total Episode:   263 Steps:   23191 Episode Steps:    33 Return: -1.0000 FPS: 13.05
14:01:52.059 [INFO] (trainer.py:161) Total Episode:   264 Steps:   23221 Episode Steps:    30 Return: -1.0000 FPS: 13.18
14:01:58.628 [INFO] (trainer.py:161) Total Episode:   265 Steps:   23327 Episode Steps:   106 Return:  1.0000 FPS: 16.14
14:02:05.192 [INFO] (trainer.py:161) Total Episode:   266 Steps:   23434 Episode Steps:   107 Return:  1.0000 FPS: 16.30
14:02:12.117 [INFO] (trainer.py:161) Total Episode:   267 Steps:   23548 Episode Steps:   114 Return:  1.0000 FPS: 16.47
14:02:18.765 [INFO] (trainer.py:161) Total Episode:   268 Steps:   23655 Episode Steps:   107 Return:  1.0000 FPS: 16.10
14:02:25.663 [INFO] (trainer.py:161) Total Episode:   269 Steps:   23764 Episode Steps:   109 Return:  1.0000 FPS: 15.81
14:02:28.178 [INFO] (trainer.py:161) Total Episode:   270 Steps:   23798 Episode Steps:    34 Return: -1.0000 FPS: 13.52
14:02:34.718 [INFO] (trainer.py:161) Total Episode:   271 Steps:   23903 Episode Steps:   105 Return:  1.0000 FPS: 16.06
14:02:41.666 [INFO] (trainer.py:161) Total Episode:   272 Steps:   24016 Episode Steps:   113 Return:  1.0000 FPS: 16.27
14:02:48.401 [INFO] (trainer.py:161) Total Episode:   273 Steps:   24125 Episode Steps:   109 Return:  1.0000 FPS: 16.19
14:03:03.809 [INFO] (trainer.py:161) Total Episode:   274 Steps:   24385 Episode Steps:   260 Return: -1.0000 FPS: 16.88
14:03:11.038 [INFO] (trainer.py:161) Total Episode:   275 Steps:   24495 Episode Steps:   110 Return:  1.0000 FPS: 15.22
14:03:18.166 [INFO] (trainer.py:161) Total Episode:   276 Steps:   24606 Episode Steps:   111 Return:  1.0000 FPS: 15.57
14:03:24.956 [INFO] (trainer.py:161) Total Episode:   277 Steps:   24713 Episode Steps:   107 Return:  1.0000 FPS: 15.76
14:03:31.563 [INFO] (trainer.py:161) Total Episode:   278 Steps:   24820 Episode Steps:   107 Return:  1.0000 FPS: 16.20
14:03:33.676 [INFO] (trainer.py:161) Total Episode:   279 Steps:   24847 Episode Steps:    27 Return: -1.0000 FPS: 12.78
14:03:35.395 [INFO] (trainer.py:161) Total Episode:   280 Steps:   24867 Episode Steps:    20 Return: -1.0000 FPS: 11.64
14:03:37.678 [INFO] (trainer.py:161) Total Episode:   281 Steps:   24896 Episode Steps:    29 Return: -1.0000 FPS: 12.71
14:03:44.389 [INFO] (trainer.py:161) Total Episode:   282 Steps:   25005 Episode Steps:   109 Return:  1.0000 FPS: 16.25
14:03:51.090 [INFO] (trainer.py:161) Total Episode:   283 Steps:   25114 Episode Steps:   109 Return:  1.0000 FPS: 16.27
14:03:57.948 [INFO] (trainer.py:161) Total Episode:   284 Steps:   25226 Episode Steps:   112 Return:  1.0000 FPS: 16.33
14:03:59.854 [INFO] (trainer.py:161) Total Episode:   285 Steps:   25248 Episode Steps:    22 Return: -1.0000 FPS: 11.55
14:04:01.690 [INFO] (trainer.py:161) Total Episode:   286 Steps:   25270 Episode Steps:    22 Return: -1.0000 FPS: 11.99
14:04:08.500 [INFO] (trainer.py:161) Total Episode:   287 Steps:   25379 Episode Steps:   109 Return:  1.0000 FPS: 16.01
14:04:15.140 [INFO] (trainer.py:161) Total Episode:   288 Steps:   25485 Episode Steps:   106 Return:  1.0000 FPS: 15.97
14:04:17.242 [INFO] (trainer.py:161) Total Episode:   289 Steps:   25511 Episode Steps:    26 Return: -1.0000 FPS: 12.38
14:04:19.038 [INFO] (trainer.py:161) Total Episode:   290 Steps:   25532 Episode Steps:    21 Return: -1.0000 FPS: 11.70
14:04:21.049 [INFO] (trainer.py:161) Total Episode:   291 Steps:   25556 Episode Steps:    24 Return: -1.0000 FPS: 11.94
14:04:27.904 [INFO] (trainer.py:161) Total Episode:   292 Steps:   25664 Episode Steps:   108 Return:  1.0000 FPS: 15.76
14:04:29.933 [INFO] (trainer.py:161) Total Episode:   293 Steps:   25687 Episode Steps:    23 Return: -1.0000 FPS: 11.35
14:04:36.793 [INFO] (trainer.py:161) Total Episode:   294 Steps:   25796 Episode Steps:   109 Return:  1.0000 FPS: 15.89
14:04:43.719 [INFO] (trainer.py:161) Total Episode:   295 Steps:   25905 Episode Steps:   109 Return:  1.0000 FPS: 15.74
14:04:51.100 [INFO] (trainer.py:161) Total Episode:   296 Steps:   26023 Episode Steps:   118 Return:  1.0000 FPS: 15.99
14:05:11.119 [INFO] (trainer.py:161) Total Episode:   297 Steps:   26367 Episode Steps:   344 Return:  1.0000 FPS: 17.18
14:05:26.031 [INFO] (trainer.py:161) Total Episode:   298 Steps:   26611 Episode Steps:   244 Return:  1.0000 FPS: 16.36
14:05:28.663 [INFO] (trainer.py:161) Total Episode:   299 Steps:   26645 Episode Steps:    34 Return: -1.0000 FPS: 12.92
14:05:35.652 [INFO] (trainer.py:161) Total Episode:   300 Steps:   26752 Episode Steps:   107 Return:  1.0000 FPS: 15.31
14:05:42.306 [INFO] (trainer.py:161) Total Episode:   301 Steps:   26858 Episode Steps:   106 Return:  1.0000 FPS: 15.93
14:05:48.842 [INFO] (trainer.py:161) Total Episode:   302 Steps:   26965 Episode Steps:   107 Return:  1.0000 FPS: 16.37
14:05:55.403 [INFO] (trainer.py:161) Total Episode:   303 Steps:   27072 Episode Steps:   107 Return:  1.0000 FPS: 16.31
14:06:02.094 [INFO] (trainer.py:161) Total Episode:   304 Steps:   27180 Episode Steps:   108 Return:  1.0000 FPS: 16.14
14:06:08.776 [INFO] (trainer.py:161) Total Episode:   305 Steps:   27287 Episode Steps:   107 Return:  1.0000 FPS: 16.02
14:06:15.642 [INFO] (trainer.py:161) Total Episode:   306 Steps:   27393 Episode Steps:   106 Return:  1.0000 FPS: 15.44
14:06:18.233 [INFO] (trainer.py:161) Total Episode:   307 Steps:   27429 Episode Steps:    36 Return: -1.0000 FPS: 13.90
14:06:20.639 [INFO] (trainer.py:161) Total Episode:   308 Steps:   27460 Episode Steps:    31 Return: -1.0000 FPS: 12.89
14:06:27.129 [INFO] (trainer.py:161) Total Episode:   309 Steps:   27567 Episode Steps:   107 Return:  1.0000 FPS: 16.49
14:06:28.982 [INFO] (trainer.py:161) Total Episode:   310 Steps:   27590 Episode Steps:    23 Return: -1.0000 FPS: 12.42
14:06:35.706 [INFO] (trainer.py:161) Total Episode:   311 Steps:   27698 Episode Steps:   108 Return:  1.0000 FPS: 16.06
14:06:38.090 [INFO] (trainer.py:161) Total Episode:   312 Steps:   27729 Episode Steps:    31 Return: -1.0000 FPS: 13.01
14:06:39.907 [INFO] (trainer.py:161) Total Episode:   313 Steps:   27750 Episode Steps:    21 Return: -1.0000 FPS: 11.57
14:06:46.786 [INFO] (trainer.py:161) Total Episode:   314 Steps:   27859 Episode Steps:   109 Return:  1.0000 FPS: 15.85
14:06:53.753 [INFO] (trainer.py:161) Total Episode:   315 Steps:   27968 Episode Steps:   109 Return:  1.0000 FPS: 15.65
14:07:00.388 [INFO] (trainer.py:161) Total Episode:   316 Steps:   28074 Episode Steps:   106 Return:  1.0000 FPS: 15.98
14:07:07.179 [INFO] (trainer.py:161) Total Episode:   317 Steps:   28180 Episode Steps:   106 Return:  1.0000 FPS: 15.61
14:07:09.253 [INFO] (trainer.py:161) Total Episode:   318 Steps:   28202 Episode Steps:    22 Return: -1.0000 FPS: 10.61
14:07:29.032 [INFO] (trainer.py:161) Total Episode:   319 Steps:   28539 Episode Steps:   337 Return: -1.0000 FPS: 17.04
14:07:35.627 [INFO] (trainer.py:161) Total Episode:   320 Steps:   28645 Episode Steps:   106 Return:  1.0000 FPS: 16.08
14:07:42.268 [INFO] (trainer.py:161) Total Episode:   321 Steps:   28751 Episode Steps:   106 Return:  1.0000 FPS: 15.96
14:07:44.166 [INFO] (trainer.py:161) Total Episode:   322 Steps:   28773 Episode Steps:    22 Return: -1.0000 FPS: 11.60
14:07:46.095 [INFO] (trainer.py:161) Total Episode:   323 Steps:   28796 Episode Steps:    23 Return: -1.0000 FPS: 11.93
14:07:48.009 [INFO] (trainer.py:161) Total Episode:   324 Steps:   28818 Episode Steps:    22 Return: -1.0000 FPS: 11.50
14:07:54.705 [INFO] (trainer.py:161) Total Episode:   325 Steps:   28924 Episode Steps:   106 Return:  1.0000 FPS: 15.83
14:07:56.613 [INFO] (trainer.py:161) Total Episode:   326 Steps:   28946 Episode Steps:    22 Return: -1.0000 FPS: 11.54
14:08:03.392 [INFO] (trainer.py:161) Total Episode:   327 Steps:   29057 Episode Steps:   111 Return:  1.0000 FPS: 16.38
14:08:10.297 [INFO] (trainer.py:161) Total Episode:   328 Steps:   29167 Episode Steps:   110 Return:  1.0000 FPS: 15.93
14:08:17.229 [INFO] (trainer.py:161) Total Episode:   329 Steps:   29274 Episode Steps:   107 Return:  1.0000 FPS: 15.44
14:08:28.496 [INFO] (trainer.py:161) Total Episode:   330 Steps:   29466 Episode Steps:   192 Return:  1.0000 FPS: 17.04
14:08:35.266 [INFO] (trainer.py:161) Total Episode:   331 Steps:   29572 Episode Steps:   106 Return:  1.0000 FPS: 15.66
14:08:42.126 [INFO] (trainer.py:161) Total Episode:   332 Steps:   29682 Episode Steps:   110 Return:  1.0000 FPS: 16.04
14:08:48.746 [INFO] (trainer.py:161) Total Episode:   333 Steps:   29789 Episode Steps:   107 Return:  1.0000 FPS: 16.17
14:08:50.566 [INFO] (trainer.py:161) Total Episode:   334 Steps:   29810 Episode Steps:    21 Return: -1.0000 FPS: 11.54
14:08:57.514 [INFO] (trainer.py:161) Total Episode:   335 Steps:   29922 Episode Steps:   112 Return:  1.0000 FPS: 16.12
14:09:04.484 [INFO] (trainer.py:161) Total Episode:   336 Steps:   30030 Episode Steps:   108 Return:  1.0000 FPS: 15.50
14:09:11.519 [INFO] (trainer.py:161) Total Episode:   337 Steps:   30141 Episode Steps:   111 Return:  1.0000 FPS: 15.78
14:09:18.298 [INFO] (trainer.py:161) Total Episode:   338 Steps:   30248 Episode Steps:   107 Return:  1.0000 FPS: 15.79
14:09:20.342 [INFO] (trainer.py:161) Total Episode:   339 Steps:   30272 Episode Steps:    24 Return: -1.0000 FPS: 11.74
14:09:27.239 [INFO] (trainer.py:161) Total Episode:   340 Steps:   30381 Episode Steps:   109 Return:  1.0000 FPS: 15.81
14:09:34.061 [INFO] (trainer.py:161) Total Episode:   341 Steps:   30489 Episode Steps:   108 Return:  1.0000 FPS: 15.83
14:09:40.873 [INFO] (trainer.py:161) Total Episode:   342 Steps:   30597 Episode Steps:   108 Return:  1.0000 FPS: 15.86
14:09:47.702 [INFO] (trainer.py:161) Total Episode:   343 Steps:   30704 Episode Steps:   107 Return:  1.0000 FPS: 15.67
14:09:54.278 [INFO] (trainer.py:161) Total Episode:   344 Steps:   30810 Episode Steps:   106 Return:  1.0000 FPS: 16.12
14:10:01.112 [INFO] (trainer.py:161) Total Episode:   345 Steps:   30918 Episode Steps:   108 Return:  1.0000 FPS: 15.81
14:10:03.118 [INFO] (trainer.py:161) Total Episode:   346 Steps:   30941 Episode Steps:    23 Return: -1.0000 FPS: 11.47
14:10:09.966 [INFO] (trainer.py:161) Total Episode:   347 Steps:   31052 Episode Steps:   111 Return:  1.0000 FPS: 16.21
14:10:16.495 [INFO] (trainer.py:161) Total Episode:   348 Steps:   31159 Episode Steps:   107 Return:  1.0000 FPS: 16.39
14:10:23.210 [INFO] (trainer.py:161) Total Episode:   349 Steps:   31267 Episode Steps:   108 Return:  1.0000 FPS: 16.08
14:10:30.099 [INFO] (trainer.py:161) Total Episode:   350 Steps:   31374 Episode Steps:   107 Return:  1.0000 FPS: 15.54
14:10:36.874 [INFO] (trainer.py:161) Total Episode:   351 Steps:   31484 Episode Steps:   110 Return:  1.0000 FPS: 16.24
14:10:43.572 [INFO] (trainer.py:161) Total Episode:   352 Steps:   31594 Episode Steps:   110 Return:  1.0000 FPS: 16.43
14:10:45.469 [INFO] (trainer.py:161) Total Episode:   353 Steps:   31617 Episode Steps:    23 Return: -1.0000 FPS: 12.13
14:10:52.310 [INFO] (trainer.py:161) Total Episode:   354 Steps:   31729 Episode Steps:   112 Return:  1.0000 FPS: 16.37
14:10:54.875 [INFO] (trainer.py:161) Total Episode:   355 Steps:   31763 Episode Steps:    34 Return: -1.0000 FPS: 13.26
14:10:57.097 [INFO] (trainer.py:161) Total Episode:   356 Steps:   31790 Episode Steps:    27 Return: -1.0000 FPS: 12.16
14:11:03.882 [INFO] (trainer.py:161) Total Episode:   357 Steps:   31901 Episode Steps:   111 Return:  1.0000 FPS: 16.36
14:11:10.433 [INFO] (trainer.py:161) Total Episode:   358 Steps:   32008 Episode Steps:   107 Return:  1.0000 FPS: 16.33
14:11:17.124 [INFO] (trainer.py:161) Total Episode:   359 Steps:   32119 Episode Steps:   111 Return:  1.0000 FPS: 16.59
14:11:19.475 [INFO] (trainer.py:161) Total Episode:   360 Steps:   32148 Episode Steps:    29 Return: -1.0000 FPS: 12.34
14:11:21.578 [INFO] (trainer.py:161) Total Episode:   361 Steps:   32171 Episode Steps:    23 Return: -1.0000 FPS: 10.94
14:11:28.276 [INFO] (trainer.py:161) Total Episode:   362 Steps:   32278 Episode Steps:   107 Return:  1.0000 FPS: 15.98
14:11:35.083 [INFO] (trainer.py:161) Total Episode:   363 Steps:   32387 Episode Steps:   109 Return:  1.0000 FPS: 16.02
14:11:41.807 [INFO] (trainer.py:161) Total Episode:   364 Steps:   32495 Episode Steps:   108 Return:  1.0000 FPS: 16.06
14:11:48.642 [INFO] (trainer.py:161) Total Episode:   365 Steps:   32603 Episode Steps:   108 Return:  1.0000 FPS: 15.80
14:11:50.512 [INFO] (trainer.py:161) Total Episode:   366 Steps:   32625 Episode Steps:    22 Return: -1.0000 FPS: 11.77
14:11:57.190 [INFO] (trainer.py:161) Total Episode:   367 Steps:   32732 Episode Steps:   107 Return:  1.0000 FPS: 16.03
14:11:59.051 [INFO] (trainer.py:161) Total Episode:   368 Steps:   32754 Episode Steps:    22 Return: -1.0000 FPS: 11.83
14:12:00.975 [INFO] (trainer.py:161) Total Episode:   369 Steps:   32777 Episode Steps:    23 Return: -1.0000 FPS: 11.96
14:12:07.763 [INFO] (trainer.py:161) Total Episode:   370 Steps:   32885 Episode Steps:   108 Return:  1.0000 FPS: 15.91
14:12:14.399 [INFO] (trainer.py:161) Total Episode:   371 Steps:   32992 Episode Steps:   107 Return:  1.0000 FPS: 16.13
14:12:21.230 [INFO] (trainer.py:161) Total Episode:   372 Steps:   33102 Episode Steps:   110 Return:  1.0000 FPS: 16.11
14:12:27.736 [INFO] (trainer.py:161) Total Episode:   373 Steps:   33208 Episode Steps:   106 Return:  1.0000 FPS: 16.29
14:12:34.587 [INFO] (trainer.py:161) Total Episode:   374 Steps:   33316 Episode Steps:   108 Return:  1.0000 FPS: 15.77
14:12:41.276 [INFO] (trainer.py:161) Total Episode:   375 Steps:   33423 Episode Steps:   107 Return:  1.0000 FPS: 16.00
14:12:47.762 [INFO] (trainer.py:161) Total Episode:   376 Steps:   33529 Episode Steps:   106 Return:  1.0000 FPS: 16.35
14:12:49.758 [INFO] (trainer.py:161) Total Episode:   377 Steps:   33553 Episode Steps:    24 Return: -1.0000 FPS: 12.03
14:12:56.409 [INFO] (trainer.py:161) Total Episode:   378 Steps:   33659 Episode Steps:   106 Return:  1.0000 FPS: 15.94
14:13:03.031 [INFO] (trainer.py:161) Total Episode:   379 Steps:   33766 Episode Steps:   107 Return:  1.0000 FPS: 16.16
14:13:05.353 [INFO] (trainer.py:161) Total Episode:   380 Steps:   33793 Episode Steps:    27 Return: -1.0000 FPS: 11.64
14:13:07.921 [INFO] (trainer.py:161) Total Episode:   381 Steps:   33827 Episode Steps:    34 Return: -1.0000 FPS: 13.24
14:13:14.523 [INFO] (trainer.py:161) Total Episode:   382 Steps:   33933 Episode Steps:   106 Return:  1.0000 FPS: 16.06
14:13:21.107 [INFO] (trainer.py:161) Total Episode:   383 Steps:   34040 Episode Steps:   107 Return:  1.0000 FPS: 16.26
14:13:27.797 [INFO] (trainer.py:161) Total Episode:   384 Steps:   34147 Episode Steps:   107 Return:  1.0000 FPS: 16.00
14:13:34.627 [INFO] (trainer.py:161) Total Episode:   385 Steps:   34255 Episode Steps:   108 Return:  1.0000 FPS: 15.81
14:13:36.458 [INFO] (trainer.py:161) Total Episode:   386 Steps:   34277 Episode Steps:    22 Return: -1.0000 FPS: 12.02
14:13:43.253 [INFO] (trainer.py:161) Total Episode:   387 Steps:   34386 Episode Steps:   109 Return:  1.0000 FPS: 16.04
14:13:49.948 [INFO] (trainer.py:161) Total Episode:   388 Steps:   34493 Episode Steps:   107 Return:  1.0000 FPS: 15.99
14:13:56.809 [INFO] (trainer.py:161) Total Episode:   389 Steps:   34604 Episode Steps:   111 Return:  1.0000 FPS: 16.18
14:14:03.596 [INFO] (trainer.py:161) Total Episode:   390 Steps:   34713 Episode Steps:   109 Return:  1.0000 FPS: 16.06
14:14:11.102 [INFO] (trainer.py:161) Total Episode:   391 Steps:   34822 Episode Steps:   109 Return:  1.0000 FPS: 14.52
14:14:13.445 [INFO] (trainer.py:161) Total Episode:   392 Steps:   34852 Episode Steps:    30 Return: -1.0000 FPS: 12.81
14:14:15.348 [INFO] (trainer.py:161) Total Episode:   393 Steps:   34874 Episode Steps:    22 Return: -1.0000 FPS: 11.56
14:14:22.089 [INFO] (trainer.py:161) Total Episode:   394 Steps:   34983 Episode Steps:   109 Return:  1.0000 FPS: 16.17
14:14:28.742 [INFO] (trainer.py:161) Total Episode:   395 Steps:   35090 Episode Steps:   107 Return:  1.0000 FPS: 16.09
14:14:30.730 [INFO] (trainer.py:161) Total Episode:   396 Steps:   35114 Episode Steps:    24 Return: -1.0000 FPS: 12.08
14:14:37.326 [INFO] (trainer.py:161) Total Episode:   397 Steps:   35221 Episode Steps:   107 Return:  1.0000 FPS: 16.22
14:14:39.360 [INFO] (trainer.py:161) Total Episode:   398 Steps:   35243 Episode Steps:    22 Return: -1.0000 FPS: 10.82
14:14:46.192 [INFO] (trainer.py:161) Total Episode:   399 Steps:   35355 Episode Steps:   112 Return:  1.0000 FPS: 16.40
14:14:53.090 [INFO] (trainer.py:161) Total Episode:   400 Steps:   35462 Episode Steps:   107 Return:  1.0000 FPS: 15.51
14:14:59.967 [INFO] (trainer.py:161) Total Episode:   401 Steps:   35572 Episode Steps:   110 Return:  1.0000 FPS: 16.00
14:15:01.893 [INFO] (trainer.py:161) Total Episode:   402 Steps:   35595 Episode Steps:    23 Return: -1.0000 FPS: 11.95
14:15:04.393 [INFO] (trainer.py:161) Total Episode:   403 Steps:   35628 Episode Steps:    33 Return: -1.0000 FPS: 13.20
14:15:11.213 [INFO] (trainer.py:161) Total Episode:   404 Steps:   35736 Episode Steps:   108 Return:  1.0000 FPS: 15.84
14:15:17.889 [INFO] (trainer.py:161) Total Episode:   405 Steps:   35844 Episode Steps:   108 Return:  1.0000 FPS: 16.18
14:15:24.453 [INFO] (trainer.py:161) Total Episode:   406 Steps:   35951 Episode Steps:   107 Return:  1.0000 FPS: 16.30
14:15:31.282 [INFO] (trainer.py:161) Total Episode:   407 Steps:   36060 Episode Steps:   109 Return:  1.0000 FPS: 15.96
14:15:37.743 [INFO] (trainer.py:161) Total Episode:   408 Steps:   36165 Episode Steps:   105 Return:  1.0000 FPS: 16.25
14:15:44.342 [INFO] (trainer.py:161) Total Episode:   409 Steps:   36273 Episode Steps:   108 Return:  1.0000 FPS: 16.37
14:15:50.761 [INFO] (trainer.py:161) Total Episode:   410 Steps:   36380 Episode Steps:   107 Return:  1.0000 FPS: 16.67
14:15:57.551 [INFO] (trainer.py:161) Total Episode:   411 Steps:   36488 Episode Steps:   108 Return:  1.0000 FPS: 15.91
14:16:04.233 [INFO] (trainer.py:161) Total Episode:   412 Steps:   36595 Episode Steps:   107 Return:  1.0000 FPS: 16.01
14:16:07.049 [INFO] (trainer.py:161) Total Episode:   413 Steps:   36634 Episode Steps:    39 Return: -1.0000 FPS: 13.86
14:16:13.603 [INFO] (trainer.py:161) Total Episode:   414 Steps:   36741 Episode Steps:   107 Return:  1.0000 FPS: 16.33
14:16:20.302 [INFO] (trainer.py:161) Total Episode:   415 Steps:   36849 Episode Steps:   108 Return:  1.0000 FPS: 16.13
14:16:26.931 [INFO] (trainer.py:161) Total Episode:   416 Steps:   36956 Episode Steps:   107 Return:  1.0000 FPS: 16.14
14:16:34.258 [INFO] (trainer.py:161) Total Episode:   417 Steps:   37070 Episode Steps:   114 Return:  1.0000 FPS: 15.56
14:16:36.204 [INFO] (trainer.py:161) Total Episode:   418 Steps:   37093 Episode Steps:    23 Return: -1.0000 FPS: 11.83
14:16:42.992 [INFO] (trainer.py:161) Total Episode:   419 Steps:   37203 Episode Steps:   110 Return:  1.0000 FPS: 16.21
14:16:49.591 [INFO] (trainer.py:161) Total Episode:   420 Steps:   37310 Episode Steps:   107 Return:  1.0000 FPS: 16.22
14:16:54.502 [INFO] (trainer.py:161) Total Episode:   421 Steps:   37385 Episode Steps:    75 Return: -1.0000 FPS: 15.27
14:17:01.416 [INFO] (trainer.py:161) Total Episode:   422 Steps:   37491 Episode Steps:   106 Return:  1.0000 FPS: 15.33
14:17:03.868 [INFO] (trainer.py:161) Total Episode:   423 Steps:   37522 Episode Steps:    31 Return: -1.0000 FPS: 12.65
14:17:11.183 [INFO] (trainer.py:161) Total Episode:   424 Steps:   37629 Episode Steps:   107 Return:  1.0000 FPS: 14.63
14:17:13.269 [INFO] (trainer.py:161) Total Episode:   425 Steps:   37651 Episode Steps:    22 Return: -1.0000 FPS: 10.55
14:17:33.313 [INFO] (trainer.py:161) Total Episode:   426 Steps:   37981 Episode Steps:   330 Return: -1.0000 FPS: 16.46
14:17:40.248 [INFO] (trainer.py:161) Total Episode:   427 Steps:   38089 Episode Steps:   108 Return:  1.0000 FPS: 15.58
14:17:47.266 [INFO] (trainer.py:161) Total Episode:   428 Steps:   38199 Episode Steps:   110 Return:  1.0000 FPS: 15.68
14:17:53.191 [INFO] (trainer.py:161) Total Episode:   429 Steps:   38289 Episode Steps:    90 Return: -1.0000 FPS: 15.19
14:17:59.924 [INFO] (trainer.py:161) Total Episode:   430 Steps:   38395 Episode Steps:   106 Return:  1.0000 FPS: 15.75
14:18:01.906 [INFO] (trainer.py:161) Total Episode:   431 Steps:   38419 Episode Steps:    24 Return: -1.0000 FPS: 12.11
14:18:08.625 [INFO] (trainer.py:161) Total Episode:   432 Steps:   38527 Episode Steps:   108 Return:  1.0000 FPS: 16.08
14:18:15.357 [INFO] (trainer.py:161) Total Episode:   433 Steps:   38636 Episode Steps:   109 Return:  1.0000 FPS: 16.19
14:18:17.525 [INFO] (trainer.py:161) Total Episode:   434 Steps:   38660 Episode Steps:    24 Return: -1.0000 FPS: 11.08
14:18:24.427 [INFO] (trainer.py:161) Total Episode:   435 Steps:   38766 Episode Steps:   106 Return:  1.0000 FPS: 15.36
14:18:31.490 [INFO] (trainer.py:161) Total Episode:   436 Steps:   38875 Episode Steps:   109 Return:  1.0000 FPS: 15.44
14:18:38.313 [INFO] (trainer.py:161) Total Episode:   437 Steps:   38982 Episode Steps:   107 Return:  1.0000 FPS: 15.68
14:18:44.937 [INFO] (trainer.py:161) Total Episode:   438 Steps:   39088 Episode Steps:   106 Return:  1.0000 FPS: 16.01
14:18:51.965 [INFO] (trainer.py:161) Total Episode:   439 Steps:   39197 Episode Steps:   109 Return:  1.0000 FPS: 15.51
14:18:58.582 [INFO] (trainer.py:161) Total Episode:   440 Steps:   39303 Episode Steps:   106 Return:  1.0000 FPS: 16.02
14:19:05.607 [INFO] (trainer.py:161) Total Episode:   441 Steps:   39411 Episode Steps:   108 Return:  1.0000 FPS: 15.38
14:19:12.428 [INFO] (trainer.py:161) Total Episode:   442 Steps:   39520 Episode Steps:   109 Return:  1.0000 FPS: 15.98
14:19:18.854 [INFO] (trainer.py:161) Total Episode:   443 Steps:   39625 Episode Steps:   105 Return:  1.0000 FPS: 16.34
14:19:21.043 [INFO] (trainer.py:161) Total Episode:   444 Steps:   39653 Episode Steps:    28 Return: -1.0000 FPS: 12.80
14:19:27.850 [INFO] (trainer.py:161) Total Episode:   445 Steps:   39763 Episode Steps:   110 Return:  1.0000 FPS: 16.16
14:19:34.755 [INFO] (trainer.py:161) Total Episode:   446 Steps:   39871 Episode Steps:   108 Return:  1.0000 FPS: 15.65
14:19:36.905 [INFO] (trainer.py:161) Total Episode:   447 Steps:   39897 Episode Steps:    26 Return: -1.0000 FPS: 12.10
14:19:38.871 [INFO] (trainer.py:161) Total Episode:   448 Steps:   39921 Episode Steps:    24 Return: -1.0000 FPS: 12.22
14:19:41.183 [INFO] (trainer.py:161) Total Episode:   449 Steps:   39951 Episode Steps:    30 Return: -1.0000 FPS: 12.98
14:19:48.217 [INFO] (trainer.py:161) Total Episode:   450 Steps:   40059 Episode Steps:   108 Return:  1.0000 FPS: 15.36
14:19:50.256 [INFO] (trainer.py:161) Total Episode:   451 Steps:   40083 Episode Steps:    24 Return: -1.0000 FPS: 11.78
14:19:57.051 [INFO] (trainer.py:161) Total Episode:   452 Steps:   40191 Episode Steps:   108 Return:  1.0000 FPS: 15.90
14:20:03.910 [INFO] (trainer.py:161) Total Episode:   453 Steps:   40298 Episode Steps:   107 Return:  1.0000 FPS: 15.60
14:20:06.726 [INFO] (trainer.py:161) Total Episode:   454 Steps:   40335 Episode Steps:    37 Return: -1.0000 FPS: 13.15
14:20:13.330 [INFO] (trainer.py:161) Total Episode:   455 Steps:   40441 Episode Steps:   106 Return:  1.0000 FPS: 16.05
14:20:20.081 [INFO] (trainer.py:161) Total Episode:   456 Steps:   40546 Episode Steps:   105 Return:  1.0000 FPS: 15.56
14:20:26.879 [INFO] (trainer.py:161) Total Episode:   457 Steps:   40653 Episode Steps:   107 Return:  1.0000 FPS: 15.74
14:20:33.985 [INFO] (trainer.py:161) Total Episode:   458 Steps:   40764 Episode Steps:   111 Return:  1.0000 FPS: 15.62
14:20:40.986 [INFO] (trainer.py:161) Total Episode:   459 Steps:   40874 Episode Steps:   110 Return:  1.0000 FPS: 15.72
14:20:47.819 [INFO] (trainer.py:161) Total Episode:   460 Steps:   40984 Episode Steps:   110 Return:  1.0000 FPS: 16.10
14:20:54.457 [INFO] (trainer.py:161) Total Episode:   461 Steps:   41091 Episode Steps:   107 Return:  1.0000 FPS: 16.12
14:21:00.928 [INFO] (trainer.py:161) Total Episode:   462 Steps:   41197 Episode Steps:   106 Return:  1.0000 FPS: 16.38
14:21:15.172 [INFO] (trainer.py:161) Total Episode:   463 Steps:   41442 Episode Steps:   245 Return: -1.0000 FPS: 17.20
14:21:21.866 [INFO] (trainer.py:161) Total Episode:   464 Steps:   41551 Episode Steps:   109 Return:  1.0000 FPS: 16.29
14:21:28.382 [INFO] (trainer.py:161) Total Episode:   465 Steps:   41658 Episode Steps:   107 Return:  1.0000 FPS: 16.42
14:21:35.147 [INFO] (trainer.py:161) Total Episode:   466 Steps:   41767 Episode Steps:   109 Return:  1.0000 FPS: 16.12
14:21:37.166 [INFO] (trainer.py:161) Total Episode:   467 Steps:   41790 Episode Steps:    23 Return: -1.0000 FPS: 11.40
14:21:43.668 [INFO] (trainer.py:161) Total Episode:   468 Steps:   41897 Episode Steps:   107 Return:  1.0000 FPS: 16.46
14:21:50.152 [INFO] (trainer.py:161) Total Episode:   469 Steps:   42004 Episode Steps:   107 Return:  1.0000 FPS: 16.51
14:21:56.863 [INFO] (trainer.py:161) Total Episode:   470 Steps:   42111 Episode Steps:   107 Return:  1.0000 FPS: 15.95
14:21:58.794 [INFO] (trainer.py:161) Total Episode:   471 Steps:   42134 Episode Steps:    23 Return: -1.0000 FPS: 11.92
14:22:05.797 [INFO] (trainer.py:161) Total Episode:   472 Steps:   42246 Episode Steps:   112 Return:  1.0000 FPS: 16.00
14:22:12.661 [INFO] (trainer.py:161) Total Episode:   473 Steps:   42355 Episode Steps:   109 Return:  1.0000 FPS: 15.88
14:22:19.287 [INFO] (trainer.py:161) Total Episode:   474 Steps:   42464 Episode Steps:   109 Return:  1.0000 FPS: 16.45
14:22:25.969 [INFO] (trainer.py:161) Total Episode:   475 Steps:   42574 Episode Steps:   110 Return:  1.0000 FPS: 16.47
14:22:32.692 [INFO] (trainer.py:161) Total Episode:   476 Steps:   42681 Episode Steps:   107 Return:  1.0000 FPS: 15.92
14:22:34.589 [INFO] (trainer.py:161) Total Episode:   477 Steps:   42703 Episode Steps:    22 Return: -1.0000 FPS: 11.60
14:22:36.935 [INFO] (trainer.py:161) Total Episode:   478 Steps:   42733 Episode Steps:    30 Return: -1.0000 FPS: 12.79
14:22:43.637 [INFO] (trainer.py:161) Total Episode:   479 Steps:   42843 Episode Steps:   110 Return:  1.0000 FPS: 16.42
14:22:50.353 [INFO] (trainer.py:161) Total Episode:   480 Steps:   42953 Episode Steps:   110 Return:  1.0000 FPS: 16.38
14:22:57.140 [INFO] (trainer.py:161) Total Episode:   481 Steps:   43063 Episode Steps:   110 Return:  1.0000 FPS: 16.21
14:23:03.713 [INFO] (trainer.py:161) Total Episode:   482 Steps:   43171 Episode Steps:   108 Return:  1.0000 FPS: 16.43
14:23:10.149 [INFO] (trainer.py:161) Total Episode:   483 Steps:   43277 Episode Steps:   106 Return:  1.0000 FPS: 16.47
14:23:16.732 [INFO] (trainer.py:161) Total Episode:   484 Steps:   43384 Episode Steps:   107 Return:  1.0000 FPS: 16.26
14:23:18.988 [INFO] (trainer.py:161) Total Episode:   485 Steps:   43413 Episode Steps:    29 Return: -1.0000 FPS: 12.86
14:23:21.427 [INFO] (trainer.py:161) Total Episode:   486 Steps:   43446 Episode Steps:    33 Return: -1.0000 FPS: 13.54
14:23:23.230 [INFO] (trainer.py:161) Total Episode:   487 Steps:   43467 Episode Steps:    21 Return: -1.0000 FPS: 11.65
14:23:25.638 [INFO] (trainer.py:161) Total Episode:   488 Steps:   43493 Episode Steps:    26 Return: -1.0000 FPS: 10.80
14:23:27.631 [INFO] (trainer.py:161) Total Episode:   489 Steps:   43516 Episode Steps:    23 Return: -1.0000 FPS: 11.55
14:23:29.971 [INFO] (trainer.py:161) Total Episode:   490 Steps:   43543 Episode Steps:    27 Return: -1.0000 FPS: 11.54
14:23:32.178 [INFO] (trainer.py:161) Total Episode:   491 Steps:   43571 Episode Steps:    28 Return: -1.0000 FPS: 12.69
14:23:38.788 [INFO] (trainer.py:161) Total Episode:   492 Steps:   43677 Episode Steps:   106 Return:  1.0000 FPS: 16.04
14:23:40.855 [INFO] (trainer.py:161) Total Episode:   493 Steps:   43702 Episode Steps:    25 Return: -1.0000 FPS: 12.10
14:23:43.253 [INFO] (trainer.py:161) Total Episode:   494 Steps:   43731 Episode Steps:    29 Return: -1.0000 FPS: 12.10
14:23:47.212 [INFO] (trainer.py:161) Total Episode:   495 Steps:   43788 Episode Steps:    57 Return: -1.0000 FPS: 14.40
14:23:54.008 [INFO] (trainer.py:161) Total Episode:   496 Steps:   43897 Episode Steps:   109 Return:  1.0000 FPS: 16.04
14:23:55.936 [INFO] (trainer.py:161) Total Episode:   497 Steps:   43921 Episode Steps:    24 Return: -1.0000 FPS: 12.46
14:23:57.932 [INFO] (trainer.py:161) Total Episode:   498 Steps:   43946 Episode Steps:    25 Return: -1.0000 FPS: 12.53
14:24:14.367 [INFO] (trainer.py:161) Total Episode:   499 Steps:   44218 Episode Steps:   272 Return: -1.0000 FPS: 16.55
14:24:16.954 [INFO] (trainer.py:161) Total Episode:   500 Steps:   44248 Episode Steps:    30 Return: -1.0000 FPS: 11.60
14:24:19.017 [INFO] (trainer.py:161) Total Episode:   501 Steps:   44273 Episode Steps:    25 Return: -1.0000 FPS: 12.12
14:24:25.961 [INFO] (trainer.py:161) Total Episode:   502 Steps:   44383 Episode Steps:   110 Return:  1.0000 FPS: 15.84
14:24:29.078 [INFO] (trainer.py:161) Total Episode:   503 Steps:   44425 Episode Steps:    42 Return: -1.0000 FPS: 13.48
14:24:31.252 [INFO] (trainer.py:161) Total Episode:   504 Steps:   44452 Episode Steps:    27 Return: -1.0000 FPS: 12.42
14:24:38.311 [INFO] (trainer.py:161) Total Episode:   505 Steps:   44563 Episode Steps:   111 Return:  1.0000 FPS: 15.73
14:24:54.574 [INFO] (trainer.py:161) Total Episode:   506 Steps:   44824 Episode Steps:   261 Return:  1.0000 FPS: 16.05
14:25:01.418 [INFO] (trainer.py:161) Total Episode:   507 Steps:   44931 Episode Steps:   107 Return:  1.0000 FPS: 15.64
14:25:19.494 [INFO] (trainer.py:161) Total Episode:   508 Steps:   45230 Episode Steps:   299 Return: -1.0000 FPS: 16.54
14:25:21.910 [INFO] (trainer.py:161) Total Episode:   509 Steps:   45258 Episode Steps:    28 Return: -1.0000 FPS: 11.59
14:25:24.910 [INFO] (trainer.py:161) Total Episode:   510 Steps:   45301 Episode Steps:    43 Return: -1.0000 FPS: 14.34
14:25:31.989 [INFO] (trainer.py:161) Total Episode:   511 Steps:   45409 Episode Steps:   108 Return:  1.0000 FPS: 15.26
14:25:39.400 [INFO] (trainer.py:161) Total Episode:   512 Steps:   45518 Episode Steps:   109 Return:  1.0000 FPS: 14.71
14:25:46.325 [INFO] (trainer.py:161) Total Episode:   513 Steps:   45627 Episode Steps:   109 Return:  1.0000 FPS: 15.74
14:25:53.474 [INFO] (trainer.py:161) Total Episode:   514 Steps:   45737 Episode Steps:   110 Return:  1.0000 FPS: 15.39
14:25:55.384 [INFO] (trainer.py:161) Total Episode:   515 Steps:   45760 Episode Steps:    23 Return: -1.0000 FPS: 12.05
14:26:02.079 [INFO] (trainer.py:161) Total Episode:   516 Steps:   45869 Episode Steps:   109 Return:  1.0000 FPS: 16.28
14:26:08.908 [INFO] (trainer.py:161) Total Episode:   517 Steps:   45978 Episode Steps:   109 Return:  1.0000 FPS: 15.96
14:26:11.043 [INFO] (trainer.py:161) Total Episode:   518 Steps:   46002 Episode Steps:    24 Return: -1.0000 FPS: 11.25
14:26:15.029 [INFO] (trainer.py:161) Total Episode:   519 Steps:   46060 Episode Steps:    58 Return: -1.0000 FPS: 14.55
14:26:17.138 [INFO] (trainer.py:161) Total Episode:   520 Steps:   46084 Episode Steps:    24 Return: -1.0000 FPS: 11.39
14:26:19.757 [INFO] (trainer.py:161) Total Episode:   521 Steps:   46120 Episode Steps:    36 Return: -1.0000 FPS: 13.75
14:26:21.702 [INFO] (trainer.py:161) Total Episode:   522 Steps:   46143 Episode Steps:    23 Return: -1.0000 FPS: 11.83
14:26:28.622 [INFO] (trainer.py:161) Total Episode:   523 Steps:   46251 Episode Steps:   108 Return:  1.0000 FPS: 15.61
14:26:35.485 [INFO] (trainer.py:161) Total Episode:   524 Steps:   46358 Episode Steps:   107 Return:  1.0000 FPS: 15.59
14:26:42.270 [INFO] (trainer.py:161) Total Episode:   525 Steps:   46463 Episode Steps:   105 Return:  1.0000 FPS: 15.48
14:26:49.000 [INFO] (trainer.py:161) Total Episode:   526 Steps:   46571 Episode Steps:   108 Return:  1.0000 FPS: 16.05
14:26:52.330 [INFO] (trainer.py:161) Total Episode:   527 Steps:   46611 Episode Steps:    40 Return: -1.0000 FPS: 12.02
14:26:58.984 [INFO] (trainer.py:161) Total Episode:   528 Steps:   46720 Episode Steps:   109 Return:  1.0000 FPS: 16.38
14:27:05.712 [INFO] (trainer.py:161) Total Episode:   529 Steps:   46829 Episode Steps:   109 Return:  1.0000 FPS: 16.20
14:27:12.349 [INFO] (trainer.py:161) Total Episode:   530 Steps:   46936 Episode Steps:   107 Return:  1.0000 FPS: 16.12
14:27:15.183 [INFO] (trainer.py:161) Total Episode:   531 Steps:   46975 Episode Steps:    39 Return: -1.0000 FPS: 13.77
14:27:21.606 [INFO] (trainer.py:161) Total Episode:   532 Steps:   47079 Episode Steps:   104 Return:  1.0000 FPS: 16.20
14:27:24.253 [INFO] (trainer.py:161) Total Episode:   533 Steps:   47115 Episode Steps:    36 Return: -1.0000 FPS: 13.61
14:27:26.761 [INFO] (trainer.py:161) Total Episode:   534 Steps:   47149 Episode Steps:    34 Return: -1.0000 FPS: 13.56
14:27:29.354 [INFO] (trainer.py:161) Total Episode:   535 Steps:   47183 Episode Steps:    34 Return: -1.0000 FPS: 13.12
14:27:36.096 [INFO] (trainer.py:161) Total Episode:   536 Steps:   47288 Episode Steps:   105 Return:  1.0000 FPS: 15.58
14:27:42.928 [INFO] (trainer.py:161) Total Episode:   537 Steps:   47397 Episode Steps:   109 Return:  1.0000 FPS: 15.96
14:27:45.500 [INFO] (trainer.py:161) Total Episode:   538 Steps:   47431 Episode Steps:    34 Return: -1.0000 FPS: 13.22
14:27:52.426 [INFO] (trainer.py:161) Total Episode:   539 Steps:   47540 Episode Steps:   109 Return:  1.0000 FPS: 15.74
14:27:54.453 [INFO] (trainer.py:161) Total Episode:   540 Steps:   47563 Episode Steps:    23 Return: -1.0000 FPS: 11.35
14:27:56.977 [INFO] (trainer.py:161) Total Episode:   541 Steps:   47594 Episode Steps:    31 Return: -1.0000 FPS: 12.29
14:27:59.498 [INFO] (trainer.py:161) Total Episode:   542 Steps:   47625 Episode Steps:    31 Return: -1.0000 FPS: 12.30
14:28:06.258 [INFO] (trainer.py:161) Total Episode:   543 Steps:   47732 Episode Steps:   107 Return:  1.0000 FPS: 15.83
14:28:09.178 [INFO] (trainer.py:161) Total Episode:   544 Steps:   47772 Episode Steps:    40 Return: -1.0000 FPS: 13.71
14:28:15.908 [INFO] (trainer.py:161) Total Episode:   545 Steps:   47876 Episode Steps:   104 Return:  1.0000 FPS: 15.46
14:28:22.944 [INFO] (trainer.py:161) Total Episode:   546 Steps:   47981 Episode Steps:   105 Return:  1.0000 FPS: 14.93
14:28:29.731 [INFO] (trainer.py:161) Total Episode:   547 Steps:   48087 Episode Steps:   106 Return:  1.0000 FPS: 15.62
14:28:31.754 [INFO] (trainer.py:161) Total Episode:   548 Steps:   48112 Episode Steps:    25 Return: -1.0000 FPS: 12.36
14:28:38.866 [INFO] (trainer.py:161) Total Episode:   549 Steps:   48229 Episode Steps:   117 Return:  0.0000 FPS: 16.45
14:28:41.171 [INFO] (trainer.py:161) Total Episode:   550 Steps:   48254 Episode Steps:    25 Return: -1.0000 FPS: 10.85
14:28:48.111 [INFO] (trainer.py:161) Total Episode:   551 Steps:   48362 Episode Steps:   108 Return:  1.0000 FPS: 15.56
14:28:54.805 [INFO] (trainer.py:161) Total Episode:   552 Steps:   48468 Episode Steps:   106 Return:  1.0000 FPS: 15.84
14:28:56.770 [INFO] (trainer.py:161) Total Episode:   553 Steps:   48491 Episode Steps:    23 Return: -1.0000 FPS: 11.71
14:29:03.465 [INFO] (trainer.py:161) Total Episode:   554 Steps:   48596 Episode Steps:   105 Return:  1.0000 FPS: 15.68
14:29:06.167 [INFO] (trainer.py:161) Total Episode:   555 Steps:   48628 Episode Steps:    32 Return: -1.0000 FPS: 11.85
14:29:12.930 [INFO] (trainer.py:161) Total Episode:   556 Steps:   48732 Episode Steps:   104 Return:  1.0000 FPS: 15.38
14:29:19.803 [INFO] (trainer.py:161) Total Episode:   557 Steps:   48840 Episode Steps:   108 Return:  1.0000 FPS: 15.72
14:29:26.759 [INFO] (trainer.py:161) Total Episode:   558 Steps:   48948 Episode Steps:   108 Return:  1.0000 FPS: 15.53
14:29:33.548 [INFO] (trainer.py:161) Total Episode:   559 Steps:   49055 Episode Steps:   107 Return:  1.0000 FPS: 15.77
14:29:40.306 [INFO] (trainer.py:161) Total Episode:   560 Steps:   49161 Episode Steps:   106 Return:  1.0000 FPS: 15.69
14:29:47.302 [INFO] (trainer.py:161) Total Episode:   561 Steps:   49270 Episode Steps:   109 Return:  1.0000 FPS: 15.58
14:29:49.100 [INFO] (trainer.py:161) Total Episode:   562 Steps:   49291 Episode Steps:    21 Return: -1.0000 FPS: 11.68
14:29:55.827 [INFO] (trainer.py:161) Total Episode:   563 Steps:   49400 Episode Steps:   109 Return:  1.0000 FPS: 16.21
14:29:58.707 [INFO] (trainer.py:161) Total Episode:   564 Steps:   49437 Episode Steps:    37 Return: -1.0000 FPS: 12.85
14:30:05.554 [INFO] (trainer.py:161) Total Episode:   565 Steps:   49546 Episode Steps:   109 Return:  1.0000 FPS: 15.92
14:30:12.467 [INFO] (trainer.py:161) Total Episode:   566 Steps:   49654 Episode Steps:   108 Return:  1.0000 FPS: 15.62
14:30:14.815 [INFO] (trainer.py:161) Total Episode:   567 Steps:   49684 Episode Steps:    30 Return: -1.0000 FPS: 12.78
14:30:17.007 [INFO] (trainer.py:161) Total Episode:   568 Steps:   49711 Episode Steps:    27 Return: -1.0000 FPS: 12.32
14:30:23.663 [INFO] (trainer.py:161) Total Episode:   569 Steps:   49817 Episode Steps:   106 Return:  1.0000 FPS: 15.93
14:30:30.443 [INFO] (trainer.py:161) Total Episode:   570 Steps:   49924 Episode Steps:   107 Return:  1.0000 FPS: 15.78
14:30:32.352 [INFO] (trainer.py:161) Total Episode:   571 Steps:   49946 Episode Steps:    22 Return: -1.0000 FPS: 11.53
14:30:39.436 [INFO] (trainer.py:161) Total Episode:   572 Steps:   50052 Episode Steps:   106 Return:  1.0000 FPS: 14.97
14:30:45.933 [INFO] (trainer.py:161) Total Episode:   573 Steps:   50156 Episode Steps:   104 Return:  1.0000 FPS: 16.01
14:30:52.783 [INFO] (trainer.py:161) Total Episode:   574 Steps:   50266 Episode Steps:   110 Return:  1.0000 FPS: 16.06
14:30:59.452 [INFO] (trainer.py:161) Total Episode:   575 Steps:   50371 Episode Steps:   105 Return:  1.0000 FPS: 15.75
14:31:05.997 [INFO] (trainer.py:161) Total Episode:   576 Steps:   50478 Episode Steps:   107 Return:  1.0000 FPS: 16.35
14:31:08.129 [INFO] (trainer.py:161) Total Episode:   577 Steps:   50505 Episode Steps:    27 Return: -1.0000 FPS: 12.67
14:31:10.328 [INFO] (trainer.py:161) Total Episode:   578 Steps:   50533 Episode Steps:    28 Return: -1.0000 FPS: 12.74
14:31:13.252 [INFO] (trainer.py:161) Total Episode:   579 Steps:   50573 Episode Steps:    40 Return: -1.0000 FPS: 13.68
14:31:19.988 [INFO] (trainer.py:161) Total Episode:   580 Steps:   50684 Episode Steps:   111 Return:  1.0000 FPS: 16.48
14:31:26.878 [INFO] (trainer.py:161) Total Episode:   581 Steps:   50791 Episode Steps:   107 Return:  1.0000 FPS: 15.53
14:31:33.612 [INFO] (trainer.py:161) Total Episode:   582 Steps:   50901 Episode Steps:   110 Return:  1.0000 FPS: 16.34
14:31:35.681 [INFO] (trainer.py:161) Total Episode:   583 Steps:   50926 Episode Steps:    25 Return: -1.0000 FPS: 12.09
14:31:37.986 [INFO] (trainer.py:161) Total Episode:   584 Steps:   50956 Episode Steps:    30 Return: -1.0000 FPS: 13.02
14:31:39.944 [INFO] (trainer.py:161) Total Episode:   585 Steps:   50979 Episode Steps:    23 Return: -1.0000 FPS: 11.75
14:31:42.271 [INFO] (trainer.py:161) Total Episode:   586 Steps:   51009 Episode Steps:    30 Return: -1.0000 FPS: 12.90
14:31:48.745 [INFO] (trainer.py:161) Total Episode:   587 Steps:   51115 Episode Steps:   106 Return:  1.0000 FPS: 16.38
14:31:50.947 [INFO] (trainer.py:161) Total Episode:   588 Steps:   51143 Episode Steps:    28 Return: -1.0000 FPS: 12.72
14:31:53.051 [INFO] (trainer.py:161) Total Episode:   589 Steps:   51169 Episode Steps:    26 Return: -1.0000 FPS: 12.36
14:31:59.519 [INFO] (trainer.py:161) Total Episode:   590 Steps:   51276 Episode Steps:   107 Return:  1.0000 FPS: 16.55
14:32:06.438 [INFO] (trainer.py:161) Total Episode:   591 Steps:   51386 Episode Steps:   110 Return:  1.0000 FPS: 15.90
14:32:13.114 [INFO] (trainer.py:161) Total Episode:   592 Steps:   51493 Episode Steps:   107 Return:  1.0000 FPS: 16.03
14:32:15.053 [INFO] (trainer.py:161) Total Episode:   593 Steps:   51516 Episode Steps:    23 Return: -1.0000 FPS: 11.87
14:32:17.844 [INFO] (trainer.py:161) Total Episode:   594 Steps:   51555 Episode Steps:    39 Return: -1.0000 FPS: 13.98
14:32:20.319 [INFO] (trainer.py:161) Total Episode:   595 Steps:   51588 Episode Steps:    33 Return: -1.0000 FPS: 13.34
14:32:22.512 [INFO] (trainer.py:161) Total Episode:   596 Steps:   51616 Episode Steps:    28 Return: -1.0000 FPS: 12.77
14:32:29.217 [INFO] (trainer.py:161) Total Episode:   597 Steps:   51725 Episode Steps:   109 Return:  1.0000 FPS: 16.26
14:32:35.903 [INFO] (trainer.py:161) Total Episode:   598 Steps:   51832 Episode Steps:   107 Return:  1.0000 FPS: 16.01
14:32:42.556 [INFO] (trainer.py:161) Total Episode:   599 Steps:   51939 Episode Steps:   107 Return:  1.0000 FPS: 16.08
14:32:49.746 [INFO] (trainer.py:161) Total Episode:   600 Steps:   52045 Episode Steps:   106 Return:  1.0000 FPS: 14.74
14:32:52.122 [INFO] (trainer.py:161) Total Episode:   601 Steps:   52076 Episode Steps:    31 Return: -1.0000 FPS: 13.06
14:32:58.682 [INFO] (trainer.py:161) Total Episode:   602 Steps:   52183 Episode Steps:   107 Return:  1.0000 FPS: 16.31
14:33:05.253 [INFO] (trainer.py:161) Total Episode:   603 Steps:   52289 Episode Steps:   106 Return:  1.0000 FPS: 16.13
14:33:11.793 [INFO] (trainer.py:161) Total Episode:   604 Steps:   52396 Episode Steps:   107 Return:  1.0000 FPS: 16.36
14:33:18.309 [INFO] (trainer.py:161) Total Episode:   605 Steps:   52501 Episode Steps:   105 Return:  1.0000 FPS: 16.12
14:33:20.660 [INFO] (trainer.py:161) Total Episode:   606 Steps:   52532 Episode Steps:    31 Return: -1.0000 FPS: 13.19
14:33:27.295 [INFO] (trainer.py:161) Total Episode:   607 Steps:   52637 Episode Steps:   105 Return:  1.0000 FPS: 15.83
14:33:33.926 [INFO] (trainer.py:161) Total Episode:   608 Steps:   52745 Episode Steps:   108 Return:  1.0000 FPS: 16.29
14:33:40.526 [INFO] (trainer.py:161) Total Episode:   609 Steps:   52853 Episode Steps:   108 Return:  1.0000 FPS: 16.36
14:33:47.109 [INFO] (trainer.py:161) Total Episode:   610 Steps:   52960 Episode Steps:   107 Return:  1.0000 FPS: 16.26
14:33:53.781 [INFO] (trainer.py:161) Total Episode:   611 Steps:   53066 Episode Steps:   106 Return:  1.0000 FPS: 15.89
14:33:56.215 [INFO] (trainer.py:161) Total Episode:   612 Steps:   53097 Episode Steps:    31 Return: -1.0000 FPS: 12.74
14:34:03.067 [INFO] (trainer.py:161) Total Episode:   613 Steps:   53205 Episode Steps:   108 Return:  1.0000 FPS: 15.77
14:34:09.812 [INFO] (trainer.py:161) Total Episode:   614 Steps:   53312 Episode Steps:   107 Return:  1.0000 FPS: 15.87
14:34:29.047 [INFO] (trainer.py:161) Total Episode:   615 Steps:   53638 Episode Steps:   326 Return:  0.0000 FPS: 16.95
14:34:31.071 [INFO] (trainer.py:161) Total Episode:   616 Steps:   53661 Episode Steps:    23 Return: -1.0000 FPS: 11.37
14:34:33.010 [INFO] (trainer.py:161) Total Episode:   617 Steps:   53682 Episode Steps:    21 Return: -1.0000 FPS: 10.84
14:34:38.902 [INFO] (trainer.py:161) Total Episode:   618 Steps:   53770 Episode Steps:    88 Return: -1.0000 FPS: 14.94
14:34:46.074 [INFO] (trainer.py:161) Total Episode:   619 Steps:   53878 Episode Steps:   108 Return:  1.0000 FPS: 15.06
14:34:48.952 [INFO] (trainer.py:161) Total Episode:   620 Steps:   53915 Episode Steps:    37 Return: -1.0000 FPS: 12.86
14:34:51.465 [INFO] (trainer.py:161) Total Episode:   621 Steps:   53946 Episode Steps:    31 Return: -1.0000 FPS: 12.34
14:34:53.562 [INFO] (trainer.py:161) Total Episode:   622 Steps:   53969 Episode Steps:    23 Return: -1.0000 FPS: 10.97
14:34:59.739 [INFO] (trainer.py:161) Total Episode:   623 Steps:   54060 Episode Steps:    91 Return: -1.0000 FPS: 14.73
14:35:02.073 [INFO] (trainer.py:161) Total Episode:   624 Steps:   54088 Episode Steps:    28 Return: -1.0000 FPS: 12.00
