01:31:22.168 [INFO] (DIYexpert_prior.py:628) Total Episode:     1 Steps:      26 Episode Steps:    26 Return: -1.0000 FPS:  4.63
01:31:26.461 [INFO] (DIYexpert_prior.py:628) Total Episode:     2 Steps:     238 Episode Steps:   212 Return:  1.0000 FPS: 49.40
01:31:27.655 [INFO] (DIYexpert_prior.py:628) Total Episode:     3 Steps:     273 Episode Steps:    35 Return: -1.0000 FPS: 29.35
01:31:31.868 [INFO] (DIYexpert_prior.py:628) Total Episode:     4 Steps:     474 Episode Steps:   201 Return:  1.0000 FPS: 47.72
01:31:33.240 [INFO] (DIYexpert_prior.py:628) Total Episode:     5 Steps:     521 Episode Steps:    47 Return: -1.0000 FPS: 34.27
01:31:34.331 [INFO] (DIYexpert_prior.py:628) Total Episode:     6 Steps:     554 Episode Steps:    33 Return: -1.0000 FPS: 30.27
01:31:35.739 [INFO] (DIYexpert_prior.py:628) Total Episode:     7 Steps:     604 Episode Steps:    50 Return: -1.0000 FPS: 35.54
01:31:36.945 [INFO] (DIYexpert_prior.py:628) Total Episode:     8 Steps:     640 Episode Steps:    36 Return: -1.0000 FPS: 29.88
01:31:38.558 [INFO] (DIYexpert_prior.py:628) Total Episode:     9 Steps:     694 Episode Steps:    54 Return: -1.0000 FPS: 33.51
01:31:42.991 [INFO] (DIYexpert_prior.py:628) Total Episode:    10 Steps:     899 Episode Steps:   205 Return:  0.0000 FPS: 46.25
01:31:47.079 [INFO] (DIYexpert_prior.py:628) Total Episode:    11 Steps:    1096 Episode Steps:   197 Return:  1.0000 FPS: 48.20
01:31:51.409 [INFO] (DIYexpert_prior.py:628) Total Episode:    12 Steps:    1301 Episode Steps:   205 Return:  0.0000 FPS: 47.35
01:31:52.368 [INFO] (DIYexpert_prior.py:628) Total Episode:    13 Steps:    1323 Episode Steps:    22 Return: -1.0000 FPS: 22.97
01:31:53.738 [INFO] (DIYexpert_prior.py:628) Total Episode:    14 Steps:    1362 Episode Steps:    39 Return: -1.0000 FPS: 28.50
01:31:57.798 [INFO] (DIYexpert_prior.py:628) Total Episode:    15 Steps:    1556 Episode Steps:   194 Return:  1.0000 FPS: 47.79
01:32:02.088 [INFO] (DIYexpert_prior.py:628) Total Episode:    16 Steps:    1761 Episode Steps:   205 Return:  0.0000 FPS: 47.81
01:32:03.102 [INFO] (DIYexpert_prior.py:628) Total Episode:    17 Steps:    1785 Episode Steps:    24 Return: -1.0000 FPS: 23.70
01:32:07.903 [INFO] (DIYexpert_prior.py:628) Total Episode:    18 Steps:    2021 Episode Steps:   236 Return:  1.0000 FPS: 49.16
01:32:12.748 [INFO] (DIYexpert_prior.py:628) Total Episode:    19 Steps:    2260 Episode Steps:   239 Return:  0.0000 FPS: 49.34
01:32:13.916 [INFO] (DIYexpert_prior.py:628) Total Episode:    20 Steps:    2291 Episode Steps:    31 Return: -1.0000 FPS: 26.57
01:32:15.423 [INFO] (DIYexpert_prior.py:628) Total Episode:    21 Steps:    2338 Episode Steps:    47 Return: -1.0000 FPS: 31.20
01:32:16.748 [INFO] (DIYexpert_prior.py:628) Total Episode:    22 Steps:    2378 Episode Steps:    40 Return: -1.0000 FPS: 30.21
01:32:21.016 [INFO] (DIYexpert_prior.py:628) Total Episode:    23 Steps:    2580 Episode Steps:   202 Return:  1.0000 FPS: 47.35
01:32:22.472 [INFO] (DIYexpert_prior.py:628) Total Episode:    24 Steps:    2626 Episode Steps:    46 Return: -1.0000 FPS: 31.61
01:32:23.902 [INFO] (DIYexpert_prior.py:628) Total Episode:    25 Steps:    2669 Episode Steps:    43 Return: -1.0000 FPS: 30.10
