19:07:10.498 [INFO] (trainer.py:160) Total Episode:     1 Steps:     190 Episode Steps:   190 Return:  1.9615 FPS: 16.31
19:07:14.580 [INFO] (trainer.py:160) Total Episode:     2 Steps:     382 Episode Steps:   192 Return:  1.9643 FPS: 47.05
19:07:19.105 [INFO] (trainer.py:160) Total Episode:     3 Steps:     595 Episode Steps:   213 Return:  1.0191 FPS: 47.09
19:07:20.568 [INFO] (trainer.py:160) Total Episode:     4 Steps:     630 Episode Steps:    35 Return: -0.7797 FPS: 23.94
19:07:24.931 [INFO] (trainer.py:160) Total Episode:     5 Steps:     835 Episode Steps:   205 Return:  1.0233 FPS: 47.00
19:07:29.526 [INFO] (trainer.py:160) Total Episode:     6 Steps:    1049 Episode Steps:   214 Return:  1.0199 FPS: 46.58
19:07:33.941 [INFO] (trainer.py:160) Total Episode:     7 Steps:    1264 Episode Steps:   215 Return:  1.9643 FPS: 48.71
19:07:38.146 [INFO] (trainer.py:160) Total Episode:     8 Steps:    1469 Episode Steps:   205 Return:  1.9652 FPS: 48.77
19:07:42.507 [INFO] (trainer.py:160) Total Episode:     9 Steps:    1689 Episode Steps:   220 Return:  1.0182 FPS: 50.46
19:07:43.904 [INFO] (trainer.py:160) Total Episode:    10 Steps:    1725 Episode Steps:    36 Return: -0.7820 FPS: 25.80
19:07:45.157 [INFO] (trainer.py:160) Total Episode:    11 Steps:    1749 Episode Steps:    24 Return: -0.8107 FPS: 19.17
19:07:49.178 [INFO] (trainer.py:160) Total Episode:    12 Steps:    1945 Episode Steps:   196 Return:  1.0188 FPS: 48.75
19:07:53.401 [INFO] (trainer.py:160) Total Episode:    13 Steps:    2143 Episode Steps:   198 Return:  1.9669 FPS: 46.90
19:07:54.591 [INFO] (trainer.py:160) Total Episode:    14 Steps:    2166 Episode Steps:    23 Return: -0.8120 FPS: 19.35
19:07:55.784 [INFO] (trainer.py:160) Total Episode:    15 Steps:    2189 Episode Steps:    23 Return: -0.8101 FPS: 19.30
19:07:57.086 [INFO] (trainer.py:160) Total Episode:    16 Steps:    2220 Episode Steps:    31 Return: -0.8138 FPS: 23.84
19:08:01.358 [INFO] (trainer.py:160) Total Episode:    17 Steps:    2423 Episode Steps:   203 Return:  1.0237 FPS: 47.52
19:08:06.545 [INFO] (trainer.py:160) Total Episode:    18 Steps:    2674 Episode Steps:   251 Return:  1.0214 FPS: 48.40
19:08:10.496 [INFO] (trainer.py:160) Total Episode:    19 Steps:    2858 Episode Steps:   184 Return:  1.9593 FPS: 46.58
19:08:14.999 [INFO] (trainer.py:160) Total Episode:    20 Steps:    3080 Episode Steps:   222 Return:  1.9620 FPS: 49.32
19:08:19.249 [INFO] (trainer.py:160) Total Episode:    21 Steps:    3280 Episode Steps:   200 Return:  1.0193 FPS: 47.07
19:08:23.154 [INFO] (trainer.py:160) Total Episode:    22 Steps:    3469 Episode Steps:   189 Return:  1.0152 FPS: 48.41
19:08:24.335 [INFO] (trainer.py:160) Total Episode:    23 Steps:    3492 Episode Steps:    23 Return: -0.8063 FPS: 19.50
19:08:26.139 [INFO] (trainer.py:160) Total Episode:    24 Steps:    3550 Episode Steps:    58 Return: -0.7322 FPS: 32.17
19:08:30.221 [INFO] (trainer.py:160) Total Episode:    25 Steps:    3752 Episode Steps:   202 Return:  1.9653 FPS: 49.49
19:08:31.425 [INFO] (trainer.py:160) Total Episode:    26 Steps:    3780 Episode Steps:    28 Return: -0.8092 FPS: 23.29
19:08:32.737 [INFO] (trainer.py:160) Total Episode:    27 Steps:    3809 Episode Steps:    29 Return: -0.7799 FPS: 22.12
19:08:36.969 [INFO] (trainer.py:160) Total Episode:    28 Steps:    4011 Episode Steps:   202 Return:  1.9635 FPS: 47.74
19:08:38.981 [INFO] (trainer.py:160) Total Episode:    29 Steps:    4089 Episode Steps:    78 Return: -0.6391 FPS: 38.78
19:08:43.065 [INFO] (trainer.py:160) Total Episode:    30 Steps:    4284 Episode Steps:   195 Return:  1.0171 FPS: 47.76
19:08:47.354 [INFO] (trainer.py:160) Total Episode:    31 Steps:    4488 Episode Steps:   204 Return:  1.9598 FPS: 47.58
19:08:52.896 [INFO] (trainer.py:160) Total Episode:    32 Steps:    4776 Episode Steps:   288 Return:  2.3473 FPS: 51.99
19:08:57.531 [INFO] (trainer.py:160) Total Episode:    33 Steps:    4973 Episode Steps:   197 Return:  1.0225 FPS: 42.51
19:09:31.911 [INFO] (trainer.py:160) Total Episode:    34 Steps:    5172 Episode Steps:   199 Return:  1.9503 FPS:  5.79
19:09:37.491 [INFO] (trainer.py:160) Total Episode:    35 Steps:    5199 Episode Steps:    27 Return: -0.8131 FPS:  4.84
19:10:12.647 [INFO] (trainer.py:160) Total Episode:    36 Steps:    5398 Episode Steps:   199 Return:  1.0215 FPS:  5.66
19:10:47.235 [INFO] (trainer.py:160) Total Episode:    37 Steps:    5596 Episode Steps:   198 Return:  1.0236 FPS:  5.72
19:10:52.727 [INFO] (trainer.py:160) Total Episode:    38 Steps:    5624 Episode Steps:    28 Return: -0.8107 FPS:  5.10
19:11:26.920 [INFO] (trainer.py:160) Total Episode:    39 Steps:    5816 Episode Steps:   192 Return:  1.0242 FPS:  5.62
19:11:39.657 [INFO] (trainer.py:160) Total Episode:    40 Steps:    5885 Episode Steps:    69 Return: -0.6659 FPS:  5.42
19:12:20.103 [INFO] (trainer.py:160) Total Episode:    41 Steps:    6112 Episode Steps:   227 Return:  1.9659 FPS:  5.61
19:12:57.820 [INFO] (trainer.py:160) Total Episode:    42 Steps:    6327 Episode Steps:   215 Return:  1.0220 FPS:  5.70
19:13:34.205 [INFO] (trainer.py:160) Total Episode:    43 Steps:    6532 Episode Steps:   205 Return:  1.9595 FPS:  5.63
19:14:04.384 [INFO] (trainer.py:160) Total Episode:    44 Steps:    6702 Episode Steps:   170 Return:  1.0218 FPS:  5.63
19:14:40.149 [INFO] (trainer.py:160) Total Episode:    45 Steps:    6902 Episode Steps:   200 Return:  1.9623 FPS:  5.59
19:15:14.364 [INFO] (trainer.py:160) Total Episode:    46 Steps:    7093 Episode Steps:   191 Return:  1.0261 FPS:  5.58
19:15:52.005 [INFO] (trainer.py:160) Total Episode:    47 Steps:    7302 Episode Steps:   209 Return:  1.0224 FPS:  5.55
19:16:28.075 [INFO] (trainer.py:160) Total Episode:    48 Steps:    7510 Episode Steps:   208 Return:  1.9620 FPS:  5.77
19:16:33.692 [INFO] (trainer.py:160) Total Episode:    49 Steps:    7539 Episode Steps:    29 Return: -0.8095 FPS:  5.16
19:17:06.019 [INFO] (trainer.py:160) Total Episode:    50 Steps:    7723 Episode Steps:   184 Return:  1.9383 FPS:  5.69
19:17:44.739 [INFO] (trainer.py:160) Total Episode:    51 Steps:    7943 Episode Steps:   220 Return:  1.0213 FPS:  5.68
19:18:22.642 [INFO] (trainer.py:160) Total Episode:    52 Steps:    8166 Episode Steps:   223 Return:  1.0232 FPS:  5.88
19:18:55.299 [INFO] (trainer.py:160) Total Episode:    53 Steps:    8358 Episode Steps:   192 Return:  1.9661 FPS:  5.88
19:19:28.152 [INFO] (trainer.py:160) Total Episode:    54 Steps:    8552 Episode Steps:   194 Return:  1.0185 FPS:  5.91
19:19:59.422 [INFO] (trainer.py:160) Total Episode:    55 Steps:    8736 Episode Steps:   184 Return:  1.0177 FPS:  5.88
19:20:06.059 [INFO] (trainer.py:160) Total Episode:    56 Steps:    8772 Episode Steps:    36 Return: -0.7804 FPS:  5.43
19:20:37.824 [INFO] (trainer.py:160) Total Episode:    57 Steps:    8960 Episode Steps:   188 Return:  1.9641 FPS:  5.92
19:21:12.115 [INFO] (trainer.py:160) Total Episode:    58 Steps:    9163 Episode Steps:   203 Return:  1.9619 FPS:  5.92
19:21:49.284 [INFO] (trainer.py:160) Total Episode:    59 Steps:    9383 Episode Steps:   220 Return:  1.0265 FPS:  5.92
19:22:25.152 [INFO] (trainer.py:160) Total Episode:    60 Steps:    9594 Episode Steps:   211 Return:  1.9666 FPS:  5.88
19:22:29.508 [INFO] (trainer.py:160) Total Episode:    61 Steps:    9616 Episode Steps:    22 Return: -0.8091 FPS:  5.05
19:23:15.685 [INFO] (trainer.py:160) Total Episode:    62 Steps:    9893 Episode Steps:   277 Return:  2.3331 FPS:  6.00
19:23:54.911 [INFO] (trainer.py:160) Total Episode:    63 Steps:   10126 Episode Steps:   233 Return:  1.9647 FPS:  5.94
19:24:27.200 [INFO] (trainer.py:160) Total Episode:    64 Steps:   10317 Episode Steps:   191 Return:  1.0232 FPS:  5.92
19:25:00.007 [INFO] (trainer.py:160) Total Episode:    65 Steps:   10511 Episode Steps:   194 Return:  1.9573 FPS:  5.91
19:25:36.496 [INFO] (trainer.py:160) Total Episode:    66 Steps:   10729 Episode Steps:   218 Return:  1.0190 FPS:  5.97
19:26:17.225 [INFO] (trainer.py:160) Total Episode:    67 Steps:   10972 Episode Steps:   243 Return:  1.0156 FPS:  5.97
19:26:50.747 [INFO] (trainer.py:160) Total Episode:    68 Steps:   11172 Episode Steps:   200 Return:  1.9631 FPS:  5.97
19:27:26.565 [INFO] (trainer.py:160) Total Episode:    69 Steps:   11386 Episode Steps:   214 Return:  1.0221 FPS:  5.97
19:28:03.643 [INFO] (trainer.py:160) Total Episode:    70 Steps:   11606 Episode Steps:   220 Return:  1.9662 FPS:  5.93
19:28:10.492 [INFO] (trainer.py:160) Total Episode:    71 Steps:   11643 Episode Steps:    37 Return: -0.7477 FPS:  5.40
19:28:15.524 [INFO] (trainer.py:160) Total Episode:    72 Steps:   11669 Episode Steps:    26 Return: -0.8129 FPS:  5.17
19:28:47.456 [INFO] (trainer.py:160) Total Episode:    73 Steps:   11859 Episode Steps:   190 Return:  1.9624 FPS:  5.95
19:29:26.367 [INFO] (trainer.py:160) Total Episode:    74 Steps:   12091 Episode Steps:   232 Return:  1.9349 FPS:  5.96
19:29:59.389 [INFO] (trainer.py:160) Total Episode:    75 Steps:   12287 Episode Steps:   196 Return:  1.9612 FPS:  5.94
19:30:05.466 [INFO] (trainer.py:160) Total Episode:    76 Steps:   12320 Episode Steps:    33 Return: -0.7798 FPS:  5.43
19:30:38.852 [INFO] (trainer.py:160) Total Episode:    77 Steps:   12519 Episode Steps:   199 Return:  1.0183 FPS:  5.96
19:31:16.450 [INFO] (trainer.py:160) Total Episode:    78 Steps:   12743 Episode Steps:   224 Return:  1.0190 FPS:  5.96
19:31:49.352 [INFO] (trainer.py:160) Total Episode:    79 Steps:   12939 Episode Steps:   196 Return:  1.9623 FPS:  5.96
19:32:29.263 [INFO] (trainer.py:160) Total Episode:    80 Steps:   13177 Episode Steps:   238 Return:  1.0168 FPS:  5.96
19:32:35.262 [INFO] (trainer.py:160) Total Episode:    81 Steps:   13209 Episode Steps:    32 Return: -0.7808 FPS:  5.34
19:33:14.314 [INFO] (trainer.py:160) Total Episode:    82 Steps:   13442 Episode Steps:   233 Return: -0.0560 FPS:  5.97
19:33:48.112 [INFO] (trainer.py:160) Total Episode:    83 Steps:   13644 Episode Steps:   202 Return:  1.9624 FPS:  5.98
19:33:52.992 [INFO] (trainer.py:160) Total Episode:    84 Steps:   13669 Episode Steps:    25 Return: -0.8110 FPS:  5.12
19:34:29.700 [INFO] (trainer.py:160) Total Episode:    85 Steps:   13888 Episode Steps:   219 Return:  1.9624 FPS:  5.97
19:35:12.475 [INFO] (trainer.py:160) Total Episode:    86 Steps:   14142 Episode Steps:   254 Return:  1.0157 FPS:  5.94
19:35:48.957 [INFO] (trainer.py:160) Total Episode:    87 Steps:   14351 Episode Steps:   209 Return:  1.0156 FPS:  5.73
19:36:01.129 [INFO] (trainer.py:160) Total Episode:    88 Steps:   14418 Episode Steps:    67 Return: -0.7088 FPS:  5.51
19:36:36.418 [INFO] (trainer.py:160) Total Episode:    89 Steps:   14627 Episode Steps:   209 Return:  1.0183 FPS:  5.92
19:37:23.637 [INFO] (trainer.py:160) Total Episode:    90 Steps:   14908 Episode Steps:   281 Return:  2.3145 FPS:  5.95
19:38:01.010 [INFO] (trainer.py:160) Total Episode:    91 Steps:   15129 Episode Steps:   221 Return:  1.0221 FPS:  5.91
19:38:36.421 [INFO] (trainer.py:160) Total Episode:    92 Steps:   15338 Episode Steps:   209 Return:  1.0220 FPS:  5.90
19:39:13.111 [INFO] (trainer.py:160) Total Episode:    93 Steps:   15555 Episode Steps:   217 Return:  1.0164 FPS:  5.91
19:39:46.235 [INFO] (trainer.py:160) Total Episode:    94 Steps:   15751 Episode Steps:   196 Return:  1.9604 FPS:  5.92
19:40:21.543 [INFO] (trainer.py:160) Total Episode:    95 Steps:   15960 Episode Steps:   209 Return:  1.9619 FPS:  5.92
19:40:54.414 [INFO] (trainer.py:160) Total Episode:    96 Steps:   16155 Episode Steps:   195 Return:  1.0189 FPS:  5.93
19:41:29.812 [INFO] (trainer.py:160) Total Episode:    97 Steps:   16364 Episode Steps:   209 Return:  1.0220 FPS:  5.90
19:42:05.472 [INFO] (trainer.py:160) Total Episode:    98 Steps:   16576 Episode Steps:   212 Return:  1.0211 FPS:  5.95
19:42:10.990 [INFO] (trainer.py:160) Total Episode:    99 Steps:   16605 Episode Steps:    29 Return: -0.8139 FPS:  5.26
19:42:50.574 [INFO] (trainer.py:160) Total Episode:   100 Steps:   16838 Episode Steps:   233 Return:  1.0161 FPS:  5.89
19:43:35.106 [INFO] (trainer.py:160) Total Episode:   101 Steps:   17102 Episode Steps:   264 Return:  1.9614 FPS:  5.93
19:43:40.690 [INFO] (trainer.py:160) Total Episode:   102 Steps:   17130 Episode Steps:    28 Return: -0.8115 FPS:  5.02
19:44:16.485 [INFO] (trainer.py:160) Total Episode:   103 Steps:   17342 Episode Steps:   212 Return:  1.0203 FPS:  5.92
19:44:51.910 [INFO] (trainer.py:160) Total Episode:   104 Steps:   17552 Episode Steps:   210 Return:  1.9480 FPS:  5.93
19:45:30.144 [INFO] (trainer.py:160) Total Episode:   105 Steps:   17779 Episode Steps:   227 Return:  1.0191 FPS:  5.94
19:45:59.508 [INFO] (trainer.py:160) Total Episode:   106 Steps:   17953 Episode Steps:   174 Return:  1.9628 FPS:  5.93
19:46:35.022 [INFO] (trainer.py:160) Total Episode:   107 Steps:   18164 Episode Steps:   211 Return:  1.0231 FPS:  5.94
19:47:07.814 [INFO] (trainer.py:160) Total Episode:   108 Steps:   18359 Episode Steps:   195 Return:  1.0183 FPS:  5.95
19:47:18.218 [INFO] (trainer.py:160) Total Episode:   109 Steps:   18418 Episode Steps:    59 Return: -0.7109 FPS:  5.67
19:47:52.404 [INFO] (trainer.py:160) Total Episode:   110 Steps:   18621 Episode Steps:   203 Return:  1.0171 FPS:  5.94
19:48:27.193 [INFO] (trainer.py:160) Total Episode:   111 Steps:   18828 Episode Steps:   207 Return:  1.0172 FPS:  5.95
19:49:04.013 [INFO] (trainer.py:160) Total Episode:   112 Steps:   19047 Episode Steps:   219 Return:  1.0167 FPS:  5.95
19:49:34.291 [INFO] (trainer.py:160) Total Episode:   113 Steps:   19226 Episode Steps:   179 Return:  1.9452 FPS:  5.91
19:50:06.900 [INFO] (trainer.py:160) Total Episode:   114 Steps:   19420 Episode Steps:   194 Return:  1.0174 FPS:  5.95
19:50:46.640 [INFO] (trainer.py:160) Total Episode:   115 Steps:   19656 Episode Steps:   236 Return:  1.9607 FPS:  5.94
19:51:20.923 [INFO] (trainer.py:160) Total Episode:   116 Steps:   19859 Episode Steps:   203 Return:  1.9566 FPS:  5.92
19:51:57.203 [INFO] (trainer.py:160) Total Episode:   117 Steps:   20075 Episode Steps:   216 Return:  1.0155 FPS:  5.95
19:52:36.465 [INFO] (trainer.py:160) Total Episode:   118 Steps:   20308 Episode Steps:   233 Return:  1.9609 FPS:  5.93
19:53:07.747 [INFO] (trainer.py:160) Total Episode:   119 Steps:   20494 Episode Steps:   186 Return:  1.9607 FPS:  5.95
19:53:18.021 [INFO] (trainer.py:160) Total Episode:   120 Steps:   20552 Episode Steps:    58 Return: -0.8139 FPS:  5.65
19:53:24.460 [INFO] (trainer.py:160) Total Episode:   121 Steps:   20587 Episode Steps:    35 Return: -0.8135 FPS:  5.44
19:53:58.364 [INFO] (trainer.py:160) Total Episode:   122 Steps:   20790 Episode Steps:   203 Return:  1.9593 FPS:  5.99
19:54:36.409 [INFO] (trainer.py:160) Total Episode:   123 Steps:   21018 Episode Steps:   228 Return:  1.9473 FPS:  5.99
19:55:12.262 [INFO] (trainer.py:160) Total Episode:   124 Steps:   21233 Episode Steps:   215 Return:  1.9587 FPS:  6.00
19:55:45.405 [INFO] (trainer.py:160) Total Episode:   125 Steps:   21432 Episode Steps:   199 Return:  1.9550 FPS:  6.00
19:56:18.332 [INFO] (trainer.py:160) Total Episode:   126 Steps:   21629 Episode Steps:   197 Return:  1.9634 FPS:  5.98
19:56:48.771 [INFO] (trainer.py:160) Total Episode:   127 Steps:   21811 Episode Steps:   182 Return:  1.9598 FPS:  5.98
19:57:19.658 [INFO] (trainer.py:160) Total Episode:   128 Steps:   21996 Episode Steps:   185 Return:  1.9624 FPS:  5.99
19:57:25.602 [INFO] (trainer.py:160) Total Episode:   129 Steps:   22028 Episode Steps:    32 Return: -0.8117 FPS:  5.38
19:58:01.903 [INFO] (trainer.py:160) Total Episode:   130 Steps:   22246 Episode Steps:   218 Return:  1.9601 FPS:  6.01
19:58:37.012 [INFO] (trainer.py:160) Total Episode:   131 Steps:   22457 Episode Steps:   211 Return:  1.9608 FPS:  6.01
19:59:10.865 [INFO] (trainer.py:160) Total Episode:   132 Steps:   22658 Episode Steps:   201 Return:  1.0185 FPS:  5.94
19:59:42.468 [INFO] (trainer.py:160) Total Episode:   133 Steps:   22846 Episode Steps:   188 Return:  1.9607 FPS:  5.95
20:00:23.785 [INFO] (trainer.py:160) Total Episode:   134 Steps:   23093 Episode Steps:   247 Return:  1.0167 FPS:  5.98
20:00:29.568 [INFO] (trainer.py:160) Total Episode:   135 Steps:   23124 Episode Steps:    31 Return: -0.8135 FPS:  5.36
20:01:15.037 [INFO] (trainer.py:160) Total Episode:   136 Steps:   23396 Episode Steps:   272 Return:  1.0179 FPS:  5.98
20:01:54.294 [INFO] (trainer.py:160) Total Episode:   137 Steps:   23632 Episode Steps:   236 Return:  1.0169 FPS:  6.01
20:02:27.176 [INFO] (trainer.py:160) Total Episode:   138 Steps:   23829 Episode Steps:   197 Return:  1.9630 FPS:  5.99
20:02:56.814 [INFO] (trainer.py:160) Total Episode:   139 Steps:   24006 Episode Steps:   177 Return:  1.9651 FPS:  5.97
20:03:31.560 [INFO] (trainer.py:160) Total Episode:   140 Steps:   24213 Episode Steps:   207 Return:  1.0177 FPS:  5.96
20:04:01.359 [INFO] (trainer.py:160) Total Episode:   141 Steps:   24391 Episode Steps:   178 Return:  1.9554 FPS:  5.97
20:04:29.957 [INFO] (trainer.py:160) Total Episode:   142 Steps:   24561 Episode Steps:   170 Return:  1.0196 FPS:  5.94
20:04:36.012 [INFO] (trainer.py:160) Total Episode:   143 Steps:   24594 Episode Steps:    33 Return: -0.7801 FPS:  5.45
20:05:11.443 [INFO] (trainer.py:160) Total Episode:   144 Steps:   24807 Episode Steps:   213 Return:  1.0230 FPS:  6.01
20:05:43.769 [INFO] (trainer.py:160) Total Episode:   145 Steps:   25000 Episode Steps:   193 Return:  1.9618 FPS:  5.97
20:06:15.955 [INFO] (trainer.py:160) Total Episode:   146 Steps:   25193 Episode Steps:   193 Return:  1.0179 FPS:  6.00
20:06:40.384 [INFO] (trainer.py:160) Total Episode:   147 Steps:   25338 Episode Steps:   145 Return:  1.9622 FPS:  5.94
20:07:04.804 [INFO] (trainer.py:160) Total Episode:   148 Steps:   25483 Episode Steps:   145 Return:  1.9599 FPS:  5.94
20:07:34.677 [INFO] (trainer.py:160) Total Episode:   149 Steps:   25661 Episode Steps:   178 Return:  1.0120 FPS:  5.96
20:07:44.149 [INFO] (trainer.py:160) Total Episode:   150 Steps:   25713 Episode Steps:    52 Return: -0.7457 FPS:  5.49
20:08:22.327 [INFO] (trainer.py:160) Total Episode:   151 Steps:   25942 Episode Steps:   229 Return:  1.0180 FPS:  6.00
20:08:56.769 [INFO] (trainer.py:160) Total Episode:   152 Steps:   26147 Episode Steps:   205 Return:  1.9619 FPS:  5.95
20:09:31.611 [INFO] (trainer.py:160) Total Episode:   153 Steps:   26356 Episode Steps:   209 Return:  1.0259 FPS:  6.00
20:09:38.517 [INFO] (trainer.py:160) Total Episode:   154 Steps:   26394 Episode Steps:    38 Return: -0.7587 FPS:  5.50
20:10:10.047 [INFO] (trainer.py:160) Total Episode:   155 Steps:   26582 Episode Steps:   188 Return:  1.0178 FPS:  5.96
20:10:39.644 [INFO] (trainer.py:160) Total Episode:   156 Steps:   26758 Episode Steps:   176 Return:  1.0140 FPS:  5.95
20:11:14.058 [INFO] (trainer.py:160) Total Episode:   157 Steps:   26963 Episode Steps:   205 Return:  1.0137 FPS:  5.96
20:11:39.124 [INFO] (trainer.py:160) Total Episode:   158 Steps:   27112 Episode Steps:   149 Return:  1.9632 FPS:  5.94
20:12:11.420 [INFO] (trainer.py:160) Total Episode:   159 Steps:   27305 Episode Steps:   193 Return:  1.0214 FPS:  5.98
20:12:38.505 [INFO] (trainer.py:160) Total Episode:   160 Steps:   27467 Episode Steps:   162 Return:  1.9423 FPS:  5.98
20:13:07.101 [INFO] (trainer.py:160) Total Episode:   161 Steps:   27637 Episode Steps:   170 Return:  1.0174 FPS:  5.95
20:13:31.528 [INFO] (trainer.py:160) Total Episode:   162 Steps:   27782 Episode Steps:   145 Return:  1.9596 FPS:  5.94
20:14:06.436 [INFO] (trainer.py:160) Total Episode:   163 Steps:   27991 Episode Steps:   209 Return:  1.9711 FPS:  5.99
20:14:31.392 [INFO] (trainer.py:160) Total Episode:   164 Steps:   28140 Episode Steps:   149 Return:  1.9625 FPS:  5.97
20:15:01.903 [INFO] (trainer.py:160) Total Episode:   165 Steps:   28323 Episode Steps:   183 Return:  1.9669 FPS:  6.00
20:15:32.793 [INFO] (trainer.py:160) Total Episode:   166 Steps:   28506 Episode Steps:   183 Return:  1.9625 FPS:  5.92
20:15:57.018 [INFO] (trainer.py:160) Total Episode:   167 Steps:   28649 Episode Steps:   143 Return:  1.9677 FPS:  5.90
20:16:50.081 [INFO] (trainer.py:160) Total Episode:   168 Steps:   28969 Episode Steps:   320 Return:  1.0216 FPS:  6.03
20:17:26.943 [INFO] (trainer.py:160) Total Episode:   169 Steps:   29187 Episode Steps:   218 Return:  1.0549 FPS:  5.91
20:17:57.969 [INFO] (trainer.py:160) Total Episode:   170 Steps:   29371 Episode Steps:   184 Return:  1.0135 FPS:  5.93
20:18:23.444 [INFO] (trainer.py:160) Total Episode:   171 Steps:   29522 Episode Steps:   151 Return:  1.9650 FPS:  5.93
20:18:51.897 [INFO] (trainer.py:160) Total Episode:   172 Steps:   29691 Episode Steps:   169 Return:  1.0207 FPS:  5.94
20:19:13.304 [INFO] (trainer.py:160) Total Episode:   173 Steps:   29817 Episode Steps:   126 Return:  1.9639 FPS:  5.89
20:19:39.280 [INFO] (trainer.py:160) Total Episode:   174 Steps:   29971 Episode Steps:   154 Return:  1.9638 FPS:  5.93
20:20:03.015 [INFO] (trainer.py:160) Total Episode:   175 Steps:   30111 Episode Steps:   140 Return:  1.9637 FPS:  5.90
20:20:26.026 [INFO] (trainer.py:160) Total Episode:   176 Steps:   30247 Episode Steps:   136 Return:  1.9645 FPS:  5.91
20:20:48.078 [INFO] (trainer.py:160) Total Episode:   177 Steps:   30377 Episode Steps:   130 Return:  1.9643 FPS:  5.90
20:20:55.119 [INFO] (trainer.py:160) Total Episode:   178 Steps:   30415 Episode Steps:    38 Return: -0.7210 FPS:  5.40
20:21:18.227 [INFO] (trainer.py:160) Total Episode:   179 Steps:   30552 Episode Steps:   137 Return:  1.9744 FPS:  5.93
20:21:39.238 [INFO] (trainer.py:160) Total Episode:   180 Steps:   30676 Episode Steps:   124 Return:  1.9649 FPS:  5.90
20:22:01.871 [INFO] (trainer.py:160) Total Episode:   181 Steps:   30809 Episode Steps:   133 Return:  1.9624 FPS:  5.88
20:22:26.084 [INFO] (trainer.py:160) Total Episode:   182 Steps:   30952 Episode Steps:   143 Return:  1.9731 FPS:  5.91
20:22:28.957 [INFO] (trainer.py:160) Total Episode:   183 Steps:   30965 Episode Steps:    13 Return: -0.8789 FPS:  4.53
20:22:33.276 [INFO] (trainer.py:160) Total Episode:   184 Steps:   30987 Episode Steps:    22 Return: -0.8081 FPS:  5.10
20:22:54.839 [INFO] (trainer.py:160) Total Episode:   185 Steps:   31114 Episode Steps:   127 Return:  1.9676 FPS:  5.89
20:23:01.469 [INFO] (trainer.py:160) Total Episode:   186 Steps:   31150 Episode Steps:    36 Return: -0.7164 FPS:  5.43
20:23:06.171 [INFO] (trainer.py:160) Total Episode:   187 Steps:   31174 Episode Steps:    24 Return: -0.8131 FPS:  5.11
20:23:09.229 [INFO] (trainer.py:160) Total Episode:   188 Steps:   31188 Episode Steps:    14 Return: -0.8707 FPS:  4.58
20:23:31.203 [INFO] (trainer.py:160) Total Episode:   189 Steps:   31317 Episode Steps:   129 Return:  1.9647 FPS:  5.87
20:23:34.057 [INFO] (trainer.py:160) Total Episode:   190 Steps:   31330 Episode Steps:    13 Return: -0.8783 FPS:  4.56
20:23:59.259 [INFO] (trainer.py:160) Total Episode:   191 Steps:   31478 Episode Steps:   148 Return:  1.0530 FPS:  5.87
20:24:02.166 [INFO] (trainer.py:160) Total Episode:   192 Steps:   31491 Episode Steps:    13 Return: -0.8804 FPS:  4.47
20:24:05.108 [INFO] (trainer.py:160) Total Episode:   193 Steps:   31504 Episode Steps:    13 Return: -0.8769 FPS:  4.42
20:24:08.144 [INFO] (trainer.py:160) Total Episode:   194 Steps:   31518 Episode Steps:    14 Return: -0.8770 FPS:  4.61
20:24:11.024 [INFO] (trainer.py:160) Total Episode:   195 Steps:   31531 Episode Steps:    13 Return: -0.8776 FPS:  4.52
20:24:13.927 [INFO] (trainer.py:160) Total Episode:   196 Steps:   31544 Episode Steps:    13 Return: -0.8800 FPS:  4.48
20:24:16.963 [INFO] (trainer.py:160) Total Episode:   197 Steps:   31558 Episode Steps:    14 Return: -0.8742 FPS:  4.61
20:24:20.961 [INFO] (trainer.py:160) Total Episode:   198 Steps:   31578 Episode Steps:    20 Return: -0.8365 FPS:  5.00
20:24:27.377 [INFO] (trainer.py:160) Total Episode:   199 Steps:   31613 Episode Steps:    35 Return: -0.7446 FPS:  5.46
20:24:31.183 [INFO] (trainer.py:160) Total Episode:   200 Steps:   31629 Episode Steps:    16 Return: -0.8638 FPS:  4.21
20:24:57.432 [INFO] (trainer.py:160) Total Episode:   201 Steps:   31785 Episode Steps:   156 Return:  1.9690 FPS:  5.94
20:25:28.898 [INFO] (trainer.py:160) Total Episode:   202 Steps:   31972 Episode Steps:   187 Return:  1.0178 FPS:  5.94
20:26:00.413 [INFO] (trainer.py:160) Total Episode:   203 Steps:   32159 Episode Steps:   187 Return:  1.0118 FPS:  5.93
20:26:22.281 [INFO] (trainer.py:160) Total Episode:   204 Steps:   32289 Episode Steps:   130 Return:  1.9644 FPS:  5.95
20:26:46.931 [INFO] (trainer.py:160) Total Episode:   205 Steps:   32435 Episode Steps:   146 Return:  1.9700 FPS:  5.92
20:27:08.119 [INFO] (trainer.py:160) Total Episode:   206 Steps:   32560 Episode Steps:   125 Return:  1.9667 FPS:  5.90
20:27:30.040 [INFO] (trainer.py:160) Total Episode:   207 Steps:   32689 Episode Steps:   129 Return:  1.9652 FPS:  5.89
20:27:39.293 [INFO] (trainer.py:160) Total Episode:   208 Steps:   32741 Episode Steps:    52 Return: -0.8091 FPS:  5.62
20:27:59.968 [INFO] (trainer.py:160) Total Episode:   209 Steps:   32863 Episode Steps:   122 Return:  1.9599 FPS:  5.90
20:28:02.995 [INFO] (trainer.py:160) Total Episode:   210 Steps:   32877 Episode Steps:    14 Return: -0.8821 FPS:  4.63
20:28:23.701 [INFO] (trainer.py:160) Total Episode:   211 Steps:   32999 Episode Steps:   122 Return:  1.9682 FPS:  5.89
20:28:28.052 [INFO] (trainer.py:160) Total Episode:   212 Steps:   33021 Episode Steps:    22 Return: -0.8080 FPS:  5.06
20:28:55.573 [INFO] (trainer.py:160) Total Episode:   213 Steps:   33185 Episode Steps:   164 Return:  1.9460 FPS:  5.96
20:29:30.587 [INFO] (trainer.py:160) Total Episode:   214 Steps:   33395 Episode Steps:   210 Return:  1.0169 FPS:  6.00
20:29:36.123 [INFO] (trainer.py:160) Total Episode:   215 Steps:   33424 Episode Steps:    29 Return: -0.7680 FPS:  5.24
20:29:55.662 [INFO] (trainer.py:160) Total Episode:   216 Steps:   33539 Episode Steps:   115 Return:  1.9604 FPS:  5.89
20:30:00.810 [INFO] (trainer.py:160) Total Episode:   217 Steps:   33565 Episode Steps:    26 Return: -0.8117 FPS:  5.05
20:30:30.682 [INFO] (trainer.py:160) Total Episode:   218 Steps:   33741 Episode Steps:   176 Return:  1.0138 FPS:  5.89
20:30:36.495 [INFO] (trainer.py:160) Total Episode:   219 Steps:   33772 Episode Steps:    31 Return: -0.7581 FPS:  5.33
20:31:05.001 [INFO] (trainer.py:160) Total Episode:   220 Steps:   33941 Episode Steps:   169 Return:  1.0163 FPS:  5.93
20:31:11.059 [INFO] (trainer.py:160) Total Episode:   221 Steps:   33973 Episode Steps:    32 Return: -0.8096 FPS:  5.28
20:31:42.544 [INFO] (trainer.py:160) Total Episode:   222 Steps:   34160 Episode Steps:   187 Return:  1.9481 FPS:  5.94
20:32:05.375 [INFO] (trainer.py:160) Total Episode:   223 Steps:   34294 Episode Steps:   134 Return:  1.9648 FPS:  5.87
20:32:52.710 [INFO] (trainer.py:160) Total Episode:   224 Steps:   34579 Episode Steps:   285 Return:  1.0204 FPS:  6.02
20:32:57.684 [INFO] (trainer.py:160) Total Episode:   225 Steps:   34605 Episode Steps:    26 Return: -0.8111 FPS:  5.23
20:33:30.249 [INFO] (trainer.py:160) Total Episode:   226 Steps:   34799 Episode Steps:   194 Return:  1.9463 FPS:  5.96
20:34:05.873 [INFO] (trainer.py:160) Total Episode:   227 Steps:   35012 Episode Steps:   213 Return:  1.0183 FPS:  5.98
20:34:27.573 [INFO] (trainer.py:160) Total Episode:   228 Steps:   35141 Episode Steps:   129 Return:  1.9628 FPS:  5.95
20:34:53.520 [INFO] (trainer.py:160) Total Episode:   229 Steps:   35295 Episode Steps:   154 Return:  1.9423 FPS:  5.94
20:35:00.042 [INFO] (trainer.py:160) Total Episode:   230 Steps:   35330 Episode Steps:    35 Return: -0.8087 FPS:  5.37
20:35:26.862 [INFO] (trainer.py:160) Total Episode:   231 Steps:   35489 Episode Steps:   159 Return:  1.0230 FPS:  5.93
20:35:54.387 [INFO] (trainer.py:160) Total Episode:   232 Steps:   35653 Episode Steps:   164 Return:  1.9478 FPS:  5.96
20:36:17.409 [INFO] (trainer.py:160) Total Episode:   233 Steps:   35789 Episode Steps:   136 Return:  1.9637 FPS:  5.91
20:36:38.805 [INFO] (trainer.py:160) Total Episode:   234 Steps:   35916 Episode Steps:   127 Return:  1.9652 FPS:  5.94
20:37:14.799 [INFO] (trainer.py:160) Total Episode:   235 Steps:   36131 Episode Steps:   215 Return:  1.0283 FPS:  5.97
20:37:56.611 [INFO] (trainer.py:160) Total Episode:   236 Steps:   36382 Episode Steps:   251 Return:  0.9478 FPS:  6.00
20:38:25.877 [INFO] (trainer.py:160) Total Episode:   237 Steps:   36556 Episode Steps:   174 Return:  1.0256 FPS:  5.95
20:39:08.062 [INFO] (trainer.py:160) Total Episode:   238 Steps:   36809 Episode Steps:   253 Return:  1.9452 FPS:  6.00
20:39:42.673 [INFO] (trainer.py:160) Total Episode:   239 Steps:   37017 Episode Steps:   208 Return:  1.9458 FPS:  6.01
20:39:47.866 [INFO] (trainer.py:160) Total Episode:   240 Steps:   37044 Episode Steps:    27 Return: -0.8107 FPS:  5.20
20:40:41.999 [INFO] (trainer.py:160) Total Episode:   241 Steps:   37371 Episode Steps:   327 Return:  1.9398 FPS:  6.04
20:41:21.805 [INFO] (trainer.py:160) Total Episode:   242 Steps:   37611 Episode Steps:   240 Return:  1.0247 FPS:  6.03
20:42:03.794 [INFO] (trainer.py:160) Total Episode:   243 Steps:   37866 Episode Steps:   255 Return: -0.2178 FPS:  6.07
20:42:55.889 [INFO] (trainer.py:160) Total Episode:   244 Steps:   38180 Episode Steps:   314 Return:  1.9479 FPS:  6.03
20:43:22.183 [INFO] (trainer.py:160) Total Episode:   245 Steps:   38336 Episode Steps:   156 Return:  1.9467 FPS:  5.93
20:43:28.492 [INFO] (trainer.py:160) Total Episode:   246 Steps:   38370 Episode Steps:    34 Return: -0.7793 FPS:  5.39
20:44:12.312 [INFO] (trainer.py:160) Total Episode:   247 Steps:   38634 Episode Steps:   264 Return:  1.9522 FPS:  6.02
20:44:17.337 [INFO] (trainer.py:160) Total Episode:   248 Steps:   38660 Episode Steps:    26 Return: -0.8125 FPS:  5.17
20:45:23.334 [INFO] (trainer.py:160) Total Episode:   249 Steps:   39059 Episode Steps:   399 Return:  1.0077 FPS:  6.05
20:45:43.707 [INFO] (trainer.py:160) Total Episode:   250 Steps:   39178 Episode Steps:   119 Return:  1.9654 FPS:  5.84
20:46:04.330 [INFO] (trainer.py:160) Total Episode:   251 Steps:   39300 Episode Steps:   122 Return:  1.9656 FPS:  5.92
20:46:34.398 [INFO] (trainer.py:160) Total Episode:   252 Steps:   39479 Episode Steps:   179 Return:  1.9461 FPS:  5.95
20:47:05.931 [INFO] (trainer.py:160) Total Episode:   253 Steps:   39667 Episode Steps:   188 Return:  1.9529 FPS:  5.96
20:47:25.909 [INFO] (trainer.py:160) Total Episode:   254 Steps:   39785 Episode Steps:   118 Return:  1.9671 FPS:  5.91
20:47:31.952 [INFO] (trainer.py:160) Total Episode:   255 Steps:   39817 Episode Steps:    32 Return: -0.8105 FPS:  5.30
20:47:55.279 [INFO] (trainer.py:160) Total Episode:   256 Steps:   39956 Episode Steps:   139 Return:  1.9656 FPS:  5.96
20:48:16.949 [INFO] (trainer.py:160) Total Episode:   257 Steps:   40084 Episode Steps:   128 Return:  1.9691 FPS:  5.91
20:48:38.668 [INFO] (trainer.py:160) Total Episode:   258 Steps:   40212 Episode Steps:   128 Return:  1.9655 FPS:  5.89
20:49:01.096 [INFO] (trainer.py:160) Total Episode:   259 Steps:   40345 Episode Steps:   133 Return:  1.9673 FPS:  5.93
20:49:06.573 [INFO] (trainer.py:160) Total Episode:   260 Steps:   40374 Episode Steps:    29 Return: -0.8074 FPS:  5.30
20:49:12.312 [INFO] (trainer.py:160) Total Episode:   261 Steps:   40405 Episode Steps:    31 Return: -0.8120 FPS:  5.40
20:49:35.785 [INFO] (trainer.py:160) Total Episode:   262 Steps:   40545 Episode Steps:   140 Return:  1.9607 FPS:  5.96
20:49:58.459 [INFO] (trainer.py:160) Total Episode:   263 Steps:   40680 Episode Steps:   135 Return:  1.9618 FPS:  5.95
20:50:19.717 [INFO] (trainer.py:160) Total Episode:   264 Steps:   40806 Episode Steps:   126 Return:  1.9659 FPS:  5.93
20:50:58.351 [INFO] (trainer.py:160) Total Episode:   265 Steps:   41037 Episode Steps:   231 Return:  1.9438 FPS:  5.98
20:51:22.169 [INFO] (trainer.py:160) Total Episode:   266 Steps:   41178 Episode Steps:   141 Return:  1.9692 FPS:  5.92
20:51:58.021 [INFO] (trainer.py:160) Total Episode:   267 Steps:   41393 Episode Steps:   215 Return:  1.9368 FPS:  6.00
20:52:22.139 [INFO] (trainer.py:160) Total Episode:   268 Steps:   41536 Episode Steps:   143 Return:  1.9617 FPS:  5.93
20:52:46.157 [INFO] (trainer.py:160) Total Episode:   269 Steps:   41678 Episode Steps:   142 Return:  1.9631 FPS:  5.91
20:53:07.649 [INFO] (trainer.py:160) Total Episode:   270 Steps:   41805 Episode Steps:   127 Return:  1.9438 FPS:  5.91
20:53:14.569 [INFO] (trainer.py:160) Total Episode:   271 Steps:   41843 Episode Steps:    38 Return: -0.8120 FPS:  5.49
20:53:36.228 [INFO] (trainer.py:160) Total Episode:   272 Steps:   41971 Episode Steps:   128 Return:  1.9461 FPS:  5.91
20:53:58.482 [INFO] (trainer.py:160) Total Episode:   273 Steps:   42102 Episode Steps:   131 Return:  1.9673 FPS:  5.89
20:54:20.926 [INFO] (trainer.py:160) Total Episode:   274 Steps:   42235 Episode Steps:   133 Return:  1.9381 FPS:  5.93
20:54:41.662 [INFO] (trainer.py:160) Total Episode:   275 Steps:   42357 Episode Steps:   122 Return:  1.9667 FPS:  5.88
20:55:11.743 [INFO] (trainer.py:160) Total Episode:   276 Steps:   42537 Episode Steps:   180 Return:  2.3540 FPS:  5.98
20:55:31.651 [INFO] (trainer.py:160) Total Episode:   277 Steps:   42654 Episode Steps:   117 Return:  1.9689 FPS:  5.88
20:55:52.026 [INFO] (trainer.py:160) Total Episode:   278 Steps:   42775 Episode Steps:   121 Return:  1.9619 FPS:  5.94
20:56:14.255 [INFO] (trainer.py:160) Total Episode:   279 Steps:   42907 Episode Steps:   132 Return:  1.9641 FPS:  5.94
20:56:37.284 [INFO] (trainer.py:160) Total Episode:   280 Steps:   43043 Episode Steps:   136 Return:  1.9462 FPS:  5.91
20:57:07.707 [INFO] (trainer.py:160) Total Episode:   281 Steps:   43224 Episode Steps:   181 Return:  2.3511 FPS:  5.95
20:57:29.386 [INFO] (trainer.py:160) Total Episode:   282 Steps:   43352 Episode Steps:   128 Return:  1.9703 FPS:  5.90
20:57:51.299 [INFO] (trainer.py:160) Total Episode:   283 Steps:   43481 Episode Steps:   129 Return:  1.9700 FPS:  5.89
20:58:13.528 [INFO] (trainer.py:160) Total Episode:   284 Steps:   43612 Episode Steps:   131 Return:  1.9677 FPS:  5.89
20:58:50.731 [INFO] (trainer.py:160) Total Episode:   285 Steps:   43835 Episode Steps:   223 Return:  1.9695 FPS:  5.99
20:59:17.790 [INFO] (trainer.py:160) Total Episode:   286 Steps:   43996 Episode Steps:   161 Return:  1.9650 FPS:  5.95
20:59:29.151 [INFO] (trainer.py:160) Total Episode:   287 Steps:   44061 Episode Steps:    65 Return: -0.6067 FPS:  5.72
20:59:56.085 [INFO] (trainer.py:160) Total Episode:   288 Steps:   44222 Episode Steps:   161 Return:  1.9686 FPS:  5.98
21:00:18.803 [INFO] (trainer.py:160) Total Episode:   289 Steps:   44355 Episode Steps:   133 Return:  1.9671 FPS:  5.85
21:00:41.641 [INFO] (trainer.py:160) Total Episode:   290 Steps:   44490 Episode Steps:   135 Return:  1.9623 FPS:  5.91
21:01:07.705 [INFO] (trainer.py:160) Total Episode:   291 Steps:   44645 Episode Steps:   155 Return:  1.9680 FPS:  5.95
21:01:28.641 [INFO] (trainer.py:160) Total Episode:   292 Steps:   44768 Episode Steps:   123 Return:  1.0258 FPS:  5.88
21:01:48.611 [INFO] (trainer.py:160) Total Episode:   293 Steps:   44886 Episode Steps:   118 Return:  1.9474 FPS:  5.91
21:02:08.563 [INFO] (trainer.py:160) Total Episode:   294 Steps:   45003 Episode Steps:   117 Return:  1.9419 FPS:  5.86
21:02:29.132 [INFO] (trainer.py:160) Total Episode:   295 Steps:   45124 Episode Steps:   121 Return:  1.9628 FPS:  5.88
21:02:49.223 [INFO] (trainer.py:160) Total Episode:   296 Steps:   45242 Episode Steps:   118 Return:  1.9537 FPS:  5.87
21:03:15.823 [INFO] (trainer.py:160) Total Episode:   297 Steps:   45400 Episode Steps:   158 Return:  1.9464 FPS:  5.94
21:03:35.390 [INFO] (trainer.py:160) Total Episode:   298 Steps:   45515 Episode Steps:   115 Return:  1.9409 FPS:  5.88
21:03:55.117 [INFO] (trainer.py:160) Total Episode:   299 Steps:   45631 Episode Steps:   116 Return:  1.9656 FPS:  5.88
21:04:24.014 [INFO] (trainer.py:160) Total Episode:   300 Steps:   45801 Episode Steps:   170 Return:  1.3723 FPS:  5.88
21:04:44.669 [INFO] (trainer.py:160) Total Episode:   301 Steps:   45923 Episode Steps:   122 Return:  1.9688 FPS:  5.91
21:05:04.226 [INFO] (trainer.py:160) Total Episode:   302 Steps:   46038 Episode Steps:   115 Return:  1.9609 FPS:  5.88
21:05:24.091 [INFO] (trainer.py:160) Total Episode:   303 Steps:   46155 Episode Steps:   117 Return:  1.9649 FPS:  5.89
21:05:43.583 [INFO] (trainer.py:160) Total Episode:   304 Steps:   46270 Episode Steps:   115 Return:  1.9587 FPS:  5.90
21:06:02.852 [INFO] (trainer.py:160) Total Episode:   305 Steps:   46384 Episode Steps:   114 Return:  1.9620 FPS:  5.92
21:06:23.786 [INFO] (trainer.py:160) Total Episode:   306 Steps:   46508 Episode Steps:   124 Return:  1.0146 FPS:  5.92
21:06:43.369 [INFO] (trainer.py:160) Total Episode:   307 Steps:   46624 Episode Steps:   116 Return:  1.9428 FPS:  5.92
21:07:02.298 [INFO] (trainer.py:160) Total Episode:   308 Steps:   46736 Episode Steps:   112 Return:  1.9455 FPS:  5.92
21:07:22.259 [INFO] (trainer.py:160) Total Episode:   309 Steps:   46854 Episode Steps:   118 Return:  1.9421 FPS:  5.91
21:07:40.947 [INFO] (trainer.py:160) Total Episode:   310 Steps:   46964 Episode Steps:   110 Return:  1.9372 FPS:  5.89
21:08:00.396 [INFO] (trainer.py:160) Total Episode:   311 Steps:   47080 Episode Steps:   116 Return: -0.2146 FPS:  5.96
21:08:19.473 [INFO] (trainer.py:160) Total Episode:   312 Steps:   47193 Episode Steps:   113 Return:  1.9549 FPS:  5.92
21:08:38.647 [INFO] (trainer.py:160) Total Episode:   313 Steps:   47305 Episode Steps:   112 Return:  1.9383 FPS:  5.84
21:08:57.886 [INFO] (trainer.py:160) Total Episode:   314 Steps:   47419 Episode Steps:   114 Return:  1.9588 FPS:  5.93
21:09:03.490 [INFO] (trainer.py:160) Total Episode:   315 Steps:   47449 Episode Steps:    30 Return: -0.8100 FPS:  5.35
21:09:24.468 [INFO] (trainer.py:160) Total Episode:   316 Steps:   47573 Episode Steps:   124 Return:  1.9389 FPS:  5.91
21:09:45.053 [INFO] (trainer.py:160) Total Episode:   317 Steps:   47695 Episode Steps:   122 Return:  1.0257 FPS:  5.93
21:10:05.530 [INFO] (trainer.py:160) Total Episode:   318 Steps:   47816 Episode Steps:   121 Return:  1.9613 FPS:  5.91
21:10:24.967 [INFO] (trainer.py:160) Total Episode:   319 Steps:   47930 Episode Steps:   114 Return:  1.9378 FPS:  5.87
21:10:44.198 [INFO] (trainer.py:160) Total Episode:   320 Steps:   48043 Episode Steps:   113 Return:  1.9610 FPS:  5.88
21:11:02.910 [INFO] (trainer.py:160) Total Episode:   321 Steps:   48153 Episode Steps:   110 Return:  1.9423 FPS:  5.88
21:11:24.006 [INFO] (trainer.py:160) Total Episode:   322 Steps:   48278 Episode Steps:   125 Return:  1.9673 FPS:  5.93
21:11:44.119 [INFO] (trainer.py:160) Total Episode:   323 Steps:   48397 Episode Steps:   119 Return:  1.9351 FPS:  5.92
21:12:04.550 [INFO] (trainer.py:160) Total Episode:   324 Steps:   48518 Episode Steps:   121 Return:  1.9416 FPS:  5.92
21:12:24.663 [INFO] (trainer.py:160) Total Episode:   325 Steps:   48637 Episode Steps:   119 Return:  1.9705 FPS:  5.92
21:12:44.506 [INFO] (trainer.py:160) Total Episode:   326 Steps:   48754 Episode Steps:   117 Return:  1.9630 FPS:  5.90
21:13:07.666 [INFO] (trainer.py:160) Total Episode:   327 Steps:   48890 Episode Steps:   136 Return:  1.9637 FPS:  5.87
21:13:27.855 [INFO] (trainer.py:160) Total Episode:   328 Steps:   49009 Episode Steps:   119 Return:  1.9642 FPS:  5.89
21:13:34.348 [INFO] (trainer.py:160) Total Episode:   329 Steps:   49043 Episode Steps:    34 Return: -0.7737 FPS:  5.24
21:13:53.906 [INFO] (trainer.py:160) Total Episode:   330 Steps:   49158 Episode Steps:   115 Return:  1.9652 FPS:  5.88
21:14:13.683 [INFO] (trainer.py:160) Total Episode:   331 Steps:   49275 Episode Steps:   117 Return:  1.9678 FPS:  5.92
21:14:33.836 [INFO] (trainer.py:160) Total Episode:   332 Steps:   49394 Episode Steps:   119 Return:  1.9364 FPS:  5.91
21:14:53.791 [INFO] (trainer.py:160) Total Episode:   333 Steps:   49513 Episode Steps:   119 Return:  1.9670 FPS:  5.96
21:15:13.612 [INFO] (trainer.py:160) Total Episode:   334 Steps:   49630 Episode Steps:   117 Return:  1.9607 FPS:  5.90
21:15:33.788 [INFO] (trainer.py:160) Total Episode:   335 Steps:   49749 Episode Steps:   119 Return:  1.9370 FPS:  5.90
21:15:52.927 [INFO] (trainer.py:160) Total Episode:   336 Steps:   49862 Episode Steps:   113 Return:  1.9424 FPS:  5.90
21:16:12.570 [INFO] (trainer.py:160) Total Episode:   337 Steps:   49978 Episode Steps:   116 Return:  1.9412 FPS:  5.91
21:16:18.447 [INFO] (trainer.py:160) Total Episode:   338 Steps:   50008 Episode Steps:    30 Return: -0.8111 FPS:  5.11
21:16:38.683 [INFO] (trainer.py:160) Total Episode:   339 Steps:   50128 Episode Steps:   120 Return:  1.9676 FPS:  5.93
21:16:57.364 [INFO] (trainer.py:160) Total Episode:   340 Steps:   50238 Episode Steps:   110 Return:  1.9657 FPS:  5.89
21:17:16.269 [INFO] (trainer.py:160) Total Episode:   341 Steps:   50350 Episode Steps:   112 Return:  1.9644 FPS:  5.92
21:17:36.817 [INFO] (trainer.py:160) Total Episode:   342 Steps:   50472 Episode Steps:   122 Return:  1.9590 FPS:  5.94
21:17:56.416 [INFO] (trainer.py:160) Total Episode:   343 Steps:   50588 Episode Steps:   116 Return:  1.9626 FPS:  5.92
21:18:18.160 [INFO] (trainer.py:160) Total Episode:   344 Steps:   50717 Episode Steps:   129 Return:  1.9637 FPS:  5.93
21:18:38.674 [INFO] (trainer.py:160) Total Episode:   345 Steps:   50839 Episode Steps:   122 Return:  1.9405 FPS:  5.95
21:18:57.833 [INFO] (trainer.py:160) Total Episode:   346 Steps:   50952 Episode Steps:   113 Return:  1.9430 FPS:  5.90
21:19:19.335 [INFO] (trainer.py:160) Total Episode:   347 Steps:   51080 Episode Steps:   128 Return:  1.9673 FPS:  5.95
21:19:38.878 [INFO] (trainer.py:160) Total Episode:   348 Steps:   51196 Episode Steps:   116 Return:  1.9697 FPS:  5.94
21:19:44.045 [INFO] (trainer.py:160) Total Episode:   349 Steps:   51223 Episode Steps:    27 Return: -0.8099 FPS:  5.23
21:20:03.289 [INFO] (trainer.py:160) Total Episode:   350 Steps:   51335 Episode Steps:   112 Return:  1.9423 FPS:  5.82
21:20:24.242 [INFO] (trainer.py:160) Total Episode:   351 Steps:   51459 Episode Steps:   124 Return:  1.9625 FPS:  5.92
21:20:43.982 [INFO] (trainer.py:160) Total Episode:   352 Steps:   51576 Episode Steps:   117 Return:  1.9350 FPS:  5.93
21:21:03.155 [INFO] (trainer.py:160) Total Episode:   353 Steps:   51690 Episode Steps:   114 Return:  1.9590 FPS:  5.95
21:21:09.402 [INFO] (trainer.py:160) Total Episode:   354 Steps:   51724 Episode Steps:    34 Return: -0.7469 FPS:  5.44
21:21:30.759 [INFO] (trainer.py:160) Total Episode:   355 Steps:   51851 Episode Steps:   127 Return:  1.9644 FPS:  5.95
21:21:54.432 [INFO] (trainer.py:160) Total Episode:   356 Steps:   51991 Episode Steps:   140 Return:  1.9419 FPS:  5.91
21:22:13.112 [INFO] (trainer.py:160) Total Episode:   357 Steps:   52102 Episode Steps:   111 Return:  1.9621 FPS:  5.94
21:22:33.092 [INFO] (trainer.py:160) Total Episode:   358 Steps:   52221 Episode Steps:   119 Return:  1.9685 FPS:  5.96
21:22:52.600 [INFO] (trainer.py:160) Total Episode:   359 Steps:   52337 Episode Steps:   116 Return:  1.9392 FPS:  5.95
21:22:57.941 [INFO] (trainer.py:160) Total Episode:   360 Steps:   52365 Episode Steps:    28 Return: -0.7726 FPS:  5.24
21:23:16.500 [INFO] (trainer.py:160) Total Episode:   361 Steps:   52475 Episode Steps:   110 Return:  1.9366 FPS:  5.93
21:23:34.910 [INFO] (trainer.py:160) Total Episode:   362 Steps:   52583 Episode Steps:   108 Return:  1.9673 FPS:  5.87
21:23:59.423 [INFO] (trainer.py:160) Total Episode:   363 Steps:   52729 Episode Steps:   146 Return:  2.2927 FPS:  5.96
21:24:18.437 [INFO] (trainer.py:160) Total Episode:   364 Steps:   52841 Episode Steps:   112 Return:  1.9669 FPS:  5.89
21:24:37.190 [INFO] (trainer.py:160) Total Episode:   365 Steps:   52952 Episode Steps:   111 Return:  1.9388 FPS:  5.92
21:24:47.674 [INFO] (trainer.py:160) Total Episode:   366 Steps:   53012 Episode Steps:    60 Return:  0.4342 FPS:  5.72
21:25:23.638 [INFO] (trainer.py:160) Total Episode:   367 Steps:   53227 Episode Steps:   215 Return: -0.7380 FPS:  5.98
21:25:44.203 [INFO] (trainer.py:160) Total Episode:   368 Steps:   53348 Episode Steps:   121 Return:  1.9421 FPS:  5.88
21:26:04.452 [INFO] (trainer.py:160) Total Episode:   369 Steps:   53468 Episode Steps:   120 Return:  1.9669 FPS:  5.93
21:26:22.977 [INFO] (trainer.py:160) Total Episode:   370 Steps:   53577 Episode Steps:   109 Return:  1.9361 FPS:  5.88
21:26:43.439 [INFO] (trainer.py:160) Total Episode:   371 Steps:   53698 Episode Steps:   121 Return:  1.9374 FPS:  5.91
21:27:01.378 [INFO] (trainer.py:160) Total Episode:   372 Steps:   53803 Episode Steps:   105 Return:  1.9331 FPS:  5.85
21:27:07.502 [INFO] (trainer.py:160) Total Episode:   373 Steps:   53836 Episode Steps:    33 Return: -0.7792 FPS:  5.39
21:27:12.655 [INFO] (trainer.py:160) Total Episode:   374 Steps:   53863 Episode Steps:    27 Return: -0.8096 FPS:  5.24
21:27:31.305 [INFO] (trainer.py:160) Total Episode:   375 Steps:   53973 Episode Steps:   110 Return:  1.9471 FPS:  5.90
21:27:49.615 [INFO] (trainer.py:160) Total Episode:   376 Steps:   54081 Episode Steps:   108 Return:  1.9354 FPS:  5.90
21:27:54.477 [INFO] (trainer.py:160) Total Episode:   377 Steps:   54106 Episode Steps:    25 Return: -0.8096 FPS:  5.14
21:28:12.493 [INFO] (trainer.py:160) Total Episode:   378 Steps:   54212 Episode Steps:   106 Return:  1.9368 FPS:  5.89
21:28:31.288 [INFO] (trainer.py:160) Total Episode:   379 Steps:   54323 Episode Steps:   111 Return:  1.9692 FPS:  5.91
21:28:50.142 [INFO] (trainer.py:160) Total Episode:   380 Steps:   54433 Episode Steps:   110 Return:  1.9372 FPS:  5.83
21:29:08.564 [INFO] (trainer.py:160) Total Episode:   381 Steps:   54541 Episode Steps:   108 Return:  1.9359 FPS:  5.86
21:29:28.698 [INFO] (trainer.py:160) Total Episode:   382 Steps:   54660 Episode Steps:   119 Return:  1.9650 FPS:  5.91
21:29:48.756 [INFO] (trainer.py:160) Total Episode:   383 Steps:   54779 Episode Steps:   119 Return:  1.9720 FPS:  5.93
21:30:07.660 [INFO] (trainer.py:160) Total Episode:   384 Steps:   54891 Episode Steps:   112 Return:  1.9356 FPS:  5.92
21:30:29.622 [INFO] (trainer.py:160) Total Episode:   385 Steps:   55021 Episode Steps:   130 Return:  1.9483 FPS:  5.92
21:30:47.909 [INFO] (trainer.py:160) Total Episode:   386 Steps:   55129 Episode Steps:   108 Return:  1.9435 FPS:  5.91
21:31:06.323 [INFO] (trainer.py:160) Total Episode:   387 Steps:   55238 Episode Steps:   109 Return:  1.9351 FPS:  5.92
21:31:26.983 [INFO] (trainer.py:160) Total Episode:   388 Steps:   55360 Episode Steps:   122 Return:  1.9651 FPS:  5.91
21:31:51.938 [INFO] (trainer.py:160) Total Episode:   389 Steps:   55509 Episode Steps:   149 Return:  1.9437 FPS:  5.97
21:32:03.637 [INFO] (trainer.py:160) Total Episode:   390 Steps:   55576 Episode Steps:    67 Return: -0.5265 FPS:  5.73
21:32:23.058 [INFO] (trainer.py:160) Total Episode:   391 Steps:   55691 Episode Steps:   115 Return:  1.9381 FPS:  5.92
21:32:43.062 [INFO] (trainer.py:160) Total Episode:   392 Steps:   55809 Episode Steps:   118 Return:  1.9366 FPS:  5.90
21:33:03.256 [INFO] (trainer.py:160) Total Episode:   393 Steps:   55928 Episode Steps:   119 Return:  1.9334 FPS:  5.89
21:33:23.747 [INFO] (trainer.py:160) Total Episode:   394 Steps:   56049 Episode Steps:   121 Return:  1.9407 FPS:  5.91
21:33:42.364 [INFO] (trainer.py:160) Total Episode:   395 Steps:   56159 Episode Steps:   110 Return:  1.9409 FPS:  5.91
21:34:03.263 [INFO] (trainer.py:160) Total Episode:   396 Steps:   56282 Episode Steps:   123 Return:  1.9366 FPS:  5.89
21:34:22.112 [INFO] (trainer.py:160) Total Episode:   397 Steps:   56393 Episode Steps:   111 Return:  1.9606 FPS:  5.89
21:34:40.540 [INFO] (trainer.py:160) Total Episode:   398 Steps:   56502 Episode Steps:   109 Return:  1.9403 FPS:  5.92
21:34:59.864 [INFO] (trainer.py:160) Total Episode:   399 Steps:   56616 Episode Steps:   114 Return:  1.9308 FPS:  5.90
21:35:26.591 [INFO] (trainer.py:160) Total Episode:   400 Steps:   56775 Episode Steps:   159 Return:  2.2868 FPS:  5.95
21:35:46.113 [INFO] (trainer.py:160) Total Episode:   401 Steps:   56890 Episode Steps:   115 Return:  1.9406 FPS:  5.89
21:36:00.713 [INFO] (trainer.py:160) Total Episode:   402 Steps:   56975 Episode Steps:    85 Return: -0.3028 FPS:  5.82
21:36:21.123 [INFO] (trainer.py:160) Total Episode:   403 Steps:   57096 Episode Steps:   121 Return:  1.9591 FPS:  5.93
21:36:46.956 [INFO] (trainer.py:160) Total Episode:   404 Steps:   57250 Episode Steps:   154 Return:  1.9629 FPS:  5.96
21:37:07.832 [INFO] (trainer.py:160) Total Episode:   405 Steps:   57373 Episode Steps:   123 Return:  1.9656 FPS:  5.89
21:37:26.862 [INFO] (trainer.py:160) Total Episode:   406 Steps:   57485 Episode Steps:   112 Return:  1.9393 FPS:  5.89
21:37:32.452 [INFO] (trainer.py:160) Total Episode:   407 Steps:   57515 Episode Steps:    30 Return: -0.8060 FPS:  5.37
21:37:37.090 [INFO] (trainer.py:160) Total Episode:   408 Steps:   57539 Episode Steps:    24 Return: -0.8104 FPS:  5.18
21:37:56.348 [INFO] (trainer.py:160) Total Episode:   409 Steps:   57652 Episode Steps:   113 Return:  1.9444 FPS:  5.87
21:38:15.289 [INFO] (trainer.py:160) Total Episode:   410 Steps:   57764 Episode Steps:   112 Return:  1.9362 FPS:  5.91
21:38:34.532 [INFO] (trainer.py:160) Total Episode:   411 Steps:   57878 Episode Steps:   114 Return:  1.9643 FPS:  5.92
21:38:53.741 [INFO] (trainer.py:160) Total Episode:   412 Steps:   57992 Episode Steps:   114 Return:  1.9661 FPS:  5.93
21:39:12.412 [INFO] (trainer.py:160) Total Episode:   413 Steps:   58103 Episode Steps:   111 Return:  1.9453 FPS:  5.95
21:39:31.095 [INFO] (trainer.py:160) Total Episode:   414 Steps:   58213 Episode Steps:   110 Return:  1.9355 FPS:  5.89
21:39:50.851 [INFO] (trainer.py:160) Total Episode:   415 Steps:   58330 Episode Steps:   117 Return:  1.9706 FPS:  5.92
21:40:09.716 [INFO] (trainer.py:160) Total Episode:   416 Steps:   58441 Episode Steps:   111 Return:  1.9386 FPS:  5.88
21:40:30.018 [INFO] (trainer.py:160) Total Episode:   417 Steps:   58561 Episode Steps:   120 Return:  1.9352 FPS:  5.91
21:40:50.196 [INFO] (trainer.py:160) Total Episode:   418 Steps:   58680 Episode Steps:   119 Return:  1.9328 FPS:  5.90
21:41:19.345 [INFO] (trainer.py:160) Total Episode:   419 Steps:   58853 Episode Steps:   173 Return:  2.3253 FPS:  5.94
21:41:40.946 [INFO] (trainer.py:160) Total Episode:   420 Steps:   58981 Episode Steps:   128 Return:  1.9647 FPS:  5.93
21:42:00.474 [INFO] (trainer.py:160) Total Episode:   421 Steps:   59097 Episode Steps:   116 Return:  1.9351 FPS:  5.94
21:42:21.567 [INFO] (trainer.py:160) Total Episode:   422 Steps:   59222 Episode Steps:   125 Return:  1.9345 FPS:  5.93
21:42:40.507 [INFO] (trainer.py:160) Total Episode:   423 Steps:   59334 Episode Steps:   112 Return:  1.9406 FPS:  5.91
21:43:01.165 [INFO] (trainer.py:160) Total Episode:   424 Steps:   59457 Episode Steps:   123 Return:  1.9370 FPS:  5.95
21:43:07.246 [INFO] (trainer.py:160) Total Episode:   425 Steps:   59490 Episode Steps:    33 Return: -0.8123 FPS:  5.43
21:43:26.021 [INFO] (trainer.py:160) Total Episode:   426 Steps:   59601 Episode Steps:   111 Return:  1.9637 FPS:  5.91
21:43:45.187 [INFO] (trainer.py:160) Total Episode:   427 Steps:   59714 Episode Steps:   113 Return:  1.9395 FPS:  5.90
21:44:04.233 [INFO] (trainer.py:160) Total Episode:   428 Steps:   59827 Episode Steps:   113 Return:  1.9673 FPS:  5.93
21:44:09.210 [INFO] (trainer.py:160) Total Episode:   429 Steps:   59853 Episode Steps:    26 Return: -0.8114 FPS:  5.23
21:44:29.210 [INFO] (trainer.py:160) Total Episode:   430 Steps:   59970 Episode Steps:   117 Return:  1.9441 FPS:  5.85
21:44:47.997 [INFO] (trainer.py:160) Total Episode:   431 Steps:   60081 Episode Steps:   111 Return:  1.9444 FPS:  5.91
21:45:06.755 [INFO] (trainer.py:160) Total Episode:   432 Steps:   60191 Episode Steps:   110 Return:  1.9406 FPS:  5.86
21:45:25.554 [INFO] (trainer.py:160) Total Episode:   433 Steps:   60302 Episode Steps:   111 Return:  1.9408 FPS:  5.91
21:45:44.074 [INFO] (trainer.py:160) Total Episode:   434 Steps:   60411 Episode Steps:   109 Return:  1.9339 FPS:  5.89
21:46:03.499 [INFO] (trainer.py:160) Total Episode:   435 Steps:   60525 Episode Steps:   114 Return:  1.9426 FPS:  5.87
21:46:21.833 [INFO] (trainer.py:160) Total Episode:   436 Steps:   60633 Episode Steps:   108 Return:  1.9412 FPS:  5.89
21:46:40.991 [INFO] (trainer.py:160) Total Episode:   437 Steps:   60746 Episode Steps:   113 Return:  1.9641 FPS:  5.90
21:47:00.619 [INFO] (trainer.py:160) Total Episode:   438 Steps:   60862 Episode Steps:   116 Return:  1.9419 FPS:  5.91
21:47:06.538 [INFO] (trainer.py:160) Total Episode:   439 Steps:   60894 Episode Steps:    32 Return: -0.7629 FPS:  5.41
21:47:24.917 [INFO] (trainer.py:160) Total Episode:   440 Steps:   61003 Episode Steps:   109 Return:  1.9691 FPS:  5.93
21:47:31.796 [INFO] (trainer.py:160) Total Episode:   441 Steps:   61041 Episode Steps:    38 Return: -0.7791 FPS:  5.52
21:47:51.417 [INFO] (trainer.py:160) Total Episode:   442 Steps:   61158 Episode Steps:   117 Return:  1.9679 FPS:  5.96
21:47:57.348 [INFO] (trainer.py:160) Total Episode:   443 Steps:   61190 Episode Steps:    32 Return: -0.7693 FPS:  5.40
21:48:02.485 [INFO] (trainer.py:160) Total Episode:   444 Steps:   61217 Episode Steps:    27 Return: -0.8091 FPS:  5.26
21:48:07.306 [INFO] (trainer.py:160) Total Episode:   445 Steps:   61242 Episode Steps:    25 Return: -0.8121 FPS:  5.19
21:48:26.355 [INFO] (trainer.py:160) Total Episode:   446 Steps:   61355 Episode Steps:   113 Return:  1.9665 FPS:  5.93
21:48:45.813 [INFO] (trainer.py:160) Total Episode:   447 Steps:   61470 Episode Steps:   115 Return:  1.9385 FPS:  5.91
21:48:52.080 [INFO] (trainer.py:160) Total Episode:   448 Steps:   61503 Episode Steps:    33 Return: -0.7436 FPS:  5.27
21:49:10.257 [INFO] (trainer.py:160) Total Episode:   449 Steps:   61610 Episode Steps:   107 Return: -0.0706 FPS:  5.89
21:49:29.348 [INFO] (trainer.py:160) Total Episode:   450 Steps:   61721 Episode Steps:   111 Return:  1.9630 FPS:  5.81
21:49:35.926 [INFO] (trainer.py:160) Total Episode:   451 Steps:   61757 Episode Steps:    36 Return: -0.7653 FPS:  5.47
21:49:57.784 [INFO] (trainer.py:160) Total Episode:   452 Steps:   61886 Episode Steps:   129 Return:  1.9592 FPS:  5.90
21:50:02.581 [INFO] (trainer.py:160) Total Episode:   453 Steps:   61911 Episode Steps:    25 Return: -0.8107 FPS:  5.21
21:50:22.057 [INFO] (trainer.py:160) Total Episode:   454 Steps:   62026 Episode Steps:   115 Return:  1.9395 FPS:  5.91
21:50:29.929 [INFO] (trainer.py:160) Total Episode:   455 Steps:   62070 Episode Steps:    44 Return: -0.7384 FPS:  5.59
21:50:48.721 [INFO] (trainer.py:160) Total Episode:   456 Steps:   62181 Episode Steps:   111 Return:  1.9381 FPS:  5.91
21:50:53.371 [INFO] (trainer.py:160) Total Episode:   457 Steps:   62205 Episode Steps:    24 Return: -0.8086 FPS:  5.16
21:51:13.148 [INFO] (trainer.py:160) Total Episode:   458 Steps:   62322 Episode Steps:   117 Return:  1.9688 FPS:  5.92
21:51:35.174 [INFO] (trainer.py:160) Total Episode:   459 Steps:   62452 Episode Steps:   130 Return:  1.9427 FPS:  5.90
21:51:54.144 [INFO] (trainer.py:160) Total Episode:   460 Steps:   62564 Episode Steps:   112 Return:  1.9637 FPS:  5.90
21:52:26.575 [INFO] (trainer.py:160) Total Episode:   461 Steps:   62759 Episode Steps:   195 Return:  1.9653 FPS:  6.01
21:52:33.848 [INFO] (trainer.py:160) Total Episode:   462 Steps:   62799 Episode Steps:    40 Return: -0.7482 FPS:  5.50
21:52:53.830 [INFO] (trainer.py:160) Total Episode:   463 Steps:   62917 Episode Steps:   118 Return:  1.9674 FPS:  5.91
21:53:12.294 [INFO] (trainer.py:160) Total Episode:   464 Steps:   63026 Episode Steps:   109 Return:  1.9342 FPS:  5.90
21:53:17.572 [INFO] (trainer.py:160) Total Episode:   465 Steps:   63054 Episode Steps:    28 Return: -0.7752 FPS:  5.31
21:53:24.211 [INFO] (trainer.py:160) Total Episode:   466 Steps:   63089 Episode Steps:    35 Return: -0.7349 FPS:  5.27
21:53:43.093 [INFO] (trainer.py:160) Total Episode:   467 Steps:   63201 Episode Steps:   112 Return:  1.9661 FPS:  5.93
21:54:02.275 [INFO] (trainer.py:160) Total Episode:   468 Steps:   63314 Episode Steps:   113 Return:  1.9441 FPS:  5.89
21:54:20.313 [INFO] (trainer.py:160) Total Episode:   469 Steps:   63420 Episode Steps:   106 Return:  1.9426 FPS:  5.88
21:54:39.361 [INFO] (trainer.py:160) Total Episode:   470 Steps:   63532 Episode Steps:   112 Return:  1.9419 FPS:  5.88
21:54:58.468 [INFO] (trainer.py:160) Total Episode:   471 Steps:   63645 Episode Steps:   113 Return:  1.9613 FPS:  5.91
21:55:17.590 [INFO] (trainer.py:160) Total Episode:   472 Steps:   63758 Episode Steps:   113 Return:  1.9671 FPS:  5.91
21:55:24.522 [INFO] (trainer.py:160) Total Episode:   473 Steps:   63796 Episode Steps:    38 Return: -0.6832 FPS:  5.48
21:55:43.187 [INFO] (trainer.py:160) Total Episode:   474 Steps:   63907 Episode Steps:   111 Return:  1.9656 FPS:  5.95
21:56:03.018 [INFO] (trainer.py:160) Total Episode:   475 Steps:   64025 Episode Steps:   118 Return:  1.9611 FPS:  5.95
21:56:08.245 [INFO] (trainer.py:160) Total Episode:   476 Steps:   64052 Episode Steps:    27 Return: -0.8124 FPS:  5.17
21:56:26.613 [INFO] (trainer.py:160) Total Episode:   477 Steps:   64160 Episode Steps:   108 Return:  1.9367 FPS:  5.88
21:56:46.187 [INFO] (trainer.py:160) Total Episode:   478 Steps:   64275 Episode Steps:   115 Return:  1.9711 FPS:  5.88
21:57:05.126 [INFO] (trainer.py:160) Total Episode:   479 Steps:   64387 Episode Steps:   112 Return:  1.9649 FPS:  5.91
21:57:10.947 [INFO] (trainer.py:160) Total Episode:   480 Steps:   64418 Episode Steps:    31 Return: -0.7800 FPS:  5.33
21:57:15.783 [INFO] (trainer.py:160) Total Episode:   481 Steps:   64443 Episode Steps:    25 Return: -0.8108 FPS:  5.17
21:57:36.582 [INFO] (trainer.py:160) Total Episode:   482 Steps:   64566 Episode Steps:   123 Return:  1.9609 FPS:  5.92
21:57:55.704 [INFO] (trainer.py:160) Total Episode:   483 Steps:   64677 Episode Steps:   111 Return:  1.9623 FPS:  5.80
21:58:16.200 [INFO] (trainer.py:160) Total Episode:   484 Steps:   64798 Episode Steps:   121 Return:  1.9347 FPS:  5.90
21:58:35.380 [INFO] (trainer.py:160) Total Episode:   485 Steps:   64911 Episode Steps:   113 Return:  1.9387 FPS:  5.89
21:58:51.423 [INFO] (trainer.py:160) Total Episode:   486 Steps:   65004 Episode Steps:    93 Return: -0.3849 FPS:  5.80
21:58:58.730 [INFO] (trainer.py:160) Total Episode:   487 Steps:   65044 Episode Steps:    40 Return: -0.7133 FPS:  5.47
21:59:18.909 [INFO] (trainer.py:160) Total Episode:   488 Steps:   65163 Episode Steps:   119 Return:  1.9605 FPS:  5.90
21:59:38.535 [INFO] (trainer.py:160) Total Episode:   489 Steps:   65279 Episode Steps:   116 Return:  1.9446 FPS:  5.91
21:59:57.254 [INFO] (trainer.py:160) Total Episode:   490 Steps:   65389 Episode Steps:   110 Return:  1.9359 FPS:  5.88
22:00:15.880 [INFO] (trainer.py:160) Total Episode:   491 Steps:   65499 Episode Steps:   110 Return:  1.9417 FPS:  5.91
22:00:35.144 [INFO] (trainer.py:160) Total Episode:   492 Steps:   65612 Episode Steps:   113 Return:  1.9613 FPS:  5.87
22:00:54.709 [INFO] (trainer.py:160) Total Episode:   493 Steps:   65726 Episode Steps:   114 Return:  1.9692 FPS:  5.83
22:01:14.389 [INFO] (trainer.py:160) Total Episode:   494 Steps:   65842 Episode Steps:   116 Return:  1.9675 FPS:  5.89
22:01:33.842 [INFO] (trainer.py:160) Total Episode:   495 Steps:   65957 Episode Steps:   115 Return:  1.9399 FPS:  5.91
22:01:52.735 [INFO] (trainer.py:160) Total Episode:   496 Steps:   66068 Episode Steps:   111 Return:  1.9406 FPS:  5.88
22:02:11.737 [INFO] (trainer.py:160) Total Episode:   497 Steps:   66180 Episode Steps:   112 Return:  1.9412 FPS:  5.89
22:02:32.526 [INFO] (trainer.py:160) Total Episode:   498 Steps:   66302 Episode Steps:   122 Return:  1.9691 FPS:  5.87
22:02:51.740 [INFO] (trainer.py:160) Total Episode:   499 Steps:   66416 Episode Steps:   114 Return:  1.9654 FPS:  5.93
22:03:12.954 [INFO] (trainer.py:160) Total Episode:   500 Steps:   66539 Episode Steps:   123 Return:  1.9364 FPS:  5.80
22:03:31.533 [INFO] (trainer.py:160) Total Episode:   501 Steps:   66649 Episode Steps:   110 Return:  1.9400 FPS:  5.92
22:03:50.266 [INFO] (trainer.py:160) Total Episode:   502 Steps:   66760 Episode Steps:   111 Return:  1.9626 FPS:  5.93
22:04:08.421 [INFO] (trainer.py:160) Total Episode:   503 Steps:   66867 Episode Steps:   107 Return:  1.9351 FPS:  5.89
22:04:25.798 [INFO] (trainer.py:160) Total Episode:   504 Steps:   66969 Episode Steps:   102 Return:  1.9380 FPS:  5.87
22:04:45.214 [INFO] (trainer.py:160) Total Episode:   505 Steps:   67083 Episode Steps:   114 Return:  1.9366 FPS:  5.87
22:05:04.408 [INFO] (trainer.py:160) Total Episode:   506 Steps:   67196 Episode Steps:   113 Return:  1.9653 FPS:  5.89
22:05:24.364 [INFO] (trainer.py:160) Total Episode:   507 Steps:   67314 Episode Steps:   118 Return:  1.9451 FPS:  5.91
22:05:36.639 [INFO] (trainer.py:160) Total Episode:   508 Steps:   67384 Episode Steps:    70 Return: -0.4952 FPS:  5.71
22:05:56.802 [INFO] (trainer.py:160) Total Episode:   509 Steps:   67503 Episode Steps:   119 Return:  1.9396 FPS:  5.90
22:06:17.089 [INFO] (trainer.py:160) Total Episode:   510 Steps:   67623 Episode Steps:   120 Return:  1.9724 FPS:  5.92
22:06:36.290 [INFO] (trainer.py:160) Total Episode:   511 Steps:   67737 Episode Steps:   114 Return:  1.9646 FPS:  5.94
22:06:46.890 [INFO] (trainer.py:160) Total Episode:   512 Steps:   67798 Episode Steps:    61 Return: -0.7909 FPS:  5.76
22:07:51.686 [INFO] (trainer.py:160) Total Episode:   513 Steps:   68194 Episode Steps:   396 Return:  0.1859 FPS:  6.11
22:08:10.385 [INFO] (trainer.py:160) Total Episode:   514 Steps:   68304 Episode Steps:   110 Return:  1.9435 FPS:  5.88
22:08:33.006 [INFO] (trainer.py:160) Total Episode:   515 Steps:   68438 Episode Steps:   134 Return:  1.9341 FPS:  5.92
22:08:54.402 [INFO] (trainer.py:160) Total Episode:   516 Steps:   68564 Episode Steps:   126 Return:  1.0258 FPS:  5.89
22:09:15.384 [INFO] (trainer.py:160) Total Episode:   517 Steps:   68688 Episode Steps:   124 Return:  1.9399 FPS:  5.91
22:09:33.537 [INFO] (trainer.py:160) Total Episode:   518 Steps:   68795 Episode Steps:   107 Return:  1.9406 FPS:  5.89
22:09:44.971 [INFO] (trainer.py:160) Total Episode:   519 Steps:   68860 Episode Steps:    65 Return: -0.4531 FPS:  5.69
22:10:18.365 [INFO] (trainer.py:160) Total Episode:   520 Steps:   69061 Episode Steps:   201 Return:  2.3164 FPS:  6.02
22:10:41.015 [INFO] (trainer.py:160) Total Episode:   521 Steps:   69196 Episode Steps:   135 Return:  0.1870 FPS:  5.96
22:11:00.713 [INFO] (trainer.py:160) Total Episode:   522 Steps:   69312 Episode Steps:   116 Return:  1.9343 FPS:  5.89
22:11:22.350 [INFO] (trainer.py:160) Total Episode:   523 Steps:   69441 Episode Steps:   129 Return:  1.9635 FPS:  5.96
22:11:40.703 [INFO] (trainer.py:160) Total Episode:   524 Steps:   69549 Episode Steps:   108 Return:  1.9446 FPS:  5.88
22:11:59.798 [INFO] (trainer.py:160) Total Episode:   525 Steps:   69661 Episode Steps:   112 Return:  1.9346 FPS:  5.87
22:12:18.960 [INFO] (trainer.py:160) Total Episode:   526 Steps:   69774 Episode Steps:   113 Return:  1.9646 FPS:  5.90
22:12:37.446 [INFO] (trainer.py:160) Total Episode:   527 Steps:   69883 Episode Steps:   109 Return:  1.9400 FPS:  5.90
22:12:56.395 [INFO] (trainer.py:160) Total Episode:   528 Steps:   69995 Episode Steps:   112 Return:  1.9726 FPS:  5.91
22:13:02.149 [INFO] (trainer.py:160) Total Episode:   529 Steps:   70026 Episode Steps:    31 Return: -0.8080 FPS:  5.39
22:13:20.917 [INFO] (trainer.py:160) Total Episode:   530 Steps:   70136 Episode Steps:   110 Return:  1.9379 FPS:  5.86
22:13:39.588 [INFO] (trainer.py:160) Total Episode:   531 Steps:   70246 Episode Steps:   110 Return:  1.9396 FPS:  5.89
22:14:01.799 [INFO] (trainer.py:160) Total Episode:   532 Steps:   70377 Episode Steps:   131 Return:  1.9696 FPS:  5.90
22:14:22.051 [INFO] (trainer.py:160) Total Episode:   533 Steps:   70497 Episode Steps:   120 Return:  1.9641 FPS:  5.93
22:14:41.295 [INFO] (trainer.py:160) Total Episode:   534 Steps:   70610 Episode Steps:   113 Return:  1.9717 FPS:  5.87
22:14:45.778 [INFO] (trainer.py:160) Total Episode:   535 Steps:   70633 Episode Steps:    23 Return: -0.8104 FPS:  5.13
22:14:51.449 [INFO] (trainer.py:160) Total Episode:   536 Steps:   70663 Episode Steps:    30 Return: -0.8115 FPS:  5.29
22:15:11.779 [INFO] (trainer.py:160) Total Episode:   537 Steps:   70783 Episode Steps:   120 Return:  1.9600 FPS:  5.90
22:15:30.934 [INFO] (trainer.py:160) Total Episode:   538 Steps:   70896 Episode Steps:   113 Return:  1.9642 FPS:  5.90
22:15:51.602 [INFO] (trainer.py:160) Total Episode:   539 Steps:   71018 Episode Steps:   122 Return:  1.9641 FPS:  5.90
22:15:58.041 [INFO] (trainer.py:160) Total Episode:   540 Steps:   71053 Episode Steps:    35 Return: -0.8106 FPS:  5.44
22:16:02.552 [INFO] (trainer.py:160) Total Episode:   541 Steps:   71076 Episode Steps:    23 Return: -0.8126 FPS:  5.10
22:16:08.250 [INFO] (trainer.py:160) Total Episode:   542 Steps:   71106 Episode Steps:    30 Return: -0.7879 FPS:  5.27
22:16:27.682 [INFO] (trainer.py:160) Total Episode:   543 Steps:   71220 Episode Steps:   114 Return:  1.9662 FPS:  5.87
22:16:47.199 [INFO] (trainer.py:160) Total Episode:   544 Steps:   71336 Episode Steps:   116 Return:  1.9696 FPS:  5.94
22:17:05.529 [INFO] (trainer.py:160) Total Episode:   545 Steps:   71444 Episode Steps:   108 Return:  1.9389 FPS:  5.89
22:17:10.871 [INFO] (trainer.py:160) Total Episode:   546 Steps:   71472 Episode Steps:    28 Return: -0.7784 FPS:  5.24
22:17:56.705 [INFO] (trainer.py:160) Total Episode:   547 Steps:   71750 Episode Steps:   278 Return:  2.3479 FPS:  6.07
22:18:17.188 [INFO] (trainer.py:160) Total Episode:   548 Steps:   71871 Episode Steps:   121 Return:  1.9636 FPS:  5.91
22:18:37.381 [INFO] (trainer.py:160) Total Episode:   549 Steps:   71991 Episode Steps:   120 Return:  1.9598 FPS:  5.94
22:18:58.258 [INFO] (trainer.py:160) Total Episode:   550 Steps:   72112 Episode Steps:   121 Return:  1.9696 FPS:  5.80
22:19:04.207 [INFO] (trainer.py:160) Total Episode:   551 Steps:   72144 Episode Steps:    32 Return: -0.8092 FPS:  5.38
22:20:09.483 [INFO] (trainer.py:160) Total Episode:   552 Steps:   72543 Episode Steps:   399 Return:  0.1272 FPS:  6.11
22:20:30.709 [INFO] (trainer.py:160) Total Episode:   553 Steps:   72668 Episode Steps:   125 Return:  1.0208 FPS:  5.89
22:20:56.062 [INFO] (trainer.py:160) Total Episode:   554 Steps:   72819 Episode Steps:   151 Return:  1.9670 FPS:  5.96
22:21:16.886 [INFO] (trainer.py:160) Total Episode:   555 Steps:   72942 Episode Steps:   123 Return:  1.9681 FPS:  5.91
22:21:37.998 [INFO] (trainer.py:160) Total Episode:   556 Steps:   73067 Episode Steps:   125 Return:  1.9404 FPS:  5.92
22:21:56.811 [INFO] (trainer.py:160) Total Episode:   557 Steps:   73178 Episode Steps:   111 Return:  1.9481 FPS:  5.90
22:22:15.295 [INFO] (trainer.py:160) Total Episode:   558 Steps:   73287 Episode Steps:   109 Return:  1.9381 FPS:  5.90
22:22:59.047 [INFO] (trainer.py:160) Total Episode:   559 Steps:   73553 Episode Steps:   266 Return:  2.3293 FPS:  6.08
22:23:17.871 [INFO] (trainer.py:160) Total Episode:   560 Steps:   73664 Episode Steps:   111 Return:  1.9385 FPS:  5.90
22:23:37.215 [INFO] (trainer.py:160) Total Episode:   561 Steps:   73778 Episode Steps:   114 Return:  1.9622 FPS:  5.89
22:23:55.756 [INFO] (trainer.py:160) Total Episode:   562 Steps:   73887 Episode Steps:   109 Return:  1.9362 FPS:  5.88
22:24:14.075 [INFO] (trainer.py:160) Total Episode:   563 Steps:   73994 Episode Steps:   107 Return:  1.9360 FPS:  5.84
22:24:32.858 [INFO] (trainer.py:160) Total Episode:   564 Steps:   74105 Episode Steps:   111 Return:  1.9450 FPS:  5.91
22:24:51.644 [INFO] (trainer.py:160) Total Episode:   565 Steps:   74216 Episode Steps:   111 Return:  1.9629 FPS:  5.91
22:25:11.461 [INFO] (trainer.py:160) Total Episode:   566 Steps:   74332 Episode Steps:   116 Return:  1.9461 FPS:  5.85
22:25:30.830 [INFO] (trainer.py:160) Total Episode:   567 Steps:   74446 Episode Steps:   114 Return:  1.9379 FPS:  5.89
22:25:50.463 [INFO] (trainer.py:160) Total Episode:   568 Steps:   74562 Episode Steps:   116 Return:  1.9434 FPS:  5.91
22:26:09.408 [INFO] (trainer.py:160) Total Episode:   569 Steps:   74674 Episode Steps:   112 Return:  1.9623 FPS:  5.91
22:26:30.738 [INFO] (trainer.py:160) Total Episode:   570 Steps:   74800 Episode Steps:   126 Return:  1.9436 FPS:  5.91
22:26:51.758 [INFO] (trainer.py:160) Total Episode:   571 Steps:   74924 Episode Steps:   124 Return:  1.9613 FPS:  5.90
22:27:17.174 [INFO] (trainer.py:160) Total Episode:   572 Steps:   75075 Episode Steps:   151 Return:  1.9404 FPS:  5.94
22:27:37.723 [INFO] (trainer.py:160) Total Episode:   573 Steps:   75196 Episode Steps:   121 Return:  1.9621 FPS:  5.89
22:27:58.266 [INFO] (trainer.py:160) Total Episode:   574 Steps:   75317 Episode Steps:   121 Return:  1.9440 FPS:  5.89
22:28:04.653 [INFO] (trainer.py:160) Total Episode:   575 Steps:   75352 Episode Steps:    35 Return: -0.7829 FPS:  5.48
22:28:18.669 [INFO] (trainer.py:160) Total Episode:   576 Steps:   75434 Episode Steps:    82 Return: -0.5873 FPS:  5.85
22:28:39.636 [INFO] (trainer.py:160) Total Episode:   577 Steps:   75558 Episode Steps:   124 Return:  1.0232 FPS:  5.91
22:28:45.382 [INFO] (trainer.py:160) Total Episode:   578 Steps:   75589 Episode Steps:    31 Return: -0.7957 FPS:  5.40
22:29:06.562 [INFO] (trainer.py:160) Total Episode:   579 Steps:   75713 Episode Steps:   124 Return:  1.9673 FPS:  5.85
22:29:26.035 [INFO] (trainer.py:160) Total Episode:   580 Steps:   75827 Episode Steps:   114 Return:  1.9432 FPS:  5.85
22:29:44.923 [INFO] (trainer.py:160) Total Episode:   581 Steps:   75938 Episode Steps:   111 Return:  1.9389 FPS:  5.88
22:30:04.291 [INFO] (trainer.py:160) Total Episode:   582 Steps:   76053 Episode Steps:   115 Return:  1.9618 FPS:  5.94
22:30:23.318 [INFO] (trainer.py:160) Total Episode:   583 Steps:   76164 Episode Steps:   111 Return:  1.9386 FPS:  5.83
22:30:42.531 [INFO] (trainer.py:160) Total Episode:   584 Steps:   76277 Episode Steps:   113 Return:  1.9612 FPS:  5.88
22:31:29.390 [INFO] (trainer.py:160) Total Episode:   585 Steps:   76560 Episode Steps:   283 Return:  2.3511 FPS:  6.04
22:31:56.741 [INFO] (trainer.py:160) Total Episode:   586 Steps:   76723 Episode Steps:   163 Return:  1.9707 FPS:  5.96
22:32:16.908 [INFO] (trainer.py:160) Total Episode:   587 Steps:   76842 Episode Steps:   119 Return:  1.9616 FPS:  5.90
22:32:39.340 [INFO] (trainer.py:160) Total Episode:   588 Steps:   76975 Episode Steps:   133 Return:  1.9656 FPS:  5.93
22:32:59.381 [INFO] (trainer.py:160) Total Episode:   589 Steps:   77093 Episode Steps:   118 Return:  1.9710 FPS:  5.89
22:33:19.193 [INFO] (trainer.py:160) Total Episode:   590 Steps:   77210 Episode Steps:   117 Return:  1.9635 FPS:  5.91
22:33:39.871 [INFO] (trainer.py:160) Total Episode:   591 Steps:   77332 Episode Steps:   122 Return:  1.9632 FPS:  5.90
22:33:59.575 [INFO] (trainer.py:160) Total Episode:   592 Steps:   77449 Episode Steps:   117 Return:  1.9641 FPS:  5.94
22:34:20.190 [INFO] (trainer.py:160) Total Episode:   593 Steps:   77571 Episode Steps:   122 Return:  1.9668 FPS:  5.92
22:34:39.332 [INFO] (trainer.py:160) Total Episode:   594 Steps:   77684 Episode Steps:   113 Return:  1.9678 FPS:  5.90
22:34:45.250 [INFO] (trainer.py:160) Total Episode:   595 Steps:   77716 Episode Steps:    32 Return: -0.7770 FPS:  5.41
22:35:05.848 [INFO] (trainer.py:160) Total Episode:   596 Steps:   77839 Episode Steps:   123 Return:  1.9682 FPS:  5.97
22:35:24.824 [INFO] (trainer.py:160) Total Episode:   597 Steps:   77951 Episode Steps:   112 Return:  1.9698 FPS:  5.90
22:35:45.991 [INFO] (trainer.py:160) Total Episode:   598 Steps:   78077 Episode Steps:   126 Return:  1.9692 FPS:  5.95
22:36:04.785 [INFO] (trainer.py:160) Total Episode:   599 Steps:   78187 Episode Steps:   110 Return:  1.9613 FPS:  5.85
22:36:24.380 [INFO] (trainer.py:160) Total Episode:   600 Steps:   78301 Episode Steps:   114 Return:  1.9616 FPS:  5.82
22:36:44.487 [INFO] (trainer.py:160) Total Episode:   601 Steps:   78419 Episode Steps:   118 Return:  1.9397 FPS:  5.87
22:37:04.181 [INFO] (trainer.py:160) Total Episode:   602 Steps:   78536 Episode Steps:   117 Return:  1.9635 FPS:  5.94
22:37:10.134 [INFO] (trainer.py:160) Total Episode:   603 Steps:   78568 Episode Steps:    32 Return: -0.7674 FPS:  5.38
22:37:50.644 [INFO] (trainer.py:160) Total Episode:   604 Steps:   78814 Episode Steps:   246 Return: -0.5219 FPS:  6.07
22:38:09.817 [INFO] (trainer.py:160) Total Episode:   605 Steps:   78928 Episode Steps:   114 Return:  1.9403 FPS:  5.95
22:38:28.885 [INFO] (trainer.py:160) Total Episode:   606 Steps:   79041 Episode Steps:   113 Return:  1.9693 FPS:  5.93
22:38:33.712 [INFO] (trainer.py:160) Total Episode:   607 Steps:   79066 Episode Steps:    25 Return: -0.8010 FPS:  5.18
22:38:54.461 [INFO] (trainer.py:160) Total Episode:   608 Steps:   79189 Episode Steps:   123 Return:  1.9631 FPS:  5.93
22:39:15.213 [INFO] (trainer.py:160) Total Episode:   609 Steps:   79312 Episode Steps:   123 Return:  1.9679 FPS:  5.93
22:39:35.426 [INFO] (trainer.py:160) Total Episode:   610 Steps:   79431 Episode Steps:   119 Return:  1.9452 FPS:  5.89
22:39:55.400 [INFO] (trainer.py:160) Total Episode:   611 Steps:   79549 Episode Steps:   118 Return:  1.9700 FPS:  5.91
22:40:06.102 [INFO] (trainer.py:160) Total Episode:   612 Steps:   79610 Episode Steps:    61 Return:  0.4255 FPS:  5.70
22:40:58.874 [INFO] (trainer.py:160) Total Episode:   613 Steps:   79931 Episode Steps:   321 Return: -0.6649 FPS:  6.08
22:41:20.249 [INFO] (trainer.py:160) Total Episode:   614 Steps:   80058 Episode Steps:   127 Return:  1.9706 FPS:  5.94
22:41:39.747 [INFO] (trainer.py:160) Total Episode:   615 Steps:   80172 Episode Steps:   114 Return:  1.9703 FPS:  5.85
22:41:58.854 [INFO] (trainer.py:160) Total Episode:   616 Steps:   80284 Episode Steps:   112 Return:  1.9629 FPS:  5.86
22:42:21.770 [INFO] (trainer.py:160) Total Episode:   617 Steps:   80420 Episode Steps:   136 Return:  1.9706 FPS:  5.94
22:42:41.384 [INFO] (trainer.py:160) Total Episode:   618 Steps:   80536 Episode Steps:   116 Return:  1.9652 FPS:  5.91
22:43:12.776 [INFO] (trainer.py:160) Total Episode:   619 Steps:   80724 Episode Steps:   188 Return:  1.9714 FPS:  5.99
22:43:32.359 [INFO] (trainer.py:160) Total Episode:   620 Steps:   80838 Episode Steps:   114 Return:  1.9704 FPS:  5.82
22:43:52.585 [INFO] (trainer.py:160) Total Episode:   621 Steps:   80957 Episode Steps:   119 Return:  1.9681 FPS:  5.88
22:44:13.533 [INFO] (trainer.py:160) Total Episode:   622 Steps:   81081 Episode Steps:   124 Return:  1.9665 FPS:  5.92
22:44:32.672 [INFO] (trainer.py:160) Total Episode:   623 Steps:   81194 Episode Steps:   113 Return:  1.9610 FPS:  5.90
22:44:52.178 [INFO] (trainer.py:160) Total Episode:   624 Steps:   81309 Episode Steps:   115 Return:  1.9650 FPS:  5.90
22:45:11.502 [INFO] (trainer.py:160) Total Episode:   625 Steps:   81423 Episode Steps:   114 Return:  1.9647 FPS:  5.90
22:45:31.435 [INFO] (trainer.py:160) Total Episode:   626 Steps:   81541 Episode Steps:   118 Return:  1.9678 FPS:  5.92
22:45:52.657 [INFO] (trainer.py:160) Total Episode:   627 Steps:   81667 Episode Steps:   126 Return:  1.9648 FPS:  5.94
22:46:15.211 [INFO] (trainer.py:160) Total Episode:   628 Steps:   81801 Episode Steps:   134 Return:  1.9703 FPS:  5.94
22:46:35.889 [INFO] (trainer.py:160) Total Episode:   629 Steps:   81923 Episode Steps:   122 Return:  1.9655 FPS:  5.90
22:46:41.340 [INFO] (trainer.py:160) Total Episode:   630 Steps:   81952 Episode Steps:    29 Return: -0.7851 FPS:  5.32
22:47:02.256 [INFO] (trainer.py:160) Total Episode:   631 Steps:   82075 Episode Steps:   123 Return:  1.9722 FPS:  5.88
22:47:21.995 [INFO] (trainer.py:160) Total Episode:   632 Steps:   82192 Episode Steps:   117 Return:  1.9655 FPS:  5.93
22:47:41.060 [INFO] (trainer.py:160) Total Episode:   633 Steps:   82305 Episode Steps:   113 Return:  1.9698 FPS:  5.93
22:48:01.734 [INFO] (trainer.py:160) Total Episode:   634 Steps:   82427 Episode Steps:   122 Return:  1.9665 FPS:  5.90
22:48:28.930 [INFO] (trainer.py:160) Total Episode:   635 Steps:   82589 Episode Steps:   162 Return:  1.0529 FPS:  5.96
22:48:47.873 [INFO] (trainer.py:160) Total Episode:   636 Steps:   82701 Episode Steps:   112 Return:  1.9416 FPS:  5.91
22:49:07.334 [INFO] (trainer.py:160) Total Episode:   637 Steps:   82816 Episode Steps:   115 Return:  1.9647 FPS:  5.91
22:49:27.816 [INFO] (trainer.py:160) Total Episode:   638 Steps:   82937 Episode Steps:   121 Return:  1.9648 FPS:  5.91
22:49:47.482 [INFO] (trainer.py:160) Total Episode:   639 Steps:   83052 Episode Steps:   115 Return:  1.9687 FPS:  5.85
22:50:05.865 [INFO] (trainer.py:160) Total Episode:   640 Steps:   83160 Episode Steps:   108 Return:  1.9388 FPS:  5.88
22:50:25.442 [INFO] (trainer.py:160) Total Episode:   641 Steps:   83276 Episode Steps:   116 Return:  1.9711 FPS:  5.93
22:50:44.589 [INFO] (trainer.py:160) Total Episode:   642 Steps:   83389 Episode Steps:   113 Return:  1.9632 FPS:  5.90
22:51:03.351 [INFO] (trainer.py:160) Total Episode:   643 Steps:   83500 Episode Steps:   111 Return:  1.9696 FPS:  5.92
22:51:22.280 [INFO] (trainer.py:160) Total Episode:   644 Steps:   83612 Episode Steps:   112 Return:  1.9668 FPS:  5.92
22:51:27.707 [INFO] (trainer.py:160) Total Episode:   645 Steps:   83641 Episode Steps:    29 Return: -0.7756 FPS:  5.34
22:51:46.430 [INFO] (trainer.py:160) Total Episode:   646 Steps:   83751 Episode Steps:   110 Return:  1.9682 FPS:  5.88
22:52:05.552 [INFO] (trainer.py:160) Total Episode:   647 Steps:   83862 Episode Steps:   111 Return:  1.9648 FPS:  5.81
22:52:24.254 [INFO] (trainer.py:160) Total Episode:   648 Steps:   83972 Episode Steps:   110 Return:  1.9386 FPS:  5.88
22:52:43.635 [INFO] (trainer.py:160) Total Episode:   649 Steps:   84086 Episode Steps:   114 Return:  1.9709 FPS:  5.88
22:53:02.303 [INFO] (trainer.py:160) Total Episode:   650 Steps:   84194 Episode Steps:   108 Return:  1.9435 FPS:  5.79
22:53:21.348 [INFO] (trainer.py:160) Total Episode:   651 Steps:   84306 Episode Steps:   112 Return:  1.9662 FPS:  5.88
22:53:26.369 [INFO] (trainer.py:160) Total Episode:   652 Steps:   84332 Episode Steps:    26 Return: -0.7993 FPS:  5.18
22:53:48.475 [INFO] (trainer.py:160) Total Episode:   653 Steps:   84463 Episode Steps:   131 Return:  1.9614 FPS:  5.93
22:53:54.300 [INFO] (trainer.py:160) Total Episode:   654 Steps:   84494 Episode Steps:    31 Return: -0.7580 FPS:  5.32
22:54:16.011 [INFO] (trainer.py:160) Total Episode:   655 Steps:   84622 Episode Steps:   128 Return:  1.9646 FPS:  5.90
22:54:36.414 [INFO] (trainer.py:160) Total Episode:   656 Steps:   84743 Episode Steps:   121 Return:  1.9656 FPS:  5.93
22:54:56.092 [INFO] (trainer.py:160) Total Episode:   657 Steps:   84859 Episode Steps:   116 Return:  1.9468 FPS:  5.90
22:55:14.809 [INFO] (trainer.py:160) Total Episode:   658 Steps:   84970 Episode Steps:   111 Return:  1.9683 FPS:  5.93
22:55:34.393 [INFO] (trainer.py:160) Total Episode:   659 Steps:   85086 Episode Steps:   116 Return:  1.9620 FPS:  5.92
22:55:55.025 [INFO] (trainer.py:160) Total Episode:   660 Steps:   85208 Episode Steps:   122 Return:  1.9455 FPS:  5.91
22:56:13.888 [INFO] (trainer.py:160) Total Episode:   661 Steps:   85319 Episode Steps:   111 Return:  1.9387 FPS:  5.89
22:56:33.766 [INFO] (trainer.py:160) Total Episode:   662 Steps:   85437 Episode Steps:   118 Return:  1.9418 FPS:  5.94
22:56:52.773 [INFO] (trainer.py:160) Total Episode:   663 Steps:   85550 Episode Steps:   113 Return:  1.9405 FPS:  5.95
22:57:13.583 [INFO] (trainer.py:160) Total Episode:   664 Steps:   85673 Episode Steps:   123 Return:  1.9401 FPS:  5.91
22:57:32.737 [INFO] (trainer.py:160) Total Episode:   665 Steps:   85785 Episode Steps:   112 Return:  1.9649 FPS:  5.85
22:57:51.718 [INFO] (trainer.py:160) Total Episode:   666 Steps:   85898 Episode Steps:   113 Return:  1.9371 FPS:  5.95
22:58:12.543 [INFO] (trainer.py:160) Total Episode:   667 Steps:   86021 Episode Steps:   123 Return:  1.9668 FPS:  5.91
22:58:31.372 [INFO] (trainer.py:160) Total Episode:   668 Steps:   86132 Episode Steps:   111 Return:  1.9640 FPS:  5.90
22:58:50.765 [INFO] (trainer.py:160) Total Episode:   669 Steps:   86246 Episode Steps:   114 Return:  1.9633 FPS:  5.88
22:59:01.011 [INFO] (trainer.py:160) Total Episode:   670 Steps:   86304 Episode Steps:    58 Return: -0.5235 FPS:  5.66
22:59:19.899 [INFO] (trainer.py:160) Total Episode:   671 Steps:   86415 Episode Steps:   111 Return:  1.9645 FPS:  5.88
22:59:39.149 [INFO] (trainer.py:160) Total Episode:   672 Steps:   86528 Episode Steps:   113 Return:  1.9459 FPS:  5.87
22:59:58.835 [INFO] (trainer.py:160) Total Episode:   673 Steps:   86645 Episode Steps:   117 Return:  1.9661 FPS:  5.94
23:00:18.224 [INFO] (trainer.py:160) Total Episode:   674 Steps:   86760 Episode Steps:   115 Return:  1.9467 FPS:  5.93
23:00:39.731 [INFO] (trainer.py:160) Total Episode:   675 Steps:   86888 Episode Steps:   128 Return:  1.9700 FPS:  5.95
23:00:58.931 [INFO] (trainer.py:160) Total Episode:   676 Steps:   87001 Episode Steps:   113 Return:  1.9633 FPS:  5.89
23:01:18.684 [INFO] (trainer.py:160) Total Episode:   677 Steps:   87117 Episode Steps:   116 Return:  1.9728 FPS:  5.87
23:01:37.918 [INFO] (trainer.py:160) Total Episode:   678 Steps:   87231 Episode Steps:   114 Return:  1.9729 FPS:  5.93
23:01:57.187 [INFO] (trainer.py:160) Total Episode:   679 Steps:   87345 Episode Steps:   114 Return:  1.9693 FPS:  5.92
23:02:28.786 [INFO] (trainer.py:160) Total Episode:   680 Steps:   87536 Episode Steps:   191 Return:  2.3023 FPS:  6.04
23:02:35.650 [INFO] (trainer.py:160) Total Episode:   681 Steps:   87573 Episode Steps:    37 Return: -0.8102 FPS:  5.39
23:02:58.365 [INFO] (trainer.py:160) Total Episode:   682 Steps:   87708 Episode Steps:   135 Return:  1.9675 FPS:  5.94
23:03:17.799 [INFO] (trainer.py:160) Total Episode:   683 Steps:   87823 Episode Steps:   115 Return:  1.9646 FPS:  5.92
23:03:36.197 [INFO] (trainer.py:160) Total Episode:   684 Steps:   87931 Episode Steps:   108 Return:  1.9488 FPS:  5.87
23:03:55.808 [INFO] (trainer.py:160) Total Episode:   685 Steps:   88047 Episode Steps:   116 Return:  1.9666 FPS:  5.92
23:04:15.067 [INFO] (trainer.py:160) Total Episode:   686 Steps:   88161 Episode Steps:   114 Return:  1.9644 FPS:  5.92
23:04:34.268 [INFO] (trainer.py:160) Total Episode:   687 Steps:   88274 Episode Steps:   113 Return:  1.9402 FPS:  5.89
23:04:53.713 [INFO] (trainer.py:160) Total Episode:   688 Steps:   88389 Episode Steps:   115 Return:  1.9398 FPS:  5.91
23:05:12.781 [INFO] (trainer.py:160) Total Episode:   689 Steps:   88502 Episode Steps:   113 Return:  1.9622 FPS:  5.93
23:05:31.055 [INFO] (trainer.py:160) Total Episode:   690 Steps:   88610 Episode Steps:   108 Return:  1.9394 FPS:  5.91
23:06:17.982 [INFO] (trainer.py:160) Total Episode:   691 Steps:   88896 Episode Steps:   286 Return:  2.2999 FPS:  6.09
23:06:36.716 [INFO] (trainer.py:160) Total Episode:   692 Steps:   89006 Episode Steps:   110 Return:  1.9683 FPS:  5.87
23:06:55.197 [INFO] (trainer.py:160) Total Episode:   693 Steps:   89115 Episode Steps:   109 Return:  1.9671 FPS:  5.90
23:07:16.110 [INFO] (trainer.py:160) Total Episode:   694 Steps:   89238 Episode Steps:   123 Return:  1.9690 FPS:  5.88
23:07:36.802 [INFO] (trainer.py:160) Total Episode:   695 Steps:   89361 Episode Steps:   123 Return:  1.9680 FPS:  5.94
23:07:55.425 [INFO] (trainer.py:160) Total Episode:   696 Steps:   89471 Episode Steps:   110 Return:  1.9686 FPS:  5.91
23:08:13.944 [INFO] (trainer.py:160) Total Episode:   697 Steps:   89579 Episode Steps:   108 Return:  1.9609 FPS:  5.83
23:08:32.738 [INFO] (trainer.py:160) Total Episode:   698 Steps:   89690 Episode Steps:   111 Return:  1.9663 FPS:  5.91
23:08:51.712 [INFO] (trainer.py:160) Total Episode:   699 Steps:   89801 Episode Steps:   111 Return:  1.9687 FPS:  5.85
23:09:14.366 [INFO] (trainer.py:160) Total Episode:   700 Steps:   89933 Episode Steps:   132 Return: -0.7161 FPS:  5.83
23:09:33.746 [INFO] (trainer.py:160) Total Episode:   701 Steps:   90047 Episode Steps:   114 Return:  1.9712 FPS:  5.88
23:09:52.906 [INFO] (trainer.py:160) Total Episode:   702 Steps:   90160 Episode Steps:   113 Return:  1.9707 FPS:  5.90
23:10:12.902 [INFO] (trainer.py:160) Total Episode:   703 Steps:   90278 Episode Steps:   118 Return:  1.9670 FPS:  5.90
23:10:32.560 [INFO] (trainer.py:160) Total Episode:   704 Steps:   90394 Episode Steps:   116 Return:  1.9375 FPS:  5.90
23:10:52.503 [INFO] (trainer.py:160) Total Episode:   705 Steps:   90512 Episode Steps:   118 Return:  1.9400 FPS:  5.92
23:11:11.942 [INFO] (trainer.py:160) Total Episode:   706 Steps:   90626 Episode Steps:   114 Return:  1.9334 FPS:  5.86
23:11:21.518 [INFO] (trainer.py:160) Total Episode:   707 Steps:   90680 Episode Steps:    54 Return: -0.7346 FPS:  5.64
23:11:41.530 [INFO] (trainer.py:160) Total Episode:   708 Steps:   90799 Episode Steps:   119 Return:  1.9384 FPS:  5.95
23:12:00.813 [INFO] (trainer.py:160) Total Episode:   709 Steps:   90913 Episode Steps:   114 Return:  1.9424 FPS:  5.91
23:12:21.595 [INFO] (trainer.py:160) Total Episode:   710 Steps:   91036 Episode Steps:   123 Return:  1.9429 FPS:  5.92
23:12:42.009 [INFO] (trainer.py:160) Total Episode:   711 Steps:   91157 Episode Steps:   121 Return:  1.9370 FPS:  5.93
23:13:04.116 [INFO] (trainer.py:160) Total Episode:   712 Steps:   91287 Episode Steps:   130 Return:  1.9665 FPS:  5.88
23:13:23.477 [INFO] (trainer.py:160) Total Episode:   713 Steps:   91401 Episode Steps:   114 Return:  1.9371 FPS:  5.89
23:13:43.684 [INFO] (trainer.py:160) Total Episode:   714 Steps:   91519 Episode Steps:   118 Return:  1.9367 FPS:  5.84
23:14:04.371 [INFO] (trainer.py:160) Total Episode:   715 Steps:   91641 Episode Steps:   122 Return:  1.9428 FPS:  5.90
23:14:23.207 [INFO] (trainer.py:160) Total Episode:   716 Steps:   91751 Episode Steps:   110 Return:  1.9646 FPS:  5.84
23:14:27.839 [INFO] (trainer.py:160) Total Episode:   717 Steps:   91775 Episode Steps:    24 Return: -0.8095 FPS:  5.18
23:14:48.324 [INFO] (trainer.py:160) Total Episode:   718 Steps:   91896 Episode Steps:   121 Return:  1.9702 FPS:  5.91
23:15:08.973 [INFO] (trainer.py:160) Total Episode:   719 Steps:   92018 Episode Steps:   122 Return:  1.9379 FPS:  5.91
23:15:28.549 [INFO] (trainer.py:160) Total Episode:   720 Steps:   92133 Episode Steps:   115 Return:  1.9648 FPS:  5.87
23:15:49.402 [INFO] (trainer.py:160) Total Episode:   721 Steps:   92256 Episode Steps:   123 Return:  1.9435 FPS:  5.90
23:16:09.835 [INFO] (trainer.py:160) Total Episode:   722 Steps:   92377 Episode Steps:   121 Return:  1.9656 FPS:  5.92
23:16:28.407 [INFO] (trainer.py:160) Total Episode:   723 Steps:   92486 Episode Steps:   109 Return:  1.9670 FPS:  5.87
23:16:48.422 [INFO] (trainer.py:160) Total Episode:   724 Steps:   92604 Episode Steps:   118 Return:  1.9473 FPS:  5.90
23:17:07.878 [INFO] (trainer.py:160) Total Episode:   725 Steps:   92719 Episode Steps:   115 Return:  1.9357 FPS:  5.91
23:17:17.612 [INFO] (trainer.py:160) Total Episode:   726 Steps:   92774 Episode Steps:    55 Return: -0.5708 FPS:  5.65
23:17:36.710 [INFO] (trainer.py:160) Total Episode:   727 Steps:   92887 Episode Steps:   113 Return:  1.9359 FPS:  5.92
23:17:56.045 [INFO] (trainer.py:160) Total Episode:   728 Steps:   93000 Episode Steps:   113 Return:  1.9601 FPS:  5.84
23:18:13.840 [INFO] (trainer.py:160) Total Episode:   729 Steps:   93105 Episode Steps:   105 Return:  1.9425 FPS:  5.90
23:18:18.786 [INFO] (trainer.py:160) Total Episode:   730 Steps:   93131 Episode Steps:    26 Return: -0.8110 FPS:  5.26
23:18:38.322 [INFO] (trainer.py:160) Total Episode:   731 Steps:   93246 Episode Steps:   115 Return:  1.9620 FPS:  5.89
23:18:58.508 [INFO] (trainer.py:160) Total Episode:   732 Steps:   93365 Episode Steps:   119 Return:  1.9660 FPS:  5.90
23:19:04.609 [INFO] (trainer.py:160) Total Episode:   733 Steps:   93398 Episode Steps:    33 Return: -0.7833 FPS:  5.41
23:19:24.098 [INFO] (trainer.py:160) Total Episode:   734 Steps:   93513 Episode Steps:   115 Return:  1.9414 FPS:  5.90
23:19:43.371 [INFO] (trainer.py:160) Total Episode:   735 Steps:   93627 Episode Steps:   114 Return:  1.9451 FPS:  5.92
23:20:02.489 [INFO] (trainer.py:160) Total Episode:   736 Steps:   93739 Episode Steps:   112 Return:  1.9689 FPS:  5.86
23:20:23.515 [INFO] (trainer.py:160) Total Episode:   737 Steps:   93863 Episode Steps:   124 Return:  1.9622 FPS:  5.90
23:20:44.219 [INFO] (trainer.py:160) Total Episode:   738 Steps:   93985 Episode Steps:   122 Return:  1.9624 FPS:  5.89
23:21:37.660 [INFO] (trainer.py:160) Total Episode:   739 Steps:   94308 Episode Steps:   323 Return:  2.3582 FPS:  6.04
23:21:57.063 [INFO] (trainer.py:160) Total Episode:   740 Steps:   94422 Episode Steps:   114 Return:  1.9622 FPS:  5.88
23:22:17.956 [INFO] (trainer.py:160) Total Episode:   741 Steps:   94545 Episode Steps:   123 Return:  1.9680 FPS:  5.89
23:22:39.853 [INFO] (trainer.py:160) Total Episode:   742 Steps:   94674 Episode Steps:   129 Return:  1.9634 FPS:  5.89
23:22:59.206 [INFO] (trainer.py:160) Total Episode:   743 Steps:   94788 Episode Steps:   114 Return:  1.9702 FPS:  5.89
23:23:05.393 [INFO] (trainer.py:160) Total Episode:   744 Steps:   94821 Episode Steps:    33 Return: -0.7463 FPS:  5.33
23:23:27.093 [INFO] (trainer.py:160) Total Episode:   745 Steps:   94949 Episode Steps:   128 Return:  1.9667 FPS:  5.90
23:23:35.987 [INFO] (trainer.py:160) Total Episode:   746 Steps:   94999 Episode Steps:    50 Return: -0.7760 FPS:  5.62
23:24:06.755 [INFO] (trainer.py:160) Total Episode:   747 Steps:   95182 Episode Steps:   183 Return:  2.2791 FPS:  5.95
23:24:26.810 [INFO] (trainer.py:160) Total Episode:   748 Steps:   95300 Episode Steps:   118 Return:  1.9693 FPS:  5.88
23:24:47.302 [INFO] (trainer.py:160) Total Episode:   749 Steps:   95420 Episode Steps:   120 Return:  1.9639 FPS:  5.86
23:25:06.339 [INFO] (trainer.py:160) Total Episode:   750 Steps:   95531 Episode Steps:   111 Return:  1.9703 FPS:  5.83
23:25:26.851 [INFO] (trainer.py:160) Total Episode:   751 Steps:   95652 Episode Steps:   121 Return:  1.9678 FPS:  5.90
23:25:46.191 [INFO] (trainer.py:160) Total Episode:   752 Steps:   95765 Episode Steps:   113 Return:  1.9659 FPS:  5.84
23:26:08.780 [INFO] (trainer.py:160) Total Episode:   753 Steps:   95899 Episode Steps:   134 Return:  1.9657 FPS:  5.93
23:26:28.945 [INFO] (trainer.py:160) Total Episode:   754 Steps:   96019 Episode Steps:   120 Return:  1.9631 FPS:  5.95
23:26:50.205 [INFO] (trainer.py:160) Total Episode:   755 Steps:   96145 Episode Steps:   126 Return:  1.9638 FPS:  5.93
23:27:12.571 [INFO] (trainer.py:160) Total Episode:   756 Steps:   96278 Episode Steps:   133 Return:  1.9655 FPS:  5.95
23:27:33.216 [INFO] (trainer.py:160) Total Episode:   757 Steps:   96400 Episode Steps:   122 Return:  1.9655 FPS:  5.91
23:27:59.005 [INFO] (trainer.py:160) Total Episode:   758 Steps:   96553 Episode Steps:   153 Return:  1.9680 FPS:  5.93
23:28:21.665 [INFO] (trainer.py:160) Total Episode:   759 Steps:   96688 Episode Steps:   135 Return:  1.9635 FPS:  5.96
23:28:41.575 [INFO] (trainer.py:160) Total Episode:   760 Steps:   96806 Episode Steps:   118 Return:  1.9625 FPS:  5.93
23:29:00.576 [INFO] (trainer.py:160) Total Episode:   761 Steps:   96918 Episode Steps:   112 Return:  1.9640 FPS:  5.90
23:29:19.398 [INFO] (trainer.py:160) Total Episode:   762 Steps:   97030 Episode Steps:   112 Return:  1.9700 FPS:  5.95
23:29:39.354 [INFO] (trainer.py:160) Total Episode:   763 Steps:   97147 Episode Steps:   117 Return:  1.9603 FPS:  5.86
23:29:59.196 [INFO] (trainer.py:160) Total Episode:   764 Steps:   97264 Episode Steps:   117 Return:  1.9685 FPS:  5.90
23:30:18.725 [INFO] (trainer.py:160) Total Episode:   765 Steps:   97380 Episode Steps:   116 Return:  1.9673 FPS:  5.94
23:30:48.567 [INFO] (trainer.py:160) Total Episode:   766 Steps:   97559 Episode Steps:   179 Return:  2.3387 FPS:  6.00
23:31:12.212 [INFO] (trainer.py:160) Total Episode:   767 Steps:   97699 Episode Steps:   140 Return:  1.9708 FPS:  5.92
23:31:33.914 [INFO] (trainer.py:160) Total Episode:   768 Steps:   97827 Episode Steps:   128 Return:  1.9634 FPS:  5.90
23:32:15.901 [INFO] (trainer.py:160) Total Episode:   769 Steps:   98079 Episode Steps:   252 Return:  1.9849 FPS:  6.00
23:32:34.567 [INFO] (trainer.py:160) Total Episode:   770 Steps:   98189 Episode Steps:   110 Return:  1.9605 FPS:  5.89
23:32:55.203 [INFO] (trainer.py:160) Total Episode:   771 Steps:   98311 Episode Steps:   122 Return:  1.9636 FPS:  5.91
23:33:14.855 [INFO] (trainer.py:160) Total Episode:   772 Steps:   98427 Episode Steps:   116 Return:  1.9397 FPS:  5.90
23:33:34.634 [INFO] (trainer.py:160) Total Episode:   773 Steps:   98544 Episode Steps:   117 Return:  1.9657 FPS:  5.92
23:33:55.824 [INFO] (trainer.py:160) Total Episode:   774 Steps:   98670 Episode Steps:   126 Return:  1.9654 FPS:  5.95
23:34:15.378 [INFO] (trainer.py:160) Total Episode:   775 Steps:   98786 Episode Steps:   116 Return:  1.9640 FPS:  5.93
23:34:36.380 [INFO] (trainer.py:160) Total Episode:   776 Steps:   98910 Episode Steps:   124 Return:  1.9384 FPS:  5.90
23:34:55.339 [INFO] (trainer.py:160) Total Episode:   777 Steps:   99022 Episode Steps:   112 Return:  1.9604 FPS:  5.91
23:35:16.160 [INFO] (trainer.py:160) Total Episode:   778 Steps:   99145 Episode Steps:   123 Return:  1.9625 FPS:  5.91
23:35:35.968 [INFO] (trainer.py:160) Total Episode:   779 Steps:   99262 Episode Steps:   117 Return:  1.9605 FPS:  5.91
23:35:57.160 [INFO] (trainer.py:160) Total Episode:   780 Steps:   99387 Episode Steps:   125 Return:  1.9378 FPS:  5.90
23:36:15.999 [INFO] (trainer.py:160) Total Episode:   781 Steps:   99498 Episode Steps:   111 Return:  1.9430 FPS:  5.89
23:36:36.293 [INFO] (trainer.py:160) Total Episode:   782 Steps:   99618 Episode Steps:   120 Return:  1.9683 FPS:  5.91
23:36:54.515 [INFO] (trainer.py:160) Total Episode:   783 Steps:   99725 Episode Steps:   107 Return:  1.9349 FPS:  5.87
23:37:15.269 [INFO] (trainer.py:160) Total Episode:   784 Steps:   99847 Episode Steps:   122 Return:  1.9659 FPS:  5.88
23:37:36.667 [INFO] (trainer.py:160) Total Episode:   785 Steps:   99974 Episode Steps:   127 Return:  1.9636 FPS:  5.94
