15:44:46.703 [INFO] (DIYexpert_prior.py:622) Total Episode:     1 Steps:      25 Episode Steps:    25 Return: -3.0000 FPS:  4.21
15:44:47.787 [INFO] (DIYexpert_prior.py:622) Total Episode:     2 Steps:      53 Episode Steps:    28 Return: -3.0000 FPS: 25.88
15:44:48.835 [INFO] (DIYexpert_prior.py:622) Total Episode:     3 Steps:      79 Episode Steps:    26 Return: -3.0000 FPS: 24.83
15:44:53.375 [INFO] (DIYexpert_prior.py:622) Total Episode:     4 Steps:     312 Episode Steps:   233 Return:  0.0000 FPS: 51.33
15:44:57.188 [INFO] (DIYexpert_prior.py:622) Total Episode:     5 Steps:     502 Episode Steps:   190 Return:  3.0000 FPS: 49.85
15:45:01.071 [INFO] (DIYexpert_prior.py:622) Total Episode:     6 Steps:     699 Episode Steps:   197 Return:  3.0000 FPS: 50.74
15:45:02.139 [INFO] (DIYexpert_prior.py:622) Total Episode:     7 Steps:     726 Episode Steps:    27 Return: -3.0000 FPS: 25.31
15:45:06.308 [INFO] (DIYexpert_prior.py:622) Total Episode:     8 Steps:     941 Episode Steps:   215 Return:  0.0000 FPS: 51.59
15:45:07.789 [INFO] (DIYexpert_prior.py:622) Total Episode:     9 Steps:     997 Episode Steps:    56 Return: -3.0000 FPS: 37.83
15:45:12.189 [INFO] (DIYexpert_prior.py:622) Total Episode:    10 Steps:    1214 Episode Steps:   217 Return:  3.0000 FPS: 49.34
15:45:16.038 [INFO] (DIYexpert_prior.py:622) Total Episode:    11 Steps:    1409 Episode Steps:   195 Return:  3.0000 FPS: 50.67
15:45:20.218 [INFO] (DIYexpert_prior.py:622) Total Episode:    12 Steps:    1614 Episode Steps:   205 Return:  0.0000 FPS: 49.06
15:45:24.198 [INFO] (DIYexpert_prior.py:622) Total Episode:    13 Steps:    1810 Episode Steps:   196 Return:  3.0000 FPS: 49.26
15:45:28.355 [INFO] (DIYexpert_prior.py:622) Total Episode:    14 Steps:    2021 Episode Steps:   211 Return:  0.0000 FPS: 50.77
15:45:32.404 [INFO] (DIYexpert_prior.py:622) Total Episode:    15 Steps:    2231 Episode Steps:   210 Return:  0.0000 FPS: 51.88
15:45:33.618 [INFO] (DIYexpert_prior.py:622) Total Episode:    16 Steps:    2267 Episode Steps:    36 Return: -3.0000 FPS: 29.69
15:45:37.660 [INFO] (DIYexpert_prior.py:622) Total Episode:    17 Steps:    2471 Episode Steps:   204 Return:  0.0000 FPS: 50.49
15:45:38.801 [INFO] (DIYexpert_prior.py:622) Total Episode:    18 Steps:    2503 Episode Steps:    32 Return: -3.0000 FPS: 28.06
15:45:42.948 [INFO] (DIYexpert_prior.py:622) Total Episode:    19 Steps:    2711 Episode Steps:   208 Return:  0.0000 FPS: 50.17
15:45:47.377 [INFO] (DIYexpert_prior.py:622) Total Episode:    20 Steps:    2938 Episode Steps:   227 Return:  0.0000 FPS: 51.27
15:45:48.417 [INFO] (DIYexpert_prior.py:622) Total Episode:    21 Steps:    2961 Episode Steps:    23 Return: -3.0000 FPS: 22.13
15:45:52.586 [INFO] (DIYexpert_prior.py:622) Total Episode:    22 Steps:    3174 Episode Steps:   213 Return:  0.0000 FPS: 51.11
15:45:53.867 [INFO] (DIYexpert_prior.py:622) Total Episode:    23 Steps:    3215 Episode Steps:    41 Return: -3.0000 FPS: 32.02
15:45:58.217 [INFO] (DIYexpert_prior.py:622) Total Episode:    24 Steps:    3419 Episode Steps:   204 Return:  3.0000 FPS: 46.91
15:45:59.625 [INFO] (DIYexpert_prior.py:622) Total Episode:    25 Steps:    3465 Episode Steps:    46 Return: -3.0000 FPS: 32.69
15:46:03.381 [INFO] (DIYexpert_prior.py:622) Total Episode:    26 Steps:    3653 Episode Steps:   188 Return:  0.0000 FPS: 50.07
15:46:07.292 [INFO] (DIYexpert_prior.py:622) Total Episode:    27 Steps:    3844 Episode Steps:   191 Return:  3.0000 FPS: 48.85
15:46:11.325 [INFO] (DIYexpert_prior.py:622) Total Episode:    28 Steps:    4044 Episode Steps:   200 Return:  0.0000 FPS: 49.61
15:46:15.490 [INFO] (DIYexpert_prior.py:622) Total Episode:    29 Steps:    4253 Episode Steps:   209 Return:  0.0000 FPS: 50.19
15:46:18.922 [INFO] (DIYexpert_prior.py:622) Total Episode:    30 Steps:    4425 Episode Steps:   172 Return:  3.0000 FPS: 50.13
15:46:22.677 [INFO] (DIYexpert_prior.py:622) Total Episode:    31 Steps:    4613 Episode Steps:   188 Return:  0.0000 FPS: 50.09
15:46:26.581 [INFO] (DIYexpert_prior.py:622) Total Episode:    32 Steps:    4814 Episode Steps:   201 Return:  0.0000 FPS: 51.49
15:46:27.867 [INFO] (DIYexpert_prior.py:622) Total Episode:    33 Steps:    4857 Episode Steps:    43 Return: -3.0000 FPS: 33.47
15:46:37.158 [INFO] (DIYexpert_prior.py:622) Total Episode:    34 Steps:    5052 Episode Steps:   195 Return:  0.0000 FPS: 20.99
15:46:44.518 [INFO] (DIYexpert_prior.py:622) Total Episode:    35 Steps:    5177 Episode Steps:   125 Return:  0.0000 FPS: 16.99
15:46:47.145 [INFO] (DIYexpert_prior.py:622) Total Episode:    36 Steps:    5213 Episode Steps:    36 Return: -3.0000 FPS: 13.71
15:46:53.223 [INFO] (DIYexpert_prior.py:622) Total Episode:    37 Steps:    5312 Episode Steps:    99 Return: -3.0000 FPS: 16.29
15:46:54.921 [INFO] (DIYexpert_prior.py:622) Total Episode:    38 Steps:    5332 Episode Steps:    20 Return: -3.0000 FPS: 11.79
15:47:02.534 [INFO] (DIYexpert_prior.py:622) Total Episode:    39 Steps:    5458 Episode Steps:   126 Return:  0.0000 FPS: 16.55
15:47:09.841 [INFO] (DIYexpert_prior.py:622) Total Episode:    40 Steps:    5580 Episode Steps:   122 Return:  0.0000 FPS: 16.70
15:47:17.737 [INFO] (DIYexpert_prior.py:622) Total Episode:    41 Steps:    5709 Episode Steps:   129 Return:  0.0000 FPS: 16.34
15:47:25.767 [INFO] (DIYexpert_prior.py:622) Total Episode:    42 Steps:    5835 Episode Steps:   126 Return:  0.0000 FPS: 15.69
15:47:32.772 [INFO] (DIYexpert_prior.py:622) Total Episode:    43 Steps:    5948 Episode Steps:   113 Return:  3.0000 FPS: 16.13
15:47:40.185 [INFO] (DIYexpert_prior.py:622) Total Episode:    44 Steps:    6070 Episode Steps:   122 Return:  0.0000 FPS: 16.46
15:47:47.058 [INFO] (DIYexpert_prior.py:622) Total Episode:    45 Steps:    6181 Episode Steps:   111 Return:  3.0000 FPS: 16.15
15:47:54.523 [INFO] (DIYexpert_prior.py:622) Total Episode:    46 Steps:    6297 Episode Steps:   116 Return:  0.0000 FPS: 15.54
15:48:01.248 [INFO] (DIYexpert_prior.py:622) Total Episode:    47 Steps:    6404 Episode Steps:   107 Return:  3.0000 FPS: 15.91
15:48:03.547 [INFO] (DIYexpert_prior.py:622) Total Episode:    48 Steps:    6434 Episode Steps:    30 Return: -3.0000 FPS: 13.05
15:48:05.647 [INFO] (DIYexpert_prior.py:622) Total Episode:    49 Steps:    6460 Episode Steps:    26 Return: -3.0000 FPS: 12.39
15:48:13.091 [INFO] (DIYexpert_prior.py:622) Total Episode:    50 Steps:    6577 Episode Steps:   117 Return:  0.0000 FPS: 15.72
15:48:20.508 [INFO] (DIYexpert_prior.py:622) Total Episode:    51 Steps:    6699 Episode Steps:   122 Return:  0.0000 FPS: 16.45
15:48:22.432 [INFO] (DIYexpert_prior.py:622) Total Episode:    52 Steps:    6720 Episode Steps:    21 Return: -3.0000 FPS: 10.92
15:48:29.733 [INFO] (DIYexpert_prior.py:622) Total Episode:    53 Steps:    6840 Episode Steps:   120 Return:  0.0000 FPS: 16.44
15:48:31.664 [INFO] (DIYexpert_prior.py:622) Total Episode:    54 Steps:    6862 Episode Steps:    22 Return: -3.0000 FPS: 11.40
15:48:38.441 [INFO] (DIYexpert_prior.py:622) Total Episode:    55 Steps:    6973 Episode Steps:   111 Return:  3.0000 FPS: 16.38
15:48:45.397 [INFO] (DIYexpert_prior.py:622) Total Episode:    56 Steps:    7081 Episode Steps:   108 Return:  3.0000 FPS: 15.53
15:48:47.654 [INFO] (DIYexpert_prior.py:622) Total Episode:    57 Steps:    7109 Episode Steps:    28 Return: -3.0000 FPS: 12.42
15:48:52.183 [INFO] (DIYexpert_prior.py:622) Total Episode:    58 Steps:    7179 Episode Steps:    70 Return: -3.0000 FPS: 15.46
15:48:54.423 [INFO] (DIYexpert_prior.py:622) Total Episode:    59 Steps:    7206 Episode Steps:    27 Return: -3.0000 FPS: 12.06
