14:35:14.188 [INFO] (DIYexpert_prior.py:668) Total Episode:     1 Steps:      62 Episode Steps:    62 Return: -10.0000 FPS:  9.48
14:35:15.785 [INFO] (DIYexpert_prior.py:668) Total Episode:     2 Steps:     120 Episode Steps:    58 Return: -10.0000 FPS: 36.36
14:35:19.235 [INFO] (DIYexpert_prior.py:668) Total Episode:     3 Steps:     291 Episode Steps:   171 Return:  0.0000 FPS: 49.58
14:35:23.189 [INFO] (DIYexpert_prior.py:668) Total Episode:     4 Steps:     494 Episode Steps:   203 Return:  0.0000 FPS: 51.36
14:35:24.361 [INFO] (DIYexpert_prior.py:668) Total Episode:     5 Steps:     526 Episode Steps:    32 Return: -10.0000 FPS: 27.33
14:35:25.704 [INFO] (DIYexpert_prior.py:668) Total Episode:     6 Steps:     571 Episode Steps:    45 Return: -10.0000 FPS: 33.53
14:35:29.826 [INFO] (DIYexpert_prior.py:668) Total Episode:     7 Steps:     782 Episode Steps:   211 Return:  0.0000 FPS: 51.20
14:35:33.929 [INFO] (DIYexpert_prior.py:668) Total Episode:     8 Steps:     986 Episode Steps:   204 Return:  0.0000 FPS: 49.74
14:35:35.512 [INFO] (DIYexpert_prior.py:668) Total Episode:     9 Steps:    1036 Episode Steps:    50 Return: -10.0000 FPS: 31.61
14:35:39.833 [INFO] (DIYexpert_prior.py:668) Total Episode:    10 Steps:    1256 Episode Steps:   220 Return:  0.0000 FPS: 50.92
14:35:41.046 [INFO] (DIYexpert_prior.py:668) Total Episode:    11 Steps:    1291 Episode Steps:    35 Return: -10.0000 FPS: 28.89
14:35:42.249 [INFO] (DIYexpert_prior.py:668) Total Episode:    12 Steps:    1317 Episode Steps:    26 Return: -10.0000 FPS: 21.62
14:35:46.159 [INFO] (DIYexpert_prior.py:668) Total Episode:    13 Steps:    1506 Episode Steps:   189 Return:  1.0000 FPS: 48.36
14:35:47.501 [INFO] (DIYexpert_prior.py:668) Total Episode:    14 Steps:    1546 Episode Steps:    40 Return: -10.0000 FPS: 29.82
14:35:52.118 [INFO] (DIYexpert_prior.py:668) Total Episode:    15 Steps:    1779 Episode Steps:   233 Return:  0.0000 FPS: 50.48
14:35:53.101 [INFO] (DIYexpert_prior.py:668) Total Episode:    16 Steps:    1805 Episode Steps:    26 Return: -10.0000 FPS: 26.47
14:35:54.259 [INFO] (DIYexpert_prior.py:668) Total Episode:    17 Steps:    1835 Episode Steps:    30 Return: -10.0000 FPS: 25.93
14:35:58.794 [INFO] (DIYexpert_prior.py:668) Total Episode:    18 Steps:    2051 Episode Steps:   216 Return:  1.0000 FPS: 47.65
14:36:00.182 [INFO] (DIYexpert_prior.py:668) Total Episode:    19 Steps:    2090 Episode Steps:    39 Return: -10.0000 FPS: 28.12
14:36:04.644 [INFO] (DIYexpert_prior.py:668) Total Episode:    20 Steps:    2294 Episode Steps:   204 Return:  0.0000 FPS: 45.73
14:36:05.824 [INFO] (DIYexpert_prior.py:668) Total Episode:    21 Steps:    2328 Episode Steps:    34 Return: -10.0000 FPS: 28.83
